2025-02-26 11:49:49.491 [http-nio-8080-exec-5] INFO  c.q.f.b.operationlog.aspect.ApiOperationLogAspect - ====== 请求开始: [发送短信验证码], 入参: {"phone":"18019939108"}, 请求类: VerificationCodeController, 请求方法: send =================================== 
2025-02-26 11:49:49.497 [http-nio-8080-exec-5] INFO  c.q.x.a.service.impl.VerificationCodeServiceImpl - ==> 手机号: 18019939108, 已生成验证码：【010540】
2025-02-26 11:49:49.500 [http-nio-8080-exec-5] INFO  c.q.f.b.operationlog.aspect.ApiOperationLogAspect - ====== 请求结束: [发送短信验证码], 耗时: 10ms, 出参: {"success":true,"message":null,"errorCode":null,"data":null} =================================== 
2025-02-26 11:49:58.673 [http-nio-8080-exec-6] INFO  c.q.f.b.operationlog.aspect.ApiOperationLogAspect - ====== 请求开始: [用户登录/注册], 入参: {"phone":"18019939108","code":"010540","password":null,"type":1}, 请求类: AuthController, 请求方法: loginAndRegister =================================== 
2025-02-26 11:49:58.755 [http-nio-8080-exec-6] INFO  c.q.f.b.operationlog.aspect.ApiOperationLogAspect - ====== 请求结束: [用户登录/注册], 耗时: 83ms, 出参: {"success":true,"message":null,"errorCode":null,"data":"OXip8Z1CD5vrd2sJ25FmMi5mnOvsFFQsLZXb7oOWKsHdCuPI9AyHKDUwB5kzzcLC0Yb0ZG0CF8IdCcg8nMES6Cl3bonvulJZiBjOVnFeK9fEvATItsdlIsVpOR6FXkNI"} =================================== 
2025-02-26 12:14:57.518 [http-nio-8080-exec-7] INFO  c.q.f.b.context.filter.HeaderUserId2ContextFilter - ===== 设置 userId 到 ThreadLocal 中， 用户 ID: 2100
2025-02-26 12:14:57.518 [http-nio-8080-exec-7] INFO  c.q.f.b.operationlog.aspect.ApiOperationLogAspect - ====== 请求开始: [账号登出], 入参: , 请求类: AuthController, 请求方法: logout =================================== 
2025-02-26 12:14:57.522 [http-nio-8080-exec-7] INFO  c.q.f.b.operationlog.aspect.ApiOperationLogAspect - ====== 请求结束: [账号登出], 耗时: 4ms, 出参: {"success":true,"message":null,"errorCode":null,"data":null} =================================== 
2025-02-26 12:14:57.523 [http-nio-8080-exec-7] INFO  c.q.f.b.context.filter.HeaderUserId2ContextFilter - ===== 删除 ThreadLocal， userId: 2100
2025-02-26 12:23:25.630 [http-nio-8080-exec-10] INFO  c.q.f.b.context.filter.HeaderUserId2ContextFilter - ===== 设置 userId 到 ThreadLocal 中， 用户 ID: 27
2025-02-26 12:23:25.630 [http-nio-8080-exec-10] INFO  c.q.f.b.operationlog.aspect.ApiOperationLogAspect - ====== 请求开始: [账号登出], 入参: , 请求类: AuthController, 请求方法: logout =================================== 
2025-02-26 12:23:25.636 [http-nio-8080-exec-10] INFO  c.q.f.b.operationlog.aspect.ApiOperationLogAspect - ====== 请求结束: [账号登出], 耗时: 6ms, 出参: {"success":true,"message":null,"errorCode":null,"data":null} =================================== 
2025-02-26 12:23:25.636 [http-nio-8080-exec-10] INFO  c.q.f.b.context.filter.HeaderUserId2ContextFilter - ===== 删除 ThreadLocal， userId: 27
2025-02-26 12:24:20.229 [http-nio-8080-exec-1] INFO  c.q.f.b.operationlog.aspect.ApiOperationLogAspect - ====== 请求开始: [发送短信验证码], 入参: {"phone":"18019939108"}, 请求类: VerificationCodeController, 请求方法: send =================================== 
2025-02-26 12:24:20.230 [http-nio-8080-exec-1] INFO  c.q.x.a.service.impl.VerificationCodeServiceImpl - ==> 手机号: 18019939108, 已生成验证码：【105665】
2025-02-26 12:24:20.231 [http-nio-8080-exec-1] INFO  c.q.f.b.operationlog.aspect.ApiOperationLogAspect - ====== 请求结束: [发送短信验证码], 耗时: 3ms, 出参: {"success":true,"message":null,"errorCode":null,"data":null} =================================== 
2025-02-26 12:24:30.614 [http-nio-8080-exec-2] INFO  c.q.f.b.operationlog.aspect.ApiOperationLogAspect - ====== 请求开始: [用户登录/注册], 入参: {"phone":"18019939108","code":"105665","password":null,"type":1}, 请求类: AuthController, 请求方法: loginAndRegister =================================== 
2025-02-26 12:24:30.643 [http-nio-8080-exec-2] INFO  c.q.f.b.operationlog.aspect.ApiOperationLogAspect - ====== 请求结束: [用户登录/注册], 耗时: 29ms, 出参: {"success":true,"message":null,"errorCode":null,"data":"sKqVL9KbWRjABXzVlzFgnkBIY1vEx7XAH8lI74oyP6rwm6M55kBQGxaq8FuGYOYyBFlaZPjYfaQrnjyl0PoVzPOqXABmF37CL1B3svtUlOmMJoYfR1bJgM90R2LoTmjL"} =================================== 
2025-02-26 12:25:54.774 [http-nio-8080-exec-4] INFO  c.q.f.b.context.filter.HeaderUserId2ContextFilter - ===== 设置 userId 到 ThreadLocal 中， 用户 ID: 2100
2025-02-26 12:25:54.774 [http-nio-8080-exec-4] INFO  c.q.f.b.operationlog.aspect.ApiOperationLogAspect - ====== 请求开始: [账号登出], 入参: , 请求类: AuthController, 请求方法: logout =================================== 
2025-02-26 12:25:54.781 [http-nio-8080-exec-4] INFO  c.q.f.b.operationlog.aspect.ApiOperationLogAspect - ====== 请求结束: [账号登出], 耗时: 7ms, 出参: {"success":true,"message":null,"errorCode":null,"data":null} =================================== 
2025-02-26 12:25:54.782 [http-nio-8080-exec-4] INFO  c.q.f.b.context.filter.HeaderUserId2ContextFilter - ===== 删除 ThreadLocal， userId: 2100
2025-02-26 12:26:10.968 [http-nio-8080-exec-5] INFO  c.q.f.b.operationlog.aspect.ApiOperationLogAspect - ====== 请求开始: [发送短信验证码], 入参: {"phone":"18019939108"}, 请求类: VerificationCodeController, 请求方法: send =================================== 
2025-02-26 12:26:10.970 [http-nio-8080-exec-5] WARN  c.q.x.auth.exception.GlobalExceptionHandler - /verification/code/send request fail, errorCode: AUTH-20000, errorMessage: 请求太频繁，请3分钟后再试
2025-02-26 12:26:20.534 [http-nio-8080-exec-6] INFO  c.q.f.b.operationlog.aspect.ApiOperationLogAspect - ====== 请求开始: [用户登录/注册], 入参: {"phone":"18019939108","code":"105665","password":null,"type":1}, 请求类: AuthController, 请求方法: loginAndRegister =================================== 
2025-02-26 12:26:20.552 [http-nio-8080-exec-6] INFO  c.q.f.b.operationlog.aspect.ApiOperationLogAspect - ====== 请求结束: [用户登录/注册], 耗时: 18ms, 出参: {"success":true,"message":null,"errorCode":null,"data":"ijpuIup2YHcnwhdBBwUJ9BpqtTiUaY4zzWaPcDD5rrpsf8fRHzWkm8qDcEr5YWkrQzzCtqidsceZoiskTFT40j7mPp42DMMQo82GdwtUVibYGebXRf3YXv4gtGgDThAC"} =================================== 
2025-02-26 12:51:02.241 [http-nio-8080-exec-7] INFO  c.q.f.b.operationlog.aspect.ApiOperationLogAspect - ====== 请求开始: [发送短信验证码], 入参: {"phone":"18019939108"}, 请求类: VerificationCodeController, 请求方法: send =================================== 
2025-02-26 12:51:02.242 [http-nio-8080-exec-7] INFO  c.q.x.a.service.impl.VerificationCodeServiceImpl - ==> 手机号: 18019939108, 已生成验证码：【589128】
2025-02-26 12:51:02.243 [http-nio-8080-exec-7] INFO  c.q.f.b.operationlog.aspect.ApiOperationLogAspect - ====== 请求结束: [发送短信验证码], 耗时: 2ms, 出参: {"success":true,"message":null,"errorCode":null,"data":null} =================================== 
2025-02-26 12:51:19.441 [http-nio-8080-exec-9] INFO  c.q.f.b.operationlog.aspect.ApiOperationLogAspect - ====== 请求开始: [用户登录/注册], 入参: {"phone":"18019939108","code":"589128","password":null,"type":1}, 请求类: AuthController, 请求方法: loginAndRegister =================================== 
2025-02-26 12:51:19.469 [http-nio-8080-exec-9] INFO  c.q.f.b.operationlog.aspect.ApiOperationLogAspect - ====== 请求结束: [用户登录/注册], 耗时: 28ms, 出参: {"success":true,"message":null,"errorCode":null,"data":"ijpuIup2YHcnwhdBBwUJ9BpqtTiUaY4zzWaPcDD5rrpsf8fRHzWkm8qDcEr5YWkrQzzCtqidsceZoiskTFT40j7mPp42DMMQo82GdwtUVibYGebXRf3YXv4gtGgDThAC"} =================================== 
2025-02-26 12:54:17.230 [http-nio-8080-exec-1] INFO  c.q.f.b.operationlog.aspect.ApiOperationLogAspect - ====== 请求开始: [发送短信验证码], 入参: {"phone":"18019939108"}, 请求类: VerificationCodeController, 请求方法: send =================================== 
2025-02-26 12:54:17.231 [http-nio-8080-exec-1] INFO  c.q.x.a.service.impl.VerificationCodeServiceImpl - ==> 手机号: 18019939108, 已生成验证码：【384161】
2025-02-26 12:54:17.232 [http-nio-8080-exec-1] INFO  c.q.f.b.operationlog.aspect.ApiOperationLogAspect - ====== 请求结束: [发送短信验证码], 耗时: 2ms, 出参: {"success":true,"message":null,"errorCode":null,"data":null} =================================== 
2025-02-26 12:54:25.738 [http-nio-8080-exec-2] INFO  c.q.f.b.operationlog.aspect.ApiOperationLogAspect - ====== 请求开始: [用户登录/注册], 入参: {"phone":"18019939108","code":"384161","password":null,"type":1}, 请求类: AuthController, 请求方法: loginAndRegister =================================== 
2025-02-26 12:54:25.757 [http-nio-8080-exec-2] INFO  c.q.f.b.operationlog.aspect.ApiOperationLogAspect - ====== 请求结束: [用户登录/注册], 耗时: 19ms, 出参: {"success":true,"message":null,"errorCode":null,"data":"ijpuIup2YHcnwhdBBwUJ9BpqtTiUaY4zzWaPcDD5rrpsf8fRHzWkm8qDcEr5YWkrQzzCtqidsceZoiskTFT40j7mPp42DMMQo82GdwtUVibYGebXRf3YXv4gtGgDThAC"} =================================== 
2025-02-26 12:57:52.869 [http-nio-8080-exec-4] INFO  c.q.f.b.operationlog.aspect.ApiOperationLogAspect - ====== 请求开始: [发送短信验证码], 入参: {"phone":"18019939108"}, 请求类: VerificationCodeController, 请求方法: send =================================== 
2025-02-26 12:57:52.870 [http-nio-8080-exec-4] INFO  c.q.x.a.service.impl.VerificationCodeServiceImpl - ==> 手机号: 18019939108, 已生成验证码：【740260】
2025-02-26 12:57:52.871 [http-nio-8080-exec-4] INFO  c.q.f.b.operationlog.aspect.ApiOperationLogAspect - ====== 请求结束: [发送短信验证码], 耗时: 2ms, 出参: {"success":true,"message":null,"errorCode":null,"data":null} =================================== 
2025-02-26 12:58:04.194 [http-nio-8080-exec-5] INFO  c.q.f.b.operationlog.aspect.ApiOperationLogAspect - ====== 请求开始: [用户登录/注册], 入参: {"phone":"18019939108","code":"740260","password":null,"type":1}, 请求类: AuthController, 请求方法: loginAndRegister =================================== 
2025-02-26 12:58:04.220 [http-nio-8080-exec-5] INFO  c.q.f.b.operationlog.aspect.ApiOperationLogAspect - ====== 请求结束: [用户登录/注册], 耗时: 26ms, 出参: {"success":true,"message":null,"errorCode":null,"data":"ijpuIup2YHcnwhdBBwUJ9BpqtTiUaY4zzWaPcDD5rrpsf8fRHzWkm8qDcEr5YWkrQzzCtqidsceZoiskTFT40j7mPp42DMMQo82GdwtUVibYGebXRf3YXv4gtGgDThAC"} =================================== 
2025-02-26 13:00:17.764 [http-nio-8080-exec-8] INFO  c.q.f.b.operationlog.aspect.ApiOperationLogAspect - ====== 请求开始: [发送短信验证码], 入参: {"phone":"18019939108"}, 请求类: VerificationCodeController, 请求方法: send =================================== 
2025-02-26 13:00:17.767 [http-nio-8080-exec-8] WARN  c.q.x.auth.exception.GlobalExceptionHandler - /verification/code/send request fail, errorCode: AUTH-20000, errorMessage: 请求太频繁，请3分钟后再试
2025-02-26 13:00:27.129 [http-nio-8080-exec-7] INFO  c.q.f.b.operationlog.aspect.ApiOperationLogAspect - ====== 请求开始: [用户登录/注册], 入参: {"phone":"18019939108","code":"105665","password":null,"type":1}, 请求类: AuthController, 请求方法: loginAndRegister =================================== 
2025-02-26 13:00:27.130 [http-nio-8080-exec-7] WARN  c.q.x.auth.exception.GlobalExceptionHandler - /login request fail, errorCode: AUTH-20001, errorMessage: 验证码错误
2025-02-26 13:00:39.179 [http-nio-8080-exec-9] INFO  c.q.f.b.operationlog.aspect.ApiOperationLogAspect - ====== 请求开始: [用户登录/注册], 入参: {"phone":"18019939108","code":"740260","password":null,"type":1}, 请求类: AuthController, 请求方法: loginAndRegister =================================== 
2025-02-26 13:00:39.197 [http-nio-8080-exec-9] INFO  c.q.f.b.operationlog.aspect.ApiOperationLogAspect - ====== 请求结束: [用户登录/注册], 耗时: 19ms, 出参: {"success":true,"message":null,"errorCode":null,"data":"ijpuIup2YHcnwhdBBwUJ9BpqtTiUaY4zzWaPcDD5rrpsf8fRHzWkm8qDcEr5YWkrQzzCtqidsceZoiskTFT40j7mPp42DMMQo82GdwtUVibYGebXRf3YXv4gtGgDThAC"} =================================== 
2025-02-26 13:02:07.439 [http-nio-8080-exec-1] INFO  c.q.f.b.operationlog.aspect.ApiOperationLogAspect - ====== 请求开始: [发送短信验证码], 入参: {"phone":"18019939108"}, 请求类: VerificationCodeController, 请求方法: send =================================== 
2025-02-26 13:02:07.440 [http-nio-8080-exec-1] INFO  c.q.x.a.service.impl.VerificationCodeServiceImpl - ==> 手机号: 18019939108, 已生成验证码：【879583】
2025-02-26 13:02:07.441 [http-nio-8080-exec-1] INFO  c.q.f.b.operationlog.aspect.ApiOperationLogAspect - ====== 请求结束: [发送短信验证码], 耗时: 2ms, 出参: {"success":true,"message":null,"errorCode":null,"data":null} =================================== 
2025-02-26 13:02:17.799 [http-nio-8080-exec-2] INFO  c.q.f.b.operationlog.aspect.ApiOperationLogAspect - ====== 请求开始: [用户登录/注册], 入参: {"phone":"18019939108","code":"879583","password":null,"type":1}, 请求类: AuthController, 请求方法: loginAndRegister =================================== 
2025-02-26 13:02:17.827 [http-nio-8080-exec-2] INFO  c.q.f.b.operationlog.aspect.ApiOperationLogAspect - ====== 请求结束: [用户登录/注册], 耗时: 28ms, 出参: {"success":true,"message":null,"errorCode":null,"data":"ijpuIup2YHcnwhdBBwUJ9BpqtTiUaY4zzWaPcDD5rrpsf8fRHzWkm8qDcEr5YWkrQzzCtqidsceZoiskTFT40j7mPp42DMMQo82GdwtUVibYGebXRf3YXv4gtGgDThAC"} =================================== 
2025-02-26 13:06:43.146 [http-nio-8080-exec-4] INFO  c.q.f.b.operationlog.aspect.ApiOperationLogAspect - ====== 请求开始: [发送短信验证码], 入参: {"phone":"18019939108"}, 请求类: VerificationCodeController, 请求方法: send =================================== 
2025-02-26 13:06:43.147 [http-nio-8080-exec-4] INFO  c.q.x.a.service.impl.VerificationCodeServiceImpl - ==> 手机号: 18019939108, 已生成验证码：【527828】
2025-02-26 13:06:43.148 [http-nio-8080-exec-4] INFO  c.q.f.b.operationlog.aspect.ApiOperationLogAspect - ====== 请求结束: [发送短信验证码], 耗时: 2ms, 出参: {"success":true,"message":null,"errorCode":null,"data":null} =================================== 
2025-02-26 13:06:50.331 [http-nio-8080-exec-5] INFO  c.q.f.b.operationlog.aspect.ApiOperationLogAspect - ====== 请求开始: [用户登录/注册], 入参: {"phone":"18019939108","code":"527828","password":null,"type":1}, 请求类: AuthController, 请求方法: loginAndRegister =================================== 
2025-02-26 13:06:50.348 [http-nio-8080-exec-5] INFO  c.q.f.b.operationlog.aspect.ApiOperationLogAspect - ====== 请求结束: [用户登录/注册], 耗时: 17ms, 出参: {"success":true,"message":null,"errorCode":null,"data":"ijpuIup2YHcnwhdBBwUJ9BpqtTiUaY4zzWaPcDD5rrpsf8fRHzWkm8qDcEr5YWkrQzzCtqidsceZoiskTFT40j7mPp42DMMQo82GdwtUVibYGebXRf3YXv4gtGgDThAC"} =================================== 
2025-02-26 13:09:29.747 [http-nio-8080-exec-8] INFO  c.q.f.b.operationlog.aspect.ApiOperationLogAspect - ====== 请求开始: [发送短信验证码], 入参: {"phone":"18019939108"}, 请求类: VerificationCodeController, 请求方法: send =================================== 
2025-02-26 13:09:29.748 [http-nio-8080-exec-8] WARN  c.q.x.auth.exception.GlobalExceptionHandler - /verification/code/send request fail, errorCode: AUTH-20000, errorMessage: 请求太频繁，请3分钟后再试
2025-02-26 13:09:37.479 [http-nio-8080-exec-7] INFO  c.q.f.b.operationlog.aspect.ApiOperationLogAspect - ====== 请求开始: [用户登录/注册], 入参: {"phone":"18019939108","code":"527828","password":null,"type":1}, 请求类: AuthController, 请求方法: loginAndRegister =================================== 
2025-02-26 13:09:37.496 [http-nio-8080-exec-7] INFO  c.q.f.b.operationlog.aspect.ApiOperationLogAspect - ====== 请求结束: [用户登录/注册], 耗时: 16ms, 出参: {"success":true,"message":null,"errorCode":null,"data":"ijpuIup2YHcnwhdBBwUJ9BpqtTiUaY4zzWaPcDD5rrpsf8fRHzWkm8qDcEr5YWkrQzzCtqidsceZoiskTFT40j7mPp42DMMQo82GdwtUVibYGebXRf3YXv4gtGgDThAC"} =================================== 
2025-02-26 13:12:47.497 [http-nio-8080-exec-10] INFO  c.q.f.b.context.filter.HeaderUserId2ContextFilter - ===== 设置 userId 到 ThreadLocal 中， 用户 ID: 2100
2025-02-26 13:12:47.498 [http-nio-8080-exec-10] INFO  c.q.f.b.operationlog.aspect.ApiOperationLogAspect - ====== 请求开始: [账号登出], 入参: , 请求类: AuthController, 请求方法: logout =================================== 
2025-02-26 13:12:47.502 [http-nio-8080-exec-10] INFO  c.q.f.b.operationlog.aspect.ApiOperationLogAspect - ====== 请求结束: [账号登出], 耗时: 4ms, 出参: {"success":true,"message":null,"errorCode":null,"data":null} =================================== 
2025-02-26 13:12:47.503 [http-nio-8080-exec-10] INFO  c.q.f.b.context.filter.HeaderUserId2ContextFilter - ===== 删除 ThreadLocal， userId: 2100
2025-02-26 13:13:48.032 [http-nio-8080-exec-2] INFO  c.q.f.b.operationlog.aspect.ApiOperationLogAspect - ====== 请求开始: [发送短信验证码], 入参: {"phone":"18019939108"}, 请求类: VerificationCodeController, 请求方法: send =================================== 
2025-02-26 13:13:48.034 [http-nio-8080-exec-2] INFO  c.q.x.a.service.impl.VerificationCodeServiceImpl - ==> 手机号: 18019939108, 已生成验证码：【520961】
2025-02-26 13:13:48.034 [http-nio-8080-exec-2] INFO  c.q.f.b.operationlog.aspect.ApiOperationLogAspect - ====== 请求结束: [发送短信验证码], 耗时: 2ms, 出参: {"success":true,"message":null,"errorCode":null,"data":null} =================================== 
2025-02-26 13:13:55.300 [http-nio-8080-exec-3] INFO  c.q.f.b.operationlog.aspect.ApiOperationLogAspect - ====== 请求开始: [用户登录/注册], 入参: {"phone":"18019939108","code":"520961","password":null,"type":1}, 请求类: AuthController, 请求方法: loginAndRegister =================================== 
2025-02-26 13:13:55.316 [http-nio-8080-exec-3] INFO  c.q.f.b.operationlog.aspect.ApiOperationLogAspect - ====== 请求结束: [用户登录/注册], 耗时: 16ms, 出参: {"success":true,"message":null,"errorCode":null,"data":"cwthJ5RxRLBnW6TJNyhRf1zaAWnecdJWhNIVvsCLSdcKn3d5CYCuQnDULLyMxIQAndxVBdJZUhVwhk74nxbOPr4TDgzSw15CFmGdWFoVfU3AfJxK4pb5oIsib3LXS4F7"} =================================== 
2025-02-26 13:14:00.083 [http-nio-8080-exec-4] INFO  c.q.f.b.context.filter.HeaderUserId2ContextFilter - ===== 设置 userId 到 ThreadLocal 中， 用户 ID: 2100
2025-02-26 13:14:00.084 [http-nio-8080-exec-4] INFO  c.q.f.b.operationlog.aspect.ApiOperationLogAspect - ====== 请求开始: [账号登出], 入参: , 请求类: AuthController, 请求方法: logout =================================== 
2025-02-26 13:14:00.087 [http-nio-8080-exec-4] INFO  c.q.f.b.operationlog.aspect.ApiOperationLogAspect - ====== 请求结束: [账号登出], 耗时: 3ms, 出参: {"success":true,"message":null,"errorCode":null,"data":null} =================================== 
2025-02-26 13:14:00.087 [http-nio-8080-exec-4] INFO  c.q.f.b.context.filter.HeaderUserId2ContextFilter - ===== 删除 ThreadLocal， userId: 2100
2025-02-26 13:14:12.094 [http-nio-8080-exec-5] INFO  c.q.f.b.operationlog.aspect.ApiOperationLogAspect - ====== 请求开始: [用户登录/注册], 入参: {"phone":"18019939108","code":"520961","password":null,"type":1}, 请求类: AuthController, 请求方法: loginAndRegister =================================== 
2025-02-26 13:14:12.115 [http-nio-8080-exec-5] INFO  c.q.f.b.operationlog.aspect.ApiOperationLogAspect - ====== 请求结束: [用户登录/注册], 耗时: 21ms, 出参: {"success":true,"message":null,"errorCode":null,"data":"CMkeLN8VMaf4twS77zo9GzxFKYcobl8F3bSuqaAprbzHPsT6qvmJMZ2ap3PJxoWk0k4ffWzb32iLuGCeJQRbpVzynH5giYVclsLH5SHVBMdB33YVZrGAWIQneIYnyiSW"} =================================== 
2025-02-26 13:15:56.101 [http-nio-8080-exec-8] INFO  c.q.f.b.context.filter.HeaderUserId2ContextFilter - ===== 设置 userId 到 ThreadLocal 中， 用户 ID: 2100
2025-02-26 13:15:56.101 [http-nio-8080-exec-8] INFO  c.q.f.b.operationlog.aspect.ApiOperationLogAspect - ====== 请求开始: [账号登出], 入参: , 请求类: AuthController, 请求方法: logout =================================== 
2025-02-26 13:15:56.104 [http-nio-8080-exec-8] INFO  c.q.f.b.operationlog.aspect.ApiOperationLogAspect - ====== 请求结束: [账号登出], 耗时: 3ms, 出参: {"success":true,"message":null,"errorCode":null,"data":null} =================================== 
2025-02-26 13:15:56.104 [http-nio-8080-exec-8] INFO  c.q.f.b.context.filter.HeaderUserId2ContextFilter - ===== 删除 ThreadLocal， userId: 2100
2025-02-26 13:15:58.536 [http-nio-8080-exec-7] INFO  c.q.f.b.operationlog.aspect.ApiOperationLogAspect - ====== 请求开始: [用户登录/注册], 入参: {"phone":"18019939108","code":"520961","password":null,"type":1}, 请求类: AuthController, 请求方法: loginAndRegister =================================== 
2025-02-26 13:15:58.552 [http-nio-8080-exec-7] INFO  c.q.f.b.operationlog.aspect.ApiOperationLogAspect - ====== 请求结束: [用户登录/注册], 耗时: 16ms, 出参: {"success":true,"message":null,"errorCode":null,"data":"TW7Zip4kuVB68Veyr2m2K2nEJFKfZuOLHdkgSyh3Bl8K05haIZtALB0DxBpAjUJU7jxwIvtvOl9Bj3uIvp6lPzv50mcWj4WHViOCEHLb9La08TbHJ5TKz4k3a1LHlwz5"} =================================== 
2025-02-26 16:36:51.309 [http-nio-8080-exec-10] INFO  c.q.f.b.operationlog.aspect.ApiOperationLogAspect - ====== 请求开始: [发送短信验证码], 入参: {"phone":"18019939108"}, 请求类: VerificationCodeController, 请求方法: send =================================== 
2025-02-26 16:36:51.316 [http-nio-8080-exec-10] INFO  c.q.x.a.service.impl.VerificationCodeServiceImpl - ==> 手机号: 18019939108, 已生成验证码：【931686】
2025-02-26 16:36:51.318 [http-nio-8080-exec-10] INFO  c.q.f.b.operationlog.aspect.ApiOperationLogAspect - ====== 请求结束: [发送短信验证码], 耗时: 10ms, 出参: {"success":true,"message":null,"errorCode":null,"data":null} =================================== 
2025-02-26 16:36:58.851 [http-nio-8080-exec-1] INFO  c.q.f.b.operationlog.aspect.ApiOperationLogAspect - ====== 请求开始: [用户登录/注册], 入参: {"phone":"18019939108","code":"931686","password":null,"type":1}, 请求类: AuthController, 请求方法: loginAndRegister =================================== 
2025-02-26 16:36:58.967 [http-nio-8080-exec-1] INFO  c.q.f.b.operationlog.aspect.ApiOperationLogAspect - ====== 请求结束: [用户登录/注册], 耗时: 116ms, 出参: {"success":true,"message":null,"errorCode":null,"data":"TW7Zip4kuVB68Veyr2m2K2nEJFKfZuOLHdkgSyh3Bl8K05haIZtALB0DxBpAjUJU7jxwIvtvOl9Bj3uIvp6lPzv50mcWj4WHViOCEHLb9La08TbHJ5TKz4k3a1LHlwz5"} =================================== 
2025-02-26 17:01:55.849 [nacos-grpc-client-executor-127.0.0.1-17316] INFO  com.alibaba.nacos.common.remote.client - [2b92cc48-600c-490f-b8c7-ed1aeae0c906] Receive server push request, request = NotifySubscriberRequest, requestId = 16
2025-02-26 17:01:55.849 [nacos-grpc-client-executor-127.0.0.1-17316] INFO  com.alibaba.nacos.client.naming - removed ips(1) service: DEFAULT_GROUP@@xiaohashu-user -> [{"ip":"192.168.1.3","port":8082,"weight":1.0,"healthy":true,"enabled":true,"ephemeral":true,"clusterName":"DEFAULT","serviceName":"DEFAULT_GROUP@@xiaohashu-user","metadata":{"preserved.register.source":"SPRING_CLOUD","IPv6":"[240e:b65:56e:2b00:4b38:166:d82c:3df6]"},"instanceHeartBeatInterval":5000,"instanceHeartBeatTimeOut":15000,"ipDeleteTimeout":30000}]
2025-02-26 17:01:55.850 [nacos-grpc-client-executor-127.0.0.1-17316] INFO  com.alibaba.nacos.client.naming - current ips:(0) service: DEFAULT_GROUP@@xiaohashu-user -> []
2025-02-26 17:01:55.851 [nacos-grpc-client-executor-127.0.0.1-17316] INFO  com.alibaba.nacos.common.remote.client - [2b92cc48-600c-490f-b8c7-ed1aeae0c906] Ack server push request, request = NotifySubscriberRequest, requestId = 16
2025-02-26 17:02:03.083 [nacos-grpc-client-executor-127.0.0.1-17317] INFO  com.alibaba.nacos.common.remote.client - [2b92cc48-600c-490f-b8c7-ed1aeae0c906] Receive server push request, request = NotifySubscriberRequest, requestId = 18
2025-02-26 17:02:03.084 [nacos-grpc-client-executor-127.0.0.1-17317] INFO  com.alibaba.nacos.client.naming - new ips(1) service: DEFAULT_GROUP@@xiaohashu-user -> [{"ip":"192.168.1.3","port":8082,"weight":1.0,"healthy":true,"enabled":true,"ephemeral":true,"clusterName":"DEFAULT","serviceName":"DEFAULT_GROUP@@xiaohashu-user","metadata":{"preserved.register.source":"SPRING_CLOUD","IPv6":"[240e:b65:56e:2b00:4b38:166:d82c:3df6]"},"instanceHeartBeatInterval":5000,"instanceHeartBeatTimeOut":15000,"ipDeleteTimeout":30000}]
2025-02-26 17:02:03.084 [nacos-grpc-client-executor-127.0.0.1-17317] INFO  com.alibaba.nacos.client.naming - current ips:(1) service: DEFAULT_GROUP@@xiaohashu-user -> [{"ip":"192.168.1.3","port":8082,"weight":1.0,"healthy":true,"enabled":true,"ephemeral":true,"clusterName":"DEFAULT","serviceName":"DEFAULT_GROUP@@xiaohashu-user","metadata":{"preserved.register.source":"SPRING_CLOUD","IPv6":"[240e:b65:56e:2b00:4b38:166:d82c:3df6]"},"instanceHeartBeatInterval":5000,"instanceHeartBeatTimeOut":15000,"ipDeleteTimeout":30000}]
2025-02-26 17:02:03.084 [nacos-grpc-client-executor-127.0.0.1-17317] INFO  com.alibaba.nacos.common.remote.client - [2b92cc48-600c-490f-b8c7-ed1aeae0c906] Ack server push request, request = NotifySubscriberRequest, requestId = 18
2025-02-26 17:02:43.088 [http-nio-8080-exec-3] INFO  c.q.f.b.context.filter.HeaderUserId2ContextFilter - ===== 设置 userId 到 ThreadLocal 中， 用户 ID: 2100
2025-02-26 17:02:43.089 [http-nio-8080-exec-3] INFO  c.q.f.b.operationlog.aspect.ApiOperationLogAspect - ====== 请求开始: [账号登出], 入参: , 请求类: AuthController, 请求方法: logout =================================== 
2025-02-26 17:02:43.093 [http-nio-8080-exec-3] INFO  c.q.f.b.operationlog.aspect.ApiOperationLogAspect - ====== 请求结束: [账号登出], 耗时: 4ms, 出参: {"success":true,"message":null,"errorCode":null,"data":null} =================================== 
2025-02-26 17:02:43.093 [http-nio-8080-exec-3] INFO  c.q.f.b.context.filter.HeaderUserId2ContextFilter - ===== 删除 ThreadLocal， userId: 2100
2025-02-26 17:02:54.992 [http-nio-8080-exec-4] INFO  c.q.f.b.operationlog.aspect.ApiOperationLogAspect - ====== 请求开始: [发送短信验证码], 入参: {"phone":"18019939108"}, 请求类: VerificationCodeController, 请求方法: send =================================== 
2025-02-26 17:02:54.994 [http-nio-8080-exec-4] INFO  c.q.x.a.service.impl.VerificationCodeServiceImpl - ==> 手机号: 18019939108, 已生成验证码：【955284】
2025-02-26 17:02:54.994 [http-nio-8080-exec-4] INFO  c.q.f.b.operationlog.aspect.ApiOperationLogAspect - ====== 请求结束: [发送短信验证码], 耗时: 2ms, 出参: {"success":true,"message":null,"errorCode":null,"data":null} =================================== 
2025-02-26 17:03:02.209 [http-nio-8080-exec-5] INFO  c.q.f.b.operationlog.aspect.ApiOperationLogAspect - ====== 请求开始: [用户登录/注册], 入参: {"phone":"18019939108","code":"955284","password":null,"type":1}, 请求类: AuthController, 请求方法: loginAndRegister =================================== 
2025-02-26 17:03:02.275 [http-nio-8080-exec-5] INFO  c.q.f.b.operationlog.aspect.ApiOperationLogAspect - ====== 请求结束: [用户登录/注册], 耗时: 66ms, 出参: {"success":true,"message":null,"errorCode":null,"data":"L0zjFzjJ7gzmofc4cdSBpbQalZP1noIH5dGtcXVHaXl2VyynycyCfpzngJqAo1eymS8RXDcxD46VApfplbTGdv1tVK1QXmR4Up3scobetbjO1j7N16mnUKca4PElhskn"} =================================== 
2025-02-26 17:45:51.729 [http-nio-8080-exec-8] INFO  c.q.f.b.context.filter.HeaderUserId2ContextFilter - ===== 设置 userId 到 ThreadLocal 中， 用户 ID: 2100
2025-02-26 17:45:51.734 [http-nio-8080-exec-8] INFO  c.q.f.b.operationlog.aspect.ApiOperationLogAspect - ====== 请求开始: [账号登出], 入参: , 请求类: AuthController, 请求方法: logout =================================== 
2025-02-26 17:45:51.746 [http-nio-8080-exec-8] INFO  c.q.f.b.operationlog.aspect.ApiOperationLogAspect - ====== 请求结束: [账号登出], 耗时: 11ms, 出参: {"success":true,"message":null,"errorCode":null,"data":null} =================================== 
2025-02-26 17:45:51.749 [http-nio-8080-exec-8] INFO  c.q.f.b.context.filter.HeaderUserId2ContextFilter - ===== 删除 ThreadLocal， userId: 2100
2025-02-26 17:46:00.779 [http-nio-8080-exec-7] INFO  c.q.f.b.operationlog.aspect.ApiOperationLogAspect - ====== 请求开始: [发送短信验证码], 入参: {"phone":"18019939108"}, 请求类: VerificationCodeController, 请求方法: send =================================== 
2025-02-26 17:46:00.780 [http-nio-8080-exec-7] INFO  c.q.x.a.service.impl.VerificationCodeServiceImpl - ==> 手机号: 18019939108, 已生成验证码：【132076】
2025-02-26 17:46:00.781 [http-nio-8080-exec-7] INFO  c.q.f.b.operationlog.aspect.ApiOperationLogAspect - ====== 请求结束: [发送短信验证码], 耗时: 2ms, 出参: {"success":true,"message":null,"errorCode":null,"data":null} =================================== 
2025-02-26 17:46:09.687 [http-nio-8080-exec-9] INFO  c.q.f.b.operationlog.aspect.ApiOperationLogAspect - ====== 请求开始: [用户登录/注册], 入参: {"phone":"18019939108","code":"132076","password":null,"type":1}, 请求类: AuthController, 请求方法: loginAndRegister =================================== 
2025-02-26 17:46:09.716 [http-nio-8080-exec-9] INFO  c.q.f.b.operationlog.aspect.ApiOperationLogAspect - ====== 请求结束: [用户登录/注册], 耗时: 30ms, 出参: {"success":true,"message":null,"errorCode":null,"data":"HtkPROXuhLY3ggR9BzRnJ3KPlYEdCE2xv0UZaYhsvqZlshEfBdR2m3grrml1jz4HupGoOSrpHA8UIMNrBDNqJcT10kmj4i5JRRt6e1wkADVzPFp9rTR47qA30iCU2FH2"} =================================== 
2025-02-26 18:43:03.321 [http-nio-8080-exec-1] INFO  c.q.f.b.operationlog.aspect.ApiOperationLogAspect - ====== 请求开始: [发送短信验证码], 入参: {"phone":"18019939108"}, 请求类: VerificationCodeController, 请求方法: send =================================== 
2025-02-26 18:43:03.327 [http-nio-8080-exec-1] INFO  c.q.x.a.service.impl.VerificationCodeServiceImpl - ==> 手机号: 18019939108, 已生成验证码：【863267】
2025-02-26 18:43:03.330 [http-nio-8080-exec-1] INFO  c.q.f.b.operationlog.aspect.ApiOperationLogAspect - ====== 请求结束: [发送短信验证码], 耗时: 11ms, 出参: {"success":true,"message":null,"errorCode":null,"data":null} =================================== 
2025-02-26 18:43:11.739 [http-nio-8080-exec-2] INFO  c.q.f.b.operationlog.aspect.ApiOperationLogAspect - ====== 请求开始: [用户登录/注册], 入参: {"phone":"18019939108","code":"863267","password":null,"type":1}, 请求类: AuthController, 请求方法: loginAndRegister =================================== 
2025-02-26 18:43:11.847 [http-nio-8080-exec-2] INFO  c.q.f.b.operationlog.aspect.ApiOperationLogAspect - ====== 请求结束: [用户登录/注册], 耗时: 109ms, 出参: {"success":true,"message":null,"errorCode":null,"data":"HtkPROXuhLY3ggR9BzRnJ3KPlYEdCE2xv0UZaYhsvqZlshEfBdR2m3grrml1jz4HupGoOSrpHA8UIMNrBDNqJcT10kmj4i5JRRt6e1wkADVzPFp9rTR47qA30iCU2FH2"} =================================== 
2025-02-26 21:49:14.317 [com.alibaba.nacos.client.remote.worker] INFO  com.alibaba.nacos.common.remote.client - [2b92cc48-600c-490f-b8c7-ed1aeae0c906] Server healthy check fail, currentConnection = 1740389742020_172.17.0.1_36848
2025-02-26 21:49:14.363 [com.alibaba.nacos.client.remote.worker] INFO  com.alibaba.nacos.common.remote.client - [2b92cc48-600c-490f-b8c7-ed1aeae0c906] Try to reconnect to a new server, server is  not appointed, will choose a random server.
2025-02-26 21:49:14.372 [com.alibaba.nacos.client.remote.worker] INFO  c.a.nacos.common.remote.client.grpc.GrpcClient - grpc client connection server:127.0.0.1 ip,serverPort:9848,grpcTslConfig:{"sslProvider":"OPENSSL","enableTls":false,"mutualAuthEnable":false,"trustAll":false}
