2025-03-01 09:42:59.650 [Thread-9] WARN  com.alibaba.nacos.common.notify.NotifyCenter - [NotifyCenter] Start destroying Publisher
2025-03-01 09:42:59.650 [Thread-2] WARN  c.alibaba.nacos.common.http.HttpClientBeanHolder - [HttpClientBeanHolder] Start destroying common HttpClient
2025-03-01 09:42:59.652 [Thread-9] WARN  com.alibaba.nacos.common.notify.NotifyCenter - [NotifyCenter] Destruction of the end
2025-03-01 09:42:59.655 [Thread-2] WARN  c.alibaba.nacos.common.http.HttpClientBeanHolder - [HttpClientBeanHolder] Destruction of the end
2025-03-01 09:42:59.760 [SpringApplicationShutdownHook] INFO  c.a.cloud.nacos.registry.NacosServiceRegistry - De-registering from Nacos Server now...
2025-03-01 09:42:59.760 [SpringApplicationShutdownHook] INFO  com.alibaba.nacos.client.naming - [DEREGISTER-SERVICE] xiaohashu deregistering service xiaohashu-auth with instance: Instance{instanceId='null', ip='192.168.1.3', port=8080, weight=1.0, healthy=true, enabled=true, ephemeral=true, clusterName='DEFAULT', serviceName='null', metadata={}}
2025-03-01 09:42:59.763 [SpringApplicationShutdownHook] INFO  c.a.cloud.nacos.registry.NacosServiceRegistry - De-registration finished.
2025-03-01 09:42:59.764 [SpringApplicationShutdownHook] INFO  com.alibaba.nacos.client.naming - com.alibaba.nacos.client.naming.cache.ServiceInfoHolder do shutdown begin
2025-03-01 09:42:59.764 [SpringApplicationShutdownHook] INFO  com.alibaba.nacos.client.naming - com.alibaba.nacos.client.naming.backups.FailoverReactor do shutdown begin
2025-03-01 09:42:59.764 [SpringApplicationShutdownHook] INFO  com.alibaba.nacos.client.naming - com.alibaba.nacos.client.naming.backups.FailoverReactor do shutdown stop
2025-03-01 09:42:59.764 [SpringApplicationShutdownHook] INFO  com.alibaba.nacos.client.naming - com.alibaba.nacos.client.naming.cache.ServiceInfoHolder do shutdown stop
2025-03-01 09:42:59.764 [SpringApplicationShutdownHook] INFO  com.alibaba.nacos.client.naming - com.alibaba.nacos.client.naming.remote.NamingClientProxyDelegate do shutdown begin
2025-03-01 09:42:59.764 [SpringApplicationShutdownHook] INFO  com.alibaba.nacos.client.naming - com.alibaba.nacos.client.naming.core.ServiceInfoUpdateService do shutdown begin
2025-03-01 09:42:59.764 [SpringApplicationShutdownHook] INFO  com.alibaba.nacos.client.naming - com.alibaba.nacos.client.naming.core.ServiceInfoUpdateService do shutdown stop
2025-03-01 09:42:59.764 [SpringApplicationShutdownHook] INFO  com.alibaba.nacos.client.naming - com.alibaba.nacos.client.naming.core.ServerListManager do shutdown begin
2025-03-01 09:42:59.764 [SpringApplicationShutdownHook] WARN  com.alibaba.nacos.client.naming - [NamingHttpClientManager] Start destroying NacosRestTemplate
2025-03-01 09:42:59.764 [SpringApplicationShutdownHook] WARN  com.alibaba.nacos.client.naming - [NamingHttpClientManager] Destruction of the end
2025-03-01 09:42:59.764 [SpringApplicationShutdownHook] INFO  com.alibaba.nacos.client.naming - com.alibaba.nacos.client.naming.core.ServerListManager do shutdown stop
2025-03-01 09:42:59.764 [SpringApplicationShutdownHook] INFO  com.alibaba.nacos.client.naming - com.alibaba.nacos.client.naming.remote.http.NamingHttpClientProxy do shutdown begin
2025-03-01 09:42:59.764 [SpringApplicationShutdownHook] WARN  com.alibaba.nacos.client.naming - [NamingHttpClientManager] Start destroying NacosRestTemplate
2025-03-01 09:42:59.764 [SpringApplicationShutdownHook] WARN  com.alibaba.nacos.client.naming - [NamingHttpClientManager] Destruction of the end
2025-03-01 09:42:59.764 [SpringApplicationShutdownHook] INFO  com.alibaba.nacos.client.naming - com.alibaba.nacos.client.naming.remote.http.NamingHttpClientProxy do shutdown stop
2025-03-01 09:42:59.765 [SpringApplicationShutdownHook] INFO  com.alibaba.nacos.common.remote.client - Shutdown rpc client, set status to shutdown
2025-03-01 09:42:59.765 [SpringApplicationShutdownHook] INFO  com.alibaba.nacos.common.remote.client - Shutdown client event executor java.util.concurrent.ScheduledThreadPoolExecutor@3f14d33a[Running, pool size = 2, active threads = 2, queued tasks = 0, completed tasks = 0]
2025-03-01 09:42:59.765 [SpringApplicationShutdownHook] INFO  com.alibaba.nacos.common.remote.client - Close current connection 1740577741515_172.17.0.1_33410
2025-03-01 09:42:59.766 [SpringApplicationShutdownHook] INFO  c.a.nacos.common.remote.client.grpc.GrpcClient - Shutdown grpc executor java.util.concurrent.ThreadPoolExecutor@55c2d02b[Running, pool size = 4, active threads = 1, queued tasks = 0, completed tasks = 38884]
2025-03-01 09:42:59.766 [nacos-grpc-client-executor-127.0.0.1-38884] INFO  c.a.nacos.common.remote.client.grpc.GrpcClient - [1740577741515_172.17.0.1_33410]Ignore complete event,isRunning:false,isAbandon=false
2025-03-01 09:42:59.767 [SpringApplicationShutdownHook] INFO  com.alibaba.nacos.client.naming - Shutdown grpc redo service executor java.util.concurrent.ScheduledThreadPoolExecutor@40feed6[Running, pool size = 1, active threads = 0, queued tasks = 1, completed tasks = 64595]
2025-03-01 09:42:59.768 [SpringApplicationShutdownHook] INFO  c.a.n.client.auth.ram.identify.CredentialWatcher - [null] CredentialWatcher is stopped
2025-03-01 09:42:59.768 [SpringApplicationShutdownHook] INFO  c.a.n.client.auth.ram.identify.CredentialService - [null] CredentialService is freed
2025-03-01 09:42:59.768 [SpringApplicationShutdownHook] INFO  com.alibaba.nacos.client.naming - com.alibaba.nacos.client.naming.remote.NamingClientProxyDelegate do shutdown stop
2025-03-01 09:42:59.781 [com.alibaba.nacos.client.Worker] INFO  c.a.n.client.auth.ram.identify.CredentialWatcher - null No credential found
2025-03-01 10:37:35.203 [main] WARN  com.alibaba.nacos.client.logging.NacosLogging - Load Logback Configuration of Nacos fail, message: Could not initialize Logback Nacos logging from classpath:nacos-logback.xml
2025-03-01 10:37:35.241 [main] WARN  com.alibaba.nacos.client.logging.NacosLogging - Load Logback Configuration of Nacos fail, message: Could not initialize Logback Nacos logging from classpath:nacos-logback.xml
2025-03-01 10:37:35.359 [main] WARN  com.alibaba.nacos.client.logging.NacosLogging - Load Logback Configuration of Nacos fail, message: Could not initialize Logback Nacos logging from classpath:nacos-logback.xml
2025-03-01 10:37:35.360 [main] INFO  com.alibaba.nacos.client.utils.ParamUtil - [settings] [req-serv] nacos-server port:8848
2025-03-01 10:37:35.360 [main] INFO  com.alibaba.nacos.client.utils.ParamUtil - [settings] [http-client] connect timeout:1000
2025-03-01 10:37:35.361 [main] INFO  com.alibaba.nacos.client.utils.ParamUtil - PER_TASK_CONFIG_SIZE: 3000.0
2025-03-01 10:37:35.377 [main] INFO  c.a.n.p.auth.spi.client.ClientAuthPluginManager - [ClientAuthPluginManager] Load ClientAuthService com.alibaba.nacos.client.auth.impl.NacosClientAuthServiceImpl success.
2025-03-01 10:37:35.377 [main] INFO  c.a.n.p.auth.spi.client.ClientAuthPluginManager - [ClientAuthPluginManager] Load ClientAuthService com.alibaba.nacos.client.auth.ram.RamClientAuthServiceImpl success.
2025-03-01 10:37:35.378 [main] INFO  c.a.n.client.auth.ram.identify.CredentialWatcher - null No credential found
2025-03-01 10:37:35.511 [main] WARN  com.alibaba.nacos.client.logging.NacosLogging - Load Logback Configuration of Nacos fail, message: Could not initialize Logback Nacos logging from classpath:nacos-logback.xml
2025-03-01 10:37:35.518 [main] INFO  c.a.n.client.config.impl.LocalConfigInfoProcessor - LOCAL_SNAPSHOT_PATH:C:\Users\Administrator\nacos\config
2025-03-01 10:37:35.521 [main] INFO  com.alibaba.nacos.common.remote.client - [RpcClientFactory] create a new rpc client of 5261613f-cb29-45fc-8ea9-7601e09587e9_config-0
2025-03-01 10:37:35.531 [main] INFO  com.alibaba.nacos.common.remote.client - [5261613f-cb29-45fc-8ea9-7601e09587e9_config-0] Register server push request handler:com.alibaba.nacos.client.config.impl.ClientWorker$ConfigRpcTransportClient$$Lambda$587/0x00000183ee38e908
2025-03-01 10:37:35.531 [main] INFO  com.alibaba.nacos.common.remote.client - [5261613f-cb29-45fc-8ea9-7601e09587e9_config-0] Register server push request handler:com.alibaba.nacos.client.config.impl.ClientWorker$ConfigRpcTransportClient$$Lambda$588/0x00000183ee38ed28
2025-03-01 10:37:35.531 [main] INFO  com.alibaba.nacos.common.remote.client - [5261613f-cb29-45fc-8ea9-7601e09587e9_config-0] Registry connection listener to current client:com.alibaba.nacos.client.config.impl.ClientWorker$ConfigRpcTransportClient$1
2025-03-01 10:37:35.531 [main] INFO  com.alibaba.nacos.common.remote.client - [5261613f-cb29-45fc-8ea9-7601e09587e9_config-0] RpcClient init, ServerListFactory = com.alibaba.nacos.client.config.impl.ClientWorker$ConfigRpcTransportClient$2
2025-03-01 10:37:35.536 [main] INFO  com.alibaba.nacos.common.remote.client - [5261613f-cb29-45fc-8ea9-7601e09587e9_config-0] Try to connect to server on start up, server: {serverIp = '127.0.0.1', server main port = 8848}
2025-03-01 10:37:35.553 [main] INFO  c.a.nacos.common.remote.client.grpc.GrpcClient - grpc client connection server:127.0.0.1 ip,serverPort:9848,grpcTslConfig:{"sslProvider":"OPENSSL","enableTls":false,"mutualAuthEnable":false,"trustAll":false}
2025-03-01 10:37:36.142 [main] INFO  com.alibaba.nacos.common.remote.client - [5261613f-cb29-45fc-8ea9-7601e09587e9_config-0] Success to connect to server [127.0.0.1:8848] on start up, connectionId = 1740796655980_172.17.0.1_42684
2025-03-01 10:37:36.142 [com.alibaba.nacos.client.remote.worker] INFO  com.alibaba.nacos.common.remote.client - [5261613f-cb29-45fc-8ea9-7601e09587e9_config-0] Notify connected event to listeners.
2025-03-01 10:37:36.142 [com.alibaba.nacos.client.remote.worker] INFO  com.alibaba.nacos.client.config.impl.ClientWorker - [5261613f-cb29-45fc-8ea9-7601e09587e9_config-0] Connected,notify listen context...
2025-03-01 10:37:36.142 [main] INFO  com.alibaba.nacos.common.remote.client - [5261613f-cb29-45fc-8ea9-7601e09587e9_config-0] Register server push request handler:com.alibaba.nacos.common.remote.client.RpcClient$ConnectResetRequestHandler
2025-03-01 10:37:36.143 [main] INFO  com.alibaba.nacos.common.remote.client - [5261613f-cb29-45fc-8ea9-7601e09587e9_config-0] Register server push request handler:com.alibaba.nacos.common.remote.client.RpcClient$$Lambda$608/0x00000183ee4d8a88
2025-03-01 10:37:36.166 [main] INFO  com.alibaba.nacos.client.config.impl.Limiter - limitTime:5.0
2025-03-01 10:37:36.175 [main] INFO  com.alibaba.nacos.client.config.utils.JvmUtil - isMultiInstance:false
2025-03-01 10:37:36.183 [main] WARN  c.a.cloud.nacos.client.NacosPropertySourceBuilder - Ignore the empty nacos configuration and get it based on dataId[xiaohashu-auth.yaml] & group[DEFAULT_GROUP]
2025-03-01 10:37:36.188 [main] INFO  o.s.c.b.c.PropertySourceBootstrapConfiguration - Located property source: [BootstrapPropertySource {name='bootstrapProperties-xiaohashu-auth-dev.yaml,DEFAULT_GROUP'}, BootstrapPropertySource {name='bootstrapProperties-xiaohashu-auth.yaml,DEFAULT_GROUP'}, BootstrapPropertySource {name='bootstrapProperties-xiaohashu-auth,DEFAULT_GROUP'}]
2025-03-01 10:37:36.191 [main] WARN  com.alibaba.nacos.client.logging.NacosLogging - Load Logback Configuration of Nacos fail, message: Could not initialize Logback Nacos logging from classpath:nacos-logback.xml
2025-03-01 10:37:36.191 [main] INFO  c.q.xiaohashu.auth.XiaohashuAuthApplication - The following 1 profile is active: "dev"
2025-03-01 10:37:36.454 [main] INFO  o.s.d.r.config.RepositoryConfigurationDelegate - Multiple Spring Data modules found, entering strict repository configuration mode
2025-03-01 10:37:36.456 [main] INFO  o.s.d.r.config.RepositoryConfigurationDelegate - Bootstrapping Spring Data Redis repositories in DEFAULT mode.
2025-03-01 10:37:36.466 [main] INFO  o.s.d.r.config.RepositoryConfigurationDelegate - Finished Spring Data repository scanning in 4 ms. Found 0 Redis repository interfaces.
2025-03-01 10:37:36.575 [main] INFO  o.springframework.cloud.context.scope.GenericScope - BeanFactory id=9597aa3a-ab0b-3653-9f87-3b1a14972dd5
2025-03-01 10:37:36.582 [main] INFO  o.s.c.s.PostProcessorRegistrationDelegate$BeanPostProcessorChecker - Bean 'com.quanxiaoha.xiaohashu.user.api.UserFeignApi' of type [org.springframework.cloud.openfeign.FeignClientFactoryBean] is not eligible for getting processed by all BeanPostProcessors (for example: not eligible for auto-proxying)
2025-03-01 10:37:36.791 [main] INFO  o.s.boot.web.embedded.tomcat.TomcatWebServer - Tomcat initialized with port(s): 8080 (http)
2025-03-01 10:37:36.796 [main] INFO  org.apache.catalina.core.StandardService - Starting service [Tomcat]
2025-03-01 10:37:36.796 [main] INFO  org.apache.catalina.core.StandardEngine - Starting Servlet engine: [Apache Tomcat/10.1.5]
2025-03-01 10:37:36.832 [main] INFO  o.a.c.core.ContainerBase.[Tomcat].[localhost].[/] - Initializing Spring embedded WebApplicationContext
2025-03-01 10:37:36.833 [main] INFO  o.s.b.w.s.c.ServletWebServerApplicationContext - Root WebApplicationContext: initialization completed in 635 ms
2025-03-01 10:37:37.099 [main] INFO  o.s.cloud.openfeign.FeignClientFactoryBean - For 'xiaohashu-user' URL not provided. Will try picking an instance via load-balancing.
2025-03-01 10:37:37.570 [main] WARN  o.s.c.l.c.LoadBalancerCacheAutoConfiguration$LoadBalancerCaffeineWarnLogger - Spring Cloud LoadBalancer is currently working with the default cache. While this cache implementation is useful for development and tests, it's recommended to use Caffeine cache in production.You can switch to using Caffeine cache, by adding it and org.springframework.cache.caffeine.CaffeineCacheManager to the classpath.
2025-03-01 10:37:37.598 [main] INFO  o.s.boot.web.embedded.tomcat.TomcatWebServer - Tomcat started on port(s): 8080 (http) with context path ''
2025-03-01 10:37:37.601 [main] INFO  com.alibaba.nacos.client.naming - initializer namespace from ans.namespace attribute : null
2025-03-01 10:37:37.601 [main] INFO  com.alibaba.nacos.client.naming - initializer namespace from ALIBABA_ALIWARE_NAMESPACE attribute :null
2025-03-01 10:37:37.602 [main] INFO  com.alibaba.nacos.client.naming - initializer namespace from namespace attribute :null
2025-03-01 10:37:37.606 [main] INFO  c.a.n.p.auth.spi.client.ClientAuthPluginManager - [ClientAuthPluginManager] Load ClientAuthService com.alibaba.nacos.client.auth.impl.NacosClientAuthServiceImpl success.
2025-03-01 10:37:37.606 [main] INFO  c.a.n.p.auth.spi.client.ClientAuthPluginManager - [ClientAuthPluginManager] Load ClientAuthService com.alibaba.nacos.client.auth.ram.RamClientAuthServiceImpl success.
2025-03-01 10:37:37.608 [main] INFO  com.alibaba.nacos.common.remote.client - [RpcClientFactory] create a new rpc client of 516b8cc0-f359-4910-a8e2-c0bfa7b33a4e
2025-03-01 10:37:37.609 [main] INFO  com.alibaba.nacos.common.remote.client - [516b8cc0-f359-4910-a8e2-c0bfa7b33a4e] RpcClient init, ServerListFactory = com.alibaba.nacos.client.naming.core.ServerListManager
2025-03-01 10:37:37.609 [main] INFO  com.alibaba.nacos.common.remote.client - [516b8cc0-f359-4910-a8e2-c0bfa7b33a4e] Registry connection listener to current client:com.alibaba.nacos.client.naming.remote.gprc.redo.NamingGrpcRedoService
2025-03-01 10:37:37.609 [main] INFO  com.alibaba.nacos.common.remote.client - [516b8cc0-f359-4910-a8e2-c0bfa7b33a4e] Register server push request handler:com.alibaba.nacos.client.naming.remote.gprc.NamingPushRequestHandler
2025-03-01 10:37:37.609 [main] INFO  com.alibaba.nacos.common.remote.client - [516b8cc0-f359-4910-a8e2-c0bfa7b33a4e] Try to connect to server on start up, server: {serverIp = '127.0.0.1', server main port = 8848}
2025-03-01 10:37:37.609 [main] INFO  c.a.nacos.common.remote.client.grpc.GrpcClient - grpc client connection server:127.0.0.1 ip,serverPort:9848,grpcTslConfig:{"sslProvider":"OPENSSL","enableTls":false,"mutualAuthEnable":false,"trustAll":false}
2025-03-01 10:37:37.719 [main] INFO  com.alibaba.nacos.common.remote.client - [516b8cc0-f359-4910-a8e2-c0bfa7b33a4e] Success to connect to server [127.0.0.1:8848] on start up, connectionId = 1740796657614_172.17.0.1_42694
2025-03-01 10:37:37.719 [main] INFO  com.alibaba.nacos.common.remote.client - [516b8cc0-f359-4910-a8e2-c0bfa7b33a4e] Register server push request handler:com.alibaba.nacos.common.remote.client.RpcClient$ConnectResetRequestHandler
2025-03-01 10:37:37.719 [com.alibaba.nacos.client.remote.worker] INFO  com.alibaba.nacos.common.remote.client - [516b8cc0-f359-4910-a8e2-c0bfa7b33a4e] Notify connected event to listeners.
2025-03-01 10:37:37.719 [main] INFO  com.alibaba.nacos.common.remote.client - [516b8cc0-f359-4910-a8e2-c0bfa7b33a4e] Register server push request handler:com.alibaba.nacos.common.remote.client.RpcClient$$Lambda$608/0x00000183ee4d8a88
2025-03-01 10:37:37.719 [com.alibaba.nacos.client.remote.worker] INFO  com.alibaba.nacos.client.naming - Grpc connection connect
2025-03-01 10:37:37.720 [main] INFO  com.alibaba.nacos.client.naming - [REGISTER-SERVICE] xiaohashu registering service xiaohashu-auth with instance Instance{instanceId='null', ip='192.168.1.3', port=8080, weight=1.0, healthy=true, enabled=true, ephemeral=true, clusterName='DEFAULT', serviceName='null', metadata={IPv6=[240e:b67:57b:ab00:fbf2:c156:c48c:ed8b], preserved.register.source=SPRING_CLOUD}}
2025-03-01 10:37:37.727 [main] INFO  c.a.cloud.nacos.registry.NacosServiceRegistry - nacos registry, DEFAULT_GROUP xiaohashu-auth 192.168.1.3:8080 register finished
2025-03-01 10:37:37.810 [main] INFO  c.q.xiaohashu.auth.XiaohashuAuthApplication - Started XiaohashuAuthApplication in 2.966 seconds (process running for 3.257)
2025-03-01 10:37:37.812 [main] INFO  com.alibaba.nacos.client.config.impl.CacheData - nacos.cache.data.init.snapshot = true 
2025-03-01 10:37:37.813 [main] INFO  com.alibaba.nacos.client.config.impl.ClientWorker - [fixed-xiaohashu-127.0.0.1_8848] [subscribe] xiaohashu-auth.yaml+DEFAULT_GROUP+xiaohashu
2025-03-01 10:37:37.819 [main] INFO  com.alibaba.nacos.client.config.impl.CacheData - [fixed-xiaohashu-127.0.0.1_8848] [add-listener] ok, tenant=xiaohashu, dataId=xiaohashu-auth.yaml, group=DEFAULT_GROUP, cnt=1
2025-03-01 10:37:37.819 [main] INFO  c.a.cloud.nacos.refresh.NacosContextRefresher - [Nacos Config] Listening config: dataId=xiaohashu-auth.yaml, group=DEFAULT_GROUP
2025-03-01 10:37:37.820 [main] INFO  com.alibaba.nacos.client.config.impl.ClientWorker - [fixed-xiaohashu-127.0.0.1_8848] [subscribe] xiaohashu-auth-dev.yaml+DEFAULT_GROUP+xiaohashu
2025-03-01 10:37:37.820 [main] INFO  com.alibaba.nacos.client.config.impl.CacheData - [fixed-xiaohashu-127.0.0.1_8848] [add-listener] ok, tenant=xiaohashu, dataId=xiaohashu-auth-dev.yaml, group=DEFAULT_GROUP, cnt=1
2025-03-01 10:37:37.820 [main] INFO  c.a.cloud.nacos.refresh.NacosContextRefresher - [Nacos Config] Listening config: dataId=xiaohashu-auth-dev.yaml, group=DEFAULT_GROUP
2025-03-01 10:37:37.820 [main] INFO  com.alibaba.nacos.client.config.impl.ClientWorker - [fixed-xiaohashu-127.0.0.1_8848] [subscribe] xiaohashu-auth+DEFAULT_GROUP+xiaohashu
2025-03-01 10:37:37.820 [main] INFO  com.alibaba.nacos.client.config.impl.CacheData - [fixed-xiaohashu-127.0.0.1_8848] [add-listener] ok, tenant=xiaohashu, dataId=xiaohashu-auth, group=DEFAULT_GROUP, cnt=1
2025-03-01 10:37:37.820 [main] INFO  c.a.cloud.nacos.refresh.NacosContextRefresher - [Nacos Config] Listening config: dataId=xiaohashu-auth, group=DEFAULT_GROUP
2025-03-01 18:16:28.893 [http-nio-8080-exec-1] INFO  o.a.c.core.ContainerBase.[Tomcat].[localhost].[/] - Initializing Spring DispatcherServlet 'dispatcherServlet'
2025-03-01 18:16:28.894 [http-nio-8080-exec-1] INFO  org.springframework.web.servlet.DispatcherServlet - Initializing Servlet 'dispatcherServlet'
2025-03-01 18:16:28.896 [http-nio-8080-exec-1] INFO  org.springframework.web.servlet.DispatcherServlet - Completed initialization in 1 ms
2025-03-01 18:16:28.990 [http-nio-8080-exec-1] INFO  c.q.f.b.operationlog.aspect.ApiOperationLogAspect - ====== 请求开始: [发送短信验证码], 入参: {"phone":"18019939108"}, 请求类: VerificationCodeController, 请求方法: send =================================== 
2025-03-01 18:16:29.381 [http-nio-8080-exec-1] INFO  c.q.x.a.service.impl.VerificationCodeServiceImpl - ==> 手机号: 18019939108, 已生成验证码：【970865】
2025-03-01 18:16:29.388 [http-nio-8080-exec-1] INFO  c.q.f.b.operationlog.aspect.ApiOperationLogAspect - ====== 请求结束: [发送短信验证码], 耗时: 398ms, 出参: {"success":true,"message":null,"errorCode":null,"data":null} =================================== 
2025-03-01 18:16:52.067 [http-nio-8080-exec-2] INFO  c.q.f.b.operationlog.aspect.ApiOperationLogAspect - ====== 请求开始: [用户登录/注册], 入参: {"phone":"18019939108","code":"970865","password":null,"type":1}, 请求类: AuthController, 请求方法: loginAndRegister =================================== 
2025-03-01 18:16:52.139 [http-nio-8080-exec-2] INFO  com.alibaba.nacos.client.naming - [SUBSCRIBE-SERVICE] service:xiaohashu-user, group:DEFAULT_GROUP, clusters: 
2025-03-01 18:16:52.148 [http-nio-8080-exec-2] INFO  com.alibaba.nacos.client.naming - init new ips(1) service: DEFAULT_GROUP@@xiaohashu-user -> [{"ip":"192.168.1.3","port":8082,"weight":1.0,"healthy":true,"enabled":true,"ephemeral":true,"clusterName":"DEFAULT","serviceName":"DEFAULT_GROUP@@xiaohashu-user","metadata":{"preserved.register.source":"SPRING_CLOUD","IPv6":"[240e:b67:57b:ab00:fbf2:c156:c48c:ed8b]"},"ipDeleteTimeout":30000,"instanceHeartBeatTimeOut":15000,"instanceHeartBeatInterval":5000}]
2025-03-01 18:16:52.149 [http-nio-8080-exec-2] INFO  com.alibaba.nacos.client.naming - current ips:(1) service: DEFAULT_GROUP@@xiaohashu-user -> [{"ip":"192.168.1.3","port":8082,"weight":1.0,"healthy":true,"enabled":true,"ephemeral":true,"clusterName":"DEFAULT","serviceName":"DEFAULT_GROUP@@xiaohashu-user","metadata":{"preserved.register.source":"SPRING_CLOUD","IPv6":"[240e:b67:57b:ab00:fbf2:c156:c48c:ed8b]"},"ipDeleteTimeout":30000,"instanceHeartBeatTimeOut":15000,"instanceHeartBeatInterval":5000}]
2025-03-01 18:16:52.326 [http-nio-8080-exec-2] INFO  c.q.f.b.operationlog.aspect.ApiOperationLogAspect - ====== 请求结束: [用户登录/注册], 耗时: 259ms, 出参: {"success":true,"message":null,"errorCode":null,"data":"HtkPROXuhLY3ggR9BzRnJ3KPlYEdCE2xv0UZaYhsvqZlshEfBdR2m3grrml1jz4HupGoOSrpHA8UIMNrBDNqJcT10kmj4i5JRRt6e1wkADVzPFp9rTR47qA30iCU2FH2"} =================================== 
2025-03-01 18:16:52.712 [nacos-grpc-client-executor-127.0.0.1-5534] INFO  com.alibaba.nacos.common.remote.client - [516b8cc0-f359-4910-a8e2-c0bfa7b33a4e] Receive server push request, request = NotifySubscriberRequest, requestId = 302
2025-03-01 18:16:52.713 [nacos-grpc-client-executor-127.0.0.1-5534] INFO  com.alibaba.nacos.common.remote.client - [516b8cc0-f359-4910-a8e2-c0bfa7b33a4e] Ack server push request, request = NotifySubscriberRequest, requestId = 302
2025-03-01 19:36:46.753 [http-nio-8080-exec-8] INFO  c.q.f.b.context.filter.HeaderUserId2ContextFilter - ===== 设置 userId 到 ThreadLocal 中， 用户 ID: 2100
2025-03-01 19:36:46.767 [http-nio-8080-exec-8] INFO  c.q.f.b.operationlog.aspect.ApiOperationLogAspect - ====== 请求开始: [账号登出], 入参: , 请求类: AuthController, 请求方法: logout =================================== 
2025-03-01 19:36:46.798 [http-nio-8080-exec-8] INFO  c.q.f.b.operationlog.aspect.ApiOperationLogAspect - ====== 请求结束: [账号登出], 耗时: 31ms, 出参: {"success":true,"message":null,"errorCode":null,"data":null} =================================== 
2025-03-01 19:36:46.804 [http-nio-8080-exec-8] INFO  c.q.f.b.context.filter.HeaderUserId2ContextFilter - ===== 删除 ThreadLocal， userId: 2100
2025-03-01 20:09:35.809 [http-nio-8080-exec-10] INFO  c.q.f.b.operationlog.aspect.ApiOperationLogAspect - ====== 请求开始: [发送短信验证码], 入参: {"phone":"18019939108"}, 请求类: VerificationCodeController, 请求方法: send =================================== 
2025-03-01 20:09:35.811 [http-nio-8080-exec-10] INFO  c.q.x.a.service.impl.VerificationCodeServiceImpl - ==> 手机号: 18019939108, 已生成验证码：【244819】
2025-03-01 20:09:35.812 [http-nio-8080-exec-10] INFO  c.q.f.b.operationlog.aspect.ApiOperationLogAspect - ====== 请求结束: [发送短信验证码], 耗时: 3ms, 出参: {"success":true,"message":null,"errorCode":null,"data":null} =================================== 
2025-03-01 20:09:52.378 [http-nio-8080-exec-7] INFO  c.q.f.b.operationlog.aspect.ApiOperationLogAspect - ====== 请求开始: [用户登录/注册], 入参: {"phone":"18019939108","code":"244819","password":null,"type":1}, 请求类: AuthController, 请求方法: loginAndRegister =================================== 
2025-03-01 20:09:52.430 [http-nio-8080-exec-7] INFO  c.q.f.b.operationlog.aspect.ApiOperationLogAspect - ====== 请求结束: [用户登录/注册], 耗时: 52ms, 出参: {"success":true,"message":null,"errorCode":null,"data":"sTlALhvvCBENcBdZtDKFZRamSx5DrB1KjMCwkwAtNFfR0norYSeB6dM9GwwcbBSSVFob5ejitwggY9iePUWWqZr7eGPjYohc88lV3RaJY0CZCABNXsWcVacxYSVeUKRO"} =================================== 
