2025-10-14 10:57:38.332 [main] WARN  com.alibaba.nacos.client.logging.NacosLogging - Load Logback Configuration of Nacos fail, message: Could not initialize Logback Nacos logging from classpath:nacos-logback.xml
2025-10-14 10:57:38.469 [main] WARN  com.alibaba.nacos.client.logging.NacosLogging - Load Logback Configuration of Nacos fail, message: Could not initialize Logback Nacos logging from classpath:nacos-logback.xml
2025-10-14 10:57:38.881 [main] WARN  com.alibaba.nacos.client.logging.NacosLogging - Load Logback Configuration of Nacos fail, message: Could not initialize Logback Nacos logging from classpath:nacos-logback.xml
2025-10-14 10:57:38.885 [main] INFO  com.alibaba.nacos.client.utils.ParamUtil - [settings] [req-serv] nacos-server port:8848
2025-10-14 10:57:38.886 [main] INFO  com.alibaba.nacos.client.utils.ParamUtil - [settings] [http-client] connect timeout:1000
2025-10-14 10:57:38.889 [main] INFO  com.alibaba.nacos.client.utils.ParamUtil - PER_TASK_CONFIG_SIZE: 3000.0
2025-10-14 10:57:38.967 [main] INFO  c.a.n.p.auth.spi.client.ClientAuthPluginManager - [ClientAuthPluginManager] Load ClientAuthService com.alibaba.nacos.client.auth.impl.NacosClientAuthServiceImpl success.
2025-10-14 10:57:38.967 [main] INFO  c.a.n.p.auth.spi.client.ClientAuthPluginManager - [ClientAuthPluginManager] Load ClientAuthService com.alibaba.nacos.client.auth.ram.RamClientAuthServiceImpl success.
2025-10-14 10:57:38.973 [main] INFO  c.a.n.client.auth.ram.identify.CredentialWatcher - null No credential found
2025-10-14 10:57:39.802 [main] WARN  com.alibaba.nacos.client.logging.NacosLogging - Load Logback Configuration of Nacos fail, message: Could not initialize Logback Nacos logging from classpath:nacos-logback.xml
2025-10-14 10:57:39.829 [main] INFO  c.a.n.client.config.impl.LocalConfigInfoProcessor - LOCAL_SNAPSHOT_PATH:C:\Users\Mr zhang\nacos\config
2025-10-14 10:57:39.836 [main] INFO  com.alibaba.nacos.common.remote.client - [RpcClientFactory] create a new rpc client of 43b8696f-171a-4dd9-b53c-de0bebac9d50_config-0
2025-10-14 10:57:39.879 [main] INFO  com.alibaba.nacos.common.remote.client - [43b8696f-171a-4dd9-b53c-de0bebac9d50_config-0] Register server push request handler:com.alibaba.nacos.client.config.impl.ClientWorker$ConfigRpcTransportClient$$Lambda$582/0x000001a45f38e1d0
2025-10-14 10:57:39.880 [main] INFO  com.alibaba.nacos.common.remote.client - [43b8696f-171a-4dd9-b53c-de0bebac9d50_config-0] Register server push request handler:com.alibaba.nacos.client.config.impl.ClientWorker$ConfigRpcTransportClient$$Lambda$583/0x000001a45f38e5f0
2025-10-14 10:57:39.880 [main] INFO  com.alibaba.nacos.common.remote.client - [43b8696f-171a-4dd9-b53c-de0bebac9d50_config-0] Registry connection listener to current client:com.alibaba.nacos.client.config.impl.ClientWorker$ConfigRpcTransportClient$1
2025-10-14 10:57:39.881 [main] INFO  com.alibaba.nacos.common.remote.client - [43b8696f-171a-4dd9-b53c-de0bebac9d50_config-0] RpcClient init, ServerListFactory = com.alibaba.nacos.client.config.impl.ClientWorker$ConfigRpcTransportClient$2
2025-10-14 10:57:39.897 [main] INFO  com.alibaba.nacos.common.remote.client - [43b8696f-171a-4dd9-b53c-de0bebac9d50_config-0] Try to connect to server on start up, server: {serverIp = 'localhost', server main port = 8848}
2025-10-14 10:57:39.949 [main] INFO  c.a.nacos.common.remote.client.grpc.GrpcClient - grpc client connection server:localhost ip,serverPort:9848,grpcTslConfig:{"sslProvider":"OPENSSL","enableTls":false,"mutualAuthEnable":false,"trustAll":false}
2025-10-14 10:57:42.114 [main] INFO  com.alibaba.nacos.common.remote.client - [43b8696f-171a-4dd9-b53c-de0bebac9d50_config-0] Success to connect to server [localhost:8848] on start up, connectionId = 1760410661843_127.0.0.1_14638
2025-10-14 10:57:42.115 [com.alibaba.nacos.client.remote.worker] INFO  com.alibaba.nacos.common.remote.client - [43b8696f-171a-4dd9-b53c-de0bebac9d50_config-0] Notify connected event to listeners.
2025-10-14 10:57:42.115 [com.alibaba.nacos.client.remote.worker] INFO  com.alibaba.nacos.client.config.impl.ClientWorker - [43b8696f-171a-4dd9-b53c-de0bebac9d50_config-0] Connected,notify listen context...
2025-10-14 10:57:42.116 [main] INFO  com.alibaba.nacos.common.remote.client - [43b8696f-171a-4dd9-b53c-de0bebac9d50_config-0] Register server push request handler:com.alibaba.nacos.common.remote.client.RpcClient$ConnectResetRequestHandler
2025-10-14 10:57:42.116 [main] INFO  com.alibaba.nacos.common.remote.client - [43b8696f-171a-4dd9-b53c-de0bebac9d50_config-0] Register server push request handler:com.alibaba.nacos.common.remote.client.RpcClient$$Lambda$603/0x000001a45f4d58a8
2025-10-14 10:57:42.224 [main] INFO  com.alibaba.nacos.client.config.impl.Limiter - limitTime:5.0
2025-10-14 10:57:42.262 [main] WARN  c.a.cloud.nacos.client.NacosPropertySourceBuilder - Ignore the empty nacos configuration and get it based on dataId[xiaohashu-auth] & group[DEFAULT_GROUP]
2025-10-14 10:57:42.270 [main] WARN  c.a.cloud.nacos.client.NacosPropertySourceBuilder - Ignore the empty nacos configuration and get it based on dataId[xiaohashu-auth.yaml] & group[DEFAULT_GROUP]
2025-10-14 10:57:42.277 [main] WARN  c.a.cloud.nacos.client.NacosPropertySourceBuilder - Ignore the empty nacos configuration and get it based on dataId[xiaohashu-auth-dev.yaml] & group[DEFAULT_GROUP]
2025-10-14 10:57:42.279 [main] INFO  o.s.c.b.c.PropertySourceBootstrapConfiguration - Located property source: [BootstrapPropertySource {name='bootstrapProperties-xiaohashu-auth-dev.yaml,DEFAULT_GROUP'}, BootstrapPropertySource {name='bootstrapProperties-xiaohashu-auth.yaml,DEFAULT_GROUP'}, BootstrapPropertySource {name='bootstrapProperties-xiaohashu-auth,DEFAULT_GROUP'}]
2025-10-14 10:57:42.286 [main] WARN  com.alibaba.nacos.client.logging.NacosLogging - Load Logback Configuration of Nacos fail, message: Could not initialize Logback Nacos logging from classpath:nacos-logback.xml
2025-10-14 10:57:42.287 [main] INFO  c.q.xiaohashu.auth.XiaohashuAuthApplication - The following 1 profile is active: "dev"
2025-10-14 10:57:43.496 [main] INFO  o.s.d.r.config.RepositoryConfigurationDelegate - Multiple Spring Data modules found, entering strict repository configuration mode
2025-10-14 10:57:43.502 [main] INFO  o.s.d.r.config.RepositoryConfigurationDelegate - Bootstrapping Spring Data Redis repositories in DEFAULT mode.
2025-10-14 10:57:43.552 [main] INFO  o.s.d.r.config.RepositoryConfigurationDelegate - Finished Spring Data repository scanning in 19 ms. Found 0 Redis repository interfaces.
2025-10-14 10:57:44.009 [main] INFO  o.springframework.cloud.context.scope.GenericScope - BeanFactory id=9597aa3a-ab0b-3653-9f87-3b1a14972dd5
2025-10-14 10:57:44.036 [main] INFO  o.s.c.s.PostProcessorRegistrationDelegate$BeanPostProcessorChecker - Bean 'com.quanxiaoha.xiaohashu.user.api.UserFeignApi' of type [org.springframework.cloud.openfeign.FeignClientFactoryBean] is not eligible for getting processed by all BeanPostProcessors (for example: not eligible for auto-proxying)
2025-10-14 10:57:44.959 [main] INFO  o.s.boot.web.embedded.tomcat.TomcatWebServer - Tomcat initialized with port(s): 8080 (http)
2025-10-14 10:57:44.985 [main] INFO  org.apache.catalina.core.StandardService - Starting service [Tomcat]
2025-10-14 10:57:44.986 [main] INFO  org.apache.catalina.core.StandardEngine - Starting Servlet engine: [Apache Tomcat/10.1.5]
2025-10-14 10:57:45.204 [main] INFO  o.a.c.core.ContainerBase.[Tomcat].[localhost].[/] - Initializing Spring embedded WebApplicationContext
2025-10-14 10:57:45.204 [main] INFO  o.s.b.w.s.c.ServletWebServerApplicationContext - Root WebApplicationContext: initialization completed in 2899 ms
2025-10-14 10:57:46.487 [main] INFO  o.s.cloud.openfeign.FeignClientFactoryBean - For 'xiaohashu-user' URL not provided. Will try picking an instance via load-balancing.
2025-10-14 10:57:49.222 [main] WARN  o.s.c.l.c.LoadBalancerCacheAutoConfiguration$LoadBalancerCaffeineWarnLogger - Spring Cloud LoadBalancer is currently working with the default cache. While this cache implementation is useful for development and tests, it's recommended to use Caffeine cache in production.You can switch to using Caffeine cache, by adding it and org.springframework.cache.caffeine.CaffeineCacheManager to the classpath.
2025-10-14 10:57:49.344 [main] INFO  o.s.boot.web.embedded.tomcat.TomcatWebServer - Tomcat started on port(s): 8080 (http) with context path ''
2025-10-14 10:57:49.352 [main] INFO  com.alibaba.nacos.client.naming - initializer namespace from ans.namespace attribute : null
2025-10-14 10:57:49.353 [main] INFO  com.alibaba.nacos.client.naming - initializer namespace from ALIBABA_ALIWARE_NAMESPACE attribute :null
2025-10-14 10:57:49.354 [main] INFO  com.alibaba.nacos.client.naming - initializer namespace from namespace attribute :null
2025-10-14 10:57:49.376 [main] INFO  c.a.n.p.auth.spi.client.ClientAuthPluginManager - [ClientAuthPluginManager] Load ClientAuthService com.alibaba.nacos.client.auth.impl.NacosClientAuthServiceImpl success.
2025-10-14 10:57:49.377 [main] INFO  c.a.n.p.auth.spi.client.ClientAuthPluginManager - [ClientAuthPluginManager] Load ClientAuthService com.alibaba.nacos.client.auth.ram.RamClientAuthServiceImpl success.
2025-10-14 10:57:49.385 [main] INFO  com.alibaba.nacos.common.remote.client - [RpcClientFactory] create a new rpc client of 5074a073-414a-4413-b51e-7c53757b0c8b
2025-10-14 10:57:49.390 [main] INFO  com.alibaba.nacos.common.remote.client - [5074a073-414a-4413-b51e-7c53757b0c8b] RpcClient init, ServerListFactory = com.alibaba.nacos.client.naming.core.ServerListManager
2025-10-14 10:57:49.390 [main] INFO  com.alibaba.nacos.common.remote.client - [5074a073-414a-4413-b51e-7c53757b0c8b] Registry connection listener to current client:com.alibaba.nacos.client.naming.remote.gprc.redo.NamingGrpcRedoService
2025-10-14 10:57:49.391 [main] INFO  com.alibaba.nacos.common.remote.client - [5074a073-414a-4413-b51e-7c53757b0c8b] Register server push request handler:com.alibaba.nacos.client.naming.remote.gprc.NamingPushRequestHandler
2025-10-14 10:57:49.391 [main] INFO  com.alibaba.nacos.common.remote.client - [5074a073-414a-4413-b51e-7c53757b0c8b] Try to connect to server on start up, server: {serverIp = 'localhost', server main port = 8848}
2025-10-14 10:57:49.392 [main] INFO  c.a.nacos.common.remote.client.grpc.GrpcClient - grpc client connection server:localhost ip,serverPort:9848,grpcTslConfig:{"sslProvider":"OPENSSL","enableTls":false,"mutualAuthEnable":false,"trustAll":false}
2025-10-14 10:57:49.539 [main] INFO  com.alibaba.nacos.common.remote.client - [5074a073-414a-4413-b51e-7c53757b0c8b] Success to connect to server [localhost:8848] on start up, connectionId = 1760410669416_127.0.0.1_14645
2025-10-14 10:57:49.541 [main] INFO  com.alibaba.nacos.common.remote.client - [5074a073-414a-4413-b51e-7c53757b0c8b] Register server push request handler:com.alibaba.nacos.common.remote.client.RpcClient$ConnectResetRequestHandler
2025-10-14 10:57:49.541 [com.alibaba.nacos.client.remote.worker] INFO  com.alibaba.nacos.common.remote.client - [5074a073-414a-4413-b51e-7c53757b0c8b] Notify connected event to listeners.
2025-10-14 10:57:49.541 [main] INFO  com.alibaba.nacos.common.remote.client - [5074a073-414a-4413-b51e-7c53757b0c8b] Register server push request handler:com.alibaba.nacos.common.remote.client.RpcClient$$Lambda$603/0x000001a45f4d58a8
2025-10-14 10:57:49.541 [com.alibaba.nacos.client.remote.worker] INFO  com.alibaba.nacos.client.naming - Grpc connection connect
2025-10-14 10:57:49.555 [main] INFO  com.alibaba.nacos.client.naming - [REGISTER-SERVICE] xiaohashu registering service xiaohashu-auth with instance Instance{instanceId='null', ip='192.168.146.1', port=8080, weight=1.0, healthy=true, enabled=true, ephemeral=true, clusterName='DEFAULT', serviceName='null', metadata={IPv6=[2409:8760:1e81:10:0:0:3:1eb3], preserved.register.source=SPRING_CLOUD}}
2025-10-14 10:57:49.611 [main] INFO  c.a.cloud.nacos.registry.NacosServiceRegistry - nacos registry, DEFAULT_GROUP xiaohashu-auth 192.168.146.1:8080 register finished
2025-10-14 10:57:50.583 [main] INFO  c.q.xiaohashu.auth.XiaohashuAuthApplication - Started XiaohashuAuthApplication in 14.381 seconds (process running for 15.956)
2025-10-14 10:57:50.590 [main] INFO  com.alibaba.nacos.client.config.impl.CacheData - nacos.cache.data.init.snapshot = true 
2025-10-14 10:57:50.591 [main] INFO  com.alibaba.nacos.client.config.impl.ClientWorker - [fixed-xiaohashu-localhost_8848] [subscribe] xiaohashu-auth.yaml+DEFAULT_GROUP+xiaohashu
2025-10-14 10:57:50.615 [main] INFO  com.alibaba.nacos.client.config.impl.CacheData - [fixed-xiaohashu-localhost_8848] [add-listener] ok, tenant=xiaohashu, dataId=xiaohashu-auth.yaml, group=DEFAULT_GROUP, cnt=1
2025-10-14 10:57:50.615 [main] INFO  c.a.cloud.nacos.refresh.NacosContextRefresher - [Nacos Config] Listening config: dataId=xiaohashu-auth.yaml, group=DEFAULT_GROUP
2025-10-14 10:57:50.616 [main] INFO  com.alibaba.nacos.client.config.impl.ClientWorker - [fixed-xiaohashu-localhost_8848] [subscribe] xiaohashu-auth-dev.yaml+DEFAULT_GROUP+xiaohashu
2025-10-14 10:57:50.616 [main] INFO  com.alibaba.nacos.client.config.impl.CacheData - [fixed-xiaohashu-localhost_8848] [add-listener] ok, tenant=xiaohashu, dataId=xiaohashu-auth-dev.yaml, group=DEFAULT_GROUP, cnt=1
2025-10-14 10:57:50.616 [main] INFO  c.a.cloud.nacos.refresh.NacosContextRefresher - [Nacos Config] Listening config: dataId=xiaohashu-auth-dev.yaml, group=DEFAULT_GROUP
2025-10-14 10:57:50.617 [main] INFO  com.alibaba.nacos.client.config.impl.ClientWorker - [fixed-xiaohashu-localhost_8848] [subscribe] xiaohashu-auth+DEFAULT_GROUP+xiaohashu
2025-10-14 10:57:50.617 [main] INFO  com.alibaba.nacos.client.config.impl.CacheData - [fixed-xiaohashu-localhost_8848] [add-listener] ok, tenant=xiaohashu, dataId=xiaohashu-auth, group=DEFAULT_GROUP, cnt=1
2025-10-14 10:57:50.617 [main] INFO  c.a.cloud.nacos.refresh.NacosContextRefresher - [Nacos Config] Listening config: dataId=xiaohashu-auth, group=DEFAULT_GROUP
2025-10-14 11:02:03.150 [http-nio-8080-exec-2] INFO  o.a.c.core.ContainerBase.[Tomcat].[localhost].[/] - Initializing Spring DispatcherServlet 'dispatcherServlet'
2025-10-14 11:02:03.150 [http-nio-8080-exec-2] INFO  org.springframework.web.servlet.DispatcherServlet - Initializing Servlet 'dispatcherServlet'
2025-10-14 11:02:03.152 [http-nio-8080-exec-2] INFO  org.springframework.web.servlet.DispatcherServlet - Completed initialization in 2 ms
2025-10-14 11:02:03.443 [http-nio-8080-exec-2] WARN  c.q.x.auth.exception.GlobalExceptionHandler - /verification/code/send request error, errorCode: AUTH-10001, errorMessage: phone 手机号格式不正确, 需为 11 位数字, 当前值: '1883180687'; 
2025-10-14 11:02:10.496 [http-nio-8080-exec-3] INFO  c.q.f.b.operationlog.aspect.ApiOperationLogAspect - ====== 请求开始: [发送短信验证码], 入参: {"phone":"18831806857"}, 请求类: VerificationCodeController, 请求方法: send =================================== 
2025-10-14 11:02:11.622 [http-nio-8080-exec-3] INFO  c.q.x.a.service.impl.VerificationCodeServiceImpl - ==> 手机号: 18831806857, 已生成验证码：【954898】
2025-10-14 11:02:11.624 [AuthExecutor-1] INFO  com.quanxiaoha.xiaohashu.auth.sms.AliyunSmsHelper - ==> 开始短信发送, phone: 18831806857, signName: 阿里云短信测试, templateCode: SMS_154950909, templateParam: {"code":"954898"}
2025-10-14 11:02:11.634 [http-nio-8080-exec-3] INFO  c.q.f.b.operationlog.aspect.ApiOperationLogAspect - ====== 请求结束: [发送短信验证码], 耗时: 1141ms, 出参: {"success":true,"message":null,"errorCode":null,"data":null} =================================== 
2025-10-14 11:02:13.240 [AuthExecutor-1] INFO  com.quanxiaoha.xiaohashu.auth.sms.AliyunSmsHelper - ==> 短信发送成功, response: {"headers":{"access-control-allow-origin":"*","date":"Tue, 14 Oct 2025 03:02:09 GMT","content-length":"110","keep-alive":"timeout=25","x-acs-request-id":"01275C43-5B1F-5117-99E7-EE2B745261CF","connection":"keep-alive","content-type":"application/json;charset=utf-8","etag":"1U2kO+2QYJjBZG6Xwa1z9hQ0","access-control-expose-headers":"*","x-acs-trace-id":"991605f35182355b937f6c751f56ea22"},"statusCode":200,"body":{"bizId":"515616660410929368^0","code":"OK","message":"OK","requestId":"01275C43-5B1F-5117-99E7-EE2B745261CF"}}
2025-10-14 11:05:40.616 [Thread-2] WARN  c.alibaba.nacos.common.http.HttpClientBeanHolder - [HttpClientBeanHolder] Start destroying common HttpClient
2025-10-14 11:05:40.616 [Thread-9] WARN  com.alibaba.nacos.common.notify.NotifyCenter - [NotifyCenter] Start destroying Publisher
2025-10-14 11:05:40.616 [Thread-9] WARN  com.alibaba.nacos.common.notify.NotifyCenter - [NotifyCenter] Destruction of the end
2025-10-14 11:05:40.617 [Thread-2] WARN  c.alibaba.nacos.common.http.HttpClientBeanHolder - [HttpClientBeanHolder] Destruction of the end
2025-10-14 11:05:40.684 [SpringApplicationShutdownHook] INFO  c.a.cloud.nacos.registry.NacosServiceRegistry - De-registering from Nacos Server now...
2025-10-14 11:05:40.684 [SpringApplicationShutdownHook] INFO  com.alibaba.nacos.client.naming - [DEREGISTER-SERVICE] xiaohashu deregistering service xiaohashu-auth with instance: Instance{instanceId='null', ip='192.168.146.1', port=8080, weight=1.0, healthy=true, enabled=true, ephemeral=true, clusterName='DEFAULT', serviceName='null', metadata={}}
2025-10-14 11:05:40.688 [SpringApplicationShutdownHook] INFO  c.a.cloud.nacos.registry.NacosServiceRegistry - De-registration finished.
2025-10-14 11:05:40.689 [SpringApplicationShutdownHook] INFO  com.alibaba.nacos.client.naming - com.alibaba.nacos.client.naming.cache.ServiceInfoHolder do shutdown begin
2025-10-14 11:05:40.689 [SpringApplicationShutdownHook] INFO  com.alibaba.nacos.client.naming - com.alibaba.nacos.client.naming.backups.FailoverReactor do shutdown begin
2025-10-14 11:05:40.689 [SpringApplicationShutdownHook] INFO  com.alibaba.nacos.client.naming - com.alibaba.nacos.client.naming.backups.FailoverReactor do shutdown stop
2025-10-14 11:05:40.689 [SpringApplicationShutdownHook] INFO  com.alibaba.nacos.client.naming - com.alibaba.nacos.client.naming.cache.ServiceInfoHolder do shutdown stop
2025-10-14 11:05:40.689 [SpringApplicationShutdownHook] INFO  com.alibaba.nacos.client.naming - com.alibaba.nacos.client.naming.remote.NamingClientProxyDelegate do shutdown begin
2025-10-14 11:05:40.689 [SpringApplicationShutdownHook] INFO  com.alibaba.nacos.client.naming - com.alibaba.nacos.client.naming.core.ServiceInfoUpdateService do shutdown begin
2025-10-14 11:05:40.689 [SpringApplicationShutdownHook] INFO  com.alibaba.nacos.client.naming - com.alibaba.nacos.client.naming.core.ServiceInfoUpdateService do shutdown stop
2025-10-14 11:05:40.689 [SpringApplicationShutdownHook] INFO  com.alibaba.nacos.client.naming - com.alibaba.nacos.client.naming.core.ServerListManager do shutdown begin
2025-10-14 11:05:40.689 [SpringApplicationShutdownHook] WARN  com.alibaba.nacos.client.naming - [NamingHttpClientManager] Start destroying NacosRestTemplate
2025-10-14 11:05:40.689 [SpringApplicationShutdownHook] WARN  com.alibaba.nacos.client.naming - [NamingHttpClientManager] Destruction of the end
2025-10-14 11:05:40.689 [SpringApplicationShutdownHook] INFO  com.alibaba.nacos.client.naming - com.alibaba.nacos.client.naming.core.ServerListManager do shutdown stop
2025-10-14 11:05:40.689 [SpringApplicationShutdownHook] INFO  com.alibaba.nacos.client.naming - com.alibaba.nacos.client.naming.remote.http.NamingHttpClientProxy do shutdown begin
2025-10-14 11:05:40.689 [SpringApplicationShutdownHook] WARN  com.alibaba.nacos.client.naming - [NamingHttpClientManager] Start destroying NacosRestTemplate
2025-10-14 11:05:40.689 [SpringApplicationShutdownHook] WARN  com.alibaba.nacos.client.naming - [NamingHttpClientManager] Destruction of the end
2025-10-14 11:05:40.689 [SpringApplicationShutdownHook] INFO  com.alibaba.nacos.client.naming - com.alibaba.nacos.client.naming.remote.http.NamingHttpClientProxy do shutdown stop
2025-10-14 11:05:40.689 [SpringApplicationShutdownHook] INFO  com.alibaba.nacos.common.remote.client - Shutdown rpc client, set status to shutdown
2025-10-14 11:05:40.689 [SpringApplicationShutdownHook] INFO  com.alibaba.nacos.common.remote.client - Shutdown client event executor java.util.concurrent.ScheduledThreadPoolExecutor@26b9d742[Running, pool size = 2, active threads = 2, queued tasks = 0, completed tasks = 0]
2025-10-14 11:05:40.691 [SpringApplicationShutdownHook] INFO  com.alibaba.nacos.common.remote.client - Close current connection 1760410669416_127.0.0.1_14645
2025-10-14 11:05:40.695 [nacos-grpc-client-executor-localhost-102] INFO  c.a.nacos.common.remote.client.grpc.GrpcClient - [1760410669416_127.0.0.1_14645]Ignore complete event,isRunning:false,isAbandon=false
2025-10-14 11:05:40.697 [SpringApplicationShutdownHook] INFO  c.a.nacos.common.remote.client.grpc.GrpcClient - Shutdown grpc executor java.util.concurrent.ThreadPoolExecutor@5ca0694b[Running, pool size = 4, active threads = 0, queued tasks = 0, completed tasks = 103]
2025-10-14 11:05:40.697 [SpringApplicationShutdownHook] INFO  com.alibaba.nacos.client.naming - Shutdown grpc redo service executor java.util.concurrent.ScheduledThreadPoolExecutor@4b70857b[Running, pool size = 1, active threads = 0, queued tasks = 1, completed tasks = 156]
2025-10-14 11:05:40.699 [SpringApplicationShutdownHook] INFO  c.a.n.client.auth.ram.identify.CredentialWatcher - [null] CredentialWatcher is stopped
2025-10-14 11:05:40.699 [SpringApplicationShutdownHook] INFO  c.a.n.client.auth.ram.identify.CredentialService - [null] CredentialService is freed
2025-10-14 11:05:40.699 [SpringApplicationShutdownHook] INFO  com.alibaba.nacos.client.naming - com.alibaba.nacos.client.naming.remote.NamingClientProxyDelegate do shutdown stop
