2025-10-27 09:43:29.797 [main] WARN  com.alibaba.nacos.client.logging.NacosLogging - Load Logback Configuration of Nacos fail, message: Could not initialize Logback Nacos logging from classpath:nacos-logback.xml
2025-10-27 09:43:29.920 [main] WARN  com.alibaba.nacos.client.logging.NacosLogging - Load Logback Configuration of Nacos fail, message: Could not initialize Logback Nacos logging from classpath:nacos-logback.xml
2025-10-27 09:43:30.290 [main] WARN  com.alibaba.nacos.client.logging.NacosLogging - Load Logback Configuration of Nacos fail, message: Could not initialize Logback Nacos logging from classpath:nacos-logback.xml
2025-10-27 09:43:30.293 [main] INFO  com.alibaba.nacos.client.utils.ParamUtil - [settings] [req-serv] nacos-server port:8848
2025-10-27 09:43:30.293 [main] INFO  com.alibaba.nacos.client.utils.ParamUtil - [settings] [http-client] connect timeout:1000
2025-10-27 09:43:30.295 [main] INFO  com.alibaba.nacos.client.utils.ParamUtil - PER_TASK_CONFIG_SIZE: 3000.0
2025-10-27 09:43:30.350 [main] INFO  c.a.n.p.auth.spi.client.ClientAuthPluginManager - [ClientAuthPluginManager] Load ClientAuthService com.alibaba.nacos.client.auth.impl.NacosClientAuthServiceImpl success.
2025-10-27 09:43:30.351 [main] INFO  c.a.n.p.auth.spi.client.ClientAuthPluginManager - [ClientAuthPluginManager] Load ClientAuthService com.alibaba.nacos.client.auth.ram.RamClientAuthServiceImpl success.
2025-10-27 09:43:30.357 [main] INFO  c.a.n.client.auth.ram.identify.CredentialWatcher - null No credential found
2025-10-27 09:43:31.133 [main] WARN  com.alibaba.nacos.client.logging.NacosLogging - Load Logback Configuration of Nacos fail, message: Could not initialize Logback Nacos logging from classpath:nacos-logback.xml
2025-10-27 09:43:31.163 [main] INFO  c.a.n.client.config.impl.LocalConfigInfoProcessor - LOCAL_SNAPSHOT_PATH:C:\Users\Mr zhang\nacos\config
2025-10-27 09:43:31.172 [main] INFO  com.alibaba.nacos.common.remote.client - [RpcClientFactory] create a new rpc client of 81e449d6-fc2d-4552-836f-c02a85b9231b_config-0
2025-10-27 09:43:31.224 [main] INFO  com.alibaba.nacos.common.remote.client - [81e449d6-fc2d-4552-836f-c02a85b9231b_config-0] Register server push request handler:com.alibaba.nacos.client.config.impl.ClientWorker$ConfigRpcTransportClient$$Lambda$582/0x000001958138e420
2025-10-27 09:43:31.225 [main] INFO  com.alibaba.nacos.common.remote.client - [81e449d6-fc2d-4552-836f-c02a85b9231b_config-0] Register server push request handler:com.alibaba.nacos.client.config.impl.ClientWorker$ConfigRpcTransportClient$$Lambda$583/0x000001958138e840
2025-10-27 09:43:31.226 [main] INFO  com.alibaba.nacos.common.remote.client - [81e449d6-fc2d-4552-836f-c02a85b9231b_config-0] Registry connection listener to current client:com.alibaba.nacos.client.config.impl.ClientWorker$ConfigRpcTransportClient$1
2025-10-27 09:43:31.227 [main] INFO  com.alibaba.nacos.common.remote.client - [81e449d6-fc2d-4552-836f-c02a85b9231b_config-0] RpcClient init, ServerListFactory = com.alibaba.nacos.client.config.impl.ClientWorker$ConfigRpcTransportClient$2
2025-10-27 09:43:31.241 [main] INFO  com.alibaba.nacos.common.remote.client - [81e449d6-fc2d-4552-836f-c02a85b9231b_config-0] Try to connect to server on start up, server: {serverIp = 'localhost', server main port = 8848}
2025-10-27 09:43:31.297 [main] INFO  c.a.nacos.common.remote.client.grpc.GrpcClient - grpc client connection server:localhost ip,serverPort:9848,grpcTslConfig:{"sslProvider":"OPENSSL","enableTls":false,"mutualAuthEnable":false,"trustAll":false}
2025-10-27 09:43:33.697 [main] INFO  com.alibaba.nacos.common.remote.client - [81e449d6-fc2d-4552-836f-c02a85b9231b_config-0] Success to connect to server [localhost:8848] on start up, connectionId = 1761529412625_172.17.0.1_45600
2025-10-27 09:43:33.698 [com.alibaba.nacos.client.remote.worker] INFO  com.alibaba.nacos.common.remote.client - [81e449d6-fc2d-4552-836f-c02a85b9231b_config-0] Notify connected event to listeners.
2025-10-27 09:43:33.698 [com.alibaba.nacos.client.remote.worker] INFO  com.alibaba.nacos.client.config.impl.ClientWorker - [81e449d6-fc2d-4552-836f-c02a85b9231b_config-0] Connected,notify listen context...
2025-10-27 09:43:33.699 [main] INFO  com.alibaba.nacos.common.remote.client - [81e449d6-fc2d-4552-836f-c02a85b9231b_config-0] Register server push request handler:com.alibaba.nacos.common.remote.client.RpcClient$ConnectResetRequestHandler
2025-10-27 09:43:33.700 [main] INFO  com.alibaba.nacos.common.remote.client - [81e449d6-fc2d-4552-836f-c02a85b9231b_config-0] Register server push request handler:com.alibaba.nacos.common.remote.client.RpcClient$$Lambda$603/0x00000195814d6188
2025-10-27 09:43:33.790 [main] INFO  com.alibaba.nacos.client.config.impl.Limiter - limitTime:5.0
2025-10-27 09:43:33.831 [main] WARN  c.a.cloud.nacos.client.NacosPropertySourceBuilder - Ignore the empty nacos configuration and get it based on dataId[xiaohashu-auth] & group[DEFAULT_GROUP]
2025-10-27 09:43:33.844 [main] WARN  c.a.cloud.nacos.client.NacosPropertySourceBuilder - Ignore the empty nacos configuration and get it based on dataId[xiaohashu-auth.yaml] & group[DEFAULT_GROUP]
2025-10-27 09:43:33.854 [main] WARN  c.a.cloud.nacos.client.NacosPropertySourceBuilder - Ignore the empty nacos configuration and get it based on dataId[xiaohashu-auth-dev.yaml] & group[DEFAULT_GROUP]
2025-10-27 09:43:33.856 [main] INFO  o.s.c.b.c.PropertySourceBootstrapConfiguration - Located property source: [BootstrapPropertySource {name='bootstrapProperties-xiaohashu-auth-dev.yaml,DEFAULT_GROUP'}, BootstrapPropertySource {name='bootstrapProperties-xiaohashu-auth.yaml,DEFAULT_GROUP'}, BootstrapPropertySource {name='bootstrapProperties-xiaohashu-auth,DEFAULT_GROUP'}]
2025-10-27 09:43:33.866 [main] WARN  com.alibaba.nacos.client.logging.NacosLogging - Load Logback Configuration of Nacos fail, message: Could not initialize Logback Nacos logging from classpath:nacos-logback.xml
2025-10-27 09:43:33.867 [main] INFO  c.q.xiaohashu.auth.XiaohashuAuthApplication - The following 1 profile is active: "dev"
2025-10-27 09:43:35.023 [main] INFO  o.s.d.r.config.RepositoryConfigurationDelegate - Multiple Spring Data modules found, entering strict repository configuration mode
2025-10-27 09:43:35.029 [main] INFO  o.s.d.r.config.RepositoryConfigurationDelegate - Bootstrapping Spring Data Redis repositories in DEFAULT mode.
2025-10-27 09:43:35.076 [main] INFO  o.s.d.r.config.RepositoryConfigurationDelegate - Finished Spring Data repository scanning in 18 ms. Found 0 Redis repository interfaces.
2025-10-27 09:43:35.502 [main] INFO  o.springframework.cloud.context.scope.GenericScope - BeanFactory id=9597aa3a-ab0b-3653-9f87-3b1a14972dd5
2025-10-27 09:43:35.526 [main] INFO  o.s.c.s.PostProcessorRegistrationDelegate$BeanPostProcessorChecker - Bean 'com.quanxiaoha.xiaohashu.user.api.UserFeignApi' of type [org.springframework.cloud.openfeign.FeignClientFactoryBean] is not eligible for getting processed by all BeanPostProcessors (for example: not eligible for auto-proxying)
2025-10-27 09:43:36.337 [main] INFO  o.s.boot.web.embedded.tomcat.TomcatWebServer - Tomcat initialized with port(s): 8080 (http)
2025-10-27 09:43:36.358 [main] INFO  org.apache.catalina.core.StandardService - Starting service [Tomcat]
2025-10-27 09:43:36.358 [main] INFO  org.apache.catalina.core.StandardEngine - Starting Servlet engine: [Apache Tomcat/10.1.5]
2025-10-27 09:43:36.537 [main] INFO  o.a.c.core.ContainerBase.[Tomcat].[localhost].[/] - Initializing Spring embedded WebApplicationContext
2025-10-27 09:43:36.538 [main] INFO  o.s.b.w.s.c.ServletWebServerApplicationContext - Root WebApplicationContext: initialization completed in 2646 ms
2025-10-27 09:43:37.637 [main] INFO  o.s.cloud.openfeign.FeignClientFactoryBean - For 'xiaohashu-user' URL not provided. Will try picking an instance via load-balancing.
2025-10-27 09:43:39.849 [main] WARN  o.s.c.l.c.LoadBalancerCacheAutoConfiguration$LoadBalancerCaffeineWarnLogger - Spring Cloud LoadBalancer is currently working with the default cache. While this cache implementation is useful for development and tests, it's recommended to use Caffeine cache in production.You can switch to using Caffeine cache, by adding it and org.springframework.cache.caffeine.CaffeineCacheManager to the classpath.
2025-10-27 09:43:39.937 [main] INFO  o.s.boot.web.embedded.tomcat.TomcatWebServer - Tomcat started on port(s): 8080 (http) with context path ''
2025-10-27 09:43:39.944 [main] INFO  com.alibaba.nacos.client.naming - initializer namespace from ans.namespace attribute : null
2025-10-27 09:43:39.944 [main] INFO  com.alibaba.nacos.client.naming - initializer namespace from ALIBABA_ALIWARE_NAMESPACE attribute :null
2025-10-27 09:43:39.944 [main] INFO  com.alibaba.nacos.client.naming - initializer namespace from namespace attribute :null
2025-10-27 09:43:39.961 [main] INFO  c.a.n.p.auth.spi.client.ClientAuthPluginManager - [ClientAuthPluginManager] Load ClientAuthService com.alibaba.nacos.client.auth.impl.NacosClientAuthServiceImpl success.
2025-10-27 09:43:39.961 [main] INFO  c.a.n.p.auth.spi.client.ClientAuthPluginManager - [ClientAuthPluginManager] Load ClientAuthService com.alibaba.nacos.client.auth.ram.RamClientAuthServiceImpl success.
2025-10-27 09:43:39.967 [main] INFO  com.alibaba.nacos.common.remote.client - [RpcClientFactory] create a new rpc client of 6cfebb2b-734b-477a-ada1-14c75fa83611
2025-10-27 09:43:39.971 [main] INFO  com.alibaba.nacos.common.remote.client - [6cfebb2b-734b-477a-ada1-14c75fa83611] RpcClient init, ServerListFactory = com.alibaba.nacos.client.naming.core.ServerListManager
2025-10-27 09:43:39.971 [main] INFO  com.alibaba.nacos.common.remote.client - [6cfebb2b-734b-477a-ada1-14c75fa83611] Registry connection listener to current client:com.alibaba.nacos.client.naming.remote.gprc.redo.NamingGrpcRedoService
2025-10-27 09:43:39.972 [main] INFO  com.alibaba.nacos.common.remote.client - [6cfebb2b-734b-477a-ada1-14c75fa83611] Register server push request handler:com.alibaba.nacos.client.naming.remote.gprc.NamingPushRequestHandler
2025-10-27 09:43:39.973 [main] INFO  com.alibaba.nacos.common.remote.client - [6cfebb2b-734b-477a-ada1-14c75fa83611] Try to connect to server on start up, server: {serverIp = 'localhost', server main port = 8848}
2025-10-27 09:43:39.973 [main] INFO  c.a.nacos.common.remote.client.grpc.GrpcClient - grpc client connection server:localhost ip,serverPort:9848,grpcTslConfig:{"sslProvider":"OPENSSL","enableTls":false,"mutualAuthEnable":false,"trustAll":false}
2025-10-27 09:43:40.096 [main] INFO  com.alibaba.nacos.common.remote.client - [6cfebb2b-734b-477a-ada1-14c75fa83611] Success to connect to server [localhost:8848] on start up, connectionId = 1761529419312_172.17.0.1_43816
2025-10-27 09:43:40.096 [main] INFO  com.alibaba.nacos.common.remote.client - [6cfebb2b-734b-477a-ada1-14c75fa83611] Register server push request handler:com.alibaba.nacos.common.remote.client.RpcClient$ConnectResetRequestHandler
2025-10-27 09:43:40.096 [com.alibaba.nacos.client.remote.worker] INFO  com.alibaba.nacos.common.remote.client - [6cfebb2b-734b-477a-ada1-14c75fa83611] Notify connected event to listeners.
2025-10-27 09:43:40.096 [main] INFO  com.alibaba.nacos.common.remote.client - [6cfebb2b-734b-477a-ada1-14c75fa83611] Register server push request handler:com.alibaba.nacos.common.remote.client.RpcClient$$Lambda$603/0x00000195814d6188
2025-10-27 09:43:40.096 [com.alibaba.nacos.client.remote.worker] INFO  com.alibaba.nacos.client.naming - Grpc connection connect
2025-10-27 09:43:40.098 [main] INFO  com.alibaba.nacos.client.naming - [REGISTER-SERVICE] xiaohashu registering service xiaohashu-auth with instance Instance{instanceId='null', ip='192.168.146.1', port=8080, weight=1.0, healthy=true, enabled=true, ephemeral=true, clusterName='DEFAULT', serviceName='null', metadata={IPv6=[2409:8760:1e81:10:0:0:3:6cb7], preserved.register.source=SPRING_CLOUD}}
2025-10-27 09:43:40.125 [main] INFO  c.a.cloud.nacos.registry.NacosServiceRegistry - nacos registry, DEFAULT_GROUP xiaohashu-auth 192.168.146.1:8080 register finished
2025-10-27 09:43:40.753 [main] INFO  c.q.xiaohashu.auth.XiaohashuAuthApplication - Started XiaohashuAuthApplication in 13.317 seconds (process running for 14.913)
2025-10-27 09:43:40.757 [main] INFO  com.alibaba.nacos.client.config.impl.CacheData - nacos.cache.data.init.snapshot = true 
2025-10-27 09:43:40.758 [main] INFO  com.alibaba.nacos.client.config.impl.ClientWorker - [fixed-xiaohashu-localhost_8848] [subscribe] xiaohashu-auth.yaml+DEFAULT_GROUP+xiaohashu
2025-10-27 09:43:40.774 [main] INFO  com.alibaba.nacos.client.config.impl.CacheData - [fixed-xiaohashu-localhost_8848] [add-listener] ok, tenant=xiaohashu, dataId=xiaohashu-auth.yaml, group=DEFAULT_GROUP, cnt=1
2025-10-27 09:43:40.774 [main] INFO  c.a.cloud.nacos.refresh.NacosContextRefresher - [Nacos Config] Listening config: dataId=xiaohashu-auth.yaml, group=DEFAULT_GROUP
2025-10-27 09:43:40.774 [main] INFO  com.alibaba.nacos.client.config.impl.ClientWorker - [fixed-xiaohashu-localhost_8848] [subscribe] xiaohashu-auth-dev.yaml+DEFAULT_GROUP+xiaohashu
2025-10-27 09:43:40.774 [main] INFO  com.alibaba.nacos.client.config.impl.CacheData - [fixed-xiaohashu-localhost_8848] [add-listener] ok, tenant=xiaohashu, dataId=xiaohashu-auth-dev.yaml, group=DEFAULT_GROUP, cnt=1
2025-10-27 09:43:40.774 [main] INFO  c.a.cloud.nacos.refresh.NacosContextRefresher - [Nacos Config] Listening config: dataId=xiaohashu-auth-dev.yaml, group=DEFAULT_GROUP
2025-10-27 09:43:40.775 [main] INFO  com.alibaba.nacos.client.config.impl.ClientWorker - [fixed-xiaohashu-localhost_8848] [subscribe] xiaohashu-auth+DEFAULT_GROUP+xiaohashu
2025-10-27 09:43:40.775 [main] INFO  com.alibaba.nacos.client.config.impl.CacheData - [fixed-xiaohashu-localhost_8848] [add-listener] ok, tenant=xiaohashu, dataId=xiaohashu-auth, group=DEFAULT_GROUP, cnt=1
2025-10-27 09:43:40.775 [main] INFO  c.a.cloud.nacos.refresh.NacosContextRefresher - [Nacos Config] Listening config: dataId=xiaohashu-auth, group=DEFAULT_GROUP
2025-10-27 14:26:18.694 [Thread-9] WARN  com.alibaba.nacos.common.notify.NotifyCenter - [NotifyCenter] Start destroying Publisher
2025-10-27 14:26:18.694 [Thread-2] WARN  c.alibaba.nacos.common.http.HttpClientBeanHolder - [HttpClientBeanHolder] Start destroying common HttpClient
2025-10-27 14:26:18.697 [Thread-9] WARN  com.alibaba.nacos.common.notify.NotifyCenter - [NotifyCenter] Destruction of the end
2025-10-27 14:26:18.702 [Thread-2] WARN  c.alibaba.nacos.common.http.HttpClientBeanHolder - [HttpClientBeanHolder] Destruction of the end
