2025-03-04 10:23:14.539 [Thread-2] WARN  c.alibaba.nacos.common.http.HttpClientBeanHolder - [HttpClientBeanHolder] Start destroying common HttpClient
2025-03-04 10:23:14.539 [Thread-9] WARN  com.alibaba.nacos.common.notify.NotifyCenter - [NotifyCenter] Start destroying Publisher
2025-03-04 10:23:14.542 [Thread-9] WARN  com.alibaba.nacos.common.notify.NotifyCenter - [NotifyCenter] Destruction of the end
2025-03-04 10:23:14.545 [Thread-2] WARN  c.alibaba.nacos.common.http.HttpClientBeanHolder - [HttpClientBeanHolder] Destruction of the end
2025-03-04 10:23:14.623 [SpringApplicationShutdownHook] INFO  c.a.cloud.nacos.registry.NacosServiceRegistry - De-registering from Nacos Server now...
2025-03-04 10:23:14.623 [SpringApplicationShutdownHook] INFO  com.alibaba.nacos.client.naming - [DEREGISTER-SERVICE] xiaohashu deregistering service xiaohashu-auth with instance: Instance{instanceId='null', ip='192.168.1.3', port=8080, weight=1.0, healthy=true, enabled=true, ephemeral=true, clusterName='DEFAULT', serviceName='null', metadata={}}
2025-03-04 10:23:14.648 [SpringApplicationShutdownHook] INFO  c.a.cloud.nacos.registry.NacosServiceRegistry - De-registration finished.
2025-03-04 10:23:14.649 [SpringApplicationShutdownHook] INFO  com.alibaba.nacos.client.naming - com.alibaba.nacos.client.naming.cache.ServiceInfoHolder do shutdown begin
2025-03-04 10:23:14.649 [SpringApplicationShutdownHook] INFO  com.alibaba.nacos.client.naming - com.alibaba.nacos.client.naming.backups.FailoverReactor do shutdown begin
2025-03-04 10:23:14.649 [SpringApplicationShutdownHook] INFO  com.alibaba.nacos.client.naming - com.alibaba.nacos.client.naming.backups.FailoverReactor do shutdown stop
2025-03-04 10:23:14.649 [SpringApplicationShutdownHook] INFO  com.alibaba.nacos.client.naming - com.alibaba.nacos.client.naming.cache.ServiceInfoHolder do shutdown stop
2025-03-04 10:23:14.649 [SpringApplicationShutdownHook] INFO  com.alibaba.nacos.client.naming - com.alibaba.nacos.client.naming.remote.NamingClientProxyDelegate do shutdown begin
2025-03-04 10:23:14.649 [SpringApplicationShutdownHook] INFO  com.alibaba.nacos.client.naming - com.alibaba.nacos.client.naming.core.ServiceInfoUpdateService do shutdown begin
2025-03-04 10:23:14.649 [SpringApplicationShutdownHook] INFO  com.alibaba.nacos.client.naming - com.alibaba.nacos.client.naming.core.ServiceInfoUpdateService do shutdown stop
2025-03-04 10:23:14.649 [SpringApplicationShutdownHook] INFO  com.alibaba.nacos.client.naming - com.alibaba.nacos.client.naming.core.ServerListManager do shutdown begin
2025-03-04 10:23:14.649 [SpringApplicationShutdownHook] WARN  com.alibaba.nacos.client.naming - [NamingHttpClientManager] Start destroying NacosRestTemplate
2025-03-04 10:23:14.649 [SpringApplicationShutdownHook] WARN  com.alibaba.nacos.client.naming - [NamingHttpClientManager] Destruction of the end
2025-03-04 10:23:14.649 [SpringApplicationShutdownHook] INFO  com.alibaba.nacos.client.naming - com.alibaba.nacos.client.naming.core.ServerListManager do shutdown stop
2025-03-04 10:23:14.649 [SpringApplicationShutdownHook] INFO  com.alibaba.nacos.client.naming - com.alibaba.nacos.client.naming.remote.http.NamingHttpClientProxy do shutdown begin
2025-03-04 10:23:14.649 [SpringApplicationShutdownHook] WARN  com.alibaba.nacos.client.naming - [NamingHttpClientManager] Start destroying NacosRestTemplate
2025-03-04 10:23:14.649 [SpringApplicationShutdownHook] WARN  com.alibaba.nacos.client.naming - [NamingHttpClientManager] Destruction of the end
2025-03-04 10:23:14.649 [SpringApplicationShutdownHook] INFO  com.alibaba.nacos.client.naming - com.alibaba.nacos.client.naming.remote.http.NamingHttpClientProxy do shutdown stop
2025-03-04 10:23:14.649 [SpringApplicationShutdownHook] INFO  com.alibaba.nacos.common.remote.client - Shutdown rpc client, set status to shutdown
2025-03-04 10:23:14.649 [SpringApplicationShutdownHook] INFO  com.alibaba.nacos.common.remote.client - Shutdown client event executor java.util.concurrent.ScheduledThreadPoolExecutor@29477181[Running, pool size = 2, active threads = 2, queued tasks = 0, completed tasks = 0]
2025-03-04 10:23:14.649 [SpringApplicationShutdownHook] INFO  com.alibaba.nacos.common.remote.client - Close current connection 1740988332566_172.17.0.1_56474
2025-03-04 10:23:14.651 [nacos-grpc-client-executor-127.0.0.1-5785] INFO  c.a.nacos.common.remote.client.grpc.GrpcClient - [1740988332566_172.17.0.1_56474]Ignore complete event,isRunning:false,isAbandon=false
2025-03-04 10:23:14.659 [SpringApplicationShutdownHook] INFO  c.a.nacos.common.remote.client.grpc.GrpcClient - Shutdown grpc executor java.util.concurrent.ThreadPoolExecutor@2e45b7d6[Running, pool size = 4, active threads = 0, queued tasks = 0, completed tasks = 5786]
2025-03-04 10:23:14.659 [SpringApplicationShutdownHook] INFO  com.alibaba.nacos.client.naming - Shutdown grpc redo service executor java.util.concurrent.ScheduledThreadPoolExecutor@784603a3[Running, pool size = 1, active threads = 0, queued tasks = 1, completed tasks = 9609]
2025-03-04 10:23:14.660 [SpringApplicationShutdownHook] INFO  c.a.n.client.auth.ram.identify.CredentialWatcher - [null] CredentialWatcher is stopped
2025-03-04 10:23:14.660 [SpringApplicationShutdownHook] INFO  c.a.n.client.auth.ram.identify.CredentialService - [null] CredentialService is freed
2025-03-04 10:23:14.660 [SpringApplicationShutdownHook] INFO  com.alibaba.nacos.client.naming - com.alibaba.nacos.client.naming.remote.NamingClientProxyDelegate do shutdown stop
2025-03-04 10:24:06.812 [main] WARN  com.alibaba.nacos.client.logging.NacosLogging - Load Logback Configuration of Nacos fail, message: Could not initialize Logback Nacos logging from classpath:nacos-logback.xml
2025-03-04 10:24:06.862 [main] WARN  com.alibaba.nacos.client.logging.NacosLogging - Load Logback Configuration of Nacos fail, message: Could not initialize Logback Nacos logging from classpath:nacos-logback.xml
2025-03-04 10:24:07.022 [main] WARN  com.alibaba.nacos.client.logging.NacosLogging - Load Logback Configuration of Nacos fail, message: Could not initialize Logback Nacos logging from classpath:nacos-logback.xml
2025-03-04 10:24:07.025 [main] INFO  com.alibaba.nacos.client.utils.ParamUtil - [settings] [req-serv] nacos-server port:8848
2025-03-04 10:24:07.025 [main] INFO  com.alibaba.nacos.client.utils.ParamUtil - [settings] [http-client] connect timeout:1000
2025-03-04 10:24:07.025 [main] INFO  com.alibaba.nacos.client.utils.ParamUtil - PER_TASK_CONFIG_SIZE: 3000.0
2025-03-04 10:24:07.056 [main] INFO  c.a.n.p.auth.spi.client.ClientAuthPluginManager - [ClientAuthPluginManager] Load ClientAuthService com.alibaba.nacos.client.auth.impl.NacosClientAuthServiceImpl success.
2025-03-04 10:24:07.056 [main] INFO  c.a.n.p.auth.spi.client.ClientAuthPluginManager - [ClientAuthPluginManager] Load ClientAuthService com.alibaba.nacos.client.auth.ram.RamClientAuthServiceImpl success.
2025-03-04 10:24:07.058 [main] INFO  c.a.n.client.auth.ram.identify.CredentialWatcher - null No credential found
2025-03-04 10:24:07.235 [main] WARN  com.alibaba.nacos.client.logging.NacosLogging - Load Logback Configuration of Nacos fail, message: Could not initialize Logback Nacos logging from classpath:nacos-logback.xml
2025-03-04 10:24:07.246 [main] INFO  c.a.n.client.config.impl.LocalConfigInfoProcessor - LOCAL_SNAPSHOT_PATH:C:\Users\Administrator\nacos\config
2025-03-04 10:24:07.249 [main] INFO  com.alibaba.nacos.common.remote.client - [RpcClientFactory] create a new rpc client of b378abf6-35e2-4513-8d3c-319f1d355160_config-0
2025-03-04 10:24:07.266 [main] INFO  com.alibaba.nacos.common.remote.client - [b378abf6-35e2-4513-8d3c-319f1d355160_config-0] Register server push request handler:com.alibaba.nacos.client.config.impl.ClientWorker$ConfigRpcTransportClient$$Lambda$587/0x000002253e38df58
2025-03-04 10:24:07.266 [main] INFO  com.alibaba.nacos.common.remote.client - [b378abf6-35e2-4513-8d3c-319f1d355160_config-0] Register server push request handler:com.alibaba.nacos.client.config.impl.ClientWorker$ConfigRpcTransportClient$$Lambda$588/0x000002253e38e378
2025-03-04 10:24:07.266 [main] INFO  com.alibaba.nacos.common.remote.client - [b378abf6-35e2-4513-8d3c-319f1d355160_config-0] Registry connection listener to current client:com.alibaba.nacos.client.config.impl.ClientWorker$ConfigRpcTransportClient$1
2025-03-04 10:24:07.266 [main] INFO  com.alibaba.nacos.common.remote.client - [b378abf6-35e2-4513-8d3c-319f1d355160_config-0] RpcClient init, ServerListFactory = com.alibaba.nacos.client.config.impl.ClientWorker$ConfigRpcTransportClient$2
2025-03-04 10:24:07.271 [main] INFO  com.alibaba.nacos.common.remote.client - [b378abf6-35e2-4513-8d3c-319f1d355160_config-0] Try to connect to server on start up, server: {serverIp = '127.0.0.1', server main port = 8848}
2025-03-04 10:24:07.291 [main] INFO  c.a.nacos.common.remote.client.grpc.GrpcClient - grpc client connection server:127.0.0.1 ip,serverPort:9848,grpcTslConfig:{"sslProvider":"OPENSSL","enableTls":false,"mutualAuthEnable":false,"trustAll":false}
2025-03-04 10:24:08.127 [main] INFO  com.alibaba.nacos.common.remote.client - [b378abf6-35e2-4513-8d3c-319f1d355160_config-0] Success to connect to server [127.0.0.1:8848] on start up, connectionId = 1741055047957_172.17.0.1_34734
2025-03-04 10:24:08.127 [com.alibaba.nacos.client.remote.worker] INFO  com.alibaba.nacos.common.remote.client - [b378abf6-35e2-4513-8d3c-319f1d355160_config-0] Notify connected event to listeners.
2025-03-04 10:24:08.127 [com.alibaba.nacos.client.remote.worker] INFO  com.alibaba.nacos.client.config.impl.ClientWorker - [b378abf6-35e2-4513-8d3c-319f1d355160_config-0] Connected,notify listen context...
2025-03-04 10:24:08.128 [main] INFO  com.alibaba.nacos.common.remote.client - [b378abf6-35e2-4513-8d3c-319f1d355160_config-0] Register server push request handler:com.alibaba.nacos.common.remote.client.RpcClient$ConnectResetRequestHandler
2025-03-04 10:24:08.128 [main] INFO  com.alibaba.nacos.common.remote.client - [b378abf6-35e2-4513-8d3c-319f1d355160_config-0] Register server push request handler:com.alibaba.nacos.common.remote.client.RpcClient$$Lambda$608/0x000002253e4d98d8
2025-03-04 10:24:08.176 [main] INFO  com.alibaba.nacos.client.config.impl.Limiter - limitTime:5.0
2025-03-04 10:24:08.199 [main] INFO  com.alibaba.nacos.client.config.utils.JvmUtil - isMultiInstance:false
2025-03-04 10:24:08.212 [main] WARN  c.a.cloud.nacos.client.NacosPropertySourceBuilder - Ignore the empty nacos configuration and get it based on dataId[xiaohashu-auth.yaml] & group[DEFAULT_GROUP]
2025-03-04 10:24:08.222 [main] INFO  o.s.c.b.c.PropertySourceBootstrapConfiguration - Located property source: [BootstrapPropertySource {name='bootstrapProperties-xiaohashu-auth-dev.yaml,DEFAULT_GROUP'}, BootstrapPropertySource {name='bootstrapProperties-xiaohashu-auth.yaml,DEFAULT_GROUP'}, BootstrapPropertySource {name='bootstrapProperties-xiaohashu-auth,DEFAULT_GROUP'}]
2025-03-04 10:24:08.225 [main] WARN  com.alibaba.nacos.client.logging.NacosLogging - Load Logback Configuration of Nacos fail, message: Could not initialize Logback Nacos logging from classpath:nacos-logback.xml
2025-03-04 10:24:08.226 [main] INFO  c.q.xiaohashu.auth.XiaohashuAuthApplication - The following 1 profile is active: "dev"
2025-03-04 10:24:08.717 [main] INFO  o.s.d.r.config.RepositoryConfigurationDelegate - Multiple Spring Data modules found, entering strict repository configuration mode
2025-03-04 10:24:08.719 [main] INFO  o.s.d.r.config.RepositoryConfigurationDelegate - Bootstrapping Spring Data Redis repositories in DEFAULT mode.
2025-03-04 10:24:08.733 [main] INFO  o.s.d.r.config.RepositoryConfigurationDelegate - Finished Spring Data repository scanning in 5 ms. Found 0 Redis repository interfaces.
2025-03-04 10:24:08.882 [main] INFO  o.springframework.cloud.context.scope.GenericScope - BeanFactory id=9597aa3a-ab0b-3653-9f87-3b1a14972dd5
2025-03-04 10:24:08.890 [main] INFO  o.s.c.s.PostProcessorRegistrationDelegate$BeanPostProcessorChecker - Bean 'com.quanxiaoha.xiaohashu.user.api.UserFeignApi' of type [org.springframework.cloud.openfeign.FeignClientFactoryBean] is not eligible for getting processed by all BeanPostProcessors (for example: not eligible for auto-proxying)
2025-03-04 10:24:09.148 [main] INFO  o.s.boot.web.embedded.tomcat.TomcatWebServer - Tomcat initialized with port(s): 8080 (http)
2025-03-04 10:24:09.155 [main] INFO  org.apache.catalina.core.StandardService - Starting service [Tomcat]
2025-03-04 10:24:09.155 [main] INFO  org.apache.catalina.core.StandardEngine - Starting Servlet engine: [Apache Tomcat/10.1.5]
2025-03-04 10:24:09.216 [main] INFO  o.a.c.core.ContainerBase.[Tomcat].[localhost].[/] - Initializing Spring embedded WebApplicationContext
2025-03-04 10:24:09.216 [main] INFO  o.s.b.w.s.c.ServletWebServerApplicationContext - Root WebApplicationContext: initialization completed in 983 ms
2025-03-04 10:24:09.524 [main] INFO  o.s.cloud.openfeign.FeignClientFactoryBean - For 'xiaohashu-user' URL not provided. Will try picking an instance via load-balancing.
2025-03-04 10:24:10.125 [main] WARN  o.s.c.l.c.LoadBalancerCacheAutoConfiguration$LoadBalancerCaffeineWarnLogger - Spring Cloud LoadBalancer is currently working with the default cache. While this cache implementation is useful for development and tests, it's recommended to use Caffeine cache in production.You can switch to using Caffeine cache, by adding it and org.springframework.cache.caffeine.CaffeineCacheManager to the classpath.
2025-03-04 10:24:10.158 [main] INFO  o.s.boot.web.embedded.tomcat.TomcatWebServer - Tomcat started on port(s): 8080 (http) with context path ''
2025-03-04 10:24:10.160 [main] INFO  com.alibaba.nacos.client.naming - initializer namespace from ans.namespace attribute : null
2025-03-04 10:24:10.160 [main] INFO  com.alibaba.nacos.client.naming - initializer namespace from ALIBABA_ALIWARE_NAMESPACE attribute :null
2025-03-04 10:24:10.160 [main] INFO  com.alibaba.nacos.client.naming - initializer namespace from namespace attribute :null
2025-03-04 10:24:10.165 [main] INFO  c.a.n.p.auth.spi.client.ClientAuthPluginManager - [ClientAuthPluginManager] Load ClientAuthService com.alibaba.nacos.client.auth.impl.NacosClientAuthServiceImpl success.
2025-03-04 10:24:10.165 [main] INFO  c.a.n.p.auth.spi.client.ClientAuthPluginManager - [ClientAuthPluginManager] Load ClientAuthService com.alibaba.nacos.client.auth.ram.RamClientAuthServiceImpl success.
2025-03-04 10:24:10.167 [main] INFO  com.alibaba.nacos.common.remote.client - [RpcClientFactory] create a new rpc client of a1ba89c5-ee40-44ac-a488-5b0d263d63bc
2025-03-04 10:24:10.168 [main] INFO  com.alibaba.nacos.common.remote.client - [a1ba89c5-ee40-44ac-a488-5b0d263d63bc] RpcClient init, ServerListFactory = com.alibaba.nacos.client.naming.core.ServerListManager
2025-03-04 10:24:10.168 [main] INFO  com.alibaba.nacos.common.remote.client - [a1ba89c5-ee40-44ac-a488-5b0d263d63bc] Registry connection listener to current client:com.alibaba.nacos.client.naming.remote.gprc.redo.NamingGrpcRedoService
2025-03-04 10:24:10.168 [main] INFO  com.alibaba.nacos.common.remote.client - [a1ba89c5-ee40-44ac-a488-5b0d263d63bc] Register server push request handler:com.alibaba.nacos.client.naming.remote.gprc.NamingPushRequestHandler
2025-03-04 10:24:10.168 [main] INFO  com.alibaba.nacos.common.remote.client - [a1ba89c5-ee40-44ac-a488-5b0d263d63bc] Try to connect to server on start up, server: {serverIp = '127.0.0.1', server main port = 8848}
2025-03-04 10:24:10.168 [main] INFO  c.a.nacos.common.remote.client.grpc.GrpcClient - grpc client connection server:127.0.0.1 ip,serverPort:9848,grpcTslConfig:{"sslProvider":"OPENSSL","enableTls":false,"mutualAuthEnable":false,"trustAll":false}
2025-03-04 10:24:10.283 [main] INFO  com.alibaba.nacos.common.remote.client - [a1ba89c5-ee40-44ac-a488-5b0d263d63bc] Success to connect to server [127.0.0.1:8848] on start up, connectionId = 1741055050173_172.17.0.1_34754
2025-03-04 10:24:10.284 [main] INFO  com.alibaba.nacos.common.remote.client - [a1ba89c5-ee40-44ac-a488-5b0d263d63bc] Register server push request handler:com.alibaba.nacos.common.remote.client.RpcClient$ConnectResetRequestHandler
2025-03-04 10:24:10.284 [com.alibaba.nacos.client.remote.worker] INFO  com.alibaba.nacos.common.remote.client - [a1ba89c5-ee40-44ac-a488-5b0d263d63bc] Notify connected event to listeners.
2025-03-04 10:24:10.284 [main] INFO  com.alibaba.nacos.common.remote.client - [a1ba89c5-ee40-44ac-a488-5b0d263d63bc] Register server push request handler:com.alibaba.nacos.common.remote.client.RpcClient$$Lambda$608/0x000002253e4d98d8
2025-03-04 10:24:10.284 [com.alibaba.nacos.client.remote.worker] INFO  com.alibaba.nacos.client.naming - Grpc connection connect
2025-03-04 10:24:10.284 [main] INFO  com.alibaba.nacos.client.naming - [REGISTER-SERVICE] xiaohashu registering service xiaohashu-auth with instance Instance{instanceId='null', ip='192.168.1.3', port=8080, weight=1.0, healthy=true, enabled=true, ephemeral=true, clusterName='DEFAULT', serviceName='null', metadata={IPv6=[240e:b67:57b:ab00:fbf2:c156:c48c:ed8b], preserved.register.source=SPRING_CLOUD}}
2025-03-04 10:24:10.294 [main] INFO  c.a.cloud.nacos.registry.NacosServiceRegistry - nacos registry, DEFAULT_GROUP xiaohashu-auth 192.168.1.3:8080 register finished
2025-03-04 10:24:10.421 [main] INFO  c.q.xiaohashu.auth.XiaohashuAuthApplication - Started XiaohashuAuthApplication in 4.014 seconds (process running for 4.332)
2025-03-04 10:24:10.423 [main] INFO  com.alibaba.nacos.client.config.impl.CacheData - nacos.cache.data.init.snapshot = true 
2025-03-04 10:24:10.424 [main] INFO  com.alibaba.nacos.client.config.impl.ClientWorker - [fixed-xiaohashu-127.0.0.1_8848] [subscribe] xiaohashu-auth.yaml+DEFAULT_GROUP+xiaohashu
2025-03-04 10:24:10.430 [main] INFO  com.alibaba.nacos.client.config.impl.CacheData - [fixed-xiaohashu-127.0.0.1_8848] [add-listener] ok, tenant=xiaohashu, dataId=xiaohashu-auth.yaml, group=DEFAULT_GROUP, cnt=1
2025-03-04 10:24:10.430 [main] INFO  c.a.cloud.nacos.refresh.NacosContextRefresher - [Nacos Config] Listening config: dataId=xiaohashu-auth.yaml, group=DEFAULT_GROUP
2025-03-04 10:24:10.431 [main] INFO  com.alibaba.nacos.client.config.impl.ClientWorker - [fixed-xiaohashu-127.0.0.1_8848] [subscribe] xiaohashu-auth-dev.yaml+DEFAULT_GROUP+xiaohashu
2025-03-04 10:24:10.431 [main] INFO  com.alibaba.nacos.client.config.impl.CacheData - [fixed-xiaohashu-127.0.0.1_8848] [add-listener] ok, tenant=xiaohashu, dataId=xiaohashu-auth-dev.yaml, group=DEFAULT_GROUP, cnt=1
2025-03-04 10:24:10.431 [main] INFO  c.a.cloud.nacos.refresh.NacosContextRefresher - [Nacos Config] Listening config: dataId=xiaohashu-auth-dev.yaml, group=DEFAULT_GROUP
2025-03-04 10:24:10.431 [main] INFO  com.alibaba.nacos.client.config.impl.ClientWorker - [fixed-xiaohashu-127.0.0.1_8848] [subscribe] xiaohashu-auth+DEFAULT_GROUP+xiaohashu
2025-03-04 10:24:10.431 [main] INFO  com.alibaba.nacos.client.config.impl.CacheData - [fixed-xiaohashu-127.0.0.1_8848] [add-listener] ok, tenant=xiaohashu, dataId=xiaohashu-auth, group=DEFAULT_GROUP, cnt=1
2025-03-04 10:24:10.431 [main] INFO  c.a.cloud.nacos.refresh.NacosContextRefresher - [Nacos Config] Listening config: dataId=xiaohashu-auth, group=DEFAULT_GROUP
2025-03-04 10:25:32.786 [http-nio-8080-exec-1] INFO  o.a.c.core.ContainerBase.[Tomcat].[localhost].[/] - Initializing Spring DispatcherServlet 'dispatcherServlet'
2025-03-04 10:25:32.786 [http-nio-8080-exec-1] INFO  org.springframework.web.servlet.DispatcherServlet - Initializing Servlet 'dispatcherServlet'
2025-03-04 10:25:32.787 [http-nio-8080-exec-1] INFO  org.springframework.web.servlet.DispatcherServlet - Completed initialization in 1 ms
