2025-02-25 12:25:42.493 [http-nio-8080-exec-8] INFO  c.q.f.b.operationlog.aspect.ApiOperationLogAspect - ====== 请求开始: [发送短信验证码], 入参: {"phone":"18019939108"}, 请求类: VerificationCodeController, 请求方法: send =================================== 
2025-02-25 12:25:42.503 [http-nio-8080-exec-8] INFO  c.q.x.a.service.impl.VerificationCodeServiceImpl - ==> 手机号: 18019939108, 已生成验证码：【552354】
2025-02-25 12:25:42.506 [http-nio-8080-exec-8] INFO  c.q.f.b.operationlog.aspect.ApiOperationLogAspect - ====== 请求结束: [发送短信验证码], 耗时: 15ms, 出参: {"success":true,"message":null,"errorCode":null,"data":null} =================================== 
2025-02-25 12:25:57.861 [http-nio-8080-exec-7] INFO  c.q.f.b.operationlog.aspect.ApiOperationLogAspect - ====== 请求开始: [用户登录/注册], 入参: {"phone":"18019939108","code":"552354","password":null,"type":1}, 请求类: AuthController, 请求方法: loginAndRegister =================================== 
2025-02-25 12:25:57.975 [http-nio-8080-exec-7] INFO  c.q.f.b.operationlog.aspect.ApiOperationLogAspect - ====== 请求结束: [用户登录/注册], 耗时: 115ms, 出参: {"success":true,"message":null,"errorCode":null,"data":"tlpybMunki3yPK06jrJmKqIWpQWz53BSX1oizZmCWalw743V4rOMfyeOhwyEAYU8iWyy2EE2Bv7Vhu5g5itRXdYkdCXLU1yab74Xq90FkZhTnczgqqaNEPgAnfpJ3ohH"} =================================== 
2025-02-25 12:34:35.066 [http-nio-8080-exec-10] INFO  c.q.f.b.operationlog.aspect.ApiOperationLogAspect - ====== 请求开始: [发送短信验证码], 入参: {"phone":"18019939108"}, 请求类: VerificationCodeController, 请求方法: send =================================== 
2025-02-25 12:34:35.067 [http-nio-8080-exec-10] INFO  c.q.x.a.service.impl.VerificationCodeServiceImpl - ==> 手机号: 18019939108, 已生成验证码：【765698】
2025-02-25 12:34:35.069 [http-nio-8080-exec-10] INFO  c.q.f.b.operationlog.aspect.ApiOperationLogAspect - ====== 请求结束: [发送短信验证码], 耗时: 3ms, 出参: {"success":true,"message":null,"errorCode":null,"data":null} =================================== 
2025-02-25 12:34:51.922 [http-nio-8080-exec-1] INFO  c.q.f.b.operationlog.aspect.ApiOperationLogAspect - ====== 请求开始: [用户登录/注册], 入参: {"phone":"18019939108","code":"765698","password":null,"type":1}, 请求类: AuthController, 请求方法: loginAndRegister =================================== 
2025-02-25 12:34:51.946 [http-nio-8080-exec-1] INFO  c.q.f.b.operationlog.aspect.ApiOperationLogAspect - ====== 请求结束: [用户登录/注册], 耗时: 24ms, 出参: {"success":true,"message":null,"errorCode":null,"data":"tlpybMunki3yPK06jrJmKqIWpQWz53BSX1oizZmCWalw743V4rOMfyeOhwyEAYU8iWyy2EE2Bv7Vhu5g5itRXdYkdCXLU1yab74Xq90FkZhTnczgqqaNEPgAnfpJ3ohH"} =================================== 
2025-02-25 12:35:10.756 [http-nio-8080-exec-2] INFO  c.q.f.b.context.filter.HeaderUserId2ContextFilter - ===== 设置 userId 到 ThreadLocal 中， 用户 ID: 2100
2025-02-25 12:35:10.758 [http-nio-8080-exec-2] INFO  c.q.f.b.operationlog.aspect.ApiOperationLogAspect - ====== 请求开始: [账号登出], 入参: , 请求类: AuthController, 请求方法: logout =================================== 
2025-02-25 12:35:10.769 [http-nio-8080-exec-2] INFO  c.q.f.b.operationlog.aspect.ApiOperationLogAspect - ====== 请求结束: [账号登出], 耗时: 11ms, 出参: {"success":true,"message":null,"errorCode":null,"data":null} =================================== 
2025-02-25 12:35:10.770 [http-nio-8080-exec-2] INFO  c.q.f.b.context.filter.HeaderUserId2ContextFilter - ===== 删除 ThreadLocal， userId: 2100
2025-02-25 12:35:27.531 [http-nio-8080-exec-3] INFO  c.q.f.b.operationlog.aspect.ApiOperationLogAspect - ====== 请求开始: [发送短信验证码], 入参: {"phone":"18019939108"}, 请求类: VerificationCodeController, 请求方法: send =================================== 
2025-02-25 12:35:27.533 [http-nio-8080-exec-3] WARN  c.q.x.auth.exception.GlobalExceptionHandler - /verification/code/send request fail, errorCode: AUTH-20000, errorMessage: 请求太频繁，请3分钟后再试
2025-02-25 12:36:20.375 [http-nio-8080-exec-4] INFO  c.q.f.b.operationlog.aspect.ApiOperationLogAspect - ====== 请求开始: [发送短信验证码], 入参: {"phone":"18019939108"}, 请求类: VerificationCodeController, 请求方法: send =================================== 
2025-02-25 12:36:20.376 [http-nio-8080-exec-4] WARN  c.q.x.auth.exception.GlobalExceptionHandler - /verification/code/send request fail, errorCode: AUTH-20000, errorMessage: 请求太频繁，请3分钟后再试
2025-02-25 12:36:31.001 [http-nio-8080-exec-5] INFO  c.q.f.b.operationlog.aspect.ApiOperationLogAspect - ====== 请求开始: [发送短信验证码], 入参: {"phone":"18019939108"}, 请求类: VerificationCodeController, 请求方法: send =================================== 
2025-02-25 12:36:31.002 [http-nio-8080-exec-5] WARN  c.q.x.auth.exception.GlobalExceptionHandler - /verification/code/send request fail, errorCode: AUTH-20000, errorMessage: 请求太频繁，请3分钟后再试
2025-02-25 12:36:51.624 [http-nio-8080-exec-6] INFO  c.q.f.b.operationlog.aspect.ApiOperationLogAspect - ====== 请求开始: [发送短信验证码], 入参: {"phone":"18019939108"}, 请求类: VerificationCodeController, 请求方法: send =================================== 
2025-02-25 12:36:51.625 [http-nio-8080-exec-6] WARN  c.q.x.auth.exception.GlobalExceptionHandler - /verification/code/send request fail, errorCode: AUTH-20000, errorMessage: 请求太频繁，请3分钟后再试
2025-02-25 12:37:04.830 [http-nio-8080-exec-8] INFO  c.q.f.b.operationlog.aspect.ApiOperationLogAspect - ====== 请求开始: [用户登录/注册], 入参: {"phone":"18019939108","code":"765698","password":null,"type":1}, 请求类: AuthController, 请求方法: loginAndRegister =================================== 
2025-02-25 12:37:04.855 [http-nio-8080-exec-8] INFO  c.q.f.b.operationlog.aspect.ApiOperationLogAspect - ====== 请求结束: [用户登录/注册], 耗时: 26ms, 出参: {"success":true,"message":null,"errorCode":null,"data":"f9lUiSY53hQ5m5stpsFfpyk444TAF4pH3AcU2SoYgit2MrHmAcwDH6Eipi3fgfXSUwV967vOl4gITqsqycxCCc9C1Qj6DHIBXJVKFsWxcBHdGYOFv9myfLo6PaVYGQc0"} =================================== 
2025-02-25 12:37:13.149 [http-nio-8080-exec-7] INFO  c.q.f.b.context.filter.HeaderUserId2ContextFilter - ===== 设置 userId 到 ThreadLocal 中， 用户 ID: 2100
2025-02-25 12:37:13.149 [http-nio-8080-exec-7] INFO  c.q.f.b.operationlog.aspect.ApiOperationLogAspect - ====== 请求开始: [账号登出], 入参: , 请求类: AuthController, 请求方法: logout =================================== 
2025-02-25 12:37:13.157 [http-nio-8080-exec-7] INFO  c.q.f.b.operationlog.aspect.ApiOperationLogAspect - ====== 请求结束: [账号登出], 耗时: 7ms, 出参: {"success":true,"message":null,"errorCode":null,"data":null} =================================== 
2025-02-25 12:37:13.157 [http-nio-8080-exec-7] INFO  c.q.f.b.context.filter.HeaderUserId2ContextFilter - ===== 删除 ThreadLocal， userId: 2100
2025-02-25 12:37:36.868 [http-nio-8080-exec-9] INFO  c.q.f.b.operationlog.aspect.ApiOperationLogAspect - ====== 请求开始: [发送短信验证码], 入参: {"phone":"18019939108"}, 请求类: VerificationCodeController, 请求方法: send =================================== 
2025-02-25 12:37:36.870 [http-nio-8080-exec-9] INFO  c.q.x.a.service.impl.VerificationCodeServiceImpl - ==> 手机号: 18019939108, 已生成验证码：【010203】
2025-02-25 12:37:36.871 [http-nio-8080-exec-9] INFO  c.q.f.b.operationlog.aspect.ApiOperationLogAspect - ====== 请求结束: [发送短信验证码], 耗时: 3ms, 出参: {"success":true,"message":null,"errorCode":null,"data":null} =================================== 
2025-02-25 12:37:44.217 [http-nio-8080-exec-10] INFO  c.q.f.b.operationlog.aspect.ApiOperationLogAspect - ====== 请求开始: [用户登录/注册], 入参: {"phone":"18019939108","code":"010203","password":null,"type":1}, 请求类: AuthController, 请求方法: loginAndRegister =================================== 
2025-02-25 12:37:44.239 [http-nio-8080-exec-10] INFO  c.q.f.b.operationlog.aspect.ApiOperationLogAspect - ====== 请求结束: [用户登录/注册], 耗时: 22ms, 出参: {"success":true,"message":null,"errorCode":null,"data":"B5m57wBuJl4HnQTqjUs6Kao7nvxDWjSAJIN54Q54NyLusetcdnP4LhFwi5lEAb4UW3wMU50yAqfZQ33RhaB7ttvtdRsNtjMh9kcYuxi9i8pRjqxYKNXWkUgGcSq8CCb1"} =================================== 
2025-02-25 12:37:48.861 [http-nio-8080-exec-1] INFO  c.q.f.b.context.filter.HeaderUserId2ContextFilter - ===== 设置 userId 到 ThreadLocal 中， 用户 ID: 2100
2025-02-25 12:37:48.861 [http-nio-8080-exec-1] INFO  c.q.f.b.operationlog.aspect.ApiOperationLogAspect - ====== 请求开始: [账号登出], 入参: , 请求类: AuthController, 请求方法: logout =================================== 
2025-02-25 12:37:48.865 [http-nio-8080-exec-1] INFO  c.q.f.b.operationlog.aspect.ApiOperationLogAspect - ====== 请求结束: [账号登出], 耗时: 4ms, 出参: {"success":true,"message":null,"errorCode":null,"data":null} =================================== 
2025-02-25 12:37:48.866 [http-nio-8080-exec-1] INFO  c.q.f.b.context.filter.HeaderUserId2ContextFilter - ===== 删除 ThreadLocal， userId: 2100
2025-02-25 12:39:17.899 [http-nio-8080-exec-3] INFO  c.q.f.b.operationlog.aspect.ApiOperationLogAspect - ====== 请求开始: [用户登录/注册], 入参: {"phone":"18019939108","code":"010203","password":null,"type":1}, 请求类: AuthController, 请求方法: loginAndRegister =================================== 
2025-02-25 12:39:17.922 [http-nio-8080-exec-3] INFO  c.q.f.b.operationlog.aspect.ApiOperationLogAspect - ====== 请求结束: [用户登录/注册], 耗时: 24ms, 出参: {"success":true,"message":null,"errorCode":null,"data":"mL0jcaj80GdnrvdPzmNiFEvULTjxMRiloTYoeUH4iHbVDopQ2CN0XEz4x97ekpf2J0a53Nd0bRBF4rs06apD5rzMFuT9DUxaaylafjTHLuNTUfgyW20ml4D127pib9GB"} =================================== 
2025-02-25 12:39:24.315 [http-nio-8080-exec-4] INFO  c.q.f.b.context.filter.HeaderUserId2ContextFilter - ===== 设置 userId 到 ThreadLocal 中， 用户 ID: 2100
2025-02-25 12:39:24.315 [http-nio-8080-exec-4] INFO  c.q.f.b.operationlog.aspect.ApiOperationLogAspect - ====== 请求开始: [账号登出], 入参: , 请求类: AuthController, 请求方法: logout =================================== 
2025-02-25 12:39:24.321 [http-nio-8080-exec-4] INFO  c.q.f.b.operationlog.aspect.ApiOperationLogAspect - ====== 请求结束: [账号登出], 耗时: 6ms, 出参: {"success":true,"message":null,"errorCode":null,"data":null} =================================== 
2025-02-25 12:39:24.321 [http-nio-8080-exec-4] INFO  c.q.f.b.context.filter.HeaderUserId2ContextFilter - ===== 删除 ThreadLocal， userId: 2100
2025-02-25 12:47:15.213 [http-nio-8080-exec-6] INFO  c.q.f.b.operationlog.aspect.ApiOperationLogAspect - ====== 请求开始: [用户登录/注册], 入参: {"phone":"18019939108","code":"010203","password":null,"type":1}, 请求类: AuthController, 请求方法: loginAndRegister =================================== 
2025-02-25 12:47:15.215 [http-nio-8080-exec-6] WARN  c.q.x.auth.exception.GlobalExceptionHandler - /login request fail, errorCode: AUTH-20001, errorMessage: 验证码错误
2025-02-25 12:47:20.792 [http-nio-8080-exec-8] INFO  c.q.f.b.operationlog.aspect.ApiOperationLogAspect - ====== 请求开始: [用户登录/注册], 入参: {"phone":"18019939108","code":"010203","password":null,"type":1}, 请求类: AuthController, 请求方法: loginAndRegister =================================== 
2025-02-25 12:47:20.793 [http-nio-8080-exec-8] WARN  c.q.x.auth.exception.GlobalExceptionHandler - /login request fail, errorCode: AUTH-20001, errorMessage: 验证码错误
2025-02-25 12:47:22.176 [http-nio-8080-exec-7] INFO  c.q.f.b.operationlog.aspect.ApiOperationLogAspect - ====== 请求开始: [发送短信验证码], 入参: {"phone":"18019939108"}, 请求类: VerificationCodeController, 请求方法: send =================================== 
2025-02-25 12:47:22.178 [http-nio-8080-exec-7] INFO  c.q.x.a.service.impl.VerificationCodeServiceImpl - ==> 手机号: 18019939108, 已生成验证码：【323092】
2025-02-25 12:47:22.179 [http-nio-8080-exec-7] INFO  c.q.f.b.operationlog.aspect.ApiOperationLogAspect - ====== 请求结束: [发送短信验证码], 耗时: 3ms, 出参: {"success":true,"message":null,"errorCode":null,"data":null} =================================== 
2025-02-25 12:47:53.116 [http-nio-8080-exec-9] INFO  c.q.f.b.operationlog.aspect.ApiOperationLogAspect - ====== 请求开始: [用户登录/注册], 入参: {"phone":"18019939108","code":"323092","password":null,"type":1}, 请求类: AuthController, 请求方法: loginAndRegister =================================== 
2025-02-25 12:47:53.138 [http-nio-8080-exec-9] INFO  c.q.f.b.operationlog.aspect.ApiOperationLogAspect - ====== 请求结束: [用户登录/注册], 耗时: 22ms, 出参: {"success":true,"message":null,"errorCode":null,"data":"5KlB0b7ISsJgwyvvAEfruqeJEGObE37uXeLY6ABS6JMQl2AGJnWYZflKKjcpOSsnRfbzEz7SrfXXYi8SNnykH91u69qKE67jmIe18cgKA8nlkh2JKEM82r5JUAuZAiVG"} =================================== 
2025-02-25 12:47:58.161 [http-nio-8080-exec-10] INFO  c.q.f.b.context.filter.HeaderUserId2ContextFilter - ===== 设置 userId 到 ThreadLocal 中， 用户 ID: 2100
2025-02-25 12:47:58.162 [http-nio-8080-exec-10] INFO  c.q.f.b.operationlog.aspect.ApiOperationLogAspect - ====== 请求开始: [账号登出], 入参: , 请求类: AuthController, 请求方法: logout =================================== 
2025-02-25 12:47:58.165 [http-nio-8080-exec-10] INFO  c.q.f.b.operationlog.aspect.ApiOperationLogAspect - ====== 请求结束: [账号登出], 耗时: 3ms, 出参: {"success":true,"message":null,"errorCode":null,"data":null} =================================== 
2025-02-25 12:47:58.166 [http-nio-8080-exec-10] INFO  c.q.f.b.context.filter.HeaderUserId2ContextFilter - ===== 删除 ThreadLocal， userId: 2100
2025-02-25 12:49:04.619 [http-nio-8080-exec-2] INFO  c.q.f.b.operationlog.aspect.ApiOperationLogAspect - ====== 请求开始: [用户登录/注册], 入参: {"phone":"18019939108","code":"323092","password":null,"type":1}, 请求类: AuthController, 请求方法: loginAndRegister =================================== 
2025-02-25 12:49:04.638 [http-nio-8080-exec-2] INFO  c.q.f.b.operationlog.aspect.ApiOperationLogAspect - ====== 请求结束: [用户登录/注册], 耗时: 19ms, 出参: {"success":true,"message":null,"errorCode":null,"data":"O5SGW9ZK6McOtCTMfwugPeDipKWg4nMYnZL0j69NQaapahuUIM1BHLk2cdGSkAYcjTuuFzZT4q2NVTJdXBze1BoxeMAtaX9kfYK6lZ5BhZREgukeCZc7ZSYo9mySL0IP"} =================================== 
2025-02-25 12:49:18.090 [http-nio-8080-exec-3] INFO  c.q.f.b.context.filter.HeaderUserId2ContextFilter - ===== 设置 userId 到 ThreadLocal 中， 用户 ID: 2100
2025-02-25 12:49:18.090 [http-nio-8080-exec-3] INFO  c.q.f.b.operationlog.aspect.ApiOperationLogAspect - ====== 请求开始: [账号登出], 入参: , 请求类: AuthController, 请求方法: logout =================================== 
2025-02-25 12:49:18.095 [http-nio-8080-exec-3] INFO  c.q.f.b.operationlog.aspect.ApiOperationLogAspect - ====== 请求结束: [账号登出], 耗时: 5ms, 出参: {"success":true,"message":null,"errorCode":null,"data":null} =================================== 
2025-02-25 12:49:18.096 [http-nio-8080-exec-3] INFO  c.q.f.b.context.filter.HeaderUserId2ContextFilter - ===== 删除 ThreadLocal， userId: 2100
2025-02-25 12:49:26.514 [http-nio-8080-exec-4] INFO  c.q.f.b.operationlog.aspect.ApiOperationLogAspect - ====== 请求开始: [用户登录/注册], 入参: {"phone":"18019939108","code":"323092","password":null,"type":1}, 请求类: AuthController, 请求方法: loginAndRegister =================================== 
2025-02-25 12:49:26.543 [http-nio-8080-exec-4] INFO  c.q.f.b.operationlog.aspect.ApiOperationLogAspect - ====== 请求结束: [用户登录/注册], 耗时: 29ms, 出参: {"success":true,"message":null,"errorCode":null,"data":"Arangq0jo9zSleQgZ1e4AALk0yKFDupMEDruNBhJGVEEv7K3LB9pFyiSvukOmJQOcovDod6drnQgrfEIktMcQOG30mMybSfcC86kvdgRVmBW6yW0u1Un3zETavBcx2KY"} =================================== 
2025-02-25 12:49:28.655 [http-nio-8080-exec-5] INFO  c.q.f.b.context.filter.HeaderUserId2ContextFilter - ===== 设置 userId 到 ThreadLocal 中， 用户 ID: 2100
2025-02-25 12:49:28.655 [http-nio-8080-exec-5] INFO  c.q.f.b.operationlog.aspect.ApiOperationLogAspect - ====== 请求开始: [账号登出], 入参: , 请求类: AuthController, 请求方法: logout =================================== 
2025-02-25 12:49:28.659 [http-nio-8080-exec-5] INFO  c.q.f.b.operationlog.aspect.ApiOperationLogAspect - ====== 请求结束: [账号登出], 耗时: 4ms, 出参: {"success":true,"message":null,"errorCode":null,"data":null} =================================== 
2025-02-25 12:49:28.659 [http-nio-8080-exec-5] INFO  c.q.f.b.context.filter.HeaderUserId2ContextFilter - ===== 删除 ThreadLocal， userId: 2100
2025-02-25 12:50:20.894 [http-nio-8080-exec-6] INFO  c.q.f.b.operationlog.aspect.ApiOperationLogAspect - ====== 请求开始: [用户登录/注册], 入参: {"phone":"18019939108","code":"323092","password":null,"type":1}, 请求类: AuthController, 请求方法: loginAndRegister =================================== 
2025-02-25 12:50:20.923 [http-nio-8080-exec-6] INFO  c.q.f.b.operationlog.aspect.ApiOperationLogAspect - ====== 请求结束: [用户登录/注册], 耗时: 30ms, 出参: {"success":true,"message":null,"errorCode":null,"data":"KrAu419jGqUWEqmHXx4rEquTpxOdVssJfKIShTVESWsDodsFiAXvCQDwz4GlPO5OVXcJJNlbUmQuMh8ojlgceWTIcbrjtGLgNdrNugMzUWCCihK9ivMXW1VGN9hbyzV3"} =================================== 
2025-02-25 15:52:05.972 [http-nio-8080-exec-7] INFO  c.q.f.b.operationlog.aspect.ApiOperationLogAspect - ====== 请求开始: [发送短信验证码], 入参: {"phone":"18019939108"}, 请求类: VerificationCodeController, 请求方法: send =================================== 
2025-02-25 15:52:05.981 [http-nio-8080-exec-7] INFO  c.q.x.a.service.impl.VerificationCodeServiceImpl - ==> 手机号: 18019939108, 已生成验证码：【275103】
2025-02-25 15:52:05.983 [http-nio-8080-exec-7] INFO  c.q.f.b.operationlog.aspect.ApiOperationLogAspect - ====== 请求结束: [发送短信验证码], 耗时: 12ms, 出参: {"success":true,"message":null,"errorCode":null,"data":null} =================================== 
2025-02-25 15:52:39.034 [http-nio-8080-exec-9] INFO  c.q.f.b.operationlog.aspect.ApiOperationLogAspect - ====== 请求开始: [用户登录/注册], 入参: {"phone":"18019939108","code":"275103","password":null,"type":1}, 请求类: AuthController, 请求方法: loginAndRegister =================================== 
2025-02-25 15:52:39.161 [http-nio-8080-exec-9] INFO  c.q.f.b.operationlog.aspect.ApiOperationLogAspect - ====== 请求结束: [用户登录/注册], 耗时: 127ms, 出参: {"success":true,"message":null,"errorCode":null,"data":"KrAu419jGqUWEqmHXx4rEquTpxOdVssJfKIShTVESWsDodsFiAXvCQDwz4GlPO5OVXcJJNlbUmQuMh8ojlgceWTIcbrjtGLgNdrNugMzUWCCihK9ivMXW1VGN9hbyzV3"} =================================== 
2025-02-25 15:52:42.233 [http-nio-8080-exec-10] INFO  c.q.f.b.context.filter.HeaderUserId2ContextFilter - ===== 设置 userId 到 ThreadLocal 中， 用户 ID: 2100
2025-02-25 15:52:42.234 [http-nio-8080-exec-10] INFO  c.q.f.b.operationlog.aspect.ApiOperationLogAspect - ====== 请求开始: [账号登出], 入参: , 请求类: AuthController, 请求方法: logout =================================== 
2025-02-25 15:52:42.242 [http-nio-8080-exec-10] INFO  c.q.f.b.operationlog.aspect.ApiOperationLogAspect - ====== 请求结束: [账号登出], 耗时: 8ms, 出参: {"success":true,"message":null,"errorCode":null,"data":null} =================================== 
2025-02-25 15:52:42.242 [http-nio-8080-exec-10] INFO  c.q.f.b.context.filter.HeaderUserId2ContextFilter - ===== 删除 ThreadLocal， userId: 2100
2025-02-25 15:58:59.226 [http-nio-8080-exec-2] INFO  c.q.f.b.operationlog.aspect.ApiOperationLogAspect - ====== 请求开始: [用户登录/注册], 入参: {"phone":"18019939108","code":"275103","password":null,"type":1}, 请求类: AuthController, 请求方法: loginAndRegister =================================== 
2025-02-25 15:58:59.229 [http-nio-8080-exec-2] WARN  c.q.x.auth.exception.GlobalExceptionHandler - /login request fail, errorCode: AUTH-20001, errorMessage: 验证码错误
2025-02-25 15:59:02.751 [http-nio-8080-exec-3] INFO  c.q.f.b.operationlog.aspect.ApiOperationLogAspect - ====== 请求开始: [发送短信验证码], 入参: {"phone":"18019939108"}, 请求类: VerificationCodeController, 请求方法: send =================================== 
2025-02-25 15:59:02.753 [http-nio-8080-exec-3] INFO  c.q.x.a.service.impl.VerificationCodeServiceImpl - ==> 手机号: 18019939108, 已生成验证码：【655066】
2025-02-25 15:59:02.754 [http-nio-8080-exec-3] INFO  c.q.f.b.operationlog.aspect.ApiOperationLogAspect - ====== 请求结束: [发送短信验证码], 耗时: 3ms, 出参: {"success":true,"message":null,"errorCode":null,"data":null} =================================== 
2025-02-25 15:59:13.283 [http-nio-8080-exec-4] INFO  c.q.f.b.operationlog.aspect.ApiOperationLogAspect - ====== 请求开始: [用户登录/注册], 入参: {"phone":"18019939108","code":"655066","password":null,"type":1}, 请求类: AuthController, 请求方法: loginAndRegister =================================== 
2025-02-25 15:59:13.306 [http-nio-8080-exec-4] INFO  c.q.f.b.operationlog.aspect.ApiOperationLogAspect - ====== 请求结束: [用户登录/注册], 耗时: 23ms, 出参: {"success":true,"message":null,"errorCode":null,"data":"nyUWmyXAjbDDWK9y09KLfIqzzQIEjPBHj5ZmY3G5BylW5U6ec7o5WFoR2umnFpGanqG5Rg1uwxruFE8IXPjWWDzuViEQzLsAOLXmAMR0Tjj9TbwtfrSm2fycXfU7iSIn"} =================================== 
2025-02-25 16:54:23.542 [http-nio-8080-exec-6] INFO  c.q.f.b.context.filter.HeaderUserId2ContextFilter - ===== 设置 userId 到 ThreadLocal 中， 用户 ID: 2100
2025-02-25 16:54:23.549 [http-nio-8080-exec-6] INFO  c.q.f.b.operationlog.aspect.ApiOperationLogAspect - ====== 请求开始: [账号登出], 入参: , 请求类: AuthController, 请求方法: logout =================================== 
2025-02-25 16:54:23.564 [http-nio-8080-exec-6] INFO  c.q.f.b.operationlog.aspect.ApiOperationLogAspect - ====== 请求结束: [账号登出], 耗时: 16ms, 出参: {"success":true,"message":null,"errorCode":null,"data":null} =================================== 
2025-02-25 16:54:23.572 [http-nio-8080-exec-6] INFO  c.q.f.b.context.filter.HeaderUserId2ContextFilter - ===== 删除 ThreadLocal， userId: 2100
2025-02-25 16:56:59.235 [http-nio-8080-exec-7] INFO  c.q.f.b.operationlog.aspect.ApiOperationLogAspect - ====== 请求开始: [发送短信验证码], 入参: {"phone":"18019939108"}, 请求类: VerificationCodeController, 请求方法: send =================================== 
2025-02-25 16:56:59.237 [http-nio-8080-exec-7] INFO  c.q.x.a.service.impl.VerificationCodeServiceImpl - ==> 手机号: 18019939108, 已生成验证码：【591779】
2025-02-25 16:56:59.238 [http-nio-8080-exec-7] INFO  c.q.f.b.operationlog.aspect.ApiOperationLogAspect - ====== 请求结束: [发送短信验证码], 耗时: 3ms, 出参: {"success":true,"message":null,"errorCode":null,"data":null} =================================== 
2025-02-25 17:01:18.526 [http-nio-8080-exec-10] INFO  c.q.f.b.operationlog.aspect.ApiOperationLogAspect - ====== 请求开始: [发送短信验证码], 入参: {"phone":"18019939108"}, 请求类: VerificationCodeController, 请求方法: send =================================== 
2025-02-25 17:01:18.527 [http-nio-8080-exec-10] INFO  c.q.x.a.service.impl.VerificationCodeServiceImpl - ==> 手机号: 18019939108, 已生成验证码：【557322】
2025-02-25 17:01:18.528 [http-nio-8080-exec-10] INFO  c.q.f.b.operationlog.aspect.ApiOperationLogAspect - ====== 请求结束: [发送短信验证码], 耗时: 3ms, 出参: {"success":true,"message":null,"errorCode":null,"data":null} =================================== 
2025-02-25 17:04:18.236 [http-nio-8080-exec-2] INFO  c.q.f.b.operationlog.aspect.ApiOperationLogAspect - ====== 请求开始: [发送短信验证码], 入参: {"phone":"18019939108"}, 请求类: VerificationCodeController, 请求方法: send =================================== 
2025-02-25 17:04:18.241 [http-nio-8080-exec-2] WARN  c.q.x.auth.exception.GlobalExceptionHandler - /verification/code/send request fail, errorCode: AUTH-20000, errorMessage: 请求太频繁，请3分钟后再试
2025-02-25 17:04:24.941 [http-nio-8080-exec-3] INFO  c.q.f.b.operationlog.aspect.ApiOperationLogAspect - ====== 请求开始: [发送短信验证码], 入参: {"phone":"18019939108"}, 请求类: VerificationCodeController, 请求方法: send =================================== 
2025-02-25 17:04:24.943 [http-nio-8080-exec-3] INFO  c.q.x.a.service.impl.VerificationCodeServiceImpl - ==> 手机号: 18019939108, 已生成验证码：【484666】
2025-02-25 17:04:24.944 [http-nio-8080-exec-3] INFO  c.q.f.b.operationlog.aspect.ApiOperationLogAspect - ====== 请求结束: [发送短信验证码], 耗时: 3ms, 出参: {"success":true,"message":null,"errorCode":null,"data":null} =================================== 
2025-02-25 17:04:37.210 [http-nio-8080-exec-4] INFO  c.q.f.b.operationlog.aspect.ApiOperationLogAspect - ====== 请求开始: [用户登录/注册], 入参: {"phone":"18019939108","code":"484666","password":null,"type":1}, 请求类: AuthController, 请求方法: loginAndRegister =================================== 
2025-02-25 17:04:37.319 [http-nio-8080-exec-4] INFO  c.q.f.b.operationlog.aspect.ApiOperationLogAspect - ====== 请求结束: [用户登录/注册], 耗时: 109ms, 出参: {"success":true,"message":null,"errorCode":null,"data":"hLPES9fThrqN94IOSyVyadH27FcXHQEAbhTlC4zxE1SThUY5SelrzEzbi0lRGr1AhzcqcsbVH4aQ1YUpc0JM7gePB6NOLG6LLRxMVkRD9ocqe8ynHyJck4HfLBf3QjdS"} =================================== 
2025-02-25 17:38:51.042 [nacos-grpc-client-executor-127.0.0.1-9140] INFO  com.alibaba.nacos.common.remote.client - [2b92cc48-600c-490f-b8c7-ed1aeae0c906] Receive server push request, request = NotifySubscriberRequest, requestId = 10
2025-02-25 17:38:51.043 [nacos-grpc-client-executor-127.0.0.1-9140] INFO  com.alibaba.nacos.client.naming - removed ips(1) service: DEFAULT_GROUP@@xiaohashu-user -> [{"ip":"192.168.1.3","port":8082,"weight":1.0,"healthy":true,"enabled":true,"ephemeral":true,"clusterName":"DEFAULT","serviceName":"DEFAULT_GROUP@@xiaohashu-user","metadata":{"preserved.register.source":"SPRING_CLOUD","IPv6":"[240e:b65:56e:2b00:4b38:166:d82c:3df6]"},"instanceHeartBeatInterval":5000,"instanceHeartBeatTimeOut":15000,"ipDeleteTimeout":30000}]
2025-02-25 17:38:51.043 [nacos-grpc-client-executor-127.0.0.1-9140] INFO  com.alibaba.nacos.client.naming - current ips:(0) service: DEFAULT_GROUP@@xiaohashu-user -> []
2025-02-25 17:38:51.046 [nacos-grpc-client-executor-127.0.0.1-9140] INFO  com.alibaba.nacos.common.remote.client - [2b92cc48-600c-490f-b8c7-ed1aeae0c906] Ack server push request, request = NotifySubscriberRequest, requestId = 10
2025-02-25 17:38:58.186 [nacos-grpc-client-executor-127.0.0.1-9142] INFO  com.alibaba.nacos.common.remote.client - [2b92cc48-600c-490f-b8c7-ed1aeae0c906] Receive server push request, request = NotifySubscriberRequest, requestId = 11
2025-02-25 17:38:58.187 [nacos-grpc-client-executor-127.0.0.1-9142] INFO  com.alibaba.nacos.client.naming - new ips(1) service: DEFAULT_GROUP@@xiaohashu-user -> [{"ip":"192.168.1.3","port":8082,"weight":1.0,"healthy":true,"enabled":true,"ephemeral":true,"clusterName":"DEFAULT","serviceName":"DEFAULT_GROUP@@xiaohashu-user","metadata":{"preserved.register.source":"SPRING_CLOUD","IPv6":"[240e:b65:56e:2b00:4b38:166:d82c:3df6]"},"instanceHeartBeatInterval":5000,"instanceHeartBeatTimeOut":15000,"ipDeleteTimeout":30000}]
2025-02-25 17:38:58.187 [nacos-grpc-client-executor-127.0.0.1-9142] INFO  com.alibaba.nacos.client.naming - current ips:(1) service: DEFAULT_GROUP@@xiaohashu-user -> [{"ip":"192.168.1.3","port":8082,"weight":1.0,"healthy":true,"enabled":true,"ephemeral":true,"clusterName":"DEFAULT","serviceName":"DEFAULT_GROUP@@xiaohashu-user","metadata":{"preserved.register.source":"SPRING_CLOUD","IPv6":"[240e:b65:56e:2b00:4b38:166:d82c:3df6]"},"instanceHeartBeatInterval":5000,"instanceHeartBeatTimeOut":15000,"ipDeleteTimeout":30000}]
2025-02-25 17:38:58.187 [nacos-grpc-client-executor-127.0.0.1-9142] INFO  com.alibaba.nacos.common.remote.client - [2b92cc48-600c-490f-b8c7-ed1aeae0c906] Ack server push request, request = NotifySubscriberRequest, requestId = 11
2025-02-25 17:51:26.360 [http-nio-8080-exec-6] INFO  c.q.f.b.operationlog.aspect.ApiOperationLogAspect - ====== 请求开始: [发送短信验证码], 入参: {"phone":"18019939108"}, 请求类: VerificationCodeController, 请求方法: send =================================== 
2025-02-25 17:51:26.366 [http-nio-8080-exec-6] INFO  c.q.x.a.service.impl.VerificationCodeServiceImpl - ==> 手机号: 18019939108, 已生成验证码：【160157】
2025-02-25 17:51:26.368 [http-nio-8080-exec-6] INFO  c.q.f.b.operationlog.aspect.ApiOperationLogAspect - ====== 请求结束: [发送短信验证码], 耗时: 9ms, 出参: {"success":true,"message":null,"errorCode":null,"data":null} =================================== 
2025-02-25 17:59:18.505 [http-nio-8080-exec-7] INFO  c.q.f.b.operationlog.aspect.ApiOperationLogAspect - ====== 请求开始: [发送短信验证码], 入参: {"phone":"18019939108"}, 请求类: VerificationCodeController, 请求方法: send =================================== 
2025-02-25 17:59:18.507 [http-nio-8080-exec-7] INFO  c.q.x.a.service.impl.VerificationCodeServiceImpl - ==> 手机号: 18019939108, 已生成验证码：【871720】
2025-02-25 17:59:18.508 [http-nio-8080-exec-7] INFO  c.q.f.b.operationlog.aspect.ApiOperationLogAspect - ====== 请求结束: [发送短信验证码], 耗时: 3ms, 出参: {"success":true,"message":null,"errorCode":null,"data":null} =================================== 
2025-02-25 17:59:26.893 [http-nio-8080-exec-9] INFO  c.q.f.b.operationlog.aspect.ApiOperationLogAspect - ====== 请求开始: [用户登录/注册], 入参: {"phone":"18019939108","code":"871720","password":null,"type":1}, 请求类: AuthController, 请求方法: loginAndRegister =================================== 
2025-02-25 17:59:27.011 [http-nio-8080-exec-9] INFO  c.q.f.b.operationlog.aspect.ApiOperationLogAspect - ====== 请求结束: [用户登录/注册], 耗时: 118ms, 出参: {"success":true,"message":null,"errorCode":null,"data":"hLPES9fThrqN94IOSyVyadH27FcXHQEAbhTlC4zxE1SThUY5SelrzEzbi0lRGr1AhzcqcsbVH4aQ1YUpc0JM7gePB6NOLG6LLRxMVkRD9ocqe8ynHyJck4HfLBf3QjdS"} =================================== 
2025-02-25 18:03:25.057 [http-nio-8080-exec-1] INFO  c.q.f.b.context.filter.HeaderUserId2ContextFilter - ===== 设置 userId 到 ThreadLocal 中， 用户 ID: 2100
2025-02-25 18:03:25.058 [http-nio-8080-exec-1] INFO  c.q.f.b.operationlog.aspect.ApiOperationLogAspect - ====== 请求开始: [账号登出], 入参: , 请求类: AuthController, 请求方法: logout =================================== 
2025-02-25 18:03:25.063 [http-nio-8080-exec-1] INFO  c.q.f.b.operationlog.aspect.ApiOperationLogAspect - ====== 请求结束: [账号登出], 耗时: 5ms, 出参: {"success":true,"message":null,"errorCode":null,"data":null} =================================== 
2025-02-25 18:03:25.064 [http-nio-8080-exec-1] INFO  c.q.f.b.context.filter.HeaderUserId2ContextFilter - ===== 删除 ThreadLocal， userId: 2100
2025-02-25 18:03:40.174 [http-nio-8080-exec-2] INFO  c.q.f.b.operationlog.aspect.ApiOperationLogAspect - ====== 请求开始: [发送短信验证码], 入参: {"phone":"18019939108"}, 请求类: VerificationCodeController, 请求方法: send =================================== 
2025-02-25 18:03:40.175 [http-nio-8080-exec-2] INFO  c.q.x.a.service.impl.VerificationCodeServiceImpl - ==> 手机号: 18019939108, 已生成验证码：【860825】
2025-02-25 18:03:40.176 [http-nio-8080-exec-2] INFO  c.q.f.b.operationlog.aspect.ApiOperationLogAspect - ====== 请求结束: [发送短信验证码], 耗时: 3ms, 出参: {"success":true,"message":null,"errorCode":null,"data":null} =================================== 
2025-02-25 18:03:55.011 [http-nio-8080-exec-3] INFO  c.q.f.b.operationlog.aspect.ApiOperationLogAspect - ====== 请求开始: [用户登录/注册], 入参: {"phone":"18019939108","code":"860825","password":null,"type":1}, 请求类: AuthController, 请求方法: loginAndRegister =================================== 
2025-02-25 18:03:55.030 [http-nio-8080-exec-3] INFO  c.q.f.b.operationlog.aspect.ApiOperationLogAspect - ====== 请求结束: [用户登录/注册], 耗时: 19ms, 出参: {"success":true,"message":null,"errorCode":null,"data":"OXip8Z1CD5vrd2sJ25FmMi5mnOvsFFQsLZXb7oOWKsHdCuPI9AyHKDUwB5kzzcLC0Yb0ZG0CF8IdCcg8nMES6Cl3bonvulJZiBjOVnFeK9fEvATItsdlIsVpOR6FXkNI"} =================================== 
2025-02-25 18:05:36.451 [http-nio-8080-exec-5] INFO  c.q.f.b.operationlog.aspect.ApiOperationLogAspect - ====== 请求开始: [发送短信验证码], 入参: {"phone":"18019939108"}, 请求类: VerificationCodeController, 请求方法: send =================================== 
2025-02-25 18:05:36.454 [http-nio-8080-exec-5] WARN  c.q.x.auth.exception.GlobalExceptionHandler - /verification/code/send request fail, errorCode: AUTH-20000, errorMessage: 请求太频繁，请3分钟后再试
2025-02-25 18:05:45.421 [http-nio-8080-exec-6] INFO  c.q.f.b.operationlog.aspect.ApiOperationLogAspect - ====== 请求开始: [发送短信验证码], 入参: {"phone":"18019939108"}, 请求类: VerificationCodeController, 请求方法: send =================================== 
2025-02-25 18:05:45.422 [http-nio-8080-exec-6] INFO  c.q.x.a.service.impl.VerificationCodeServiceImpl - ==> 手机号: 18019939108, 已生成验证码：【393245】
2025-02-25 18:05:45.423 [http-nio-8080-exec-6] INFO  c.q.f.b.operationlog.aspect.ApiOperationLogAspect - ====== 请求结束: [发送短信验证码], 耗时: 2ms, 出参: {"success":true,"message":null,"errorCode":null,"data":null} =================================== 
2025-02-25 18:05:56.906 [http-nio-8080-exec-8] INFO  c.q.f.b.operationlog.aspect.ApiOperationLogAspect - ====== 请求开始: [用户登录/注册], 入参: {"phone":"18019939108","code":"393245","password":null,"type":1}, 请求类: AuthController, 请求方法: loginAndRegister =================================== 
2025-02-25 18:05:56.922 [http-nio-8080-exec-8] INFO  c.q.f.b.operationlog.aspect.ApiOperationLogAspect - ====== 请求结束: [用户登录/注册], 耗时: 16ms, 出参: {"success":true,"message":null,"errorCode":null,"data":"OXip8Z1CD5vrd2sJ25FmMi5mnOvsFFQsLZXb7oOWKsHdCuPI9AyHKDUwB5kzzcLC0Yb0ZG0CF8IdCcg8nMES6Cl3bonvulJZiBjOVnFeK9fEvATItsdlIsVpOR6FXkNI"} =================================== 
2025-02-25 18:08:13.993 [http-nio-8080-exec-9] INFO  c.q.f.b.operationlog.aspect.ApiOperationLogAspect - ====== 请求开始: [用户登录/注册], 入参: {"phone":"18019939108","code":"393245","password":null,"type":1}, 请求类: AuthController, 请求方法: loginAndRegister =================================== 
2025-02-25 18:08:14.013 [http-nio-8080-exec-9] INFO  c.q.f.b.operationlog.aspect.ApiOperationLogAspect - ====== 请求结束: [用户登录/注册], 耗时: 20ms, 出参: {"success":true,"message":null,"errorCode":null,"data":"OXip8Z1CD5vrd2sJ25FmMi5mnOvsFFQsLZXb7oOWKsHdCuPI9AyHKDUwB5kzzcLC0Yb0ZG0CF8IdCcg8nMES6Cl3bonvulJZiBjOVnFeK9fEvATItsdlIsVpOR6FXkNI"} =================================== 
2025-02-25 18:10:28.709 [http-nio-8080-exec-1] INFO  c.q.f.b.operationlog.aspect.ApiOperationLogAspect - ====== 请求开始: [发送短信验证码], 入参: {"phone":"18019939108"}, 请求类: VerificationCodeController, 请求方法: send =================================== 
2025-02-25 18:10:28.711 [http-nio-8080-exec-1] INFO  c.q.x.a.service.impl.VerificationCodeServiceImpl - ==> 手机号: 18019939108, 已生成验证码：【963587】
2025-02-25 18:10:28.712 [http-nio-8080-exec-1] INFO  c.q.f.b.operationlog.aspect.ApiOperationLogAspect - ====== 请求结束: [发送短信验证码], 耗时: 3ms, 出参: {"success":true,"message":null,"errorCode":null,"data":null} =================================== 
2025-02-25 18:10:45.460 [http-nio-8080-exec-2] INFO  c.q.f.b.operationlog.aspect.ApiOperationLogAspect - ====== 请求开始: [用户登录/注册], 入参: {"phone":"18019939108","code":"963587","password":null,"type":1}, 请求类: AuthController, 请求方法: loginAndRegister =================================== 
2025-02-25 18:10:45.480 [http-nio-8080-exec-2] INFO  c.q.f.b.operationlog.aspect.ApiOperationLogAspect - ====== 请求结束: [用户登录/注册], 耗时: 20ms, 出参: {"success":true,"message":null,"errorCode":null,"data":"OXip8Z1CD5vrd2sJ25FmMi5mnOvsFFQsLZXb7oOWKsHdCuPI9AyHKDUwB5kzzcLC0Yb0ZG0CF8IdCcg8nMES6Cl3bonvulJZiBjOVnFeK9fEvATItsdlIsVpOR6FXkNI"} =================================== 
2025-02-25 18:13:35.610 [http-nio-8080-exec-4] INFO  c.q.f.b.operationlog.aspect.ApiOperationLogAspect - ====== 请求开始: [发送短信验证码], 入参: {"phone":"18019939108"}, 请求类: VerificationCodeController, 请求方法: send =================================== 
2025-02-25 18:13:35.611 [http-nio-8080-exec-4] INFO  c.q.x.a.service.impl.VerificationCodeServiceImpl - ==> 手机号: 18019939108, 已生成验证码：【666797】
2025-02-25 18:13:35.611 [http-nio-8080-exec-4] INFO  c.q.f.b.operationlog.aspect.ApiOperationLogAspect - ====== 请求结束: [发送短信验证码], 耗时: 1ms, 出参: {"success":true,"message":null,"errorCode":null,"data":null} =================================== 
2025-02-25 18:13:44.821 [http-nio-8080-exec-5] INFO  c.q.f.b.operationlog.aspect.ApiOperationLogAspect - ====== 请求开始: [用户登录/注册], 入参: {"phone":"18019939108","code":"666797","password":null,"type":1}, 请求类: AuthController, 请求方法: loginAndRegister =================================== 
2025-02-25 18:13:44.837 [http-nio-8080-exec-5] INFO  c.q.f.b.operationlog.aspect.ApiOperationLogAspect - ====== 请求结束: [用户登录/注册], 耗时: 16ms, 出参: {"success":true,"message":null,"errorCode":null,"data":"OXip8Z1CD5vrd2sJ25FmMi5mnOvsFFQsLZXb7oOWKsHdCuPI9AyHKDUwB5kzzcLC0Yb0ZG0CF8IdCcg8nMES6Cl3bonvulJZiBjOVnFeK9fEvATItsdlIsVpOR6FXkNI"} =================================== 
2025-02-25 18:16:25.447 [http-nio-8080-exec-8] INFO  c.q.f.b.operationlog.aspect.ApiOperationLogAspect - ====== 请求开始: [发送短信验证码], 入参: {"phone":"18019939108"}, 请求类: VerificationCodeController, 请求方法: send =================================== 
2025-02-25 18:16:25.448 [http-nio-8080-exec-8] WARN  c.q.x.auth.exception.GlobalExceptionHandler - /verification/code/send request fail, errorCode: AUTH-20000, errorMessage: 请求太频繁，请3分钟后再试
2025-02-25 18:16:33.253 [http-nio-8080-exec-7] INFO  c.q.f.b.operationlog.aspect.ApiOperationLogAspect - ====== 请求开始: [用户登录/注册], 入参: {"phone":"18019939108","code":"666797","password":null,"type":1}, 请求类: AuthController, 请求方法: loginAndRegister =================================== 
2025-02-25 18:16:33.270 [http-nio-8080-exec-7] INFO  c.q.f.b.operationlog.aspect.ApiOperationLogAspect - ====== 请求结束: [用户登录/注册], 耗时: 17ms, 出参: {"success":true,"message":null,"errorCode":null,"data":"OXip8Z1CD5vrd2sJ25FmMi5mnOvsFFQsLZXb7oOWKsHdCuPI9AyHKDUwB5kzzcLC0Yb0ZG0CF8IdCcg8nMES6Cl3bonvulJZiBjOVnFeK9fEvATItsdlIsVpOR6FXkNI"} =================================== 
2025-02-25 18:18:21.513 [http-nio-8080-exec-10] INFO  c.q.f.b.operationlog.aspect.ApiOperationLogAspect - ====== 请求开始: [发送短信验证码], 入参: {"phone":"18019939108"}, 请求类: VerificationCodeController, 请求方法: send =================================== 
2025-02-25 18:18:21.515 [http-nio-8080-exec-10] INFO  c.q.x.a.service.impl.VerificationCodeServiceImpl - ==> 手机号: 18019939108, 已生成验证码：【170880】
2025-02-25 18:18:21.515 [http-nio-8080-exec-10] INFO  c.q.f.b.operationlog.aspect.ApiOperationLogAspect - ====== 请求结束: [发送短信验证码], 耗时: 2ms, 出参: {"success":true,"message":null,"errorCode":null,"data":null} =================================== 
2025-02-25 18:23:46.838 [http-nio-8080-exec-2] INFO  c.q.f.b.operationlog.aspect.ApiOperationLogAspect - ====== 请求开始: [发送短信验证码], 入参: {"phone":"18019939108"}, 请求类: VerificationCodeController, 请求方法: send =================================== 
2025-02-25 18:23:46.839 [http-nio-8080-exec-2] INFO  c.q.x.a.service.impl.VerificationCodeServiceImpl - ==> 手机号: 18019939108, 已生成验证码：【339887】
2025-02-25 18:23:46.840 [http-nio-8080-exec-2] INFO  c.q.f.b.operationlog.aspect.ApiOperationLogAspect - ====== 请求结束: [发送短信验证码], 耗时: 2ms, 出参: {"success":true,"message":null,"errorCode":null,"data":null} =================================== 
2025-02-25 18:23:54.897 [http-nio-8080-exec-3] INFO  c.q.f.b.operationlog.aspect.ApiOperationLogAspect - ====== 请求开始: [用户登录/注册], 入参: {"phone":"18019939108","code":"339887","password":null,"type":1}, 请求类: AuthController, 请求方法: loginAndRegister =================================== 
2025-02-25 18:23:54.919 [http-nio-8080-exec-3] INFO  c.q.f.b.operationlog.aspect.ApiOperationLogAspect - ====== 请求结束: [用户登录/注册], 耗时: 22ms, 出参: {"success":true,"message":null,"errorCode":null,"data":"OXip8Z1CD5vrd2sJ25FmMi5mnOvsFFQsLZXb7oOWKsHdCuPI9AyHKDUwB5kzzcLC0Yb0ZG0CF8IdCcg8nMES6Cl3bonvulJZiBjOVnFeK9fEvATItsdlIsVpOR6FXkNI"} =================================== 
