2025-02-13 17:04:33.794 [main] WARN  com.alibaba.nacos.client.logging.NacosLogging - Load Logback Configuration of Nacos fail, message: Could not initialize Logback Nacos logging from classpath:nacos-logback.xml
2025-02-13 17:04:33.848 [main] WARN  com.alibaba.nacos.client.logging.NacosLogging - Load Logback Configuration of Nacos fail, message: Could not initialize Logback Nacos logging from classpath:nacos-logback.xml
2025-02-13 17:04:34.255 [main] WARN  com.alibaba.nacos.client.logging.NacosLogging - Load Logback Configuration of Nacos fail, message: Could not initialize Logback Nacos logging from classpath:nacos-logback.xml
2025-02-13 17:04:34.262 [main] WARN  com.alibaba.nacos.client.logging.NacosLogging - Load Logback Configuration of Nacos fail, message: Could not initialize Logback Nacos logging from classpath:nacos-logback.xml
2025-02-13 17:04:34.263 [main] INFO  c.q.x.comment.biz.XiaohashuCommentBizApplication - The following 1 profile is active: "dev"
2025-02-13 17:04:34.273 [main] WARN  o.s.core.annotation.AnnotationTypeMapping - Support for convention-based annotation attribute overrides is deprecated and will be removed in Spring Framework 6.1. Please annotate the following attributes in @org.springframework.retry.annotation.EnableRetry with appropriate @AliasFor declarations: [proxyTargetClass]
2025-02-13 17:04:35.370 [main] INFO  o.s.d.r.config.RepositoryConfigurationDelegate - Multiple Spring Data modules found, entering strict repository configuration mode
2025-02-13 17:04:35.371 [main] INFO  o.s.d.r.config.RepositoryConfigurationDelegate - Bootstrapping Spring Data Redis repositories in DEFAULT mode.
2025-02-13 17:04:35.389 [main] INFO  o.s.d.r.config.RepositoryConfigurationDelegate - Finished Spring Data repository scanning in 9 ms. Found 0 Redis repository interfaces.
2025-02-13 17:04:35.531 [main] INFO  o.springframework.cloud.context.scope.GenericScope - BeanFactory id=a3a9456d-7e34-33a4-8ba6-904f48303cd4
2025-02-13 17:04:35.558 [main] INFO  o.s.c.s.PostProcessorRegistrationDelegate$BeanPostProcessorChecker - Bean 'com.quanxiaoha.xiaohashu.kv.api.KeyValueFeignApi' of type [org.springframework.cloud.openfeign.FeignClientFactoryBean] is not eligible for getting processed by all BeanPostProcessors (for example: not eligible for auto-proxying)
2025-02-13 17:04:35.559 [main] INFO  o.s.c.s.PostProcessorRegistrationDelegate$BeanPostProcessorChecker - Bean 'com.quanxiaoha.xiaohashu.user.api.UserFeignApi' of type [org.springframework.cloud.openfeign.FeignClientFactoryBean] is not eligible for getting processed by all BeanPostProcessors (for example: not eligible for auto-proxying)
2025-02-13 17:04:35.560 [main] INFO  o.s.c.s.PostProcessorRegistrationDelegate$BeanPostProcessorChecker - Bean 'com.quanxiaoha.xiaohashu.distributed.id.generator.api.DistributedIdGeneratorFeignApi' of type [org.springframework.cloud.openfeign.FeignClientFactoryBean] is not eligible for getting processed by all BeanPostProcessors (for example: not eligible for auto-proxying)
2025-02-13 17:04:35.701 [main] INFO  o.s.c.s.PostProcessorRegistrationDelegate$BeanPostProcessorChecker - Bean 'org.apache.rocketmq.spring.autoconfigure.MessageConverterConfiguration' of type [org.apache.rocketmq.spring.autoconfigure.MessageConverterConfiguration$$SpringCGLIB$$0] is not eligible for getting processed by all BeanPostProcessors (for example: not eligible for auto-proxying)
2025-02-13 17:04:35.750 [main] INFO  o.s.c.s.PostProcessorRegistrationDelegate$BeanPostProcessorChecker - Bean 'createRocketMQMessageConverter' of type [org.apache.rocketmq.spring.support.RocketMQMessageConverter] is not eligible for getting processed by all BeanPostProcessors (for example: not eligible for auto-proxying)
2025-02-13 17:04:35.753 [main] INFO  o.s.c.s.PostProcessorRegistrationDelegate$BeanPostProcessorChecker - Bean 'org.springframework.cloud.commons.config.CommonsConfigAutoConfiguration' of type [org.springframework.cloud.commons.config.CommonsConfigAutoConfiguration] is not eligible for getting processed by all BeanPostProcessors (for example: not eligible for auto-proxying)
2025-02-13 17:04:35.756 [main] INFO  o.s.c.s.PostProcessorRegistrationDelegate$BeanPostProcessorChecker - Bean 'org.springframework.cloud.client.loadbalancer.LoadBalancerDefaultMappingsProviderAutoConfiguration' of type [org.springframework.cloud.client.loadbalancer.LoadBalancerDefaultMappingsProviderAutoConfiguration] is not eligible for getting processed by all BeanPostProcessors (for example: not eligible for auto-proxying)
2025-02-13 17:04:35.756 [main] INFO  o.s.c.s.PostProcessorRegistrationDelegate$BeanPostProcessorChecker - Bean 'loadBalancerClientsDefaultsMappingsProvider' of type [org.springframework.cloud.client.loadbalancer.LoadBalancerDefaultMappingsProviderAutoConfiguration$$Lambda$726/0x0000021a145159f0] is not eligible for getting processed by all BeanPostProcessors (for example: not eligible for auto-proxying)
2025-02-13 17:04:35.756 [main] INFO  o.s.c.s.PostProcessorRegistrationDelegate$BeanPostProcessorChecker - Bean 'defaultsBindHandlerAdvisor' of type [org.springframework.cloud.commons.config.DefaultsBindHandlerAdvisor] is not eligible for getting processed by all BeanPostProcessors (for example: not eligible for auto-proxying)
2025-02-13 17:04:35.760 [main] INFO  o.s.c.s.PostProcessorRegistrationDelegate$BeanPostProcessorChecker - Bean 'rocketmq-org.apache.rocketmq.spring.autoconfigure.RocketMQProperties' of type [org.apache.rocketmq.spring.autoconfigure.RocketMQProperties] is not eligible for getting processed by all BeanPostProcessors (for example: not eligible for auto-proxying)
2025-02-13 17:04:35.760 [main] INFO  o.s.c.s.PostProcessorRegistrationDelegate$BeanPostProcessorChecker - Bean 'org.apache.rocketmq.spring.autoconfigure.ListenerContainerConfiguration' of type [org.apache.rocketmq.spring.autoconfigure.ListenerContainerConfiguration$$SpringCGLIB$$0] is not eligible for getting processed by all BeanPostProcessors (for example: not eligible for auto-proxying)
2025-02-13 17:04:36.457 [main] INFO  o.s.boot.web.embedded.tomcat.TomcatWebServer - Tomcat initialized with port(s): 8093 (http)
2025-02-13 17:04:36.509 [main] INFO  org.apache.catalina.core.StandardService - Starting service [Tomcat]
2025-02-13 17:04:36.509 [main] INFO  org.apache.catalina.core.StandardEngine - Starting Servlet engine: [Apache Tomcat/10.1.5]
2025-02-13 17:04:36.741 [main] INFO  o.a.c.core.ContainerBase.[Tomcat].[localhost].[/] - Initializing Spring embedded WebApplicationContext
2025-02-13 17:04:36.742 [main] INFO  o.s.b.w.s.c.ServletWebServerApplicationContext - Root WebApplicationContext: initialization completed in 2467 ms
2025-02-13 17:04:36.973 [main] INFO  c.a.d.s.b.a.DruidDataSourceAutoConfigure - Init DruidDataSource
2025-02-13 17:04:37.666 [main] INFO  com.alibaba.druid.pool.DruidDataSource - {dataSource-1} inited
2025-02-13 17:04:38.387 [main] INFO  o.s.cloud.openfeign.FeignClientFactoryBean - For 'xiaohashu-kv' URL not provided. Will try picking an instance via load-balancing.
2025-02-13 17:04:38.426 [main] INFO  o.a.r.s.autoconfigure.RocketMQAutoConfiguration - a producer (xiaohashu_group) init on namesrv 127.0.0.1:9876
2025-02-13 17:04:38.737 [main] INFO  o.a.r.s.support.DefaultRocketMQListenerContainer - running container: DefaultRocketMQListenerContainer{consumerGroup='xiaohashu_group_CommentHeatUpdateTopic', namespace='', nameServer='127.0.0.1:9876', topic='CommentHeatUpdateTopic', consumeMode=CONCURRENTLY, selectorType=TAG, selectorExpression='*', messageModel=CLUSTERING', tlsEnable=false, instanceName=DEFAULT}
2025-02-13 17:04:38.737 [main] INFO  o.a.r.s.a.ListenerContainerConfiguration - Register the listener to container, listenerBeanName:commentHeatUpdateConsumer, containerBeanName:org.apache.rocketmq.spring.support.DefaultRocketMQListenerContainer_1
2025-02-13 17:04:38.764 [main] INFO  o.a.r.s.support.DefaultRocketMQListenerContainer - running container: DefaultRocketMQListenerContainer{consumerGroup='xiaohashu_group_DeleteCommentTopic', namespace='', nameServer='127.0.0.1:9876', topic='DeleteCommentTopic', consumeMode=CONCURRENTLY, selectorType=TAG, selectorExpression='*', messageModel=CLUSTERING', tlsEnable=false, instanceName=DEFAULT}
2025-02-13 17:04:38.764 [main] INFO  o.a.r.s.a.ListenerContainerConfiguration - Register the listener to container, listenerBeanName:deleteCommentConsumer, containerBeanName:org.apache.rocketmq.spring.support.DefaultRocketMQListenerContainer_2
2025-02-13 17:04:38.796 [main] INFO  o.s.cloud.openfeign.FeignClientFactoryBean - For 'xiaohashu-distributed-id-generator' URL not provided. Will try picking an instance via load-balancing.
2025-02-13 17:04:38.807 [main] INFO  o.s.cloud.openfeign.FeignClientFactoryBean - For 'xiaohashu-user' URL not provided. Will try picking an instance via load-balancing.
2025-02-13 17:04:38.846 [main] INFO  o.a.r.s.support.DefaultRocketMQListenerContainer - running container: DefaultRocketMQListenerContainer{consumerGroup='xiaohashu_group_DeleteCommentDetailLocalCacheTopic', namespace='', nameServer='127.0.0.1:9876', topic='DeleteCommentDetailLocalCacheTopic', consumeMode=CONCURRENTLY, selectorType=TAG, selectorExpression='*', messageModel=BROADCASTING', tlsEnable=false, instanceName=DEFAULT}
2025-02-13 17:04:38.846 [main] INFO  o.a.r.s.a.ListenerContainerConfiguration - Register the listener to container, listenerBeanName:deleteCommentLocalCacheConsumer, containerBeanName:org.apache.rocketmq.spring.support.DefaultRocketMQListenerContainer_3
2025-02-13 17:04:38.874 [main] INFO  o.a.r.s.support.DefaultRocketMQListenerContainer - running container: DefaultRocketMQListenerContainer{consumerGroup='xiaohashu_group_first_reply_comment_idCountNoteCommentTopic', namespace='', nameServer='127.0.0.1:9876', topic='CountNoteCommentTopic', consumeMode=CONCURRENTLY, selectorType=TAG, selectorExpression='*', messageModel=CLUSTERING', tlsEnable=false, instanceName=DEFAULT}
2025-02-13 17:04:38.874 [main] INFO  o.a.r.s.a.ListenerContainerConfiguration - Register the listener to container, listenerBeanName:oneLevelCommentFirstReplyCommentIdUpdateConsumer, containerBeanName:org.apache.rocketmq.spring.support.DefaultRocketMQListenerContainer_4
2025-02-13 17:04:39.459 [main] INFO  o.s.boot.web.embedded.tomcat.TomcatWebServer - Tomcat started on port(s): 8093 (http) with context path ''
2025-02-13 17:04:39.465 [main] WARN  com.alibaba.nacos.client.logging.NacosLogging - Load Logback Configuration of Nacos fail, message: Could not initialize Logback Nacos logging from classpath:nacos-logback.xml
2025-02-13 17:04:39.465 [main] INFO  com.alibaba.nacos.client.naming - initializer namespace from ans.namespace attribute : null
2025-02-13 17:04:39.465 [main] INFO  com.alibaba.nacos.client.naming - initializer namespace from ALIBABA_ALIWARE_NAMESPACE attribute :null
2025-02-13 17:04:39.466 [main] INFO  com.alibaba.nacos.client.naming - initializer namespace from namespace attribute :null
2025-02-13 17:04:39.479 [main] INFO  com.alibaba.nacos.client.utils.ParamUtil - [settings] [req-serv] nacos-server port:8848
2025-02-13 17:04:39.479 [main] INFO  com.alibaba.nacos.client.utils.ParamUtil - [settings] [http-client] connect timeout:1000
2025-02-13 17:04:39.480 [main] INFO  com.alibaba.nacos.client.utils.ParamUtil - PER_TASK_CONFIG_SIZE: 3000.0
2025-02-13 17:04:39.482 [main] INFO  c.a.n.p.auth.spi.client.ClientAuthPluginManager - [ClientAuthPluginManager] Load ClientAuthService com.alibaba.nacos.client.auth.impl.NacosClientAuthServiceImpl success.
2025-02-13 17:04:39.482 [main] INFO  c.a.n.p.auth.spi.client.ClientAuthPluginManager - [ClientAuthPluginManager] Load ClientAuthService com.alibaba.nacos.client.auth.ram.RamClientAuthServiceImpl success.
2025-02-13 17:04:39.483 [main] INFO  c.a.n.client.auth.ram.identify.CredentialWatcher - null No credential found
2025-02-13 17:04:39.489 [main] INFO  com.alibaba.nacos.common.remote.client - [RpcClientFactory] create a new rpc client of eeb3724a-000a-41da-9710-a8b9228c9538
2025-02-13 17:04:39.499 [main] INFO  com.alibaba.nacos.common.remote.client - [eeb3724a-000a-41da-9710-a8b9228c9538] RpcClient init, ServerListFactory = com.alibaba.nacos.client.naming.core.ServerListManager
2025-02-13 17:04:39.499 [main] INFO  com.alibaba.nacos.common.remote.client - [eeb3724a-000a-41da-9710-a8b9228c9538] Registry connection listener to current client:com.alibaba.nacos.client.naming.remote.gprc.redo.NamingGrpcRedoService
2025-02-13 17:04:39.503 [main] INFO  com.alibaba.nacos.common.remote.client - [eeb3724a-000a-41da-9710-a8b9228c9538] Register server push request handler:com.alibaba.nacos.client.naming.remote.gprc.NamingPushRequestHandler
2025-02-13 17:04:39.504 [main] INFO  com.alibaba.nacos.common.remote.client - [eeb3724a-000a-41da-9710-a8b9228c9538] Try to connect to server on start up, server: {serverIp = '127.0.0.1', server main port = 8848}
2025-02-13 17:04:39.520 [main] INFO  c.a.nacos.common.remote.client.grpc.GrpcClient - grpc client connection server:127.0.0.1 ip,serverPort:9848,grpcTslConfig:{"sslProvider":"OPENSSL","enableTls":false,"mutualAuthEnable":false,"trustAll":false}
2025-02-13 17:04:40.267 [main] INFO  com.alibaba.nacos.common.remote.client - [eeb3724a-000a-41da-9710-a8b9228c9538] Success to connect to server [127.0.0.1:8848] on start up, connectionId = 1739437480023_172.17.0.1_56314
2025-02-13 17:04:40.267 [com.alibaba.nacos.client.remote.worker] INFO  com.alibaba.nacos.common.remote.client - [eeb3724a-000a-41da-9710-a8b9228c9538] Notify connected event to listeners.
2025-02-13 17:04:40.267 [com.alibaba.nacos.client.remote.worker] INFO  com.alibaba.nacos.client.naming - Grpc connection connect
2025-02-13 17:04:40.268 [main] INFO  com.alibaba.nacos.common.remote.client - [eeb3724a-000a-41da-9710-a8b9228c9538] Register server push request handler:com.alibaba.nacos.common.remote.client.RpcClient$ConnectResetRequestHandler
2025-02-13 17:04:40.268 [main] INFO  com.alibaba.nacos.common.remote.client - [eeb3724a-000a-41da-9710-a8b9228c9538] Register server push request handler:com.alibaba.nacos.common.remote.client.RpcClient$$Lambda$1291/0x0000021a149e9228
2025-02-13 17:04:40.268 [main] INFO  com.alibaba.nacos.client.naming - [REGISTER-SERVICE] xiaohashu registering service xiaohashu-comment with instance Instance{instanceId='null', ip='192.168.1.3', port=8093, weight=1.0, healthy=true, enabled=true, ephemeral=true, clusterName='DEFAULT', serviceName='null', metadata={IPv6=[240e:b65:571:db00:75c0:5437:baf6:caaa], preserved.register.source=SPRING_CLOUD}}
2025-02-13 17:04:40.278 [main] INFO  c.a.cloud.nacos.registry.NacosServiceRegistry - nacos registry, DEFAULT_GROUP xiaohashu-comment 192.168.1.3:8093 register finished
2025-02-13 17:04:40.383 [main] INFO  c.q.x.comment.biz.XiaohashuCommentBizApplication - Started XiaohashuCommentBizApplication in 7.983 seconds (process running for 9.887)
2025-02-13 17:05:43.940 [http-nio-8093-exec-1] INFO  o.a.c.core.ContainerBase.[Tomcat].[localhost].[/] - Initializing Spring DispatcherServlet 'dispatcherServlet'
2025-02-13 17:05:43.941 [http-nio-8093-exec-1] INFO  org.springframework.web.servlet.DispatcherServlet - Initializing Servlet 'dispatcherServlet'
2025-02-13 17:05:43.941 [http-nio-8093-exec-1] INFO  org.springframework.web.servlet.DispatcherServlet - Completed initialization in 0 ms
2025-02-13 17:05:43.945 [http-nio-8093-exec-1] INFO  c.q.f.b.context.filter.HeaderUserId2ContextFilter - ===== 设置 userId 到 ThreadLocal 中， 用户 ID: 27
2025-02-13 17:05:44.025 [http-nio-8093-exec-1] INFO  c.q.f.b.operationlog.aspect.ApiOperationLogAspect - ====== 请求开始: [删除评论], 入参: {"commentId":12002}, 请求类: CommentController, 请求方法: deleteComment =================================== 
2025-02-13 17:05:44.053 [http-nio-8093-exec-1] DEBUG c.q.x.c.b.d.m.CommentDOMapper.selectByPrimaryKey - ==>  Preparing: select id, note_id, user_id, content_uuid, is_content_empty, image_url, `level`, reply_total, like_total, parent_id, reply_comment_id, reply_user_id, is_top, create_time, update_time from t_comment where id = ?
2025-02-13 17:05:44.499 [http-nio-8093-exec-1] DEBUG c.q.x.c.b.d.m.CommentDOMapper.selectByPrimaryKey - ==> Parameters: 12002(Long)
2025-02-13 17:05:44.513 [http-nio-8093-exec-1] DEBUG c.q.x.c.b.d.m.CommentDOMapper.selectByPrimaryKey - <==      Total: 1
2025-02-13 17:05:44.518 [http-nio-8093-exec-1] DEBUG c.q.x.c.b.d.m.CommentDOMapper.deleteByPrimaryKey - ==>  Preparing: delete from t_comment where id = ?
2025-02-13 17:05:44.519 [http-nio-8093-exec-1] DEBUG c.q.x.c.b.d.m.CommentDOMapper.deleteByPrimaryKey - ==> Parameters: 12002(Long)
2025-02-13 17:05:44.522 [http-nio-8093-exec-1] DEBUG c.q.x.c.b.d.m.CommentDOMapper.deleteByPrimaryKey - <==    Updates: 1
2025-02-13 17:05:44.530 [http-nio-8093-exec-1] INFO  c.q.f.b.c.interceptor.FeignRequestInterceptor - ########## feign 请求设置请求头 userId: 27
2025-02-13 17:05:44.567 [http-nio-8093-exec-1] INFO  com.alibaba.nacos.client.naming - [SUBSCRIBE-SERVICE] service:xiaohashu-kv, group:DEFAULT_GROUP, clusters: 
2025-02-13 17:05:44.577 [http-nio-8093-exec-1] INFO  com.alibaba.nacos.client.naming - init new ips(1) service: DEFAULT_GROUP@@xiaohashu-kv -> [{"ip":"192.168.1.3","port":8084,"weight":1.0,"healthy":true,"enabled":true,"ephemeral":true,"clusterName":"DEFAULT","serviceName":"DEFAULT_GROUP@@xiaohashu-kv","metadata":{"preserved.register.source":"SPRING_CLOUD","IPv6":"[240e:b65:571:db00:75c0:5437:baf6:caaa]"},"ipDeleteTimeout":30000,"instanceHeartBeatInterval":5000,"instanceHeartBeatTimeOut":15000}]
2025-02-13 17:05:44.582 [http-nio-8093-exec-1] INFO  com.alibaba.nacos.client.naming - current ips:(1) service: DEFAULT_GROUP@@xiaohashu-kv -> [{"ip":"192.168.1.3","port":8084,"weight":1.0,"healthy":true,"enabled":true,"ephemeral":true,"clusterName":"DEFAULT","serviceName":"DEFAULT_GROUP@@xiaohashu-kv","metadata":{"preserved.register.source":"SPRING_CLOUD","IPv6":"[240e:b65:571:db00:75c0:5437:baf6:caaa]"},"ipDeleteTimeout":30000,"instanceHeartBeatInterval":5000,"instanceHeartBeatTimeOut":15000}]
2025-02-13 17:05:45.039 [http-nio-8093-exec-1] INFO  c.q.f.b.operationlog.aspect.ApiOperationLogAspect - ====== 请求结束: [删除评论], 耗时: 1015ms, 出参: {"success":true,"message":null,"errorCode":null,"data":null} =================================== 
2025-02-13 17:05:45.048 [http-nio-8093-exec-1] INFO  c.q.f.b.context.filter.HeaderUserId2ContextFilter - ===== 删除 ThreadLocal， userId: 27
2025-02-13 17:05:45.051 [NettyClientPublicExecutor_2] INFO  c.q.x.comment.biz.service.impl.CommentServiceImpl - ==> 【评论删除】MQ 发送成功，SendResult: SendResult [sendStatus=SEND_OK, msgId=7F00000111F063947C6B41776A530001, offsetMsgId=AC1AD00100002A9F00000000018E39F7, messageQueue=MessageQueue [topic=DeleteCommentTopic, brokerName=SK-20231010EQPS, queueId=3], queueOffset=5]
2025-02-13 17:05:45.051 [NettyClientPublicExecutor_1] INFO  c.q.x.comment.biz.service.impl.CommentServiceImpl - ==> 【删除评论详情本地缓存】MQ 发送成功，SendResult: SendResult [sendStatus=SEND_OK, msgId=7F00000111F063947C6B41776A530000, offsetMsgId=AC1AD00100002A9F00000000018E3C95, messageQueue=MessageQueue [topic=DeleteCommentDetailLocalCacheTopic, brokerName=SK-20231010EQPS, queueId=2], queueOffset=3]
2025-02-13 17:05:45.055 [ConsumeMessageThread_xiaohashu_group_DeleteCommentTopic_1] INFO  c.q.x.comment.biz.consumer.DeleteCommentConsumer - ## 【删除评论 - 后续业务处理】消费者消费成功, body: {"id":12002,"noteId":1862482047415615528,"userId":27,"contentUuid":"1a0748f8-2b56-4a3b-905a-efa18871b795","isContentEmpty":false,"imageUrl":"","level":1,"replyTotal":0,"likeTotal":0,"parentId":1862482047415615528,"replyCommentId":0,"replyUserId":0,"isTop":false,"createTime":"2024-12-31 16:58:39","updateTime":"2024-12-31 16:58:39","childCommentTotal":null,"firstReplyCommentId":null,"heat":null}
2025-02-13 17:05:45.057 [ConsumeMessageThread_xiaohashu_group_DeleteCommentDetailLocalCacheTopic_1] INFO  c.q.x.c.b.consumer.DeleteCommentLocalCacheConsumer - ## 消费者消费成功, commentId: 12002
2025-02-13 17:05:45.065 [ConsumeMessageThread_xiaohashu_group_DeleteCommentTopic_1] DEBUG c.q.x.c.b.d.m.CommentDOMapper.deleteByParentId - ==>  Preparing: delete from t_comment where parent_id = ?
2025-02-13 17:05:45.065 [ConsumeMessageThread_xiaohashu_group_DeleteCommentTopic_1] DEBUG c.q.x.c.b.d.m.CommentDOMapper.deleteByParentId - ==> Parameters: 12002(Long)
2025-02-13 17:05:45.068 [ConsumeMessageThread_xiaohashu_group_DeleteCommentTopic_1] DEBUG c.q.x.c.b.d.m.CommentDOMapper.deleteByParentId - <==    Updates: 0
2025-02-13 17:05:45.073 [ConsumeMessageThread_xiaohashu_group_DeleteCommentTopic_1] DEBUG c.q.x.c.b.d.m.N.updateCommentTotalByNoteId - ==>  Preparing: update t_note_count set comment_total = comment_total + ? where note_id = ?
2025-02-13 17:05:45.074 [ConsumeMessageThread_xiaohashu_group_DeleteCommentTopic_1] DEBUG c.q.x.c.b.d.m.N.updateCommentTotalByNoteId - ==> Parameters: -1(Integer), 1862482047415615528(Long)
2025-02-13 17:05:45.082 [ConsumeMessageThread_xiaohashu_group_DeleteCommentTopic_1] DEBUG c.q.x.c.b.d.m.N.updateCommentTotalByNoteId - <==    Updates: 1
2025-02-13 17:05:45.178 [nacos-grpc-client-executor-127.0.0.1-28] INFO  com.alibaba.nacos.common.remote.client - [eeb3724a-000a-41da-9710-a8b9228c9538] Receive server push request, request = NotifySubscriberRequest, requestId = 38
2025-02-13 17:05:45.179 [nacos-grpc-client-executor-127.0.0.1-28] INFO  com.alibaba.nacos.common.remote.client - [eeb3724a-000a-41da-9710-a8b9228c9538] Ack server push request, request = NotifySubscriberRequest, requestId = 38
