2025-03-13 21:30:54.993 [main] WARN  com.alibaba.nacos.client.logging.NacosLogging - Load Logback Configuration of Nacos fail, message: Could not initialize Logback Nacos logging from classpath:nacos-logback.xml
2025-03-13 21:30:55.041 [main] WARN  com.alibaba.nacos.client.logging.NacosLogging - Load Logback Configuration of Nacos fail, message: Could not initialize Logback Nacos logging from classpath:nacos-logback.xml
2025-03-13 21:30:55.284 [main] WARN  com.alibaba.nacos.client.logging.NacosLogging - Load Logback Configuration of Nacos fail, message: Could not initialize Logback Nacos logging from classpath:nacos-logback.xml
2025-03-13 21:30:55.291 [main] WARN  com.alibaba.nacos.client.logging.NacosLogging - Load Logback Configuration of Nacos fail, message: Could not initialize Logback Nacos logging from classpath:nacos-logback.xml
2025-03-13 21:30:55.292 [main] INFO  c.q.x.count.biz.XiaohashuCountBizApplication - The following 1 profile is active: "dev"
2025-03-13 21:30:55.644 [main] INFO  o.s.d.r.config.RepositoryConfigurationDelegate - Multiple Spring Data modules found, entering strict repository configuration mode
2025-03-13 21:30:55.646 [main] INFO  o.s.d.r.config.RepositoryConfigurationDelegate - Bootstrapping Spring Data Redis repositories in DEFAULT mode.
2025-03-13 21:30:55.660 [main] INFO  o.s.d.r.config.RepositoryConfigurationDelegate - Finished Spring Data repository scanning in 5 ms. Found 0 Redis repository interfaces.
2025-03-13 21:30:55.821 [main] INFO  o.springframework.cloud.context.scope.GenericScope - BeanFactory id=181d0824-637f-3d72-98f5-2072a1008f82
2025-03-13 21:30:55.986 [main] INFO  o.s.c.s.PostProcessorRegistrationDelegate$BeanPostProcessorChecker - Bean 'org.apache.rocketmq.spring.autoconfigure.MessageConverterConfiguration' of type [org.apache.rocketmq.spring.autoconfigure.MessageConverterConfiguration$$SpringCGLIB$$0] is not eligible for getting processed by all BeanPostProcessors (for example: not eligible for auto-proxying)
2025-03-13 21:30:56.021 [main] INFO  o.s.c.s.PostProcessorRegistrationDelegate$BeanPostProcessorChecker - Bean 'createRocketMQMessageConverter' of type [org.apache.rocketmq.spring.support.RocketMQMessageConverter] is not eligible for getting processed by all BeanPostProcessors (for example: not eligible for auto-proxying)
2025-03-13 21:30:56.023 [main] INFO  o.s.c.s.PostProcessorRegistrationDelegate$BeanPostProcessorChecker - Bean 'org.springframework.cloud.commons.config.CommonsConfigAutoConfiguration' of type [org.springframework.cloud.commons.config.CommonsConfigAutoConfiguration] is not eligible for getting processed by all BeanPostProcessors (for example: not eligible for auto-proxying)
2025-03-13 21:30:56.025 [main] INFO  o.s.c.s.PostProcessorRegistrationDelegate$BeanPostProcessorChecker - Bean 'org.springframework.cloud.client.loadbalancer.LoadBalancerDefaultMappingsProviderAutoConfiguration' of type [org.springframework.cloud.client.loadbalancer.LoadBalancerDefaultMappingsProviderAutoConfiguration] is not eligible for getting processed by all BeanPostProcessors (for example: not eligible for auto-proxying)
2025-03-13 21:30:56.025 [main] INFO  o.s.c.s.PostProcessorRegistrationDelegate$BeanPostProcessorChecker - Bean 'loadBalancerClientsDefaultsMappingsProvider' of type [org.springframework.cloud.client.loadbalancer.LoadBalancerDefaultMappingsProviderAutoConfiguration$$Lambda$721/0x00000157a751a848] is not eligible for getting processed by all BeanPostProcessors (for example: not eligible for auto-proxying)
2025-03-13 21:30:56.026 [main] INFO  o.s.c.s.PostProcessorRegistrationDelegate$BeanPostProcessorChecker - Bean 'defaultsBindHandlerAdvisor' of type [org.springframework.cloud.commons.config.DefaultsBindHandlerAdvisor] is not eligible for getting processed by all BeanPostProcessors (for example: not eligible for auto-proxying)
2025-03-13 21:30:56.032 [main] INFO  o.s.c.s.PostProcessorRegistrationDelegate$BeanPostProcessorChecker - Bean 'rocketmq-org.apache.rocketmq.spring.autoconfigure.RocketMQProperties' of type [org.apache.rocketmq.spring.autoconfigure.RocketMQProperties] is not eligible for getting processed by all BeanPostProcessors (for example: not eligible for auto-proxying)
2025-03-13 21:30:56.033 [main] INFO  o.s.c.s.PostProcessorRegistrationDelegate$BeanPostProcessorChecker - Bean 'org.apache.rocketmq.spring.autoconfigure.ListenerContainerConfiguration' of type [org.apache.rocketmq.spring.autoconfigure.ListenerContainerConfiguration$$SpringCGLIB$$0] is not eligible for getting processed by all BeanPostProcessors (for example: not eligible for auto-proxying)
2025-03-13 21:30:56.174 [main] INFO  o.s.boot.web.embedded.tomcat.TomcatWebServer - Tomcat initialized with port(s): 8090 (http)
2025-03-13 21:30:56.181 [main] INFO  org.apache.catalina.core.StandardService - Starting service [Tomcat]
2025-03-13 21:30:56.181 [main] INFO  org.apache.catalina.core.StandardEngine - Starting Servlet engine: [Apache Tomcat/10.1.5]
2025-03-13 21:30:56.229 [main] INFO  o.a.c.core.ContainerBase.[Tomcat].[localhost].[/] - Initializing Spring embedded WebApplicationContext
2025-03-13 21:30:56.229 [main] INFO  o.s.b.w.s.c.ServletWebServerApplicationContext - Root WebApplicationContext: initialization completed in 930 ms
2025-03-13 21:30:56.281 [main] INFO  c.a.d.s.b.a.DruidDataSourceAutoConfigure - Init DruidDataSource
2025-03-13 21:30:56.466 [main] INFO  com.alibaba.druid.pool.DruidDataSource - {dataSource-1} inited
2025-03-13 21:30:56.791 [main] INFO  o.a.r.s.support.DefaultRocketMQListenerContainer - running container: DefaultRocketMQListenerContainer{consumerGroup='xiaohashu_group_CountCommentLike2DBTTopic', namespace='', nameServer='127.0.0.1:9876', topic='CountCommentLike2DBTTopic', consumeMode=CONCURRENTLY, selectorType=TAG, selectorExpression='*', messageModel=CLUSTERING', tlsEnable=false, instanceName=DEFAULT}
2025-03-13 21:30:56.792 [main] INFO  o.a.r.s.a.ListenerContainerConfiguration - Register the listener to container, listenerBeanName:countCommentLike2DBConsumer, containerBeanName:org.apache.rocketmq.spring.support.DefaultRocketMQListenerContainer_1
2025-03-13 21:30:56.934 [main] INFO  o.a.r.s.autoconfigure.RocketMQAutoConfiguration - a producer (xiaohashu_group) init on namesrv 127.0.0.1:9876
2025-03-13 21:30:56.978 [main] INFO  o.a.r.s.support.DefaultRocketMQListenerContainer - running container: DefaultRocketMQListenerContainer{consumerGroup='xiaohashu_group_count_CommentLikeUnlikeTopic', namespace='', nameServer='127.0.0.1:9876', topic='CommentLikeUnlikeTopic', consumeMode=CONCURRENTLY, selectorType=TAG, selectorExpression='*', messageModel=CLUSTERING', tlsEnable=false, instanceName=DEFAULT}
2025-03-13 21:30:56.978 [main] INFO  o.a.r.s.a.ListenerContainerConfiguration - Register the listener to container, listenerBeanName:countCommentLikeConsumer, containerBeanName:org.apache.rocketmq.spring.support.DefaultRocketMQListenerContainer_2
2025-03-13 21:30:57.009 [main] INFO  o.a.r.s.support.DefaultRocketMQListenerContainer - running container: DefaultRocketMQListenerContainer{consumerGroup='xiaohashu_group_CountFans2DBTopic', namespace='', nameServer='127.0.0.1:9876', topic='CountFans2DBTopic', consumeMode=CONCURRENTLY, selectorType=TAG, selectorExpression='*', messageModel=CLUSTERING', tlsEnable=false, instanceName=DEFAULT}
2025-03-13 21:30:57.009 [main] INFO  o.a.r.s.a.ListenerContainerConfiguration - Register the listener to container, listenerBeanName:countFans2DBConsumer, containerBeanName:org.apache.rocketmq.spring.support.DefaultRocketMQListenerContainer_3
2025-03-13 21:30:57.036 [main] INFO  o.a.r.s.support.DefaultRocketMQListenerContainer - running container: DefaultRocketMQListenerContainer{consumerGroup='xiaohashu_group_CountFansTopic', namespace='', nameServer='127.0.0.1:9876', topic='CountFansTopic', consumeMode=CONCURRENTLY, selectorType=TAG, selectorExpression='*', messageModel=CLUSTERING', tlsEnable=false, instanceName=DEFAULT}
2025-03-13 21:30:57.036 [main] INFO  o.a.r.s.a.ListenerContainerConfiguration - Register the listener to container, listenerBeanName:countFansConsumer, containerBeanName:org.apache.rocketmq.spring.support.DefaultRocketMQListenerContainer_4
2025-03-13 21:30:57.063 [main] INFO  o.a.r.s.support.DefaultRocketMQListenerContainer - running container: DefaultRocketMQListenerContainer{consumerGroup='xiaohashu_group_CountFollowing2DBTopic', namespace='', nameServer='127.0.0.1:9876', topic='CountFollowing2DBTopic', consumeMode=CONCURRENTLY, selectorType=TAG, selectorExpression='*', messageModel=CLUSTERING', tlsEnable=false, instanceName=DEFAULT}
2025-03-13 21:30:57.063 [main] INFO  o.a.r.s.a.ListenerContainerConfiguration - Register the listener to container, listenerBeanName:countFollowing2DBConsumer, containerBeanName:org.apache.rocketmq.spring.support.DefaultRocketMQListenerContainer_5
2025-03-13 21:30:57.090 [main] INFO  o.a.r.s.support.DefaultRocketMQListenerContainer - running container: DefaultRocketMQListenerContainer{consumerGroup='xiaohashu_group_CountFollowingTopic', namespace='', nameServer='127.0.0.1:9876', topic='CountFollowingTopic', consumeMode=CONCURRENTLY, selectorType=TAG, selectorExpression='*', messageModel=CLUSTERING', tlsEnable=false, instanceName=DEFAULT}
2025-03-13 21:30:57.090 [main] INFO  o.a.r.s.a.ListenerContainerConfiguration - Register the listener to container, listenerBeanName:countFollowingConsumer, containerBeanName:org.apache.rocketmq.spring.support.DefaultRocketMQListenerContainer_6
2025-03-13 21:30:57.115 [main] INFO  o.a.r.s.support.DefaultRocketMQListenerContainer - running container: DefaultRocketMQListenerContainer{consumerGroup='xiaohashu_group_child_comment_totalCountNoteCommentTopic', namespace='', nameServer='127.0.0.1:9876', topic='CountNoteCommentTopic', consumeMode=CONCURRENTLY, selectorType=TAG, selectorExpression='*', messageModel=CLUSTERING', tlsEnable=false, instanceName=DEFAULT}
2025-03-13 21:30:57.116 [main] INFO  o.a.r.s.a.ListenerContainerConfiguration - Register the listener to container, listenerBeanName:countNoteChildCommentConsumer, containerBeanName:org.apache.rocketmq.spring.support.DefaultRocketMQListenerContainer_7
2025-03-13 21:30:57.150 [main] INFO  o.a.r.s.support.DefaultRocketMQListenerContainer - running container: DefaultRocketMQListenerContainer{consumerGroup='xiaohashu_group_CountNoteCollect2DBTTopic', namespace='', nameServer='127.0.0.1:9876', topic='CountNoteCollect2DBTTopic', consumeMode=CONCURRENTLY, selectorType=TAG, selectorExpression='*', messageModel=CLUSTERING', tlsEnable=false, instanceName=DEFAULT}
2025-03-13 21:30:57.150 [main] INFO  o.a.r.s.a.ListenerContainerConfiguration - Register the listener to container, listenerBeanName:countNoteCollect2DBConsumer, containerBeanName:org.apache.rocketmq.spring.support.DefaultRocketMQListenerContainer_8
2025-03-13 21:30:57.173 [main] INFO  o.a.r.s.support.DefaultRocketMQListenerContainer - running container: DefaultRocketMQListenerContainer{consumerGroup='xiaohashu_group_CountNoteCollectTopic', namespace='', nameServer='127.0.0.1:9876', topic='CountNoteCollectTopic', consumeMode=CONCURRENTLY, selectorType=TAG, selectorExpression='*', messageModel=CLUSTERING', tlsEnable=false, instanceName=DEFAULT}
2025-03-13 21:30:57.174 [main] INFO  o.a.r.s.a.ListenerContainerConfiguration - Register the listener to container, listenerBeanName:countNoteCollectConsumer, containerBeanName:org.apache.rocketmq.spring.support.DefaultRocketMQListenerContainer_9
2025-03-13 21:30:57.201 [main] INFO  o.a.r.s.support.DefaultRocketMQListenerContainer - running container: DefaultRocketMQListenerContainer{consumerGroup='xiaohashu_group_CountNoteCommentTopic', namespace='', nameServer='127.0.0.1:9876', topic='CountNoteCommentTopic', consumeMode=CONCURRENTLY, selectorType=TAG, selectorExpression='*', messageModel=CLUSTERING', tlsEnable=false, instanceName=DEFAULT}
2025-03-13 21:30:57.201 [main] INFO  o.a.r.s.a.ListenerContainerConfiguration - Register the listener to container, listenerBeanName:countNoteCommentConsumer, containerBeanName:org.apache.rocketmq.spring.support.DefaultRocketMQListenerContainer_10
2025-03-13 21:30:57.231 [main] INFO  o.a.r.s.support.DefaultRocketMQListenerContainer - running container: DefaultRocketMQListenerContainer{consumerGroup='xiaohashu_group_CountNoteLike2DBTTopic', namespace='', nameServer='127.0.0.1:9876', topic='CountNoteLike2DBTTopic', consumeMode=CONCURRENTLY, selectorType=TAG, selectorExpression='*', messageModel=CLUSTERING', tlsEnable=false, instanceName=DEFAULT}
2025-03-13 21:30:57.231 [main] INFO  o.a.r.s.a.ListenerContainerConfiguration - Register the listener to container, listenerBeanName:countNoteLike2DBConsumer, containerBeanName:org.apache.rocketmq.spring.support.DefaultRocketMQListenerContainer_11
2025-03-13 21:30:57.260 [main] INFO  o.a.r.s.support.DefaultRocketMQListenerContainer - running container: DefaultRocketMQListenerContainer{consumerGroup='xiaohashu_group_CountNoteLikeTopic', namespace='', nameServer='127.0.0.1:9876', topic='CountNoteLikeTopic', consumeMode=CONCURRENTLY, selectorType=TAG, selectorExpression='*', messageModel=CLUSTERING', tlsEnable=false, instanceName=DEFAULT}
2025-03-13 21:30:57.260 [main] INFO  o.a.r.s.a.ListenerContainerConfiguration - Register the listener to container, listenerBeanName:countNoteLikeConsumer, containerBeanName:org.apache.rocketmq.spring.support.DefaultRocketMQListenerContainer_12
2025-03-13 21:30:57.290 [main] INFO  o.a.r.s.support.DefaultRocketMQListenerContainer - running container: DefaultRocketMQListenerContainer{consumerGroup='xiaohashu_group_NoteOperateTopic', namespace='', nameServer='127.0.0.1:9876', topic='NoteOperateTopic', consumeMode=CONCURRENTLY, selectorType=TAG, selectorExpression='*', messageModel=CLUSTERING', tlsEnable=false, instanceName=DEFAULT}
2025-03-13 21:30:57.290 [main] INFO  o.a.r.s.a.ListenerContainerConfiguration - Register the listener to container, listenerBeanName:countNotePublishConsumer, containerBeanName:org.apache.rocketmq.spring.support.DefaultRocketMQListenerContainer_13
2025-03-13 21:30:57.795 [main] WARN  o.s.c.l.c.LoadBalancerCacheAutoConfiguration$LoadBalancerCaffeineWarnLogger - Spring Cloud LoadBalancer is currently working with the default cache. While this cache implementation is useful for development and tests, it's recommended to use Caffeine cache in production.You can switch to using Caffeine cache, by adding it and org.springframework.cache.caffeine.CaffeineCacheManager to the classpath.
2025-03-13 21:30:57.863 [main] INFO  o.s.boot.web.embedded.tomcat.TomcatWebServer - Tomcat started on port(s): 8090 (http) with context path ''
2025-03-13 21:30:57.870 [main] WARN  com.alibaba.nacos.client.logging.NacosLogging - Load Logback Configuration of Nacos fail, message: Could not initialize Logback Nacos logging from classpath:nacos-logback.xml
2025-03-13 21:30:57.870 [main] INFO  com.alibaba.nacos.client.naming - initializer namespace from ans.namespace attribute : null
2025-03-13 21:30:57.871 [main] INFO  com.alibaba.nacos.client.naming - initializer namespace from ALIBABA_ALIWARE_NAMESPACE attribute :null
2025-03-13 21:30:57.871 [main] INFO  com.alibaba.nacos.client.naming - initializer namespace from namespace attribute :null
2025-03-13 21:30:57.892 [main] INFO  com.alibaba.nacos.client.utils.ParamUtil - [settings] [req-serv] nacos-server port:8848
2025-03-13 21:30:57.892 [main] INFO  com.alibaba.nacos.client.utils.ParamUtil - [settings] [http-client] connect timeout:1000
2025-03-13 21:30:57.893 [main] INFO  com.alibaba.nacos.client.utils.ParamUtil - PER_TASK_CONFIG_SIZE: 3000.0
2025-03-13 21:30:57.896 [main] INFO  c.a.n.p.auth.spi.client.ClientAuthPluginManager - [ClientAuthPluginManager] Load ClientAuthService com.alibaba.nacos.client.auth.impl.NacosClientAuthServiceImpl success.
2025-03-13 21:30:57.896 [main] INFO  c.a.n.p.auth.spi.client.ClientAuthPluginManager - [ClientAuthPluginManager] Load ClientAuthService com.alibaba.nacos.client.auth.ram.RamClientAuthServiceImpl success.
2025-03-13 21:30:57.901 [main] INFO  c.a.n.client.auth.ram.identify.CredentialWatcher - null No credential found
2025-03-13 21:30:57.912 [main] INFO  com.alibaba.nacos.common.remote.client - [RpcClientFactory] create a new rpc client of 9ea7aae8-dd4b-4970-93a9-62fd5b4d59f7
2025-03-13 21:30:57.926 [main] INFO  com.alibaba.nacos.common.remote.client - [9ea7aae8-dd4b-4970-93a9-62fd5b4d59f7] RpcClient init, ServerListFactory = com.alibaba.nacos.client.naming.core.ServerListManager
2025-03-13 21:30:57.926 [main] INFO  com.alibaba.nacos.common.remote.client - [9ea7aae8-dd4b-4970-93a9-62fd5b4d59f7] Registry connection listener to current client:com.alibaba.nacos.client.naming.remote.gprc.redo.NamingGrpcRedoService
2025-03-13 21:30:57.926 [main] INFO  com.alibaba.nacos.common.remote.client - [9ea7aae8-dd4b-4970-93a9-62fd5b4d59f7] Register server push request handler:com.alibaba.nacos.client.naming.remote.gprc.NamingPushRequestHandler
2025-03-13 21:30:57.928 [main] INFO  com.alibaba.nacos.common.remote.client - [9ea7aae8-dd4b-4970-93a9-62fd5b4d59f7] Try to connect to server on start up, server: {serverIp = '127.0.0.1', server main port = 8848}
2025-03-13 21:30:57.949 [main] INFO  c.a.nacos.common.remote.client.grpc.GrpcClient - grpc client connection server:127.0.0.1 ip,serverPort:9848,grpcTslConfig:{"sslProvider":"OPENSSL","enableTls":false,"mutualAuthEnable":false,"trustAll":false}
2025-03-13 21:30:58.582 [main] INFO  com.alibaba.nacos.common.remote.client - [9ea7aae8-dd4b-4970-93a9-62fd5b4d59f7] Success to connect to server [127.0.0.1:8848] on start up, connectionId = 1741872658424_172.17.0.1_49112
2025-03-13 21:30:58.582 [com.alibaba.nacos.client.remote.worker] INFO  com.alibaba.nacos.common.remote.client - [9ea7aae8-dd4b-4970-93a9-62fd5b4d59f7] Notify connected event to listeners.
2025-03-13 21:30:58.582 [com.alibaba.nacos.client.remote.worker] INFO  com.alibaba.nacos.client.naming - Grpc connection connect
2025-03-13 21:30:58.583 [main] INFO  com.alibaba.nacos.common.remote.client - [9ea7aae8-dd4b-4970-93a9-62fd5b4d59f7] Register server push request handler:com.alibaba.nacos.common.remote.client.RpcClient$ConnectResetRequestHandler
2025-03-13 21:30:58.583 [main] INFO  com.alibaba.nacos.common.remote.client - [9ea7aae8-dd4b-4970-93a9-62fd5b4d59f7] Register server push request handler:com.alibaba.nacos.common.remote.client.RpcClient$$Lambda$1256/0x00000157a799f088
2025-03-13 21:30:58.584 [main] INFO  com.alibaba.nacos.client.naming - [REGISTER-SERVICE] xiaohashu registering service xiaohashu-count with instance Instance{instanceId='null', ip='192.168.1.3', port=8090, weight=1.0, healthy=true, enabled=true, ephemeral=true, clusterName='DEFAULT', serviceName='null', metadata={IPv6=[240e:b67:57c:f900:d201:1993:7c8f:60be], preserved.register.source=SPRING_CLOUD}}
2025-03-13 21:30:58.593 [main] INFO  c.a.cloud.nacos.registry.NacosServiceRegistry - nacos registry, DEFAULT_GROUP xiaohashu-count 192.168.1.3:8090 register finished
2025-03-13 21:30:58.678 [main] INFO  c.q.x.count.biz.XiaohashuCountBizApplication - Started XiaohashuCountBizApplication in 4.079 seconds (process running for 4.369)
2025-03-13 21:31:00.127 [http-nio-8090-exec-1] INFO  o.a.c.core.ContainerBase.[Tomcat].[localhost].[/] - Initializing Spring DispatcherServlet 'dispatcherServlet'
2025-03-13 21:31:00.127 [http-nio-8090-exec-1] INFO  org.springframework.web.servlet.DispatcherServlet - Initializing Servlet 'dispatcherServlet'
2025-03-13 21:31:00.128 [http-nio-8090-exec-1] INFO  org.springframework.web.servlet.DispatcherServlet - Completed initialization in 1 ms
2025-03-13 21:31:00.185 [http-nio-8090-exec-1] INFO  c.q.f.b.operationlog.aspect.ApiOperationLogAspect - ====== 请求开始: [获取笔记计数数据], 入参: {"noteId":1898735824736878673}, 请求类: NoteCountController, 请求方法: findNoteCountData =================================== 
2025-03-13 21:31:00.201 [http-nio-8090-exec-1] DEBUG c.q.x.c.b.d.m.NoteCountDOMapper.selectByNoteId - ==>  Preparing: select note_id, like_total, collect_total, comment_total from t_note_count where note_id = ?
2025-03-13 21:31:00.291 [http-nio-8090-exec-1] DEBUG c.q.x.c.b.d.m.NoteCountDOMapper.selectByNoteId - ==> Parameters: 1898735824736878673(Long)
2025-03-13 21:31:00.301 [http-nio-8090-exec-1] DEBUG c.q.x.c.b.d.m.NoteCountDOMapper.selectByNoteId - <==      Total: 0
2025-03-13 21:31:00.303 [http-nio-8090-exec-1] INFO  c.q.f.b.operationlog.aspect.ApiOperationLogAspect - ====== 请求结束: [获取笔记计数数据], 耗时: 118ms, 出参: {"success":true,"message":null,"errorCode":null,"data":{"noteId":1898735824736878673,"likeTotal":0,"collectTotal":0,"commentTotal":0}} =================================== 
2025-03-13 21:31:02.695 [http-nio-8090-exec-2] INFO  c.q.f.b.operationlog.aspect.ApiOperationLogAspect - ====== 请求开始: [获取笔记计数数据], 入参: {"noteId":1898696866707537987}, 请求类: NoteCountController, 请求方法: findNoteCountData =================================== 
2025-03-13 21:31:02.696 [http-nio-8090-exec-2] DEBUG c.q.x.c.b.d.m.NoteCountDOMapper.selectByNoteId - ==>  Preparing: select note_id, like_total, collect_total, comment_total from t_note_count where note_id = ?
2025-03-13 21:31:02.696 [http-nio-8090-exec-2] DEBUG c.q.x.c.b.d.m.NoteCountDOMapper.selectByNoteId - ==> Parameters: 1898696866707537987(Long)
2025-03-13 21:31:02.700 [http-nio-8090-exec-2] DEBUG c.q.x.c.b.d.m.NoteCountDOMapper.selectByNoteId - <==      Total: 1
2025-03-13 21:31:02.700 [http-nio-8090-exec-2] INFO  c.q.f.b.operationlog.aspect.ApiOperationLogAspect - ====== 请求结束: [获取笔记计数数据], 耗时: 5ms, 出参: {"success":true,"message":null,"errorCode":null,"data":{"noteId":1898696866707537987,"likeTotal":1,"collectTotal":0,"commentTotal":0}} =================================== 
2025-03-13 21:31:04.176 [http-nio-8090-exec-3] INFO  c.q.f.b.operationlog.aspect.ApiOperationLogAspect - ====== 请求开始: [获取笔记计数数据], 入参: {"noteId":1897973570584182824}, 请求类: NoteCountController, 请求方法: findNoteCountData =================================== 
2025-03-13 21:31:04.176 [http-nio-8090-exec-3] DEBUG c.q.x.c.b.d.m.NoteCountDOMapper.selectByNoteId - ==>  Preparing: select note_id, like_total, collect_total, comment_total from t_note_count where note_id = ?
2025-03-13 21:31:04.177 [http-nio-8090-exec-3] DEBUG c.q.x.c.b.d.m.NoteCountDOMapper.selectByNoteId - ==> Parameters: 1897973570584182824(Long)
2025-03-13 21:31:04.179 [http-nio-8090-exec-3] DEBUG c.q.x.c.b.d.m.NoteCountDOMapper.selectByNoteId - <==      Total: 1
2025-03-13 21:31:04.179 [http-nio-8090-exec-3] INFO  c.q.f.b.operationlog.aspect.ApiOperationLogAspect - ====== 请求结束: [获取笔记计数数据], 耗时: 4ms, 出参: {"success":true,"message":null,"errorCode":null,"data":{"noteId":1897973570584182824,"likeTotal":1,"collectTotal":0,"commentTotal":0}} =================================== 
2025-03-13 21:31:12.268 [http-nio-8090-exec-6] INFO  c.q.f.b.operationlog.aspect.ApiOperationLogAspect - ====== 请求开始: [获取笔记计数数据], 入参: {"noteId":1897969581448757248}, 请求类: NoteCountController, 请求方法: findNoteCountData =================================== 
2025-03-13 21:31:12.269 [http-nio-8090-exec-6] DEBUG c.q.x.c.b.d.m.NoteCountDOMapper.selectByNoteId - ==>  Preparing: select note_id, like_total, collect_total, comment_total from t_note_count where note_id = ?
2025-03-13 21:31:12.270 [http-nio-8090-exec-6] DEBUG c.q.x.c.b.d.m.NoteCountDOMapper.selectByNoteId - ==> Parameters: 1897969581448757248(Long)
2025-03-13 21:31:12.271 [http-nio-8090-exec-6] DEBUG c.q.x.c.b.d.m.NoteCountDOMapper.selectByNoteId - <==      Total: 0
2025-03-13 21:31:12.272 [http-nio-8090-exec-6] INFO  c.q.f.b.operationlog.aspect.ApiOperationLogAspect - ====== 请求结束: [获取笔记计数数据], 耗时: 4ms, 出参: {"success":true,"message":null,"errorCode":null,"data":{"noteId":1897969581448757248,"likeTotal":0,"collectTotal":0,"commentTotal":0}} =================================== 
2025-03-13 21:32:17.075 [http-nio-8090-exec-5] INFO  c.q.f.b.context.filter.HeaderUserId2ContextFilter - ===== 设置 userId 到 ThreadLocal 中， 用户 ID: 2100
2025-03-13 21:32:17.079 [http-nio-8090-exec-5] INFO  c.q.f.b.operationlog.aspect.ApiOperationLogAspect - ====== 请求开始: [获取用户计数数据], 入参: {"userId":2100}, 请求类: UserCountController, 请求方法: findUserCountData =================================== 
2025-03-13 21:32:17.081 [http-nio-8090-exec-5] DEBUG c.q.x.c.b.d.m.UserCountDOMapper.selectByUserId - ==>  Preparing: select id, user_id, fans_total, following_total, note_total, like_total, collect_total from t_user_count where user_id = ? limit 1
2025-03-13 21:32:17.082 [http-nio-8090-exec-5] DEBUG c.q.x.c.b.d.m.UserCountDOMapper.selectByUserId - ==> Parameters: 2100(Long)
2025-03-13 21:32:17.085 [http-nio-8090-exec-5] DEBUG c.q.x.c.b.d.m.UserCountDOMapper.selectByUserId - <==      Total: 1
2025-03-13 21:32:17.086 [http-nio-8090-exec-5] INFO  c.q.f.b.operationlog.aspect.ApiOperationLogAspect - ====== 请求结束: [获取用户计数数据], 耗时: 6ms, 出参: {"success":true,"message":null,"errorCode":null,"data":{"userId":2100,"fansTotal":3,"followingTotal":4,"noteTotal":14,"likeTotal":9,"collectTotal":5}} =================================== 
2025-03-13 21:32:17.086 [http-nio-8090-exec-5] INFO  c.q.f.b.context.filter.HeaderUserId2ContextFilter - ===== 删除 ThreadLocal， userId: 2100
2025-03-13 21:32:20.623 [pool-batch-consume-blocking-queue-thread-0] INFO  c.q.x.count.biz.consumer.CountNoteLikeConsumer - ==> 【笔记点赞数】聚合消息, size: 2
2025-03-13 21:32:20.624 [pool-batch-consume-blocking-queue-thread-0] INFO  c.q.x.count.biz.consumer.CountNoteLikeConsumer - ==> 【笔记点赞数】聚合消息, ["{\"userId\":2100,\"noteId\":1898696866707537987,\"type\":1,\"noteCreatorId\":4103,\"createTime\":\"2025-03-13 21:32:19\"}","{\"userId\":2100,\"noteId\":1898696866707537987,\"type\":0,\"noteCreatorId\":4103,\"createTime\":\"2025-03-13 21:32:20\"}"]
2025-03-13 21:32:20.631 [pool-batch-consume-blocking-queue-thread-0] INFO  c.q.x.count.biz.consumer.CountNoteLikeConsumer - ## 【笔记点赞数】聚合后的计数数据: [{"creatorId":4103,"noteId":1898696866707537987,"count":0}]
2025-03-13 21:32:20.891 [NettyClientPublicExecutor_1] INFO  c.q.x.count.biz.consumer.CountNoteLikeConsumer - ==> 【计数服务：笔记点赞数入库】MQ 发送成功，SendResult: SendResult [sendStatus=SEND_OK, msgId=7F0000012FD463947C6B426B7E160000, offsetMsgId=AC1B600100002A9F000000000001C687, messageQueue=MessageQueue [topic=CountNoteLike2DBTTopic, brokerName=SK-20231010EQPS, queueId=1], queueOffset=9]
2025-03-13 21:32:20.900 [ConsumeMessageThread_xiaohashu_group_CountNoteLike2DBTTopic_1] INFO  c.q.x.count.biz.consumer.CountNoteLike2DBConsumer - ## 消费到了 MQ 【计数: 笔记点赞数入库】, [{"creatorId":4103,"noteId":1898696866707537987,"count":0}]...
2025-03-13 21:32:20.910 [ConsumeMessageThread_xiaohashu_group_CountNoteLike2DBTTopic_1] DEBUG c.q.x.c.b.d.m.N.insertOrUpdateLikeTotalByNoteId - ==>  Preparing: INSERT INTO t_note_count (note_id, like_total) VALUES (?, ?) ON DUPLICATE KEY UPDATE like_total = like_total + (?);
2025-03-13 21:32:21.016 [ConsumeMessageThread_xiaohashu_group_CountNoteLike2DBTTopic_1] DEBUG c.q.x.c.b.d.m.N.insertOrUpdateLikeTotalByNoteId - ==> Parameters: 1898696866707537987(Long), 0(Integer), 0(Integer)
2025-03-13 21:32:21.019 [ConsumeMessageThread_xiaohashu_group_CountNoteLike2DBTTopic_1] DEBUG c.q.x.c.b.d.m.N.insertOrUpdateLikeTotalByNoteId - <==    Updates: 1
2025-03-13 21:32:21.020 [ConsumeMessageThread_xiaohashu_group_CountNoteLike2DBTTopic_1] DEBUG c.q.x.c.b.d.m.U.insertOrUpdateLikeTotalByUserId - ==>  Preparing: INSERT INTO t_user_count (user_id, like_total) VALUES (?, ?) ON DUPLICATE KEY UPDATE like_total = like_total + (?);
2025-03-13 21:32:21.020 [ConsumeMessageThread_xiaohashu_group_CountNoteLike2DBTTopic_1] DEBUG c.q.x.c.b.d.m.U.insertOrUpdateLikeTotalByUserId - ==> Parameters: 4103(Long), 0(Integer), 0(Integer)
2025-03-13 21:32:21.022 [ConsumeMessageThread_xiaohashu_group_CountNoteLike2DBTTopic_1] DEBUG c.q.x.c.b.d.m.U.insertOrUpdateLikeTotalByUserId - <==    Updates: 1
2025-03-13 21:32:21.897 [pool-batch-consume-blocking-queue-thread-0] INFO  c.q.x.count.biz.consumer.CountNoteLikeConsumer - ==> 【笔记点赞数】聚合消息, size: 1
2025-03-13 21:32:21.897 [pool-batch-consume-blocking-queue-thread-0] INFO  c.q.x.count.biz.consumer.CountNoteLikeConsumer - ==> 【笔记点赞数】聚合消息, ["{\"userId\":2100,\"noteId\":1898696866707537987,\"type\":1,\"noteCreatorId\":4103,\"createTime\":\"2025-03-13 21:32:21\"}"]
2025-03-13 21:32:21.898 [pool-batch-consume-blocking-queue-thread-0] INFO  c.q.x.count.biz.consumer.CountNoteLikeConsumer - ## 【笔记点赞数】聚合后的计数数据: [{"creatorId":4103,"noteId":1898696866707537987,"count":1}]
2025-03-13 21:32:21.905 [NettyClientPublicExecutor_2] INFO  c.q.x.count.biz.consumer.CountNoteLikeConsumer - ==> 【计数服务：笔记点赞数入库】MQ 发送成功，SendResult: SendResult [sendStatus=SEND_OK, msgId=7F0000012FD463947C6B426B82100001, offsetMsgId=AC1B600100002A9F000000000001CADD, messageQueue=MessageQueue [topic=CountNoteLike2DBTTopic, brokerName=SK-20231010EQPS, queueId=2], queueOffset=6]
2025-03-13 21:32:21.914 [ConsumeMessageThread_xiaohashu_group_CountNoteLike2DBTTopic_2] INFO  c.q.x.count.biz.consumer.CountNoteLike2DBConsumer - ## 消费到了 MQ 【计数: 笔记点赞数入库】, [{"creatorId":4103,"noteId":1898696866707537987,"count":1}]...
2025-03-13 21:32:21.916 [ConsumeMessageThread_xiaohashu_group_CountNoteLike2DBTTopic_2] DEBUG c.q.x.c.b.d.m.N.insertOrUpdateLikeTotalByNoteId - ==>  Preparing: INSERT INTO t_note_count (note_id, like_total) VALUES (?, ?) ON DUPLICATE KEY UPDATE like_total = like_total + (?);
2025-03-13 21:32:21.917 [ConsumeMessageThread_xiaohashu_group_CountNoteLike2DBTTopic_2] DEBUG c.q.x.c.b.d.m.N.insertOrUpdateLikeTotalByNoteId - ==> Parameters: 1898696866707537987(Long), 1(Integer), 1(Integer)
2025-03-13 21:32:21.919 [ConsumeMessageThread_xiaohashu_group_CountNoteLike2DBTTopic_2] DEBUG c.q.x.c.b.d.m.N.insertOrUpdateLikeTotalByNoteId - <==    Updates: 2
2025-03-13 21:32:21.919 [ConsumeMessageThread_xiaohashu_group_CountNoteLike2DBTTopic_2] DEBUG c.q.x.c.b.d.m.U.insertOrUpdateLikeTotalByUserId - ==>  Preparing: INSERT INTO t_user_count (user_id, like_total) VALUES (?, ?) ON DUPLICATE KEY UPDATE like_total = like_total + (?);
2025-03-13 21:32:21.920 [ConsumeMessageThread_xiaohashu_group_CountNoteLike2DBTTopic_2] DEBUG c.q.x.c.b.d.m.U.insertOrUpdateLikeTotalByUserId - ==> Parameters: 4103(Long), 1(Integer), 1(Integer)
2025-03-13 21:32:21.921 [ConsumeMessageThread_xiaohashu_group_CountNoteLike2DBTTopic_2] DEBUG c.q.x.c.b.d.m.U.insertOrUpdateLikeTotalByUserId - <==    Updates: 2
2025-03-13 21:33:50.615 [http-nio-8090-exec-8] INFO  c.q.f.b.context.filter.HeaderUserId2ContextFilter - ===== 设置 userId 到 ThreadLocal 中， 用户 ID: 2100
2025-03-13 21:33:50.616 [http-nio-8090-exec-8] INFO  c.q.f.b.operationlog.aspect.ApiOperationLogAspect - ====== 请求开始: [获取笔记计数数据], 入参: {"noteId":1895792506252034080}, 请求类: NoteCountController, 请求方法: findNoteCountData =================================== 
2025-03-13 21:33:50.617 [http-nio-8090-exec-8] DEBUG c.q.x.c.b.d.m.NoteCountDOMapper.selectByNoteId - ==>  Preparing: select note_id, like_total, collect_total, comment_total from t_note_count where note_id = ?
2025-03-13 21:33:50.618 [http-nio-8090-exec-8] DEBUG c.q.x.c.b.d.m.NoteCountDOMapper.selectByNoteId - ==> Parameters: 1895792506252034080(Long)
2025-03-13 21:33:50.619 [http-nio-8090-exec-8] DEBUG c.q.x.c.b.d.m.NoteCountDOMapper.selectByNoteId - <==      Total: 1
2025-03-13 21:33:50.620 [http-nio-8090-exec-8] INFO  c.q.f.b.operationlog.aspect.ApiOperationLogAspect - ====== 请求结束: [获取笔记计数数据], 耗时: 4ms, 出参: {"success":true,"message":null,"errorCode":null,"data":{"noteId":1895792506252034080,"likeTotal":1,"collectTotal":0,"commentTotal":7}} =================================== 
2025-03-13 21:33:50.620 [http-nio-8090-exec-8] INFO  c.q.f.b.context.filter.HeaderUserId2ContextFilter - ===== 删除 ThreadLocal， userId: 2100
2025-03-13 22:04:50.144 [Thread-23] WARN  com.alibaba.nacos.common.notify.NotifyCenter - [NotifyCenter] Start destroying Publisher
2025-03-13 22:04:50.144 [Thread-26] WARN  c.alibaba.nacos.common.http.HttpClientBeanHolder - [HttpClientBeanHolder] Start destroying common HttpClient
2025-03-13 22:04:50.144 [Thread-23] WARN  com.alibaba.nacos.common.notify.NotifyCenter - [NotifyCenter] Destruction of the end
2025-03-13 22:04:50.144 [Thread-26] WARN  c.alibaba.nacos.common.http.HttpClientBeanHolder - [HttpClientBeanHolder] Destruction of the end
2025-03-13 22:04:50.210 [SpringApplicationShutdownHook] INFO  c.a.cloud.nacos.registry.NacosServiceRegistry - De-registering from Nacos Server now...
2025-03-13 22:04:50.210 [SpringApplicationShutdownHook] INFO  com.alibaba.nacos.client.naming - [DEREGISTER-SERVICE] xiaohashu deregistering service xiaohashu-count with instance: Instance{instanceId='null', ip='192.168.1.3', port=8090, weight=1.0, healthy=true, enabled=true, ephemeral=true, clusterName='DEFAULT', serviceName='null', metadata={}}
2025-03-13 22:04:50.216 [SpringApplicationShutdownHook] INFO  c.a.cloud.nacos.registry.NacosServiceRegistry - De-registration finished.
2025-03-13 22:04:50.216 [SpringApplicationShutdownHook] INFO  com.alibaba.nacos.client.naming - com.alibaba.nacos.client.naming.cache.ServiceInfoHolder do shutdown begin
2025-03-13 22:04:50.216 [SpringApplicationShutdownHook] INFO  com.alibaba.nacos.client.naming - com.alibaba.nacos.client.naming.backups.FailoverReactor do shutdown begin
2025-03-13 22:04:50.216 [SpringApplicationShutdownHook] INFO  com.alibaba.nacos.client.naming - com.alibaba.nacos.client.naming.backups.FailoverReactor do shutdown stop
2025-03-13 22:04:50.216 [SpringApplicationShutdownHook] INFO  com.alibaba.nacos.client.naming - com.alibaba.nacos.client.naming.cache.ServiceInfoHolder do shutdown stop
2025-03-13 22:04:50.216 [SpringApplicationShutdownHook] INFO  com.alibaba.nacos.client.naming - com.alibaba.nacos.client.naming.remote.NamingClientProxyDelegate do shutdown begin
2025-03-13 22:04:50.216 [SpringApplicationShutdownHook] INFO  com.alibaba.nacos.client.naming - com.alibaba.nacos.client.naming.core.ServiceInfoUpdateService do shutdown begin
2025-03-13 22:04:50.216 [SpringApplicationShutdownHook] INFO  com.alibaba.nacos.client.naming - com.alibaba.nacos.client.naming.core.ServiceInfoUpdateService do shutdown stop
2025-03-13 22:04:50.216 [SpringApplicationShutdownHook] INFO  com.alibaba.nacos.client.naming - com.alibaba.nacos.client.naming.core.ServerListManager do shutdown begin
2025-03-13 22:04:50.216 [SpringApplicationShutdownHook] WARN  com.alibaba.nacos.client.naming - [NamingHttpClientManager] Start destroying NacosRestTemplate
2025-03-13 22:04:50.216 [SpringApplicationShutdownHook] WARN  com.alibaba.nacos.client.naming - [NamingHttpClientManager] Destruction of the end
2025-03-13 22:04:50.216 [SpringApplicationShutdownHook] INFO  com.alibaba.nacos.client.naming - com.alibaba.nacos.client.naming.core.ServerListManager do shutdown stop
2025-03-13 22:04:50.216 [SpringApplicationShutdownHook] INFO  com.alibaba.nacos.client.naming - com.alibaba.nacos.client.naming.remote.http.NamingHttpClientProxy do shutdown begin
2025-03-13 22:04:50.217 [SpringApplicationShutdownHook] WARN  com.alibaba.nacos.client.naming - [NamingHttpClientManager] Start destroying NacosRestTemplate
2025-03-13 22:04:50.217 [SpringApplicationShutdownHook] WARN  com.alibaba.nacos.client.naming - [NamingHttpClientManager] Destruction of the end
2025-03-13 22:04:50.217 [SpringApplicationShutdownHook] INFO  com.alibaba.nacos.client.naming - com.alibaba.nacos.client.naming.remote.http.NamingHttpClientProxy do shutdown stop
2025-03-13 22:04:50.217 [SpringApplicationShutdownHook] INFO  com.alibaba.nacos.common.remote.client - Shutdown rpc client, set status to shutdown
2025-03-13 22:04:50.217 [SpringApplicationShutdownHook] INFO  com.alibaba.nacos.common.remote.client - Shutdown client event executor java.util.concurrent.ScheduledThreadPoolExecutor@563aff7e[Running, pool size = 2, active threads = 2, queued tasks = 0, completed tasks = 0]
2025-03-13 22:04:50.217 [SpringApplicationShutdownHook] INFO  com.alibaba.nacos.common.remote.client - Close current connection 1741872658424_172.17.0.1_49112
2025-03-13 22:04:50.219 [nacos-grpc-client-executor-127.0.0.1-429] INFO  c.a.nacos.common.remote.client.grpc.GrpcClient - [1741872658424_172.17.0.1_49112]Ignore complete event,isRunning:false,isAbandon=false
2025-03-13 22:04:50.220 [SpringApplicationShutdownHook] INFO  c.a.nacos.common.remote.client.grpc.GrpcClient - Shutdown grpc executor java.util.concurrent.ThreadPoolExecutor@2059ebdc[Running, pool size = 4, active threads = 0, queued tasks = 0, completed tasks = 430]
2025-03-13 22:04:50.220 [SpringApplicationShutdownHook] INFO  com.alibaba.nacos.client.naming - Shutdown grpc redo service executor java.util.concurrent.ScheduledThreadPoolExecutor@2f801d8a[Running, pool size = 1, active threads = 0, queued tasks = 1, completed tasks = 675]
2025-03-13 22:04:50.220 [SpringApplicationShutdownHook] INFO  c.a.n.client.auth.ram.identify.CredentialWatcher - [null] CredentialWatcher is stopped
2025-03-13 22:04:50.220 [SpringApplicationShutdownHook] INFO  c.a.n.client.auth.ram.identify.CredentialService - [null] CredentialService is freed
2025-03-13 22:04:50.221 [SpringApplicationShutdownHook] INFO  com.alibaba.nacos.client.naming - com.alibaba.nacos.client.naming.remote.NamingClientProxyDelegate do shutdown stop
2025-03-13 22:04:50.222 [SpringApplicationShutdownHook] INFO  o.a.r.s.support.DefaultRocketMQListenerContainer - container destroyed, DefaultRocketMQListenerContainer{consumerGroup='xiaohashu_group_NoteOperateTopic', namespace='', nameServer='127.0.0.1:9876', topic='NoteOperateTopic', consumeMode=CONCURRENTLY, selectorType=TAG, selectorExpression='*', messageModel=CLUSTERING', tlsEnable=false, instanceName=DEFAULT}
2025-03-13 22:04:50.223 [SpringApplicationShutdownHook] INFO  o.a.r.s.support.DefaultRocketMQListenerContainer - container destroyed, DefaultRocketMQListenerContainer{consumerGroup='xiaohashu_group_CountNoteLikeTopic', namespace='', nameServer='127.0.0.1:9876', topic='CountNoteLikeTopic', consumeMode=CONCURRENTLY, selectorType=TAG, selectorExpression='*', messageModel=CLUSTERING', tlsEnable=false, instanceName=DEFAULT}
2025-03-13 22:04:50.223 [SpringApplicationShutdownHook] INFO  o.a.r.s.support.DefaultRocketMQListenerContainer - container destroyed, DefaultRocketMQListenerContainer{consumerGroup='xiaohashu_group_CountNoteLike2DBTTopic', namespace='', nameServer='127.0.0.1:9876', topic='CountNoteLike2DBTTopic', consumeMode=CONCURRENTLY, selectorType=TAG, selectorExpression='*', messageModel=CLUSTERING', tlsEnable=false, instanceName=DEFAULT}
2025-03-13 22:04:50.223 [SpringApplicationShutdownHook] INFO  o.a.r.s.support.DefaultRocketMQListenerContainer - container destroyed, DefaultRocketMQListenerContainer{consumerGroup='xiaohashu_group_CountNoteCommentTopic', namespace='', nameServer='127.0.0.1:9876', topic='CountNoteCommentTopic', consumeMode=CONCURRENTLY, selectorType=TAG, selectorExpression='*', messageModel=CLUSTERING', tlsEnable=false, instanceName=DEFAULT}
2025-03-13 22:04:50.223 [SpringApplicationShutdownHook] INFO  o.a.r.s.support.DefaultRocketMQListenerContainer - container destroyed, DefaultRocketMQListenerContainer{consumerGroup='xiaohashu_group_CountNoteCollectTopic', namespace='', nameServer='127.0.0.1:9876', topic='CountNoteCollectTopic', consumeMode=CONCURRENTLY, selectorType=TAG, selectorExpression='*', messageModel=CLUSTERING', tlsEnable=false, instanceName=DEFAULT}
2025-03-13 22:04:50.223 [SpringApplicationShutdownHook] INFO  o.a.r.s.support.DefaultRocketMQListenerContainer - container destroyed, DefaultRocketMQListenerContainer{consumerGroup='xiaohashu_group_CountNoteCollect2DBTTopic', namespace='', nameServer='127.0.0.1:9876', topic='CountNoteCollect2DBTTopic', consumeMode=CONCURRENTLY, selectorType=TAG, selectorExpression='*', messageModel=CLUSTERING', tlsEnable=false, instanceName=DEFAULT}
2025-03-13 22:04:50.223 [SpringApplicationShutdownHook] INFO  o.a.r.s.support.DefaultRocketMQListenerContainer - container destroyed, DefaultRocketMQListenerContainer{consumerGroup='xiaohashu_group_child_comment_totalCountNoteCommentTopic', namespace='', nameServer='127.0.0.1:9876', topic='CountNoteCommentTopic', consumeMode=CONCURRENTLY, selectorType=TAG, selectorExpression='*', messageModel=CLUSTERING', tlsEnable=false, instanceName=DEFAULT}
2025-03-13 22:04:50.223 [SpringApplicationShutdownHook] INFO  o.a.r.s.support.DefaultRocketMQListenerContainer - container destroyed, DefaultRocketMQListenerContainer{consumerGroup='xiaohashu_group_CountFollowingTopic', namespace='', nameServer='127.0.0.1:9876', topic='CountFollowingTopic', consumeMode=CONCURRENTLY, selectorType=TAG, selectorExpression='*', messageModel=CLUSTERING', tlsEnable=false, instanceName=DEFAULT}
2025-03-13 22:04:50.223 [SpringApplicationShutdownHook] INFO  o.a.r.s.support.DefaultRocketMQListenerContainer - container destroyed, DefaultRocketMQListenerContainer{consumerGroup='xiaohashu_group_CountFollowing2DBTopic', namespace='', nameServer='127.0.0.1:9876', topic='CountFollowing2DBTopic', consumeMode=CONCURRENTLY, selectorType=TAG, selectorExpression='*', messageModel=CLUSTERING', tlsEnable=false, instanceName=DEFAULT}
2025-03-13 22:04:50.223 [SpringApplicationShutdownHook] INFO  o.a.r.s.support.DefaultRocketMQListenerContainer - container destroyed, DefaultRocketMQListenerContainer{consumerGroup='xiaohashu_group_CountFansTopic', namespace='', nameServer='127.0.0.1:9876', topic='CountFansTopic', consumeMode=CONCURRENTLY, selectorType=TAG, selectorExpression='*', messageModel=CLUSTERING', tlsEnable=false, instanceName=DEFAULT}
2025-03-13 22:04:50.223 [SpringApplicationShutdownHook] INFO  o.a.r.s.support.DefaultRocketMQListenerContainer - container destroyed, DefaultRocketMQListenerContainer{consumerGroup='xiaohashu_group_CountFans2DBTopic', namespace='', nameServer='127.0.0.1:9876', topic='CountFans2DBTopic', consumeMode=CONCURRENTLY, selectorType=TAG, selectorExpression='*', messageModel=CLUSTERING', tlsEnable=false, instanceName=DEFAULT}
2025-03-13 22:04:50.223 [SpringApplicationShutdownHook] INFO  o.a.r.s.support.DefaultRocketMQListenerContainer - container destroyed, DefaultRocketMQListenerContainer{consumerGroup='xiaohashu_group_count_CommentLikeUnlikeTopic', namespace='', nameServer='127.0.0.1:9876', topic='CommentLikeUnlikeTopic', consumeMode=CONCURRENTLY, selectorType=TAG, selectorExpression='*', messageModel=CLUSTERING', tlsEnable=false, instanceName=DEFAULT}
2025-03-13 22:04:50.355 [SpringApplicationShutdownHook] INFO  o.a.r.s.support.DefaultRocketMQListenerContainer - container destroyed, DefaultRocketMQListenerContainer{consumerGroup='xiaohashu_group_CountCommentLike2DBTTopic', namespace='', nameServer='127.0.0.1:9876', topic='CountCommentLike2DBTTopic', consumeMode=CONCURRENTLY, selectorType=TAG, selectorExpression='*', messageModel=CLUSTERING', tlsEnable=false, instanceName=DEFAULT}
2025-03-13 22:04:50.355 [SpringApplicationShutdownHook] INFO  com.alibaba.druid.pool.DruidDataSource - {dataSource-1} closing ...
2025-03-13 22:04:50.356 [SpringApplicationShutdownHook] INFO  com.alibaba.druid.pool.DruidDataSource - {dataSource-1} closed
