2025-03-13 21:26:32.564 [main] WARN  com.alibaba.nacos.client.logging.NacosLogging - Load Logback Configuration of Nacos fail, message: Could not initialize Logback Nacos logging from classpath:nacos-logback.xml
2025-03-13 21:26:32.623 [main] WARN  com.alibaba.nacos.client.logging.NacosLogging - Load Logback Configuration of Nacos fail, message: Could not initialize Logback Nacos logging from classpath:nacos-logback.xml
2025-03-13 21:26:32.956 [main] WARN  com.alibaba.nacos.client.logging.NacosLogging - Load Logback Configuration of Nacos fail, message: Could not initialize Logback Nacos logging from classpath:nacos-logback.xml
2025-03-13 21:26:32.965 [main] WARN  com.alibaba.nacos.client.logging.NacosLogging - Load Logback Configuration of Nacos fail, message: Could not initialize Logback Nacos logging from classpath:nacos-logback.xml
2025-03-13 21:26:32.966 [main] INFO  c.q.xiaohashu.kv.biz.XiaohashuKVBizApplication - The following 1 profile is active: "dev"
2025-03-13 21:26:33.275 [main] INFO  o.s.d.r.config.RepositoryConfigurationDelegate - Bootstrapping Spring Data Reactive Cassandra repositories in DEFAULT mode.
2025-03-13 21:26:33.342 [main] INFO  o.s.d.r.config.RepositoryConfigurationDelegate - Finished Spring Data repository scanning in 65 ms. Found 0 Reactive Cassandra repository interfaces.
2025-03-13 21:26:33.346 [main] INFO  o.s.d.r.config.RepositoryConfigurationDelegate - Bootstrapping Spring Data Cassandra repositories in DEFAULT mode.
2025-03-13 21:26:33.355 [main] INFO  o.s.d.r.config.RepositoryConfigurationDelegate - Finished Spring Data repository scanning in 9 ms. Found 2 Cassandra repository interfaces.
2025-03-13 21:26:33.457 [main] INFO  o.springframework.cloud.context.scope.GenericScope - BeanFactory id=0a0b5c46-8f74-325a-866c-202c79ab5e9a
2025-03-13 21:26:33.676 [main] INFO  o.s.boot.web.embedded.tomcat.TomcatWebServer - Tomcat initialized with port(s): 8084 (http)
2025-03-13 21:26:33.682 [main] INFO  org.apache.catalina.core.StandardService - Starting service [Tomcat]
2025-03-13 21:26:33.682 [main] INFO  org.apache.catalina.core.StandardEngine - Starting Servlet engine: [Apache Tomcat/10.1.5]
2025-03-13 21:26:33.733 [main] INFO  o.a.c.core.ContainerBase.[Tomcat].[localhost].[/] - Initializing Spring embedded WebApplicationContext
2025-03-13 21:26:33.733 [main] INFO  o.s.b.w.s.c.ServletWebServerApplicationContext - Root WebApplicationContext: initialization completed in 760 ms
2025-03-13 21:26:33.934 [main] INFO  c.d.o.driver.internal.core.DefaultMavenCoordinates - DataStax Java driver for Apache Cassandra(R) (com.datastax.oss:java-driver-core) version 4.15.0
2025-03-13 21:26:34.203 [s0-admin-0] INFO  com.datastax.oss.driver.internal.core.time.Clock - Using native clock for microsecond precision
2025-03-13 21:26:34.550 [s1-admin-0] INFO  com.datastax.oss.driver.internal.core.time.Clock - Using native clock for microsecond precision
2025-03-13 21:26:34.765 [main] WARN  o.s.core.LocalVariableTableParameterNameDiscoverer - Using deprecated '-debug' fallback for parameter name resolution. Compile the affected code with '-parameters' instead or avoid its introspection: com.quanxiaoha.xiaohashu.kv.biz.domain.repository.CommentContentRepository
2025-03-13 21:26:35.210 [main] WARN  o.s.c.l.c.LoadBalancerCacheAutoConfiguration$LoadBalancerCaffeineWarnLogger - Spring Cloud LoadBalancer is currently working with the default cache. While this cache implementation is useful for development and tests, it's recommended to use Caffeine cache in production.You can switch to using Caffeine cache, by adding it and org.springframework.cache.caffeine.CaffeineCacheManager to the classpath.
2025-03-13 21:26:35.246 [main] INFO  o.s.boot.web.embedded.tomcat.TomcatWebServer - Tomcat started on port(s): 8084 (http) with context path ''
2025-03-13 21:26:35.249 [main] WARN  com.alibaba.nacos.client.logging.NacosLogging - Load Logback Configuration of Nacos fail, message: Could not initialize Logback Nacos logging from classpath:nacos-logback.xml
2025-03-13 21:26:35.249 [main] INFO  com.alibaba.nacos.client.naming - initializer namespace from ans.namespace attribute : null
2025-03-13 21:26:35.250 [main] INFO  com.alibaba.nacos.client.naming - initializer namespace from ALIBABA_ALIWARE_NAMESPACE attribute :null
2025-03-13 21:26:35.250 [main] INFO  com.alibaba.nacos.client.naming - initializer namespace from namespace attribute :null
2025-03-13 21:26:35.262 [main] INFO  com.alibaba.nacos.client.utils.ParamUtil - [settings] [req-serv] nacos-server port:8848
2025-03-13 21:26:35.262 [main] INFO  com.alibaba.nacos.client.utils.ParamUtil - [settings] [http-client] connect timeout:1000
2025-03-13 21:26:35.263 [main] INFO  com.alibaba.nacos.client.utils.ParamUtil - PER_TASK_CONFIG_SIZE: 3000.0
2025-03-13 21:26:35.265 [main] INFO  c.a.n.p.auth.spi.client.ClientAuthPluginManager - [ClientAuthPluginManager] Load ClientAuthService com.alibaba.nacos.client.auth.impl.NacosClientAuthServiceImpl success.
2025-03-13 21:26:35.265 [main] INFO  c.a.n.p.auth.spi.client.ClientAuthPluginManager - [ClientAuthPluginManager] Load ClientAuthService com.alibaba.nacos.client.auth.ram.RamClientAuthServiceImpl success.
2025-03-13 21:26:35.267 [main] INFO  c.a.n.client.auth.ram.identify.CredentialWatcher - null No credential found
2025-03-13 21:26:35.272 [main] INFO  com.alibaba.nacos.common.remote.client - [RpcClientFactory] create a new rpc client of 30635647-0173-4127-88ab-448d29a60bfe
2025-03-13 21:26:35.281 [main] INFO  com.alibaba.nacos.common.remote.client - [30635647-0173-4127-88ab-448d29a60bfe] RpcClient init, ServerListFactory = com.alibaba.nacos.client.naming.core.ServerListManager
2025-03-13 21:26:35.281 [main] INFO  com.alibaba.nacos.common.remote.client - [30635647-0173-4127-88ab-448d29a60bfe] Registry connection listener to current client:com.alibaba.nacos.client.naming.remote.gprc.redo.NamingGrpcRedoService
2025-03-13 21:26:35.281 [main] INFO  com.alibaba.nacos.common.remote.client - [30635647-0173-4127-88ab-448d29a60bfe] Register server push request handler:com.alibaba.nacos.client.naming.remote.gprc.NamingPushRequestHandler
2025-03-13 21:26:35.282 [main] INFO  com.alibaba.nacos.common.remote.client - [30635647-0173-4127-88ab-448d29a60bfe] Try to connect to server on start up, server: {serverIp = '127.0.0.1', server main port = 8848}
2025-03-13 21:26:35.298 [main] INFO  c.a.nacos.common.remote.client.grpc.GrpcClient - grpc client connection server:127.0.0.1 ip,serverPort:9848,grpcTslConfig:{"sslProvider":"OPENSSL","enableTls":false,"mutualAuthEnable":false,"trustAll":false}
2025-03-13 21:26:35.854 [main] INFO  com.alibaba.nacos.common.remote.client - [30635647-0173-4127-88ab-448d29a60bfe] Success to connect to server [127.0.0.1:8848] on start up, connectionId = 1741872395694_172.17.0.1_44260
2025-03-13 21:26:35.854 [com.alibaba.nacos.client.remote.worker] INFO  com.alibaba.nacos.common.remote.client - [30635647-0173-4127-88ab-448d29a60bfe] Notify connected event to listeners.
2025-03-13 21:26:35.855 [com.alibaba.nacos.client.remote.worker] INFO  com.alibaba.nacos.client.naming - Grpc connection connect
2025-03-13 21:26:35.855 [main] INFO  com.alibaba.nacos.common.remote.client - [30635647-0173-4127-88ab-448d29a60bfe] Register server push request handler:com.alibaba.nacos.common.remote.client.RpcClient$ConnectResetRequestHandler
2025-03-13 21:26:35.855 [main] INFO  com.alibaba.nacos.common.remote.client - [30635647-0173-4127-88ab-448d29a60bfe] Register server push request handler:com.alibaba.nacos.common.remote.client.RpcClient$$Lambda$1549/0x000001fbd492ac70
2025-03-13 21:26:35.855 [main] INFO  com.alibaba.nacos.client.naming - [REGISTER-SERVICE] xiaohashu registering service xiaohashu-kv with instance Instance{instanceId='null', ip='192.168.1.3', port=8084, weight=1.0, healthy=true, enabled=true, ephemeral=true, clusterName='DEFAULT', serviceName='null', metadata={IPv6=[240e:b67:57c:f900:d201:1993:7c8f:60be], preserved.register.source=SPRING_CLOUD}}
2025-03-13 21:26:35.864 [main] INFO  c.a.cloud.nacos.registry.NacosServiceRegistry - nacos registry, DEFAULT_GROUP xiaohashu-kv 192.168.1.3:8084 register finished
2025-03-13 21:26:35.958 [main] INFO  c.q.xiaohashu.kv.biz.XiaohashuKVBizApplication - Started XiaohashuKVBizApplication in 3.952 seconds (process running for 4.33)
2025-03-13 21:30:35.674 [http-nio-8084-exec-2] INFO  o.a.c.core.ContainerBase.[Tomcat].[localhost].[/] - Initializing Spring DispatcherServlet 'dispatcherServlet'
2025-03-13 21:30:35.674 [http-nio-8084-exec-2] INFO  org.springframework.web.servlet.DispatcherServlet - Initializing Servlet 'dispatcherServlet'
2025-03-13 21:30:35.676 [http-nio-8084-exec-2] INFO  org.springframework.web.servlet.DispatcherServlet - Completed initialization in 2 ms
2025-03-13 21:33:50.808 [http-nio-8084-exec-8] INFO  c.q.f.b.operationlog.aspect.ApiOperationLogAspect - ====== 请求开始: [批量查询评论内容], 入参: {"noteId":1895792506252034080,"commentContentKeys":[{"yearMonth":"2025-03","contentId":"c6c03e64-5b67-41aa-a039-6ca51735340a"},{"yearMonth":"2025-03","contentId":"0934581a-d8ed-42b8-8e29-eec892f0e627"}]}, 请求类: CommentContentController, 请求方法: batchFindCommentContent =================================== 
2025-03-13 21:33:50.852 [http-nio-8084-exec-8] INFO  c.q.f.b.operationlog.aspect.ApiOperationLogAspect - ====== 请求结束: [批量查询评论内容], 耗时: 45ms, 出参: {"success":true,"message":null,"errorCode":null,"data":[{"contentId":"0934581a-d8ed-42b8-8e29-eec892f0e627","content":"这个时候的马云，浑身都散发着迷人的魅力😂"},{"contentId":"c6c03e64-5b67-41aa-a039-6ca51735340a","content":"马爸爸👻"}]} =================================== 
2025-03-13 22:04:50.113 [Thread-24] WARN  c.alibaba.nacos.common.http.HttpClientBeanHolder - [HttpClientBeanHolder] Start destroying common HttpClient
2025-03-13 22:04:50.113 [Thread-21] WARN  com.alibaba.nacos.common.notify.NotifyCenter - [NotifyCenter] Start destroying Publisher
2025-03-13 22:04:50.113 [Thread-21] WARN  com.alibaba.nacos.common.notify.NotifyCenter - [NotifyCenter] Destruction of the end
2025-03-13 22:04:50.114 [Thread-24] WARN  c.alibaba.nacos.common.http.HttpClientBeanHolder - [HttpClientBeanHolder] Destruction of the end
2025-03-13 22:04:52.204 [SpringApplicationShutdownHook] INFO  c.a.cloud.nacos.registry.NacosServiceRegistry - De-registering from Nacos Server now...
2025-03-13 22:04:52.205 [SpringApplicationShutdownHook] INFO  com.alibaba.nacos.client.naming - [DEREGISTER-SERVICE] xiaohashu deregistering service xiaohashu-kv with instance: Instance{instanceId='null', ip='192.168.1.3', port=8084, weight=1.0, healthy=true, enabled=true, ephemeral=true, clusterName='DEFAULT', serviceName='null', metadata={}}
2025-03-13 22:04:52.209 [SpringApplicationShutdownHook] INFO  c.a.cloud.nacos.registry.NacosServiceRegistry - De-registration finished.
2025-03-13 22:04:52.209 [SpringApplicationShutdownHook] INFO  com.alibaba.nacos.client.naming - com.alibaba.nacos.client.naming.cache.ServiceInfoHolder do shutdown begin
2025-03-13 22:04:52.209 [SpringApplicationShutdownHook] INFO  com.alibaba.nacos.client.naming - com.alibaba.nacos.client.naming.backups.FailoverReactor do shutdown begin
2025-03-13 22:04:52.209 [SpringApplicationShutdownHook] INFO  com.alibaba.nacos.client.naming - com.alibaba.nacos.client.naming.backups.FailoverReactor do shutdown stop
2025-03-13 22:04:52.209 [SpringApplicationShutdownHook] INFO  com.alibaba.nacos.client.naming - com.alibaba.nacos.client.naming.cache.ServiceInfoHolder do shutdown stop
2025-03-13 22:04:52.209 [SpringApplicationShutdownHook] INFO  com.alibaba.nacos.client.naming - com.alibaba.nacos.client.naming.remote.NamingClientProxyDelegate do shutdown begin
2025-03-13 22:04:52.209 [SpringApplicationShutdownHook] INFO  com.alibaba.nacos.client.naming - com.alibaba.nacos.client.naming.core.ServiceInfoUpdateService do shutdown begin
2025-03-13 22:04:52.209 [SpringApplicationShutdownHook] INFO  com.alibaba.nacos.client.naming - com.alibaba.nacos.client.naming.core.ServiceInfoUpdateService do shutdown stop
2025-03-13 22:04:52.209 [SpringApplicationShutdownHook] INFO  com.alibaba.nacos.client.naming - com.alibaba.nacos.client.naming.core.ServerListManager do shutdown begin
2025-03-13 22:04:52.209 [SpringApplicationShutdownHook] WARN  com.alibaba.nacos.client.naming - [NamingHttpClientManager] Start destroying NacosRestTemplate
2025-03-13 22:04:52.209 [SpringApplicationShutdownHook] WARN  com.alibaba.nacos.client.naming - [NamingHttpClientManager] Destruction of the end
2025-03-13 22:04:52.209 [SpringApplicationShutdownHook] INFO  com.alibaba.nacos.client.naming - com.alibaba.nacos.client.naming.core.ServerListManager do shutdown stop
2025-03-13 22:04:52.209 [SpringApplicationShutdownHook] INFO  com.alibaba.nacos.client.naming - com.alibaba.nacos.client.naming.remote.http.NamingHttpClientProxy do shutdown begin
2025-03-13 22:04:52.210 [SpringApplicationShutdownHook] WARN  com.alibaba.nacos.client.naming - [NamingHttpClientManager] Start destroying NacosRestTemplate
2025-03-13 22:04:52.210 [SpringApplicationShutdownHook] WARN  com.alibaba.nacos.client.naming - [NamingHttpClientManager] Destruction of the end
2025-03-13 22:04:52.210 [SpringApplicationShutdownHook] INFO  com.alibaba.nacos.client.naming - com.alibaba.nacos.client.naming.remote.http.NamingHttpClientProxy do shutdown stop
2025-03-13 22:04:52.210 [SpringApplicationShutdownHook] INFO  com.alibaba.nacos.common.remote.client - Shutdown rpc client, set status to shutdown
2025-03-13 22:04:52.210 [SpringApplicationShutdownHook] INFO  com.alibaba.nacos.common.remote.client - Shutdown client event executor java.util.concurrent.ScheduledThreadPoolExecutor@6c337c88[Running, pool size = 2, active threads = 2, queued tasks = 0, completed tasks = 0]
2025-03-13 22:04:52.210 [SpringApplicationShutdownHook] INFO  com.alibaba.nacos.common.remote.client - Close current connection 1741872395694_172.17.0.1_44260
2025-03-13 22:04:52.212 [nacos-grpc-client-executor-127.0.0.1-479] INFO  c.a.nacos.common.remote.client.grpc.GrpcClient - [1741872395694_172.17.0.1_44260]Ignore complete event,isRunning:false,isAbandon=false
2025-03-13 22:04:52.213 [SpringApplicationShutdownHook] INFO  c.a.nacos.common.remote.client.grpc.GrpcClient - Shutdown grpc executor java.util.concurrent.ThreadPoolExecutor@32d8ab00[Running, pool size = 4, active threads = 0, queued tasks = 0, completed tasks = 480]
2025-03-13 22:04:52.213 [SpringApplicationShutdownHook] INFO  com.alibaba.nacos.client.naming - Shutdown grpc redo service executor java.util.concurrent.ScheduledThreadPoolExecutor@10420461[Running, pool size = 1, active threads = 0, queued tasks = 1, completed tasks = 763]
2025-03-13 22:04:52.213 [SpringApplicationShutdownHook] INFO  c.a.n.client.auth.ram.identify.CredentialWatcher - [null] CredentialWatcher is stopped
2025-03-13 22:04:52.213 [SpringApplicationShutdownHook] INFO  c.a.n.client.auth.ram.identify.CredentialService - [null] CredentialService is freed
2025-03-13 22:04:52.213 [SpringApplicationShutdownHook] INFO  com.alibaba.nacos.client.naming - com.alibaba.nacos.client.naming.remote.NamingClientProxyDelegate do shutdown stop
