2025-02-26 19:27:22.202 [main] WARN  com.alibaba.nacos.client.logging.NacosLogging - Load Logback Configuration of Nacos fail, message: Could not initialize Logback Nacos logging from classpath:nacos-logback.xml
2025-02-26 19:27:22.239 [main] WARN  com.alibaba.nacos.client.logging.NacosLogging - Load Logback Configuration of Nacos fail, message: Could not initialize Logback Nacos logging from classpath:nacos-logback.xml
2025-02-26 19:27:22.508 [main] WARN  com.alibaba.nacos.client.logging.NacosLogging - Load Logback Configuration of Nacos fail, message: Could not initialize Logback Nacos logging from classpath:nacos-logback.xml
2025-02-26 19:27:22.515 [main] WARN  com.alibaba.nacos.client.logging.NacosLogging - Load Logback Configuration of Nacos fail, message: Could not initialize Logback Nacos logging from classpath:nacos-logback.xml
2025-02-26 19:27:22.516 [main] INFO  c.q.xiaohashu.note.biz.XiaohashuNoteBizApplication - The following 1 profile is active: "dev"
2025-02-26 19:27:22.911 [main] INFO  o.s.d.r.config.RepositoryConfigurationDelegate - Multiple Spring Data modules found, entering strict repository configuration mode
2025-02-26 19:27:22.913 [main] INFO  o.s.d.r.config.RepositoryConfigurationDelegate - Bootstrapping Spring Data Redis repositories in DEFAULT mode.
2025-02-26 19:27:22.927 [main] INFO  o.s.d.r.config.RepositoryConfigurationDelegate - Finished Spring Data repository scanning in 5 ms. Found 0 Redis repository interfaces.
2025-02-26 19:27:23.060 [main] INFO  o.springframework.cloud.context.scope.GenericScope - BeanFactory id=e6db790a-fbcf-3eee-a803-8930ddff1c3e
2025-02-26 19:27:23.077 [main] INFO  o.s.c.s.PostProcessorRegistrationDelegate$BeanPostProcessorChecker - Bean 'com.quanxiaoha.xiaohashu.distributed.id.generator.api.DistributedIdGeneratorFeignApi' of type [org.springframework.cloud.openfeign.FeignClientFactoryBean] is not eligible for getting processed by all BeanPostProcessors (for example: not eligible for auto-proxying)
2025-02-26 19:27:23.078 [main] INFO  o.s.c.s.PostProcessorRegistrationDelegate$BeanPostProcessorChecker - Bean 'com.quanxiaoha.xiaohashu.kv.api.KeyValueFeignApi' of type [org.springframework.cloud.openfeign.FeignClientFactoryBean] is not eligible for getting processed by all BeanPostProcessors (for example: not eligible for auto-proxying)
2025-02-26 19:27:23.079 [main] INFO  o.s.c.s.PostProcessorRegistrationDelegate$BeanPostProcessorChecker - Bean 'com.quanxiaoha.xiaohashu.user.api.UserFeignApi' of type [org.springframework.cloud.openfeign.FeignClientFactoryBean] is not eligible for getting processed by all BeanPostProcessors (for example: not eligible for auto-proxying)
2025-02-26 19:27:23.222 [main] INFO  o.s.c.s.PostProcessorRegistrationDelegate$BeanPostProcessorChecker - Bean 'org.apache.rocketmq.spring.autoconfigure.MessageConverterConfiguration' of type [org.apache.rocketmq.spring.autoconfigure.MessageConverterConfiguration$$SpringCGLIB$$0] is not eligible for getting processed by all BeanPostProcessors (for example: not eligible for auto-proxying)
2025-02-26 19:27:23.266 [main] INFO  o.s.c.s.PostProcessorRegistrationDelegate$BeanPostProcessorChecker - Bean 'createRocketMQMessageConverter' of type [org.apache.rocketmq.spring.support.RocketMQMessageConverter] is not eligible for getting processed by all BeanPostProcessors (for example: not eligible for auto-proxying)
2025-02-26 19:27:23.267 [main] INFO  o.s.c.s.PostProcessorRegistrationDelegate$BeanPostProcessorChecker - Bean 'org.springframework.cloud.commons.config.CommonsConfigAutoConfiguration' of type [org.springframework.cloud.commons.config.CommonsConfigAutoConfiguration] is not eligible for getting processed by all BeanPostProcessors (for example: not eligible for auto-proxying)
2025-02-26 19:27:23.269 [main] INFO  o.s.c.s.PostProcessorRegistrationDelegate$BeanPostProcessorChecker - Bean 'org.springframework.cloud.client.loadbalancer.LoadBalancerDefaultMappingsProviderAutoConfiguration' of type [org.springframework.cloud.client.loadbalancer.LoadBalancerDefaultMappingsProviderAutoConfiguration] is not eligible for getting processed by all BeanPostProcessors (for example: not eligible for auto-proxying)
2025-02-26 19:27:23.271 [main] INFO  o.s.c.s.PostProcessorRegistrationDelegate$BeanPostProcessorChecker - Bean 'loadBalancerClientsDefaultsMappingsProvider' of type [org.springframework.cloud.client.loadbalancer.LoadBalancerDefaultMappingsProviderAutoConfiguration$$Lambda$722/0x000002f18251ebe8] is not eligible for getting processed by all BeanPostProcessors (for example: not eligible for auto-proxying)
2025-02-26 19:27:23.272 [main] INFO  o.s.c.s.PostProcessorRegistrationDelegate$BeanPostProcessorChecker - Bean 'defaultsBindHandlerAdvisor' of type [org.springframework.cloud.commons.config.DefaultsBindHandlerAdvisor] is not eligible for getting processed by all BeanPostProcessors (for example: not eligible for auto-proxying)
2025-02-26 19:27:23.276 [main] INFO  o.s.c.s.PostProcessorRegistrationDelegate$BeanPostProcessorChecker - Bean 'rocketmq-org.apache.rocketmq.spring.autoconfigure.RocketMQProperties' of type [org.apache.rocketmq.spring.autoconfigure.RocketMQProperties] is not eligible for getting processed by all BeanPostProcessors (for example: not eligible for auto-proxying)
2025-02-26 19:27:23.276 [main] INFO  o.s.c.s.PostProcessorRegistrationDelegate$BeanPostProcessorChecker - Bean 'org.apache.rocketmq.spring.autoconfigure.ListenerContainerConfiguration' of type [org.apache.rocketmq.spring.autoconfigure.ListenerContainerConfiguration$$SpringCGLIB$$0] is not eligible for getting processed by all BeanPostProcessors (for example: not eligible for auto-proxying)
2025-02-26 19:27:23.411 [main] INFO  o.s.boot.web.embedded.tomcat.TomcatWebServer - Tomcat initialized with port(s): 8086 (http)
2025-02-26 19:27:23.417 [main] INFO  org.apache.catalina.core.StandardService - Starting service [Tomcat]
2025-02-26 19:27:23.417 [main] INFO  org.apache.catalina.core.StandardEngine - Starting Servlet engine: [Apache Tomcat/10.1.5]
2025-02-26 19:27:23.475 [main] INFO  o.a.c.core.ContainerBase.[Tomcat].[localhost].[/] - Initializing Spring embedded WebApplicationContext
2025-02-26 19:27:23.475 [main] INFO  o.s.b.w.s.c.ServletWebServerApplicationContext - Root WebApplicationContext: initialization completed in 950 ms
2025-02-26 19:27:23.544 [main] INFO  c.a.d.s.b.a.DruidDataSourceAutoConfigure - Init DruidDataSource
2025-02-26 19:27:23.752 [main] INFO  com.alibaba.druid.pool.DruidDataSource - {dataSource-1} inited
2025-02-26 19:27:23.913 [main] INFO  o.a.r.s.autoconfigure.RocketMQAutoConfiguration - a producer (xiaohashu_group) init on namesrv 127.0.0.1:9876
2025-02-26 19:27:24.105 [NettyClientSelector_1] INFO  RocketmqRemoting - closeChannel: close the connection to remote address[127.0.0.1:9876] result: true
2025-02-26 19:27:24.105 [main] ERROR o.a.r.s.a.ListenerContainerConfiguration - Started container failed. DefaultRocketMQListenerContainer{consumerGroup='xiaohashu_group_CollectUnCollectTopic', namespace='', nameServer='127.0.0.1:9876', topic='CollectUnCollectTopic', consumeMode=ORDERLY, selectorType=TAG, selectorExpression='*', messageModel=CLUSTERING', tlsEnable=false, instanceName=DEFAULT}
java.lang.IllegalStateException: org.apache.rocketmq.remoting.exception.RemotingConnectException: connect to [127.0.0.1:9876] failed
	at org.apache.rocketmq.client.impl.factory.MQClientInstance.updateTopicRouteInfoFromNameServer(MQClientInstance.java:680)
	at org.apache.rocketmq.client.impl.factory.MQClientInstance.updateTopicRouteInfoFromNameServer(MQClientInstance.java:510)
	at org.apache.rocketmq.client.impl.consumer.DefaultMQPushConsumerImpl.updateTopicSubscribeInfoWhenSubscriptionChanged(DefaultMQPushConsumerImpl.java:872)
	at org.apache.rocketmq.client.impl.consumer.DefaultMQPushConsumerImpl.start(DefaultMQPushConsumerImpl.java:655)
	at org.apache.rocketmq.client.consumer.DefaultMQPushConsumer.start(DefaultMQPushConsumer.java:707)
	at org.apache.rocketmq.spring.support.DefaultRocketMQListenerContainer.start(DefaultRocketMQListenerContainer.java:343)
	at org.apache.rocketmq.spring.autoconfigure.ListenerContainerConfiguration.registerContainer(ListenerContainerConfiguration.java:106)
	at org.apache.rocketmq.spring.annotation.RocketMQMessageListenerBeanPostProcessor.postProcessAfterInitialization(RocketMQMessageListenerBeanPostProcessor.java:55)
	at org.springframework.beans.factory.support.AbstractAutowireCapableBeanFactory.applyBeanPostProcessorsAfterInitialization(AbstractAutowireCapableBeanFactory.java:435)
	at org.springframework.beans.factory.support.AbstractAutowireCapableBeanFactory.initializeBean(AbstractAutowireCapableBeanFactory.java:1754)
	at org.springframework.beans.factory.support.AbstractAutowireCapableBeanFactory.doCreateBean(AbstractAutowireCapableBeanFactory.java:599)
	at org.springframework.beans.factory.support.AbstractAutowireCapableBeanFactory.createBean(AbstractAutowireCapableBeanFactory.java:521)
	at org.springframework.beans.factory.support.AbstractBeanFactory.lambda$doGetBean$0(AbstractBeanFactory.java:326)
	at org.springframework.beans.factory.support.DefaultSingletonBeanRegistry.getSingleton(DefaultSingletonBeanRegistry.java:234)
	at org.springframework.beans.factory.support.AbstractBeanFactory.doGetBean(AbstractBeanFactory.java:324)
	at org.springframework.beans.factory.support.AbstractBeanFactory.getBean(AbstractBeanFactory.java:200)
	at org.springframework.beans.factory.support.DefaultListableBeanFactory.preInstantiateSingletons(DefaultListableBeanFactory.java:961)
	at org.springframework.context.support.AbstractApplicationContext.finishBeanFactoryInitialization(AbstractApplicationContext.java:915)
	at org.springframework.context.support.AbstractApplicationContext.refresh(AbstractApplicationContext.java:584)
	at org.springframework.boot.web.servlet.context.ServletWebServerApplicationContext.refresh(ServletWebServerApplicationContext.java:146)
	at org.springframework.boot.SpringApplication.refresh(SpringApplication.java:730)
	at org.springframework.boot.SpringApplication.refreshContext(SpringApplication.java:432)
	at org.springframework.boot.SpringApplication.run(SpringApplication.java:308)
	at org.springframework.boot.SpringApplication.run(SpringApplication.java:1302)
	at org.springframework.boot.SpringApplication.run(SpringApplication.java:1291)
	at com.quanxiaoha.xiaohashu.note.biz.XiaohashuNoteBizApplication.main(XiaohashuNoteBizApplication.java:14)
Caused by: org.apache.rocketmq.remoting.exception.RemotingConnectException: connect to [127.0.0.1:9876] failed
	at org.apache.rocketmq.remoting.netty.NettyRemotingClient.getAndCreateNameserverChannel(NettyRemotingClient.java:458)
	at org.apache.rocketmq.remoting.netty.NettyRemotingClient.getAndCreateChannel(NettyRemotingClient.java:413)
	at org.apache.rocketmq.remoting.netty.NettyRemotingClient.invokeSync(NettyRemotingClient.java:382)
	at org.apache.rocketmq.client.impl.MQClientAPIImpl.getTopicRouteInfoFromNameServer(MQClientAPIImpl.java:1394)
	at org.apache.rocketmq.client.impl.MQClientAPIImpl.getTopicRouteInfoFromNameServer(MQClientAPIImpl.java:1384)
	at org.apache.rocketmq.client.impl.factory.MQClientInstance.updateTopicRouteInfoFromNameServer(MQClientInstance.java:623)
	... 25 common frames omitted
2025-02-26 19:27:24.106 [main] WARN  o.s.b.w.s.c.AnnotationConfigServletWebServerApplicationContext - Exception encountered during context initialization - cancelling refresh attempt: org.springframework.beans.factory.BeanCreationException: Error creating bean with name 'collectUnCollectNoteConsumer' defined in file [E:\java_workspace\xiaohashu3\xiaohashu-17.9节\xiaohashu2\xiaohashu-note\xiaohashu-note-biz\target\classes\com\quanxiaoha\xiaohashu\note\biz\consumer\CollectUnCollectNoteConsumer.class]: java.lang.IllegalStateException: org.apache.rocketmq.remoting.exception.RemotingConnectException: connect to [127.0.0.1:9876] failed
2025-02-26 19:27:24.106 [NettyClientSelector_1] INFO  RocketmqRemoting - closeChannel: close the connection to remote address[127.0.0.1:9876] result: true
2025-02-26 19:27:24.107 [main] INFO  o.a.r.s.support.DefaultRocketMQListenerContainer - container destroyed, DefaultRocketMQListenerContainer{consumerGroup='xiaohashu_group_CollectUnCollectTopic', namespace='', nameServer='127.0.0.1:9876', topic='CollectUnCollectTopic', consumeMode=ORDERLY, selectorType=TAG, selectorExpression='*', messageModel=CLUSTERING', tlsEnable=false, instanceName=DEFAULT}
2025-02-26 19:27:24.108 [main] INFO  com.alibaba.druid.pool.DruidDataSource - {dataSource-1} closing ...
2025-02-26 19:27:24.113 [main] INFO  com.alibaba.druid.pool.DruidDataSource - {dataSource-1} closed
2025-02-26 19:27:24.114 [main] INFO  org.apache.catalina.core.StandardService - Stopping service [Tomcat]
2025-02-26 19:27:24.128 [main] INFO  o.s.b.a.logging.ConditionEvaluationReportLogger - 

Error starting ApplicationContext. To display the condition evaluation report re-run your application with 'debug' enabled.
2025-02-26 19:27:24.138 [main] ERROR org.springframework.boot.SpringApplication - Application run failed
org.springframework.beans.factory.BeanCreationException: Error creating bean with name 'collectUnCollectNoteConsumer' defined in file [E:\java_workspace\xiaohashu3\xiaohashu-17.9节\xiaohashu2\xiaohashu-note\xiaohashu-note-biz\target\classes\com\quanxiaoha\xiaohashu\note\biz\consumer\CollectUnCollectNoteConsumer.class]: java.lang.IllegalStateException: org.apache.rocketmq.remoting.exception.RemotingConnectException: connect to [127.0.0.1:9876] failed
	at org.springframework.beans.factory.support.AbstractAutowireCapableBeanFactory.doCreateBean(AbstractAutowireCapableBeanFactory.java:606)
	at org.springframework.beans.factory.support.AbstractAutowireCapableBeanFactory.createBean(AbstractAutowireCapableBeanFactory.java:521)
	at org.springframework.beans.factory.support.AbstractBeanFactory.lambda$doGetBean$0(AbstractBeanFactory.java:326)
	at org.springframework.beans.factory.support.DefaultSingletonBeanRegistry.getSingleton(DefaultSingletonBeanRegistry.java:234)
	at org.springframework.beans.factory.support.AbstractBeanFactory.doGetBean(AbstractBeanFactory.java:324)
	at org.springframework.beans.factory.support.AbstractBeanFactory.getBean(AbstractBeanFactory.java:200)
	at org.springframework.beans.factory.support.DefaultListableBeanFactory.preInstantiateSingletons(DefaultListableBeanFactory.java:961)
	at org.springframework.context.support.AbstractApplicationContext.finishBeanFactoryInitialization(AbstractApplicationContext.java:915)
	at org.springframework.context.support.AbstractApplicationContext.refresh(AbstractApplicationContext.java:584)
	at org.springframework.boot.web.servlet.context.ServletWebServerApplicationContext.refresh(ServletWebServerApplicationContext.java:146)
	at org.springframework.boot.SpringApplication.refresh(SpringApplication.java:730)
	at org.springframework.boot.SpringApplication.refreshContext(SpringApplication.java:432)
	at org.springframework.boot.SpringApplication.run(SpringApplication.java:308)
	at org.springframework.boot.SpringApplication.run(SpringApplication.java:1302)
	at org.springframework.boot.SpringApplication.run(SpringApplication.java:1291)
	at com.quanxiaoha.xiaohashu.note.biz.XiaohashuNoteBizApplication.main(XiaohashuNoteBizApplication.java:14)
Caused by: java.lang.RuntimeException: java.lang.IllegalStateException: org.apache.rocketmq.remoting.exception.RemotingConnectException: connect to [127.0.0.1:9876] failed
	at org.apache.rocketmq.spring.autoconfigure.ListenerContainerConfiguration.registerContainer(ListenerContainerConfiguration.java:109)
	at org.apache.rocketmq.spring.annotation.RocketMQMessageListenerBeanPostProcessor.postProcessAfterInitialization(RocketMQMessageListenerBeanPostProcessor.java:55)
	at org.springframework.beans.factory.support.AbstractAutowireCapableBeanFactory.applyBeanPostProcessorsAfterInitialization(AbstractAutowireCapableBeanFactory.java:435)
	at org.springframework.beans.factory.support.AbstractAutowireCapableBeanFactory.initializeBean(AbstractAutowireCapableBeanFactory.java:1754)
	at org.springframework.beans.factory.support.AbstractAutowireCapableBeanFactory.doCreateBean(AbstractAutowireCapableBeanFactory.java:599)
	... 15 common frames omitted
Caused by: java.lang.IllegalStateException: org.apache.rocketmq.remoting.exception.RemotingConnectException: connect to [127.0.0.1:9876] failed
	at org.apache.rocketmq.client.impl.factory.MQClientInstance.updateTopicRouteInfoFromNameServer(MQClientInstance.java:680)
	at org.apache.rocketmq.client.impl.factory.MQClientInstance.updateTopicRouteInfoFromNameServer(MQClientInstance.java:510)
	at org.apache.rocketmq.client.impl.consumer.DefaultMQPushConsumerImpl.updateTopicSubscribeInfoWhenSubscriptionChanged(DefaultMQPushConsumerImpl.java:872)
	at org.apache.rocketmq.client.impl.consumer.DefaultMQPushConsumerImpl.start(DefaultMQPushConsumerImpl.java:655)
	at org.apache.rocketmq.client.consumer.DefaultMQPushConsumer.start(DefaultMQPushConsumer.java:707)
	at org.apache.rocketmq.spring.support.DefaultRocketMQListenerContainer.start(DefaultRocketMQListenerContainer.java:343)
	at org.apache.rocketmq.spring.autoconfigure.ListenerContainerConfiguration.registerContainer(ListenerContainerConfiguration.java:106)
	... 19 common frames omitted
Caused by: org.apache.rocketmq.remoting.exception.RemotingConnectException: connect to [127.0.0.1:9876] failed
	at org.apache.rocketmq.remoting.netty.NettyRemotingClient.getAndCreateNameserverChannel(NettyRemotingClient.java:458)
	at org.apache.rocketmq.remoting.netty.NettyRemotingClient.getAndCreateChannel(NettyRemotingClient.java:413)
	at org.apache.rocketmq.remoting.netty.NettyRemotingClient.invokeSync(NettyRemotingClient.java:382)
	at org.apache.rocketmq.client.impl.MQClientAPIImpl.getTopicRouteInfoFromNameServer(MQClientAPIImpl.java:1394)
	at org.apache.rocketmq.client.impl.MQClientAPIImpl.getTopicRouteInfoFromNameServer(MQClientAPIImpl.java:1384)
	at org.apache.rocketmq.client.impl.factory.MQClientInstance.updateTopicRouteInfoFromNameServer(MQClientInstance.java:623)
	... 25 common frames omitted
2025-02-26 19:29:03.771 [main] WARN  com.alibaba.nacos.client.logging.NacosLogging - Load Logback Configuration of Nacos fail, message: Could not initialize Logback Nacos logging from classpath:nacos-logback.xml
2025-02-26 19:29:03.809 [main] WARN  com.alibaba.nacos.client.logging.NacosLogging - Load Logback Configuration of Nacos fail, message: Could not initialize Logback Nacos logging from classpath:nacos-logback.xml
2025-02-26 19:29:04.088 [main] WARN  com.alibaba.nacos.client.logging.NacosLogging - Load Logback Configuration of Nacos fail, message: Could not initialize Logback Nacos logging from classpath:nacos-logback.xml
2025-02-26 19:29:04.096 [main] WARN  com.alibaba.nacos.client.logging.NacosLogging - Load Logback Configuration of Nacos fail, message: Could not initialize Logback Nacos logging from classpath:nacos-logback.xml
2025-02-26 19:29:04.096 [main] INFO  c.q.xiaohashu.note.biz.XiaohashuNoteBizApplication - The following 1 profile is active: "dev"
2025-02-26 19:29:04.453 [main] INFO  o.s.d.r.config.RepositoryConfigurationDelegate - Multiple Spring Data modules found, entering strict repository configuration mode
2025-02-26 19:29:04.455 [main] INFO  o.s.d.r.config.RepositoryConfigurationDelegate - Bootstrapping Spring Data Redis repositories in DEFAULT mode.
2025-02-26 19:29:04.468 [main] INFO  o.s.d.r.config.RepositoryConfigurationDelegate - Finished Spring Data repository scanning in 5 ms. Found 0 Redis repository interfaces.
2025-02-26 19:29:04.609 [main] INFO  o.springframework.cloud.context.scope.GenericScope - BeanFactory id=e6db790a-fbcf-3eee-a803-8930ddff1c3e
2025-02-26 19:29:04.631 [main] INFO  o.s.c.s.PostProcessorRegistrationDelegate$BeanPostProcessorChecker - Bean 'com.quanxiaoha.xiaohashu.distributed.id.generator.api.DistributedIdGeneratorFeignApi' of type [org.springframework.cloud.openfeign.FeignClientFactoryBean] is not eligible for getting processed by all BeanPostProcessors (for example: not eligible for auto-proxying)
2025-02-26 19:29:04.632 [main] INFO  o.s.c.s.PostProcessorRegistrationDelegate$BeanPostProcessorChecker - Bean 'com.quanxiaoha.xiaohashu.kv.api.KeyValueFeignApi' of type [org.springframework.cloud.openfeign.FeignClientFactoryBean] is not eligible for getting processed by all BeanPostProcessors (for example: not eligible for auto-proxying)
2025-02-26 19:29:04.633 [main] INFO  o.s.c.s.PostProcessorRegistrationDelegate$BeanPostProcessorChecker - Bean 'com.quanxiaoha.xiaohashu.user.api.UserFeignApi' of type [org.springframework.cloud.openfeign.FeignClientFactoryBean] is not eligible for getting processed by all BeanPostProcessors (for example: not eligible for auto-proxying)
2025-02-26 19:29:04.777 [main] INFO  o.s.c.s.PostProcessorRegistrationDelegate$BeanPostProcessorChecker - Bean 'org.apache.rocketmq.spring.autoconfigure.MessageConverterConfiguration' of type [org.apache.rocketmq.spring.autoconfigure.MessageConverterConfiguration$$SpringCGLIB$$0] is not eligible for getting processed by all BeanPostProcessors (for example: not eligible for auto-proxying)
2025-02-26 19:29:04.805 [main] INFO  o.s.c.s.PostProcessorRegistrationDelegate$BeanPostProcessorChecker - Bean 'createRocketMQMessageConverter' of type [org.apache.rocketmq.spring.support.RocketMQMessageConverter] is not eligible for getting processed by all BeanPostProcessors (for example: not eligible for auto-proxying)
2025-02-26 19:29:04.807 [main] INFO  o.s.c.s.PostProcessorRegistrationDelegate$BeanPostProcessorChecker - Bean 'org.springframework.cloud.commons.config.CommonsConfigAutoConfiguration' of type [org.springframework.cloud.commons.config.CommonsConfigAutoConfiguration] is not eligible for getting processed by all BeanPostProcessors (for example: not eligible for auto-proxying)
2025-02-26 19:29:04.809 [main] INFO  o.s.c.s.PostProcessorRegistrationDelegate$BeanPostProcessorChecker - Bean 'org.springframework.cloud.client.loadbalancer.LoadBalancerDefaultMappingsProviderAutoConfiguration' of type [org.springframework.cloud.client.loadbalancer.LoadBalancerDefaultMappingsProviderAutoConfiguration] is not eligible for getting processed by all BeanPostProcessors (for example: not eligible for auto-proxying)
2025-02-26 19:29:04.809 [main] INFO  o.s.c.s.PostProcessorRegistrationDelegate$BeanPostProcessorChecker - Bean 'loadBalancerClientsDefaultsMappingsProvider' of type [org.springframework.cloud.client.loadbalancer.LoadBalancerDefaultMappingsProviderAutoConfiguration$$Lambda$722/0x000002297651d7f8] is not eligible for getting processed by all BeanPostProcessors (for example: not eligible for auto-proxying)
2025-02-26 19:29:04.811 [main] INFO  o.s.c.s.PostProcessorRegistrationDelegate$BeanPostProcessorChecker - Bean 'defaultsBindHandlerAdvisor' of type [org.springframework.cloud.commons.config.DefaultsBindHandlerAdvisor] is not eligible for getting processed by all BeanPostProcessors (for example: not eligible for auto-proxying)
2025-02-26 19:29:04.814 [main] INFO  o.s.c.s.PostProcessorRegistrationDelegate$BeanPostProcessorChecker - Bean 'rocketmq-org.apache.rocketmq.spring.autoconfigure.RocketMQProperties' of type [org.apache.rocketmq.spring.autoconfigure.RocketMQProperties] is not eligible for getting processed by all BeanPostProcessors (for example: not eligible for auto-proxying)
2025-02-26 19:29:04.815 [main] INFO  o.s.c.s.PostProcessorRegistrationDelegate$BeanPostProcessorChecker - Bean 'org.apache.rocketmq.spring.autoconfigure.ListenerContainerConfiguration' of type [org.apache.rocketmq.spring.autoconfigure.ListenerContainerConfiguration$$SpringCGLIB$$0] is not eligible for getting processed by all BeanPostProcessors (for example: not eligible for auto-proxying)
2025-02-26 19:29:04.942 [main] INFO  o.s.boot.web.embedded.tomcat.TomcatWebServer - Tomcat initialized with port(s): 8086 (http)
2025-02-26 19:29:04.948 [main] INFO  org.apache.catalina.core.StandardService - Starting service [Tomcat]
2025-02-26 19:29:04.949 [main] INFO  org.apache.catalina.core.StandardEngine - Starting Servlet engine: [Apache Tomcat/10.1.5]
2025-02-26 19:29:05.000 [main] INFO  o.a.c.core.ContainerBase.[Tomcat].[localhost].[/] - Initializing Spring embedded WebApplicationContext
2025-02-26 19:29:05.000 [main] INFO  o.s.b.w.s.c.ServletWebServerApplicationContext - Root WebApplicationContext: initialization completed in 893 ms
2025-02-26 19:29:05.057 [main] INFO  c.a.d.s.b.a.DruidDataSourceAutoConfigure - Init DruidDataSource
2025-02-26 19:29:05.249 [main] INFO  com.alibaba.druid.pool.DruidDataSource - {dataSource-1} inited
2025-02-26 19:29:05.397 [main] INFO  o.a.r.s.autoconfigure.RocketMQAutoConfiguration - a producer (xiaohashu_group) init on namesrv 127.0.0.1:9876
2025-02-26 19:29:05.659 [main] INFO  o.a.r.s.support.DefaultRocketMQListenerContainer - running container: DefaultRocketMQListenerContainer{consumerGroup='xiaohashu_group_CollectUnCollectTopic', namespace='', nameServer='127.0.0.1:9876', topic='CollectUnCollectTopic', consumeMode=ORDERLY, selectorType=TAG, selectorExpression='*', messageModel=CLUSTERING', tlsEnable=false, instanceName=DEFAULT}
2025-02-26 19:29:05.659 [main] INFO  o.a.r.s.a.ListenerContainerConfiguration - Register the listener to container, listenerBeanName:collectUnCollectNoteConsumer, containerBeanName:org.apache.rocketmq.spring.support.DefaultRocketMQListenerContainer_1
2025-02-26 19:29:05.748 [main] INFO  o.s.cloud.openfeign.FeignClientFactoryBean - For 'xiaohashu-distributed-id-generator' URL not provided. Will try picking an instance via load-balancing.
2025-02-26 19:29:05.776 [main] INFO  o.s.cloud.openfeign.FeignClientFactoryBean - For 'xiaohashu-kv' URL not provided. Will try picking an instance via load-balancing.
2025-02-26 19:29:05.790 [main] INFO  o.s.cloud.openfeign.FeignClientFactoryBean - For 'xiaohashu-user' URL not provided. Will try picking an instance via load-balancing.
2025-02-26 19:29:06.004 [main] INFO  o.a.r.s.support.DefaultRocketMQListenerContainer - running container: DefaultRocketMQListenerContainer{consumerGroup='xiaohashu_group_DeleteNoteLocalCacheTopic', namespace='', nameServer='127.0.0.1:9876', topic='DeleteNoteLocalCacheTopic', consumeMode=CONCURRENTLY, selectorType=TAG, selectorExpression='*', messageModel=BROADCASTING', tlsEnable=false, instanceName=DEFAULT}
2025-02-26 19:29:06.004 [main] INFO  o.a.r.s.a.ListenerContainerConfiguration - Register the listener to container, listenerBeanName:deleteNoteLocalCacheConsumer, containerBeanName:org.apache.rocketmq.spring.support.DefaultRocketMQListenerContainer_2
2025-02-26 19:29:06.031 [main] INFO  o.a.r.s.support.DefaultRocketMQListenerContainer - running container: DefaultRocketMQListenerContainer{consumerGroup='xiaohashu_group_LikeUnlikeTopic', namespace='', nameServer='127.0.0.1:9876', topic='LikeUnlikeTopic', consumeMode=ORDERLY, selectorType=TAG, selectorExpression='*', messageModel=CLUSTERING', tlsEnable=false, instanceName=DEFAULT}
2025-02-26 19:29:06.031 [main] INFO  o.a.r.s.a.ListenerContainerConfiguration - Register the listener to container, listenerBeanName:likeUnlikeNoteConsumer, containerBeanName:org.apache.rocketmq.spring.support.DefaultRocketMQListenerContainer_3
2025-02-26 19:29:06.519 [main] INFO  o.s.boot.web.embedded.tomcat.TomcatWebServer - Tomcat started on port(s): 8086 (http) with context path ''
2025-02-26 19:29:06.523 [main] WARN  com.alibaba.nacos.client.logging.NacosLogging - Load Logback Configuration of Nacos fail, message: Could not initialize Logback Nacos logging from classpath:nacos-logback.xml
2025-02-26 19:29:06.523 [main] INFO  com.alibaba.nacos.client.naming - initializer namespace from ans.namespace attribute : null
2025-02-26 19:29:06.524 [main] INFO  com.alibaba.nacos.client.naming - initializer namespace from ALIBABA_ALIWARE_NAMESPACE attribute :null
2025-02-26 19:29:06.524 [main] INFO  com.alibaba.nacos.client.naming - initializer namespace from namespace attribute :null
2025-02-26 19:29:06.538 [main] INFO  com.alibaba.nacos.client.utils.ParamUtil - [settings] [req-serv] nacos-server port:8848
2025-02-26 19:29:06.539 [main] INFO  com.alibaba.nacos.client.utils.ParamUtil - [settings] [http-client] connect timeout:1000
2025-02-26 19:29:06.539 [main] INFO  com.alibaba.nacos.client.utils.ParamUtil - PER_TASK_CONFIG_SIZE: 3000.0
2025-02-26 19:29:06.543 [main] INFO  c.a.n.p.auth.spi.client.ClientAuthPluginManager - [ClientAuthPluginManager] Load ClientAuthService com.alibaba.nacos.client.auth.impl.NacosClientAuthServiceImpl success.
2025-02-26 19:29:06.543 [main] INFO  c.a.n.p.auth.spi.client.ClientAuthPluginManager - [ClientAuthPluginManager] Load ClientAuthService com.alibaba.nacos.client.auth.ram.RamClientAuthServiceImpl success.
2025-02-26 19:29:06.545 [main] INFO  c.a.n.client.auth.ram.identify.CredentialWatcher - null No credential found
2025-02-26 19:29:06.552 [main] INFO  com.alibaba.nacos.common.remote.client - [RpcClientFactory] create a new rpc client of 25f8c9b5-4c16-40ab-bf6c-110176755442
2025-02-26 19:29:06.564 [main] INFO  com.alibaba.nacos.common.remote.client - [25f8c9b5-4c16-40ab-bf6c-110176755442] RpcClient init, ServerListFactory = com.alibaba.nacos.client.naming.core.ServerListManager
2025-02-26 19:29:06.564 [main] INFO  com.alibaba.nacos.common.remote.client - [25f8c9b5-4c16-40ab-bf6c-110176755442] Registry connection listener to current client:com.alibaba.nacos.client.naming.remote.gprc.redo.NamingGrpcRedoService
2025-02-26 19:29:06.565 [main] INFO  com.alibaba.nacos.common.remote.client - [25f8c9b5-4c16-40ab-bf6c-110176755442] Register server push request handler:com.alibaba.nacos.client.naming.remote.gprc.NamingPushRequestHandler
2025-02-26 19:29:06.566 [main] INFO  com.alibaba.nacos.common.remote.client - [25f8c9b5-4c16-40ab-bf6c-110176755442] Try to connect to server on start up, server: {serverIp = '127.0.0.1', server main port = 8848}
2025-02-26 19:29:06.582 [main] INFO  c.a.nacos.common.remote.client.grpc.GrpcClient - grpc client connection server:127.0.0.1 ip,serverPort:9848,grpcTslConfig:{"sslProvider":"OPENSSL","enableTls":false,"mutualAuthEnable":false,"trustAll":false}
2025-02-26 19:29:07.271 [main] INFO  com.alibaba.nacos.common.remote.client - [25f8c9b5-4c16-40ab-bf6c-110176755442] Success to connect to server [127.0.0.1:8848] on start up, connectionId = 1740569347098_172.17.0.1_59300
2025-02-26 19:29:07.271 [com.alibaba.nacos.client.remote.worker] INFO  com.alibaba.nacos.common.remote.client - [25f8c9b5-4c16-40ab-bf6c-110176755442] Notify connected event to listeners.
2025-02-26 19:29:07.271 [com.alibaba.nacos.client.remote.worker] INFO  com.alibaba.nacos.client.naming - Grpc connection connect
2025-02-26 19:29:07.271 [main] INFO  com.alibaba.nacos.common.remote.client - [25f8c9b5-4c16-40ab-bf6c-110176755442] Register server push request handler:com.alibaba.nacos.common.remote.client.RpcClient$ConnectResetRequestHandler
2025-02-26 19:29:07.271 [main] INFO  com.alibaba.nacos.common.remote.client - [25f8c9b5-4c16-40ab-bf6c-110176755442] Register server push request handler:com.alibaba.nacos.common.remote.client.RpcClient$$Lambda$1281/0x00000229769b4810
2025-02-26 19:29:07.272 [main] INFO  com.alibaba.nacos.client.naming - [REGISTER-SERVICE] xiaohashu registering service xiaohashu-note with instance Instance{instanceId='null', ip='192.168.1.3', port=8086, weight=1.0, healthy=true, enabled=true, ephemeral=true, clusterName='DEFAULT', serviceName='null', metadata={IPv6=[240e:b65:56e:2b00:4b38:166:d82c:3df6], preserved.register.source=SPRING_CLOUD}}
2025-02-26 19:29:07.281 [main] INFO  c.a.cloud.nacos.registry.NacosServiceRegistry - nacos registry, DEFAULT_GROUP xiaohashu-note 192.168.1.3:8086 register finished
2025-02-26 19:29:07.366 [main] INFO  c.q.xiaohashu.note.biz.XiaohashuNoteBizApplication - Started XiaohashuNoteBizApplication in 3.989 seconds (process running for 4.288)
2025-02-26 19:30:35.005 [http-nio-8086-exec-1] INFO  o.a.c.core.ContainerBase.[Tomcat].[localhost].[/] - Initializing Spring DispatcherServlet 'dispatcherServlet'
2025-02-26 19:30:35.005 [http-nio-8086-exec-1] INFO  org.springframework.web.servlet.DispatcherServlet - Initializing Servlet 'dispatcherServlet'
2025-02-26 19:30:35.006 [http-nio-8086-exec-1] INFO  org.springframework.web.servlet.DispatcherServlet - Completed initialization in 1 ms
2025-02-26 19:30:35.010 [http-nio-8086-exec-1] INFO  c.q.f.b.context.filter.HeaderUserId2ContextFilter - ===== 设置 userId 到 ThreadLocal 中， 用户 ID: 101
2025-02-26 19:30:35.029 [http-nio-8086-exec-1] INFO  c.q.f.b.operationlog.aspect.ApiOperationLogAspect - ====== 请求开始: [获取所有频道], 入参: , 请求类: ChannelController, 请求方法: findChannelList =================================== 
2025-02-26 19:30:35.047 [http-nio-8086-exec-1] DEBUG c.q.x.n.b.domain.mapper.ChannelDOMapper.selectAll - ==>  Preparing: select id, name from t_channel where is_deleted = 0
2025-02-26 19:30:35.166 [http-nio-8086-exec-1] DEBUG c.q.x.n.b.domain.mapper.ChannelDOMapper.selectAll - ==> Parameters: 
2025-02-26 19:30:35.182 [http-nio-8086-exec-1] DEBUG c.q.x.n.b.domain.mapper.ChannelDOMapper.selectAll - <==      Total: 2
2025-02-26 19:30:35.187 [http-nio-8086-exec-1] INFO  c.q.f.b.operationlog.aspect.ApiOperationLogAspect - ====== 请求结束: [获取所有频道], 耗时: 157ms, 出参: {"success":true,"message":null,"errorCode":null,"data":[{"id":3,"name":"美食"},{"id":4,"name":"娱乐"}]} =================================== 
2025-02-26 19:30:35.199 [http-nio-8086-exec-1] INFO  c.q.f.b.context.filter.HeaderUserId2ContextFilter - ===== 删除 ThreadLocal， userId: 101
