2025-04-03 10:23:23.559 [main] WARN  com.alibaba.nacos.client.logging.NacosLogging - Load Logback Configuration of Nacos fail, message: Could not initialize Logback Nacos logging from classpath:nacos-logback.xml
2025-04-03 10:23:23.599 [main] WARN  com.alibaba.nacos.client.logging.NacosLogging - Load Logback Configuration of Nacos fail, message: Could not initialize Logback Nacos logging from classpath:nacos-logback.xml
2025-04-03 10:23:23.728 [main] WARN  com.alibaba.nacos.client.logging.NacosLogging - Load Logback Configuration of Nacos fail, message: Could not initialize Logback Nacos logging from classpath:nacos-logback.xml
2025-04-03 10:23:23.729 [main] INFO  com.alibaba.nacos.client.utils.ParamUtil - [settings] [req-serv] nacos-server port:8848
2025-04-03 10:23:23.729 [main] INFO  com.alibaba.nacos.client.utils.ParamUtil - [settings] [http-client] connect timeout:1000
2025-04-03 10:23:23.729 [main] INFO  com.alibaba.nacos.client.utils.ParamUtil - PER_TASK_CONFIG_SIZE: 3000.0
2025-04-03 10:23:23.742 [main] INFO  c.a.n.p.auth.spi.client.ClientAuthPluginManager - [ClientAuthPluginManager] Load ClientAuthService com.alibaba.nacos.client.auth.impl.NacosClientAuthServiceImpl success.
2025-04-03 10:23:23.742 [main] INFO  c.a.n.p.auth.spi.client.ClientAuthPluginManager - [ClientAuthPluginManager] Load ClientAuthService com.alibaba.nacos.client.auth.ram.RamClientAuthServiceImpl success.
2025-04-03 10:23:23.743 [main] INFO  c.a.n.client.auth.ram.identify.CredentialWatcher - null No credential found
2025-04-03 10:23:23.871 [main] WARN  com.alibaba.nacos.client.logging.NacosLogging - Load Logback Configuration of Nacos fail, message: Could not initialize Logback Nacos logging from classpath:nacos-logback.xml
2025-04-03 10:23:23.878 [main] INFO  c.a.n.client.config.impl.LocalConfigInfoProcessor - LOCAL_SNAPSHOT_PATH:C:\Users\Administrator\nacos\config
2025-04-03 10:23:23.881 [main] INFO  com.alibaba.nacos.common.remote.client - [RpcClientFactory] create a new rpc client of f6be4ec2-e2ef-4eb4-8230-4261d5996da4_config-0
2025-04-03 10:23:23.889 [main] INFO  com.alibaba.nacos.common.remote.client - [f6be4ec2-e2ef-4eb4-8230-4261d5996da4_config-0] Register server push request handler:com.alibaba.nacos.client.config.impl.ClientWorker$ConfigRpcTransportClient$$Lambda$588/0x00000217d138dd10
2025-04-03 10:23:23.889 [main] INFO  com.alibaba.nacos.common.remote.client - [f6be4ec2-e2ef-4eb4-8230-4261d5996da4_config-0] Register server push request handler:com.alibaba.nacos.client.config.impl.ClientWorker$ConfigRpcTransportClient$$Lambda$589/0x00000217d138e130
2025-04-03 10:23:23.889 [main] INFO  com.alibaba.nacos.common.remote.client - [f6be4ec2-e2ef-4eb4-8230-4261d5996da4_config-0] Registry connection listener to current client:com.alibaba.nacos.client.config.impl.ClientWorker$ConfigRpcTransportClient$1
2025-04-03 10:23:23.889 [main] INFO  com.alibaba.nacos.common.remote.client - [f6be4ec2-e2ef-4eb4-8230-4261d5996da4_config-0] RpcClient init, ServerListFactory = com.alibaba.nacos.client.config.impl.ClientWorker$ConfigRpcTransportClient$2
2025-04-03 10:23:23.893 [main] INFO  com.alibaba.nacos.common.remote.client - [f6be4ec2-e2ef-4eb4-8230-4261d5996da4_config-0] Try to connect to server on start up, server: {serverIp = '192.168.0.106', server main port = 8848}
2025-04-03 10:23:23.909 [main] INFO  c.a.nacos.common.remote.client.grpc.GrpcClient - grpc client connection server:192.168.0.106 ip,serverPort:9848,grpcTslConfig:{"sslProvider":"OPENSSL","enableTls":false,"mutualAuthEnable":false,"trustAll":false}
2025-04-03 10:23:24.431 [main] INFO  com.alibaba.nacos.common.remote.client - [f6be4ec2-e2ef-4eb4-8230-4261d5996da4_config-0] Success to connect to server [192.168.0.106:8848] on start up, connectionId = 1743647004363_192.168.0.100_52001
2025-04-03 10:23:24.432 [com.alibaba.nacos.client.remote.worker] INFO  com.alibaba.nacos.common.remote.client - [f6be4ec2-e2ef-4eb4-8230-4261d5996da4_config-0] Notify connected event to listeners.
2025-04-03 10:23:24.432 [com.alibaba.nacos.client.remote.worker] INFO  com.alibaba.nacos.client.config.impl.ClientWorker - [f6be4ec2-e2ef-4eb4-8230-4261d5996da4_config-0] Connected,notify listen context...
2025-04-03 10:23:24.432 [main] INFO  com.alibaba.nacos.common.remote.client - [f6be4ec2-e2ef-4eb4-8230-4261d5996da4_config-0] Register server push request handler:com.alibaba.nacos.common.remote.client.RpcClient$ConnectResetRequestHandler
2025-04-03 10:23:24.432 [main] INFO  com.alibaba.nacos.common.remote.client - [f6be4ec2-e2ef-4eb4-8230-4261d5996da4_config-0] Register server push request handler:com.alibaba.nacos.common.remote.client.RpcClient$$Lambda$609/0x00000217d14da228
2025-04-03 10:23:24.454 [main] INFO  com.alibaba.nacos.client.config.impl.Limiter - limitTime:5.0
2025-04-03 10:23:24.463 [main] WARN  c.a.cloud.nacos.client.NacosPropertySourceBuilder - Ignore the empty nacos configuration and get it based on dataId[xiaohashu-oss] & group[DEFAULT_GROUP]
2025-04-03 10:23:24.467 [main] WARN  c.a.cloud.nacos.client.NacosPropertySourceBuilder - Ignore the empty nacos configuration and get it based on dataId[xiaohashu-oss.yaml] & group[DEFAULT_GROUP]
2025-04-03 10:23:24.471 [main] WARN  c.a.cloud.nacos.client.NacosPropertySourceBuilder - Ignore the empty nacos configuration and get it based on dataId[xiaohashu-oss-dev.yaml] & group[DEFAULT_GROUP]
2025-04-03 10:23:24.471 [main] INFO  o.s.c.b.c.PropertySourceBootstrapConfiguration - Located property source: [BootstrapPropertySource {name='bootstrapProperties-xiaohashu-oss-dev.yaml,DEFAULT_GROUP'}, BootstrapPropertySource {name='bootstrapProperties-xiaohashu-oss.yaml,DEFAULT_GROUP'}, BootstrapPropertySource {name='bootstrapProperties-xiaohashu-oss,DEFAULT_GROUP'}]
2025-04-03 10:23:24.474 [main] WARN  com.alibaba.nacos.client.logging.NacosLogging - Load Logback Configuration of Nacos fail, message: Could not initialize Logback Nacos logging from classpath:nacos-logback.xml
2025-04-03 10:23:24.474 [main] INFO  c.q.xiaohashu.oss.biz.XiaohashuOssBizApplication - The following 1 profile is active: "dev"
2025-04-03 10:23:24.701 [main] INFO  o.springframework.cloud.context.scope.GenericScope - BeanFactory id=e2ca34db-4026-326f-b5c4-f3dea42a333f
2025-04-03 10:23:24.886 [main] INFO  o.s.boot.web.embedded.tomcat.TomcatWebServer - Tomcat initialized with port(s): 8081 (http)
2025-04-03 10:23:24.891 [main] INFO  org.apache.catalina.core.StandardService - Starting service [Tomcat]
2025-04-03 10:23:24.891 [main] INFO  org.apache.catalina.core.StandardEngine - Starting Servlet engine: [Apache Tomcat/10.1.5]
2025-04-03 10:23:24.935 [main] INFO  o.a.c.core.ContainerBase.[Tomcat].[localhost].[/] - Initializing Spring embedded WebApplicationContext
2025-04-03 10:23:24.936 [main] INFO  o.s.b.w.s.c.ServletWebServerApplicationContext - Root WebApplicationContext: initialization completed in 457 ms
2025-04-03 10:23:25.719 [main] INFO  o.s.boot.web.embedded.tomcat.TomcatWebServer - Tomcat started on port(s): 8081 (http) with context path ''
2025-04-03 10:23:25.721 [main] INFO  com.alibaba.nacos.client.naming - initializer namespace from ans.namespace attribute : null
2025-04-03 10:23:25.721 [main] INFO  com.alibaba.nacos.client.naming - initializer namespace from ALIBABA_ALIWARE_NAMESPACE attribute :null
2025-04-03 10:23:25.722 [main] INFO  com.alibaba.nacos.client.naming - initializer namespace from namespace attribute :null
2025-04-03 10:23:25.725 [main] INFO  c.a.n.p.auth.spi.client.ClientAuthPluginManager - [ClientAuthPluginManager] Load ClientAuthService com.alibaba.nacos.client.auth.impl.NacosClientAuthServiceImpl success.
2025-04-03 10:23:25.726 [main] INFO  c.a.n.p.auth.spi.client.ClientAuthPluginManager - [ClientAuthPluginManager] Load ClientAuthService com.alibaba.nacos.client.auth.ram.RamClientAuthServiceImpl success.
2025-04-03 10:23:25.727 [main] INFO  com.alibaba.nacos.common.remote.client - [RpcClientFactory] create a new rpc client of a22ba27f-8476-4ad6-9dcb-fecd63291e50
2025-04-03 10:23:25.728 [main] INFO  com.alibaba.nacos.common.remote.client - [a22ba27f-8476-4ad6-9dcb-fecd63291e50] RpcClient init, ServerListFactory = com.alibaba.nacos.client.naming.core.ServerListManager
2025-04-03 10:23:25.728 [main] INFO  com.alibaba.nacos.common.remote.client - [a22ba27f-8476-4ad6-9dcb-fecd63291e50] Registry connection listener to current client:com.alibaba.nacos.client.naming.remote.gprc.redo.NamingGrpcRedoService
2025-04-03 10:23:25.728 [main] INFO  com.alibaba.nacos.common.remote.client - [a22ba27f-8476-4ad6-9dcb-fecd63291e50] Register server push request handler:com.alibaba.nacos.client.naming.remote.gprc.NamingPushRequestHandler
2025-04-03 10:23:25.729 [main] INFO  com.alibaba.nacos.common.remote.client - [a22ba27f-8476-4ad6-9dcb-fecd63291e50] Try to connect to server on start up, server: {serverIp = '192.168.0.106', server main port = 8848}
2025-04-03 10:23:25.729 [main] INFO  c.a.nacos.common.remote.client.grpc.GrpcClient - grpc client connection server:192.168.0.106 ip,serverPort:9848,grpcTslConfig:{"sslProvider":"OPENSSL","enableTls":false,"mutualAuthEnable":false,"trustAll":false}
2025-04-03 10:23:25.845 [main] INFO  com.alibaba.nacos.common.remote.client - [a22ba27f-8476-4ad6-9dcb-fecd63291e50] Success to connect to server [192.168.0.106:8848] on start up, connectionId = 1743647005822_192.168.0.100_52013
2025-04-03 10:23:25.845 [main] INFO  com.alibaba.nacos.common.remote.client - [a22ba27f-8476-4ad6-9dcb-fecd63291e50] Register server push request handler:com.alibaba.nacos.common.remote.client.RpcClient$ConnectResetRequestHandler
2025-04-03 10:23:25.845 [main] INFO  com.alibaba.nacos.common.remote.client - [a22ba27f-8476-4ad6-9dcb-fecd63291e50] Register server push request handler:com.alibaba.nacos.common.remote.client.RpcClient$$Lambda$609/0x00000217d14da228
2025-04-03 10:23:25.845 [com.alibaba.nacos.client.remote.worker] INFO  com.alibaba.nacos.common.remote.client - [a22ba27f-8476-4ad6-9dcb-fecd63291e50] Notify connected event to listeners.
2025-04-03 10:23:25.845 [com.alibaba.nacos.client.remote.worker] INFO  com.alibaba.nacos.client.naming - Grpc connection connect
2025-04-03 10:23:25.846 [main] INFO  com.alibaba.nacos.client.naming - [REGISTER-SERVICE] xiaohashu registering service xiaohashu-oss with instance Instance{instanceId='null', ip='192.168.0.100', port=8081, weight=1.0, healthy=true, enabled=true, ephemeral=true, clusterName='DEFAULT', serviceName='null', metadata={IPv6=null, preserved.register.source=SPRING_CLOUD}}
2025-04-03 10:23:25.853 [main] INFO  c.a.cloud.nacos.registry.NacosServiceRegistry - nacos registry, DEFAULT_GROUP xiaohashu-oss 192.168.0.100:8081 register finished
2025-04-03 10:23:25.938 [main] INFO  c.q.xiaohashu.oss.biz.XiaohashuOssBizApplication - Started XiaohashuOssBizApplication in 2.746 seconds (process running for 3.121)
2025-04-03 10:23:25.940 [main] INFO  com.alibaba.nacos.client.config.impl.CacheData - nacos.cache.data.init.snapshot = true 
2025-04-03 10:23:25.940 [main] INFO  com.alibaba.nacos.client.config.impl.ClientWorker - [fixed-xiaohashu-192.168.0.106_8848] [subscribe] xiaohashu-oss+DEFAULT_GROUP+xiaohashu
2025-04-03 10:23:25.944 [main] INFO  com.alibaba.nacos.client.config.impl.CacheData - [fixed-xiaohashu-192.168.0.106_8848] [add-listener] ok, tenant=xiaohashu, dataId=xiaohashu-oss, group=DEFAULT_GROUP, cnt=1
2025-04-03 10:23:25.944 [main] INFO  c.a.cloud.nacos.refresh.NacosContextRefresher - [Nacos Config] Listening config: dataId=xiaohashu-oss, group=DEFAULT_GROUP
2025-04-03 10:23:25.944 [main] INFO  com.alibaba.nacos.client.config.impl.ClientWorker - [fixed-xiaohashu-192.168.0.106_8848] [subscribe] xiaohashu-oss-dev.yaml+DEFAULT_GROUP+xiaohashu
2025-04-03 10:23:25.944 [main] INFO  com.alibaba.nacos.client.config.impl.CacheData - [fixed-xiaohashu-192.168.0.106_8848] [add-listener] ok, tenant=xiaohashu, dataId=xiaohashu-oss-dev.yaml, group=DEFAULT_GROUP, cnt=1
2025-04-03 10:23:25.944 [main] INFO  c.a.cloud.nacos.refresh.NacosContextRefresher - [Nacos Config] Listening config: dataId=xiaohashu-oss-dev.yaml, group=DEFAULT_GROUP
2025-04-03 10:23:25.944 [main] INFO  com.alibaba.nacos.client.config.impl.ClientWorker - [fixed-xiaohashu-192.168.0.106_8848] [subscribe] xiaohashu-oss.yaml+DEFAULT_GROUP+xiaohashu
2025-04-03 10:23:25.945 [main] INFO  com.alibaba.nacos.client.config.impl.CacheData - [fixed-xiaohashu-192.168.0.106_8848] [add-listener] ok, tenant=xiaohashu, dataId=xiaohashu-oss.yaml, group=DEFAULT_GROUP, cnt=1
2025-04-03 10:23:25.945 [main] INFO  c.a.cloud.nacos.refresh.NacosContextRefresher - [Nacos Config] Listening config: dataId=xiaohashu-oss.yaml, group=DEFAULT_GROUP
2025-04-03 11:14:43.995 [http-nio-8081-exec-1] INFO  org.apache.tomcat.util.http.parser.Cookie - A cookie header was received [Hm_lvt_75062b8ad5f18e178698c68645a1ff82=1741675049,1742189538;] that contained an invalid cookie. That cookie will be ignored.
 Note: further occurrences of this error will be logged at DEBUG level.
2025-04-03 11:14:44.007 [http-nio-8081-exec-1] INFO  o.a.c.core.ContainerBase.[Tomcat].[localhost].[/] - Initializing Spring DispatcherServlet 'dispatcherServlet'
2025-04-03 11:14:44.007 [http-nio-8081-exec-1] INFO  org.springframework.web.servlet.DispatcherServlet - Initializing Servlet 'dispatcherServlet'
2025-04-03 11:14:44.017 [http-nio-8081-exec-1] INFO  org.springframework.web.servlet.DispatcherServlet - Completed initialization in 10 ms
2025-04-03 11:14:44.023 [http-nio-8081-exec-1] INFO  c.q.f.b.context.filter.HeaderUserId2ContextFilter - ===== 设置 userId 到 ThreadLocal 中， 用户 ID: 2100
2025-04-03 11:14:44.072 [http-nio-8081-exec-1] INFO  c.q.xiaohashu.oss.biz.controller.FileController - 当前用户 ID: 2100
2025-04-03 11:14:44.073 [http-nio-8081-exec-1] INFO  c.q.x.oss.biz.strategy.impl.MinioFileStrategy - ## 上传文件至 Minio ...
2025-04-03 11:14:44.073 [http-nio-8081-exec-1] INFO  c.q.x.oss.biz.strategy.impl.MinioFileStrategy - ==> 开始上传文件至 Minio, ObjectName: 4903cf2e79bc4314955d825af955cef5.jpg
2025-04-03 11:14:44.265 [http-nio-8081-exec-1] INFO  c.q.x.oss.biz.strategy.impl.MinioFileStrategy - ==> 上传文件至 Minio 成功，访问路径: http://192.168.0.106:9000/xiaohashu/4903cf2e79bc4314955d825af955cef5.jpg
2025-04-03 11:14:44.297 [http-nio-8081-exec-1] INFO  c.q.f.b.context.filter.HeaderUserId2ContextFilter - ===== 删除 ThreadLocal， userId: 2100
2025-04-03 11:14:44.328 [http-nio-8081-exec-5] INFO  c.q.f.b.context.filter.HeaderUserId2ContextFilter - ===== 设置 userId 到 ThreadLocal 中， 用户 ID: 2100
2025-04-03 11:14:44.335 [http-nio-8081-exec-5] INFO  c.q.xiaohashu.oss.biz.controller.FileController - 当前用户 ID: 2100
2025-04-03 11:14:44.335 [http-nio-8081-exec-5] INFO  c.q.x.oss.biz.strategy.impl.MinioFileStrategy - ## 上传文件至 Minio ...
2025-04-03 11:14:44.335 [http-nio-8081-exec-5] INFO  c.q.x.oss.biz.strategy.impl.MinioFileStrategy - ==> 开始上传文件至 Minio, ObjectName: 4f53454bff4a42aca0997e3e1449679d.jpg
2025-04-03 11:14:44.389 [http-nio-8081-exec-5] INFO  c.q.x.oss.biz.strategy.impl.MinioFileStrategy - ==> 上传文件至 Minio 成功，访问路径: http://192.168.0.106:9000/xiaohashu/4f53454bff4a42aca0997e3e1449679d.jpg
2025-04-03 11:14:44.390 [http-nio-8081-exec-5] INFO  c.q.f.b.context.filter.HeaderUserId2ContextFilter - ===== 删除 ThreadLocal， userId: 2100
2025-04-03 11:20:38.122 [Thread-9] WARN  com.alibaba.nacos.common.notify.NotifyCenter - [NotifyCenter] Start destroying Publisher
2025-04-03 11:20:38.122 [Thread-2] WARN  c.alibaba.nacos.common.http.HttpClientBeanHolder - [HttpClientBeanHolder] Start destroying common HttpClient
2025-04-03 11:20:38.122 [Thread-9] WARN  com.alibaba.nacos.common.notify.NotifyCenter - [NotifyCenter] Destruction of the end
2025-04-03 11:20:38.122 [Thread-2] WARN  c.alibaba.nacos.common.http.HttpClientBeanHolder - [HttpClientBeanHolder] Destruction of the end
2025-04-03 11:20:38.139 [SpringApplicationShutdownHook] INFO  c.a.cloud.nacos.registry.NacosServiceRegistry - De-registering from Nacos Server now...
2025-04-03 11:20:38.139 [SpringApplicationShutdownHook] INFO  com.alibaba.nacos.client.naming - [DEREGISTER-SERVICE] xiaohashu deregistering service xiaohashu-oss with instance: Instance{instanceId='null', ip='192.168.0.100', port=8081, weight=1.0, healthy=true, enabled=true, ephemeral=true, clusterName='DEFAULT', serviceName='null', metadata={}}
2025-04-03 11:20:38.207 [SpringApplicationShutdownHook] INFO  c.a.cloud.nacos.registry.NacosServiceRegistry - De-registration finished.
2025-04-03 11:20:38.207 [SpringApplicationShutdownHook] INFO  com.alibaba.nacos.client.naming - com.alibaba.nacos.client.naming.cache.ServiceInfoHolder do shutdown begin
2025-04-03 11:20:38.207 [SpringApplicationShutdownHook] INFO  com.alibaba.nacos.client.naming - com.alibaba.nacos.client.naming.backups.FailoverReactor do shutdown begin
2025-04-03 11:20:38.208 [SpringApplicationShutdownHook] INFO  com.alibaba.nacos.client.naming - com.alibaba.nacos.client.naming.backups.FailoverReactor do shutdown stop
2025-04-03 11:20:38.208 [SpringApplicationShutdownHook] INFO  com.alibaba.nacos.client.naming - com.alibaba.nacos.client.naming.cache.ServiceInfoHolder do shutdown stop
2025-04-03 11:20:38.208 [SpringApplicationShutdownHook] INFO  com.alibaba.nacos.client.naming - com.alibaba.nacos.client.naming.remote.NamingClientProxyDelegate do shutdown begin
2025-04-03 11:20:38.208 [SpringApplicationShutdownHook] INFO  com.alibaba.nacos.client.naming - com.alibaba.nacos.client.naming.core.ServiceInfoUpdateService do shutdown begin
2025-04-03 11:20:38.208 [SpringApplicationShutdownHook] INFO  com.alibaba.nacos.client.naming - com.alibaba.nacos.client.naming.core.ServiceInfoUpdateService do shutdown stop
2025-04-03 11:20:38.208 [SpringApplicationShutdownHook] INFO  com.alibaba.nacos.client.naming - com.alibaba.nacos.client.naming.core.ServerListManager do shutdown begin
2025-04-03 11:20:38.208 [SpringApplicationShutdownHook] WARN  com.alibaba.nacos.client.naming - [NamingHttpClientManager] Start destroying NacosRestTemplate
2025-04-03 11:20:38.208 [SpringApplicationShutdownHook] WARN  com.alibaba.nacos.client.naming - [NamingHttpClientManager] Destruction of the end
2025-04-03 11:20:38.208 [SpringApplicationShutdownHook] INFO  com.alibaba.nacos.client.naming - com.alibaba.nacos.client.naming.core.ServerListManager do shutdown stop
2025-04-03 11:20:38.208 [SpringApplicationShutdownHook] INFO  com.alibaba.nacos.client.naming - com.alibaba.nacos.client.naming.remote.http.NamingHttpClientProxy do shutdown begin
2025-04-03 11:20:38.208 [SpringApplicationShutdownHook] WARN  com.alibaba.nacos.client.naming - [NamingHttpClientManager] Start destroying NacosRestTemplate
2025-04-03 11:20:38.208 [SpringApplicationShutdownHook] WARN  com.alibaba.nacos.client.naming - [NamingHttpClientManager] Destruction of the end
2025-04-03 11:20:38.208 [SpringApplicationShutdownHook] INFO  com.alibaba.nacos.client.naming - com.alibaba.nacos.client.naming.remote.http.NamingHttpClientProxy do shutdown stop
2025-04-03 11:20:38.208 [SpringApplicationShutdownHook] INFO  com.alibaba.nacos.common.remote.client - Shutdown rpc client, set status to shutdown
2025-04-03 11:20:38.208 [SpringApplicationShutdownHook] INFO  com.alibaba.nacos.common.remote.client - Shutdown client event executor java.util.concurrent.ScheduledThreadPoolExecutor@5e3a1477[Running, pool size = 2, active threads = 2, queued tasks = 0, completed tasks = 0]
2025-04-03 11:20:38.208 [SpringApplicationShutdownHook] INFO  com.alibaba.nacos.common.remote.client - Close current connection 1743647005822_192.168.0.100_52013
2025-04-03 11:20:38.210 [nacos-grpc-client-executor-192.168.0.106-701] WARN  c.a.nacos.common.remote.client.grpc.GrpcClient - [1743647005822_192.168.0.100_52013]Ignore error event,isRunning:false,isAbandon=false
2025-04-03 11:20:38.210 [SpringApplicationShutdownHook] INFO  c.a.nacos.common.remote.client.grpc.GrpcClient - Shutdown grpc executor java.util.concurrent.ThreadPoolExecutor@8d2e4f9[Running, pool size = 4, active threads = 0, queued tasks = 0, completed tasks = 702]
2025-04-03 11:20:38.210 [SpringApplicationShutdownHook] INFO  com.alibaba.nacos.client.naming - Shutdown grpc redo service executor java.util.concurrent.ScheduledThreadPoolExecutor@38d69a4f[Running, pool size = 1, active threads = 0, queued tasks = 1, completed tasks = 1141]
2025-04-03 11:20:38.210 [SpringApplicationShutdownHook] INFO  c.a.n.client.auth.ram.identify.CredentialWatcher - [null] CredentialWatcher is stopped
2025-04-03 11:20:38.210 [SpringApplicationShutdownHook] INFO  c.a.n.client.auth.ram.identify.CredentialService - [null] CredentialService is freed
2025-04-03 11:20:38.210 [SpringApplicationShutdownHook] INFO  com.alibaba.nacos.client.naming - com.alibaba.nacos.client.naming.remote.NamingClientProxyDelegate do shutdown stop
2025-04-03 11:20:39.809 [main] WARN  com.alibaba.nacos.client.logging.NacosLogging - Load Logback Configuration of Nacos fail, message: Could not initialize Logback Nacos logging from classpath:nacos-logback.xml
2025-04-03 11:20:39.850 [main] WARN  com.alibaba.nacos.client.logging.NacosLogging - Load Logback Configuration of Nacos fail, message: Could not initialize Logback Nacos logging from classpath:nacos-logback.xml
2025-04-03 11:20:39.983 [main] WARN  com.alibaba.nacos.client.logging.NacosLogging - Load Logback Configuration of Nacos fail, message: Could not initialize Logback Nacos logging from classpath:nacos-logback.xml
2025-04-03 11:20:39.985 [main] INFO  com.alibaba.nacos.client.utils.ParamUtil - [settings] [req-serv] nacos-server port:8848
2025-04-03 11:20:39.985 [main] INFO  com.alibaba.nacos.client.utils.ParamUtil - [settings] [http-client] connect timeout:1000
2025-04-03 11:20:39.986 [main] INFO  com.alibaba.nacos.client.utils.ParamUtil - PER_TASK_CONFIG_SIZE: 3000.0
2025-04-03 11:20:40.002 [main] INFO  c.a.n.p.auth.spi.client.ClientAuthPluginManager - [ClientAuthPluginManager] Load ClientAuthService com.alibaba.nacos.client.auth.impl.NacosClientAuthServiceImpl success.
2025-04-03 11:20:40.004 [main] INFO  c.a.n.p.auth.spi.client.ClientAuthPluginManager - [ClientAuthPluginManager] Load ClientAuthService com.alibaba.nacos.client.auth.ram.RamClientAuthServiceImpl success.
2025-04-03 11:20:40.005 [main] INFO  c.a.n.client.auth.ram.identify.CredentialWatcher - null No credential found
2025-04-03 11:20:40.164 [main] WARN  com.alibaba.nacos.client.logging.NacosLogging - Load Logback Configuration of Nacos fail, message: Could not initialize Logback Nacos logging from classpath:nacos-logback.xml
2025-04-03 11:20:40.171 [main] INFO  c.a.n.client.config.impl.LocalConfigInfoProcessor - LOCAL_SNAPSHOT_PATH:C:\Users\Administrator\nacos\config
2025-04-03 11:20:40.173 [main] INFO  com.alibaba.nacos.common.remote.client - [RpcClientFactory] create a new rpc client of 042ab71c-0fe9-4359-b21c-855354ae7167_config-0
2025-04-03 11:20:40.181 [main] INFO  com.alibaba.nacos.common.remote.client - [042ab71c-0fe9-4359-b21c-855354ae7167_config-0] Register server push request handler:com.alibaba.nacos.client.config.impl.ClientWorker$ConfigRpcTransportClient$$Lambda$588/0x000002bc1338e698
2025-04-03 11:20:40.181 [main] INFO  com.alibaba.nacos.common.remote.client - [042ab71c-0fe9-4359-b21c-855354ae7167_config-0] Register server push request handler:com.alibaba.nacos.client.config.impl.ClientWorker$ConfigRpcTransportClient$$Lambda$589/0x000002bc1338eab8
2025-04-03 11:20:40.182 [main] INFO  com.alibaba.nacos.common.remote.client - [042ab71c-0fe9-4359-b21c-855354ae7167_config-0] Registry connection listener to current client:com.alibaba.nacos.client.config.impl.ClientWorker$ConfigRpcTransportClient$1
2025-04-03 11:20:40.182 [main] INFO  com.alibaba.nacos.common.remote.client - [042ab71c-0fe9-4359-b21c-855354ae7167_config-0] RpcClient init, ServerListFactory = com.alibaba.nacos.client.config.impl.ClientWorker$ConfigRpcTransportClient$2
2025-04-03 11:20:40.186 [main] INFO  com.alibaba.nacos.common.remote.client - [042ab71c-0fe9-4359-b21c-855354ae7167_config-0] Try to connect to server on start up, server: {serverIp = '192.168.0.106', server main port = 8848}
2025-04-03 11:20:40.203 [main] INFO  c.a.nacos.common.remote.client.grpc.GrpcClient - grpc client connection server:192.168.0.106 ip,serverPort:9848,grpcTslConfig:{"sslProvider":"OPENSSL","enableTls":false,"mutualAuthEnable":false,"trustAll":false}
2025-04-03 11:20:40.807 [main] INFO  com.alibaba.nacos.common.remote.client - [042ab71c-0fe9-4359-b21c-855354ae7167_config-0] Success to connect to server [192.168.0.106:8848] on start up, connectionId = 1743650440757_192.168.0.100_64217
2025-04-03 11:20:40.807 [com.alibaba.nacos.client.remote.worker] INFO  com.alibaba.nacos.common.remote.client - [042ab71c-0fe9-4359-b21c-855354ae7167_config-0] Notify connected event to listeners.
2025-04-03 11:20:40.808 [com.alibaba.nacos.client.remote.worker] INFO  com.alibaba.nacos.client.config.impl.ClientWorker - [042ab71c-0fe9-4359-b21c-855354ae7167_config-0] Connected,notify listen context...
2025-04-03 11:20:40.808 [main] INFO  com.alibaba.nacos.common.remote.client - [042ab71c-0fe9-4359-b21c-855354ae7167_config-0] Register server push request handler:com.alibaba.nacos.common.remote.client.RpcClient$ConnectResetRequestHandler
2025-04-03 11:20:40.808 [main] INFO  com.alibaba.nacos.common.remote.client - [042ab71c-0fe9-4359-b21c-855354ae7167_config-0] Register server push request handler:com.alibaba.nacos.common.remote.client.RpcClient$$Lambda$609/0x000002bc134d8668
2025-04-03 11:20:40.830 [main] INFO  com.alibaba.nacos.client.config.impl.Limiter - limitTime:5.0
2025-04-03 11:20:40.841 [main] WARN  c.a.cloud.nacos.client.NacosPropertySourceBuilder - Ignore the empty nacos configuration and get it based on dataId[xiaohashu-oss] & group[DEFAULT_GROUP]
2025-04-03 11:20:40.844 [main] WARN  c.a.cloud.nacos.client.NacosPropertySourceBuilder - Ignore the empty nacos configuration and get it based on dataId[xiaohashu-oss.yaml] & group[DEFAULT_GROUP]
2025-04-03 11:20:40.847 [main] WARN  c.a.cloud.nacos.client.NacosPropertySourceBuilder - Ignore the empty nacos configuration and get it based on dataId[xiaohashu-oss-dev.yaml] & group[DEFAULT_GROUP]
2025-04-03 11:20:40.847 [main] INFO  o.s.c.b.c.PropertySourceBootstrapConfiguration - Located property source: [BootstrapPropertySource {name='bootstrapProperties-xiaohashu-oss-dev.yaml,DEFAULT_GROUP'}, BootstrapPropertySource {name='bootstrapProperties-xiaohashu-oss.yaml,DEFAULT_GROUP'}, BootstrapPropertySource {name='bootstrapProperties-xiaohashu-oss,DEFAULT_GROUP'}]
2025-04-03 11:20:40.849 [main] WARN  com.alibaba.nacos.client.logging.NacosLogging - Load Logback Configuration of Nacos fail, message: Could not initialize Logback Nacos logging from classpath:nacos-logback.xml
2025-04-03 11:20:40.850 [main] INFO  c.q.xiaohashu.oss.biz.XiaohashuOssBizApplication - The following 1 profile is active: "dev"
2025-04-03 11:20:41.097 [main] INFO  o.springframework.cloud.context.scope.GenericScope - BeanFactory id=e2ca34db-4026-326f-b5c4-f3dea42a333f
2025-04-03 11:20:41.276 [main] INFO  o.s.boot.web.embedded.tomcat.TomcatWebServer - Tomcat initialized with port(s): 8081 (http)
2025-04-03 11:20:41.281 [main] INFO  org.apache.catalina.core.StandardService - Starting service [Tomcat]
2025-04-03 11:20:41.281 [main] INFO  org.apache.catalina.core.StandardEngine - Starting Servlet engine: [Apache Tomcat/10.1.5]
2025-04-03 11:20:41.313 [main] INFO  o.a.c.core.ContainerBase.[Tomcat].[localhost].[/] - Initializing Spring embedded WebApplicationContext
2025-04-03 11:20:41.314 [main] INFO  o.s.b.w.s.c.ServletWebServerApplicationContext - Root WebApplicationContext: initialization completed in 458 ms
2025-04-03 11:20:42.087 [main] INFO  o.s.boot.web.embedded.tomcat.TomcatWebServer - Tomcat started on port(s): 8081 (http) with context path ''
2025-04-03 11:20:42.089 [main] INFO  com.alibaba.nacos.client.naming - initializer namespace from ans.namespace attribute : null
2025-04-03 11:20:42.089 [main] INFO  com.alibaba.nacos.client.naming - initializer namespace from ALIBABA_ALIWARE_NAMESPACE attribute :null
2025-04-03 11:20:42.089 [main] INFO  com.alibaba.nacos.client.naming - initializer namespace from namespace attribute :null
2025-04-03 11:20:42.093 [main] INFO  c.a.n.p.auth.spi.client.ClientAuthPluginManager - [ClientAuthPluginManager] Load ClientAuthService com.alibaba.nacos.client.auth.impl.NacosClientAuthServiceImpl success.
2025-04-03 11:20:42.093 [main] INFO  c.a.n.p.auth.spi.client.ClientAuthPluginManager - [ClientAuthPluginManager] Load ClientAuthService com.alibaba.nacos.client.auth.ram.RamClientAuthServiceImpl success.
2025-04-03 11:20:42.095 [main] INFO  com.alibaba.nacos.common.remote.client - [RpcClientFactory] create a new rpc client of 3b7fb943-3c4c-46e9-8e1c-36fecdfffb3a
2025-04-03 11:20:42.096 [main] INFO  com.alibaba.nacos.common.remote.client - [3b7fb943-3c4c-46e9-8e1c-36fecdfffb3a] RpcClient init, ServerListFactory = com.alibaba.nacos.client.naming.core.ServerListManager
2025-04-03 11:20:42.096 [main] INFO  com.alibaba.nacos.common.remote.client - [3b7fb943-3c4c-46e9-8e1c-36fecdfffb3a] Registry connection listener to current client:com.alibaba.nacos.client.naming.remote.gprc.redo.NamingGrpcRedoService
2025-04-03 11:20:42.096 [main] INFO  com.alibaba.nacos.common.remote.client - [3b7fb943-3c4c-46e9-8e1c-36fecdfffb3a] Register server push request handler:com.alibaba.nacos.client.naming.remote.gprc.NamingPushRequestHandler
2025-04-03 11:20:42.096 [main] INFO  com.alibaba.nacos.common.remote.client - [3b7fb943-3c4c-46e9-8e1c-36fecdfffb3a] Try to connect to server on start up, server: {serverIp = '192.168.0.106', server main port = 8848}
2025-04-03 11:20:42.096 [main] INFO  c.a.nacos.common.remote.client.grpc.GrpcClient - grpc client connection server:192.168.0.106 ip,serverPort:9848,grpcTslConfig:{"sslProvider":"OPENSSL","enableTls":false,"mutualAuthEnable":false,"trustAll":false}
2025-04-03 11:20:42.213 [main] INFO  com.alibaba.nacos.common.remote.client - [3b7fb943-3c4c-46e9-8e1c-36fecdfffb3a] Success to connect to server [192.168.0.106:8848] on start up, connectionId = 1743650442219_192.168.0.100_64221
2025-04-03 11:20:42.213 [main] INFO  com.alibaba.nacos.common.remote.client - [3b7fb943-3c4c-46e9-8e1c-36fecdfffb3a] Register server push request handler:com.alibaba.nacos.common.remote.client.RpcClient$ConnectResetRequestHandler
2025-04-03 11:20:42.213 [main] INFO  com.alibaba.nacos.common.remote.client - [3b7fb943-3c4c-46e9-8e1c-36fecdfffb3a] Register server push request handler:com.alibaba.nacos.common.remote.client.RpcClient$$Lambda$609/0x000002bc134d8668
2025-04-03 11:20:42.213 [com.alibaba.nacos.client.remote.worker] INFO  com.alibaba.nacos.common.remote.client - [3b7fb943-3c4c-46e9-8e1c-36fecdfffb3a] Notify connected event to listeners.
2025-04-03 11:20:42.213 [com.alibaba.nacos.client.remote.worker] INFO  com.alibaba.nacos.client.naming - Grpc connection connect
2025-04-03 11:20:42.214 [main] INFO  com.alibaba.nacos.client.naming - [REGISTER-SERVICE] xiaohashu registering service xiaohashu-oss with instance Instance{instanceId='null', ip='192.168.0.100', port=8081, weight=1.0, healthy=true, enabled=true, ephemeral=true, clusterName='DEFAULT', serviceName='null', metadata={IPv6=null, preserved.register.source=SPRING_CLOUD}}
2025-04-03 11:20:42.221 [main] INFO  c.a.cloud.nacos.registry.NacosServiceRegistry - nacos registry, DEFAULT_GROUP xiaohashu-oss 192.168.0.100:8081 register finished
2025-04-03 11:20:42.308 [main] INFO  c.q.xiaohashu.oss.biz.XiaohashuOssBizApplication - Started XiaohashuOssBizApplication in 2.911 seconds (process running for 3.269)
2025-04-03 11:20:42.310 [main] INFO  com.alibaba.nacos.client.config.impl.CacheData - nacos.cache.data.init.snapshot = true 
2025-04-03 11:20:42.310 [main] INFO  com.alibaba.nacos.client.config.impl.ClientWorker - [fixed-xiaohashu-192.168.0.106_8848] [subscribe] xiaohashu-oss+DEFAULT_GROUP+xiaohashu
2025-04-03 11:20:42.315 [main] INFO  com.alibaba.nacos.client.config.impl.CacheData - [fixed-xiaohashu-192.168.0.106_8848] [add-listener] ok, tenant=xiaohashu, dataId=xiaohashu-oss, group=DEFAULT_GROUP, cnt=1
2025-04-03 11:20:42.315 [main] INFO  c.a.cloud.nacos.refresh.NacosContextRefresher - [Nacos Config] Listening config: dataId=xiaohashu-oss, group=DEFAULT_GROUP
2025-04-03 11:20:42.315 [main] INFO  com.alibaba.nacos.client.config.impl.ClientWorker - [fixed-xiaohashu-192.168.0.106_8848] [subscribe] xiaohashu-oss-dev.yaml+DEFAULT_GROUP+xiaohashu
2025-04-03 11:20:42.315 [main] INFO  com.alibaba.nacos.client.config.impl.CacheData - [fixed-xiaohashu-192.168.0.106_8848] [add-listener] ok, tenant=xiaohashu, dataId=xiaohashu-oss-dev.yaml, group=DEFAULT_GROUP, cnt=1
2025-04-03 11:20:42.315 [main] INFO  c.a.cloud.nacos.refresh.NacosContextRefresher - [Nacos Config] Listening config: dataId=xiaohashu-oss-dev.yaml, group=DEFAULT_GROUP
2025-04-03 11:20:42.315 [main] INFO  com.alibaba.nacos.client.config.impl.ClientWorker - [fixed-xiaohashu-192.168.0.106_8848] [subscribe] xiaohashu-oss.yaml+DEFAULT_GROUP+xiaohashu
2025-04-03 11:20:42.315 [main] INFO  com.alibaba.nacos.client.config.impl.CacheData - [fixed-xiaohashu-192.168.0.106_8848] [add-listener] ok, tenant=xiaohashu, dataId=xiaohashu-oss.yaml, group=DEFAULT_GROUP, cnt=1
2025-04-03 11:20:42.315 [main] INFO  c.a.cloud.nacos.refresh.NacosContextRefresher - [Nacos Config] Listening config: dataId=xiaohashu-oss.yaml, group=DEFAULT_GROUP
2025-04-03 11:23:36.923 [http-nio-8081-exec-1] INFO  o.a.c.core.ContainerBase.[Tomcat].[localhost].[/] - Initializing Spring DispatcherServlet 'dispatcherServlet'
2025-04-03 11:23:36.923 [http-nio-8081-exec-1] INFO  org.springframework.web.servlet.DispatcherServlet - Initializing Servlet 'dispatcherServlet'
2025-04-03 11:23:36.924 [http-nio-8081-exec-1] INFO  org.springframework.web.servlet.DispatcherServlet - Completed initialization in 1 ms
2025-04-03 11:23:36.927 [http-nio-8081-exec-1] INFO  c.q.f.b.context.filter.HeaderUserId2ContextFilter - ===== 设置 userId 到 ThreadLocal 中， 用户 ID: 8100
2025-04-03 11:23:36.961 [http-nio-8081-exec-1] INFO  c.q.xiaohashu.oss.biz.controller.FileController - 当前用户 ID: 8100
2025-04-03 11:23:36.961 [http-nio-8081-exec-1] INFO  c.q.x.oss.biz.strategy.impl.MinioFileStrategy - ## 上传文件至 Minio ...
2025-04-03 11:23:36.961 [http-nio-8081-exec-1] INFO  c.q.x.oss.biz.strategy.impl.MinioFileStrategy - ==> 开始上传文件至 Minio, ObjectName: 38447f491d0a456b90ba54f1875726b9.jpg
2025-04-03 11:23:37.117 [http-nio-8081-exec-1] INFO  c.q.x.oss.biz.strategy.impl.MinioFileStrategy - ==> 上传文件至 Minio 成功，访问路径: http://192.168.0.106:9000/xiaohashu/38447f491d0a456b90ba54f1875726b9.jpg
2025-04-03 11:23:37.134 [http-nio-8081-exec-1] INFO  c.q.f.b.context.filter.HeaderUserId2ContextFilter - ===== 删除 ThreadLocal， userId: 8100
2025-04-03 11:23:52.738 [http-nio-8081-exec-2] INFO  org.apache.tomcat.util.http.parser.Cookie - A cookie header was received [Hm_lvt_75062b8ad5f18e178698c68645a1ff82=1741675049,1742189538;] that contained an invalid cookie. That cookie will be ignored.
 Note: further occurrences of this error will be logged at DEBUG level.
2025-04-03 11:23:52.739 [http-nio-8081-exec-2] INFO  c.q.f.b.context.filter.HeaderUserId2ContextFilter - ===== 设置 userId 到 ThreadLocal 中， 用户 ID: 8100
2025-04-03 11:23:52.743 [http-nio-8081-exec-2] INFO  c.q.xiaohashu.oss.biz.controller.FileController - 当前用户 ID: 8100
2025-04-03 11:23:52.743 [http-nio-8081-exec-2] INFO  c.q.x.oss.biz.strategy.impl.MinioFileStrategy - ## 上传文件至 Minio ...
2025-04-03 11:23:52.744 [http-nio-8081-exec-2] INFO  c.q.x.oss.biz.strategy.impl.MinioFileStrategy - ==> 开始上传文件至 Minio, ObjectName: 55c09aed4dab4b9ab4aa41363fbccc9f.jpg
2025-04-03 11:23:52.784 [http-nio-8081-exec-2] INFO  c.q.x.oss.biz.strategy.impl.MinioFileStrategy - ==> 上传文件至 Minio 成功，访问路径: http://192.168.0.106:9000/xiaohashu/55c09aed4dab4b9ab4aa41363fbccc9f.jpg
2025-04-03 11:23:52.785 [http-nio-8081-exec-2] INFO  c.q.f.b.context.filter.HeaderUserId2ContextFilter - ===== 删除 ThreadLocal， userId: 8100
2025-04-03 11:23:52.801 [http-nio-8081-exec-3] INFO  c.q.f.b.context.filter.HeaderUserId2ContextFilter - ===== 设置 userId 到 ThreadLocal 中， 用户 ID: 8100
2025-04-03 11:23:52.817 [http-nio-8081-exec-3] INFO  c.q.xiaohashu.oss.biz.controller.FileController - 当前用户 ID: 8100
2025-04-03 11:23:52.817 [http-nio-8081-exec-3] INFO  c.q.x.oss.biz.strategy.impl.MinioFileStrategy - ## 上传文件至 Minio ...
2025-04-03 11:23:52.817 [http-nio-8081-exec-3] INFO  c.q.x.oss.biz.strategy.impl.MinioFileStrategy - ==> 开始上传文件至 Minio, ObjectName: 2244ba65a9354d3b934712993b592e10.jpg
2025-04-03 11:23:52.873 [http-nio-8081-exec-3] INFO  c.q.x.oss.biz.strategy.impl.MinioFileStrategy - ==> 上传文件至 Minio 成功，访问路径: http://192.168.0.106:9000/xiaohashu/2244ba65a9354d3b934712993b592e10.jpg
2025-04-03 11:23:52.875 [http-nio-8081-exec-3] INFO  c.q.f.b.context.filter.HeaderUserId2ContextFilter - ===== 删除 ThreadLocal， userId: 8100
2025-04-03 11:29:22.616 [http-nio-8081-exec-6] INFO  c.q.f.b.context.filter.HeaderUserId2ContextFilter - ===== 设置 userId 到 ThreadLocal 中， 用户 ID: 8100
2025-04-03 11:29:22.621 [http-nio-8081-exec-6] INFO  c.q.xiaohashu.oss.biz.controller.FileController - 当前用户 ID: 8100
2025-04-03 11:29:22.621 [http-nio-8081-exec-6] INFO  c.q.x.oss.biz.strategy.impl.MinioFileStrategy - ## 上传文件至 Minio ...
2025-04-03 11:29:22.621 [http-nio-8081-exec-6] INFO  c.q.x.oss.biz.strategy.impl.MinioFileStrategy - ==> 开始上传文件至 Minio, ObjectName: 0437a83acb21490a97e5e81c808071c8.jpg
2025-04-03 11:29:22.655 [http-nio-8081-exec-6] INFO  c.q.x.oss.biz.strategy.impl.MinioFileStrategy - ==> 上传文件至 Minio 成功，访问路径: http://192.168.0.106:9000/xiaohashu/0437a83acb21490a97e5e81c808071c8.jpg
2025-04-03 11:29:22.657 [http-nio-8081-exec-6] INFO  c.q.f.b.context.filter.HeaderUserId2ContextFilter - ===== 删除 ThreadLocal， userId: 8100
2025-04-03 11:29:26.443 [http-nio-8081-exec-7] INFO  c.q.f.b.context.filter.HeaderUserId2ContextFilter - ===== 设置 userId 到 ThreadLocal 中， 用户 ID: 8100
2025-04-03 11:29:26.448 [http-nio-8081-exec-7] INFO  c.q.xiaohashu.oss.biz.controller.FileController - 当前用户 ID: 8100
2025-04-03 11:29:26.448 [http-nio-8081-exec-7] INFO  c.q.x.oss.biz.strategy.impl.MinioFileStrategy - ## 上传文件至 Minio ...
2025-04-03 11:29:26.449 [http-nio-8081-exec-7] INFO  c.q.x.oss.biz.strategy.impl.MinioFileStrategy - ==> 开始上传文件至 Minio, ObjectName: 50efbfe8a7a74fe1b3b5118e50f398bc.jpg
2025-04-03 11:29:26.486 [http-nio-8081-exec-7] INFO  c.q.x.oss.biz.strategy.impl.MinioFileStrategy - ==> 上传文件至 Minio 成功，访问路径: http://192.168.0.106:9000/xiaohashu/50efbfe8a7a74fe1b3b5118e50f398bc.jpg
2025-04-03 11:29:26.488 [http-nio-8081-exec-7] INFO  c.q.f.b.context.filter.HeaderUserId2ContextFilter - ===== 删除 ThreadLocal， userId: 8100
2025-04-03 11:29:47.219 [http-nio-8081-exec-8] INFO  c.q.f.b.context.filter.HeaderUserId2ContextFilter - ===== 设置 userId 到 ThreadLocal 中， 用户 ID: 8100
2025-04-03 11:29:47.224 [http-nio-8081-exec-8] INFO  c.q.xiaohashu.oss.biz.controller.FileController - 当前用户 ID: 8100
2025-04-03 11:29:47.225 [http-nio-8081-exec-8] INFO  c.q.x.oss.biz.strategy.impl.MinioFileStrategy - ## 上传文件至 Minio ...
2025-04-03 11:29:47.225 [http-nio-8081-exec-8] INFO  c.q.x.oss.biz.strategy.impl.MinioFileStrategy - ==> 开始上传文件至 Minio, ObjectName: 5b928118911e4a63baada9bdbb1a6251.jpg
2025-04-03 11:29:47.262 [http-nio-8081-exec-8] INFO  c.q.x.oss.biz.strategy.impl.MinioFileStrategy - ==> 上传文件至 Minio 成功，访问路径: http://192.168.0.106:9000/xiaohashu/5b928118911e4a63baada9bdbb1a6251.jpg
2025-04-03 11:29:47.264 [http-nio-8081-exec-8] INFO  c.q.f.b.context.filter.HeaderUserId2ContextFilter - ===== 删除 ThreadLocal， userId: 8100
2025-04-03 11:40:40.545 [http-nio-8081-exec-10] INFO  c.q.f.b.context.filter.HeaderUserId2ContextFilter - ===== 设置 userId 到 ThreadLocal 中， 用户 ID: 8100
2025-04-03 11:40:40.574 [http-nio-8081-exec-10] INFO  c.q.xiaohashu.oss.biz.controller.FileController - 当前用户 ID: 8100
2025-04-03 11:40:40.574 [http-nio-8081-exec-10] INFO  c.q.x.oss.biz.strategy.impl.MinioFileStrategy - ## 上传文件至 Minio ...
2025-04-03 11:40:40.575 [http-nio-8081-exec-10] INFO  c.q.x.oss.biz.strategy.impl.MinioFileStrategy - ==> 开始上传文件至 Minio, ObjectName: c3257ae58f10422daeccac9c2555ada8.mp4
2025-04-03 11:40:40.939 [http-nio-8081-exec-10] INFO  c.q.x.oss.biz.strategy.impl.MinioFileStrategy - ==> 上传文件至 Minio 成功，访问路径: http://192.168.0.106:9000/xiaohashu/c3257ae58f10422daeccac9c2555ada8.mp4
2025-04-03 11:40:40.941 [http-nio-8081-exec-10] INFO  c.q.f.b.context.filter.HeaderUserId2ContextFilter - ===== 删除 ThreadLocal， userId: 8100
2025-04-03 11:43:15.966 [http-nio-8081-exec-2] INFO  c.q.f.b.context.filter.HeaderUserId2ContextFilter - ===== 设置 userId 到 ThreadLocal 中， 用户 ID: 8100
2025-04-03 11:43:16.115 [http-nio-8081-exec-2] INFO  c.q.xiaohashu.oss.biz.controller.FileController - 当前用户 ID: 8100
2025-04-03 11:43:16.115 [http-nio-8081-exec-2] INFO  c.q.x.oss.biz.strategy.impl.MinioFileStrategy - ## 上传文件至 Minio ...
2025-04-03 11:43:16.115 [http-nio-8081-exec-2] INFO  c.q.x.oss.biz.strategy.impl.MinioFileStrategy - ==> 开始上传文件至 Minio, ObjectName: 1afd5c54782941bfb35404d14186e89e.mp4
2025-04-03 11:43:17.834 [http-nio-8081-exec-2] INFO  c.q.x.oss.biz.strategy.impl.MinioFileStrategy - ==> 上传文件至 Minio 成功，访问路径: http://192.168.0.106:9000/xiaohashu/1afd5c54782941bfb35404d14186e89e.mp4
2025-04-03 11:43:17.836 [http-nio-8081-exec-2] INFO  c.q.f.b.context.filter.HeaderUserId2ContextFilter - ===== 删除 ThreadLocal， userId: 8100
2025-04-03 18:09:15.929 [Thread-9] WARN  com.alibaba.nacos.common.notify.NotifyCenter - [NotifyCenter] Start destroying Publisher
2025-04-03 18:09:15.929 [Thread-2] WARN  c.alibaba.nacos.common.http.HttpClientBeanHolder - [HttpClientBeanHolder] Start destroying common HttpClient
2025-04-03 18:09:15.934 [Thread-9] WARN  com.alibaba.nacos.common.notify.NotifyCenter - [NotifyCenter] Destruction of the end
2025-04-03 18:09:15.938 [Thread-2] WARN  c.alibaba.nacos.common.http.HttpClientBeanHolder - [HttpClientBeanHolder] Destruction of the end
2025-04-03 18:09:16.017 [SpringApplicationShutdownHook] INFO  c.a.cloud.nacos.registry.NacosServiceRegistry - De-registering from Nacos Server now...
2025-04-03 18:09:16.018 [SpringApplicationShutdownHook] INFO  com.alibaba.nacos.client.naming - [DEREGISTER-SERVICE] xiaohashu deregistering service xiaohashu-oss with instance: Instance{instanceId='null', ip='192.168.0.100', port=8081, weight=1.0, healthy=true, enabled=true, ephemeral=true, clusterName='DEFAULT', serviceName='null', metadata={}}
2025-04-03 18:09:16.021 [SpringApplicationShutdownHook] INFO  c.a.cloud.nacos.registry.NacosServiceRegistry - De-registration finished.
2025-04-03 18:09:16.022 [SpringApplicationShutdownHook] INFO  com.alibaba.nacos.client.naming - com.alibaba.nacos.client.naming.cache.ServiceInfoHolder do shutdown begin
2025-04-03 18:09:16.022 [SpringApplicationShutdownHook] INFO  com.alibaba.nacos.client.naming - com.alibaba.nacos.client.naming.backups.FailoverReactor do shutdown begin
2025-04-03 18:09:16.022 [SpringApplicationShutdownHook] INFO  com.alibaba.nacos.client.naming - com.alibaba.nacos.client.naming.backups.FailoverReactor do shutdown stop
2025-04-03 18:09:16.022 [SpringApplicationShutdownHook] INFO  com.alibaba.nacos.client.naming - com.alibaba.nacos.client.naming.cache.ServiceInfoHolder do shutdown stop
2025-04-03 18:09:16.022 [SpringApplicationShutdownHook] INFO  com.alibaba.nacos.client.naming - com.alibaba.nacos.client.naming.remote.NamingClientProxyDelegate do shutdown begin
2025-04-03 18:09:16.022 [SpringApplicationShutdownHook] INFO  com.alibaba.nacos.client.naming - com.alibaba.nacos.client.naming.core.ServiceInfoUpdateService do shutdown begin
2025-04-03 18:09:16.022 [SpringApplicationShutdownHook] INFO  com.alibaba.nacos.client.naming - com.alibaba.nacos.client.naming.core.ServiceInfoUpdateService do shutdown stop
2025-04-03 18:09:16.023 [SpringApplicationShutdownHook] INFO  com.alibaba.nacos.client.naming - com.alibaba.nacos.client.naming.core.ServerListManager do shutdown begin
2025-04-03 18:09:16.023 [SpringApplicationShutdownHook] WARN  com.alibaba.nacos.client.naming - [NamingHttpClientManager] Start destroying NacosRestTemplate
2025-04-03 18:09:16.023 [SpringApplicationShutdownHook] WARN  com.alibaba.nacos.client.naming - [NamingHttpClientManager] Destruction of the end
2025-04-03 18:09:16.023 [SpringApplicationShutdownHook] INFO  com.alibaba.nacos.client.naming - com.alibaba.nacos.client.naming.core.ServerListManager do shutdown stop
2025-04-03 18:09:16.023 [SpringApplicationShutdownHook] INFO  com.alibaba.nacos.client.naming - com.alibaba.nacos.client.naming.remote.http.NamingHttpClientProxy do shutdown begin
2025-04-03 18:09:16.023 [SpringApplicationShutdownHook] WARN  com.alibaba.nacos.client.naming - [NamingHttpClientManager] Start destroying NacosRestTemplate
2025-04-03 18:09:16.023 [SpringApplicationShutdownHook] WARN  com.alibaba.nacos.client.naming - [NamingHttpClientManager] Destruction of the end
2025-04-03 18:09:16.023 [SpringApplicationShutdownHook] INFO  com.alibaba.nacos.client.naming - com.alibaba.nacos.client.naming.remote.http.NamingHttpClientProxy do shutdown stop
2025-04-03 18:09:16.023 [SpringApplicationShutdownHook] INFO  com.alibaba.nacos.common.remote.client - Shutdown rpc client, set status to shutdown
2025-04-03 18:09:16.024 [SpringApplicationShutdownHook] INFO  com.alibaba.nacos.common.remote.client - Shutdown client event executor java.util.concurrent.ScheduledThreadPoolExecutor@77181339[Running, pool size = 2, active threads = 2, queued tasks = 0, completed tasks = 0]
2025-04-03 18:09:16.024 [SpringApplicationShutdownHook] INFO  com.alibaba.nacos.common.remote.client - Close current connection 1743650442219_192.168.0.100_64221
2025-04-03 18:09:16.025 [nacos-grpc-client-executor-192.168.0.106-4927] INFO  c.a.nacos.common.remote.client.grpc.GrpcClient - [1743650442219_192.168.0.100_64221]Ignore complete event,isRunning:false,isAbandon=false
2025-04-03 18:09:16.031 [SpringApplicationShutdownHook] INFO  c.a.nacos.common.remote.client.grpc.GrpcClient - Shutdown grpc executor java.util.concurrent.ThreadPoolExecutor@dcc7ce1[Running, pool size = 4, active threads = 0, queued tasks = 0, completed tasks = 4928]
2025-04-03 18:09:16.032 [SpringApplicationShutdownHook] INFO  com.alibaba.nacos.client.naming - Shutdown grpc redo service executor java.util.concurrent.ScheduledThreadPoolExecutor@643d2ecc[Running, pool size = 1, active threads = 0, queued tasks = 1, completed tasks = 8150]
2025-04-03 18:09:16.032 [SpringApplicationShutdownHook] INFO  c.a.n.client.auth.ram.identify.CredentialWatcher - [null] CredentialWatcher is stopped
2025-04-03 18:09:16.033 [SpringApplicationShutdownHook] INFO  c.a.n.client.auth.ram.identify.CredentialService - [null] CredentialService is freed
2025-04-03 18:09:16.033 [SpringApplicationShutdownHook] INFO  com.alibaba.nacos.client.naming - com.alibaba.nacos.client.naming.remote.NamingClientProxyDelegate do shutdown stop
