2025-03-09 19:23:29.900 [http-nio-8081-exec-5] INFO  c.q.f.b.context.filter.HeaderUserId2ContextFilter - ===== 设置 userId 到 ThreadLocal 中， 用户 ID: 4103
2025-03-09 19:23:29.907 [http-nio-8081-exec-5] INFO  c.q.xiaohashu.oss.biz.controller.FileController - 当前用户 ID: 4103
2025-03-09 19:23:29.908 [http-nio-8081-exec-5] INFO  c.q.x.oss.biz.strategy.impl.MinioFileStrategy - ## 上传文件至 Minio ...
2025-03-09 19:23:29.909 [http-nio-8081-exec-5] INFO  c.q.x.oss.biz.strategy.impl.MinioFileStrategy - ==> 开始上传文件至 Minio, ObjectName: 4e9be68ae5064474b157b25be4cdf218.webp
2025-03-09 19:23:29.938 [http-nio-8081-exec-5] INFO  c.q.x.oss.biz.strategy.impl.MinioFileStrategy - ==> 上传文件至 Minio 成功，访问路径: http://127.0.0.1:9000/xiaohashu/4e9be68ae5064474b157b25be4cdf218.webp
2025-03-09 19:23:29.951 [http-nio-8081-exec-5] INFO  c.q.f.b.context.filter.HeaderUserId2ContextFilter - ===== 删除 ThreadLocal， userId: 4103
2025-03-09 19:25:28.248 [http-nio-8081-exec-7] INFO  org.apache.tomcat.util.http.parser.Cookie - A cookie header was received [Hm_lvt_4442b22cf891556abc24108829356be4=1741055208,1741400831;] that contained an invalid cookie. That cookie will be ignored.
 Note: further occurrences of this error will be logged at DEBUG level.
2025-03-09 19:25:28.248 [http-nio-8081-exec-7] INFO  c.q.f.b.context.filter.HeaderUserId2ContextFilter - ===== 设置 userId 到 ThreadLocal 中， 用户 ID: 4103
2025-03-09 19:25:28.253 [http-nio-8081-exec-7] INFO  c.q.xiaohashu.oss.biz.controller.FileController - 当前用户 ID: 4103
2025-03-09 19:25:28.253 [http-nio-8081-exec-7] INFO  c.q.x.oss.biz.strategy.impl.MinioFileStrategy - ## 上传文件至 Minio ...
2025-03-09 19:25:28.254 [http-nio-8081-exec-7] INFO  c.q.x.oss.biz.strategy.impl.MinioFileStrategy - ==> 开始上传文件至 Minio, ObjectName: c0ba2c2112444ea184b38cb6bd85d175.jpg
2025-03-09 19:25:28.317 [http-nio-8081-exec-7] INFO  c.q.x.oss.biz.strategy.impl.MinioFileStrategy - ==> 上传文件至 Minio 成功，访问路径: http://127.0.0.1:9000/xiaohashu/c0ba2c2112444ea184b38cb6bd85d175.jpg
2025-03-09 19:25:28.319 [http-nio-8081-exec-7] INFO  c.q.f.b.context.filter.HeaderUserId2ContextFilter - ===== 删除 ThreadLocal， userId: 4103
2025-03-09 19:25:28.330 [http-nio-8081-exec-4] INFO  c.q.f.b.context.filter.HeaderUserId2ContextFilter - ===== 设置 userId 到 ThreadLocal 中， 用户 ID: 4103
2025-03-09 19:25:28.334 [http-nio-8081-exec-4] INFO  c.q.xiaohashu.oss.biz.controller.FileController - 当前用户 ID: 4103
2025-03-09 19:25:28.334 [http-nio-8081-exec-4] INFO  c.q.x.oss.biz.strategy.impl.MinioFileStrategy - ## 上传文件至 Minio ...
2025-03-09 19:25:28.334 [http-nio-8081-exec-4] INFO  c.q.x.oss.biz.strategy.impl.MinioFileStrategy - ==> 开始上传文件至 Minio, ObjectName: e8b106c444cc4a59b0ab37a61e44ceb3.jpg
2025-03-09 19:25:28.369 [http-nio-8081-exec-4] INFO  c.q.x.oss.biz.strategy.impl.MinioFileStrategy - ==> 上传文件至 Minio 成功，访问路径: http://127.0.0.1:9000/xiaohashu/e8b106c444cc4a59b0ab37a61e44ceb3.jpg
2025-03-09 19:25:28.370 [http-nio-8081-exec-4] INFO  c.q.f.b.context.filter.HeaderUserId2ContextFilter - ===== 删除 ThreadLocal， userId: 4103
2025-03-09 19:25:28.389 [http-nio-8081-exec-8] INFO  c.q.f.b.context.filter.HeaderUserId2ContextFilter - ===== 设置 userId 到 ThreadLocal 中， 用户 ID: 4103
2025-03-09 19:25:28.393 [http-nio-8081-exec-8] INFO  c.q.xiaohashu.oss.biz.controller.FileController - 当前用户 ID: 4103
2025-03-09 19:25:28.393 [http-nio-8081-exec-8] INFO  c.q.x.oss.biz.strategy.impl.MinioFileStrategy - ## 上传文件至 Minio ...
2025-03-09 19:25:28.394 [http-nio-8081-exec-8] INFO  c.q.x.oss.biz.strategy.impl.MinioFileStrategy - ==> 开始上传文件至 Minio, ObjectName: 9f9bbd67edec48cbb30c3656d0fdafac.jpg
2025-03-09 19:25:28.429 [http-nio-8081-exec-8] INFO  c.q.x.oss.biz.strategy.impl.MinioFileStrategy - ==> 上传文件至 Minio 成功，访问路径: http://127.0.0.1:9000/xiaohashu/9f9bbd67edec48cbb30c3656d0fdafac.jpg
2025-03-09 19:25:28.720 [http-nio-8081-exec-8] INFO  c.q.f.b.context.filter.HeaderUserId2ContextFilter - ===== 删除 ThreadLocal， userId: 4103
2025-03-09 19:31:12.845 [http-nio-8081-exec-10] INFO  c.q.f.b.context.filter.HeaderUserId2ContextFilter - ===== 设置 userId 到 ThreadLocal 中， 用户 ID: 4104
2025-03-09 19:31:12.848 [http-nio-8081-exec-10] INFO  c.q.xiaohashu.oss.biz.controller.FileController - 当前用户 ID: 4104
2025-03-09 19:31:12.848 [http-nio-8081-exec-10] INFO  c.q.x.oss.biz.strategy.impl.MinioFileStrategy - ## 上传文件至 Minio ...
2025-03-09 19:31:12.849 [http-nio-8081-exec-10] INFO  c.q.x.oss.biz.strategy.impl.MinioFileStrategy - ==> 开始上传文件至 Minio, ObjectName: 377d4c26a03c4e3883d93c68f5a9486e.webp
2025-03-09 19:31:12.905 [http-nio-8081-exec-10] INFO  c.q.x.oss.biz.strategy.impl.MinioFileStrategy - ==> 上传文件至 Minio 成功，访问路径: http://127.0.0.1:9000/xiaohashu/377d4c26a03c4e3883d93c68f5a9486e.webp
2025-03-09 19:31:12.907 [http-nio-8081-exec-10] INFO  c.q.f.b.context.filter.HeaderUserId2ContextFilter - ===== 删除 ThreadLocal， userId: 4104
2025-03-09 21:53:36.129 [main] WARN  com.alibaba.nacos.client.logging.NacosLogging - Load Logback Configuration of Nacos fail, message: Could not initialize Logback Nacos logging from classpath:nacos-logback.xml
2025-03-09 21:53:36.170 [main] WARN  com.alibaba.nacos.client.logging.NacosLogging - Load Logback Configuration of Nacos fail, message: Could not initialize Logback Nacos logging from classpath:nacos-logback.xml
2025-03-09 21:53:36.298 [main] WARN  com.alibaba.nacos.client.logging.NacosLogging - Load Logback Configuration of Nacos fail, message: Could not initialize Logback Nacos logging from classpath:nacos-logback.xml
2025-03-09 21:53:36.299 [main] INFO  com.alibaba.nacos.client.utils.ParamUtil - [settings] [req-serv] nacos-server port:8848
2025-03-09 21:53:36.299 [main] INFO  com.alibaba.nacos.client.utils.ParamUtil - [settings] [http-client] connect timeout:1000
2025-03-09 21:53:36.300 [main] INFO  com.alibaba.nacos.client.utils.ParamUtil - PER_TASK_CONFIG_SIZE: 3000.0
2025-03-09 21:53:36.313 [main] INFO  c.a.n.p.auth.spi.client.ClientAuthPluginManager - [ClientAuthPluginManager] Load ClientAuthService com.alibaba.nacos.client.auth.impl.NacosClientAuthServiceImpl success.
2025-03-09 21:53:36.313 [main] INFO  c.a.n.p.auth.spi.client.ClientAuthPluginManager - [ClientAuthPluginManager] Load ClientAuthService com.alibaba.nacos.client.auth.ram.RamClientAuthServiceImpl success.
2025-03-09 21:53:36.314 [main] INFO  c.a.n.client.auth.ram.identify.CredentialWatcher - null No credential found
2025-03-09 21:53:36.449 [main] WARN  com.alibaba.nacos.client.logging.NacosLogging - Load Logback Configuration of Nacos fail, message: Could not initialize Logback Nacos logging from classpath:nacos-logback.xml
2025-03-09 21:53:36.457 [main] INFO  c.a.n.client.config.impl.LocalConfigInfoProcessor - LOCAL_SNAPSHOT_PATH:C:\Users\Administrator\nacos\config
2025-03-09 21:53:36.459 [main] INFO  com.alibaba.nacos.common.remote.client - [RpcClientFactory] create a new rpc client of 0a7d7270-8f74-4a25-8fe9-296256870d36_config-0
2025-03-09 21:53:36.467 [main] INFO  com.alibaba.nacos.common.remote.client - [0a7d7270-8f74-4a25-8fe9-296256870d36_config-0] Register server push request handler:com.alibaba.nacos.client.config.impl.ClientWorker$ConfigRpcTransportClient$$Lambda$588/0x000001cdb638e230
2025-03-09 21:53:36.468 [main] INFO  com.alibaba.nacos.common.remote.client - [0a7d7270-8f74-4a25-8fe9-296256870d36_config-0] Register server push request handler:com.alibaba.nacos.client.config.impl.ClientWorker$ConfigRpcTransportClient$$Lambda$589/0x000001cdb638e650
2025-03-09 21:53:36.468 [main] INFO  com.alibaba.nacos.common.remote.client - [0a7d7270-8f74-4a25-8fe9-296256870d36_config-0] Registry connection listener to current client:com.alibaba.nacos.client.config.impl.ClientWorker$ConfigRpcTransportClient$1
2025-03-09 21:53:36.468 [main] INFO  com.alibaba.nacos.common.remote.client - [0a7d7270-8f74-4a25-8fe9-296256870d36_config-0] RpcClient init, ServerListFactory = com.alibaba.nacos.client.config.impl.ClientWorker$ConfigRpcTransportClient$2
2025-03-09 21:53:36.472 [main] INFO  com.alibaba.nacos.common.remote.client - [0a7d7270-8f74-4a25-8fe9-296256870d36_config-0] Try to connect to server on start up, server: {serverIp = '127.0.0.1', server main port = 8848}
2025-03-09 21:53:36.490 [main] INFO  c.a.nacos.common.remote.client.grpc.GrpcClient - grpc client connection server:127.0.0.1 ip,serverPort:9848,grpcTslConfig:{"sslProvider":"OPENSSL","enableTls":false,"mutualAuthEnable":false,"trustAll":false}
2025-03-09 21:53:37.024 [main] INFO  com.alibaba.nacos.common.remote.client - [0a7d7270-8f74-4a25-8fe9-296256870d36_config-0] Success to connect to server [127.0.0.1:8848] on start up, connectionId = 1741528416871_172.17.0.1_39048
2025-03-09 21:53:37.024 [com.alibaba.nacos.client.remote.worker] INFO  com.alibaba.nacos.common.remote.client - [0a7d7270-8f74-4a25-8fe9-296256870d36_config-0] Notify connected event to listeners.
2025-03-09 21:53:37.024 [com.alibaba.nacos.client.remote.worker] INFO  com.alibaba.nacos.client.config.impl.ClientWorker - [0a7d7270-8f74-4a25-8fe9-296256870d36_config-0] Connected,notify listen context...
2025-03-09 21:53:37.024 [main] INFO  com.alibaba.nacos.common.remote.client - [0a7d7270-8f74-4a25-8fe9-296256870d36_config-0] Register server push request handler:com.alibaba.nacos.common.remote.client.RpcClient$ConnectResetRequestHandler
2025-03-09 21:53:37.024 [main] INFO  com.alibaba.nacos.common.remote.client - [0a7d7270-8f74-4a25-8fe9-296256870d36_config-0] Register server push request handler:com.alibaba.nacos.common.remote.client.RpcClient$$Lambda$609/0x000001cdb64d61c8
2025-03-09 21:53:37.047 [main] INFO  com.alibaba.nacos.client.config.impl.Limiter - limitTime:5.0
2025-03-09 21:53:37.057 [main] WARN  c.a.cloud.nacos.client.NacosPropertySourceBuilder - Ignore the empty nacos configuration and get it based on dataId[xiaohashu-oss] & group[DEFAULT_GROUP]
2025-03-09 21:53:37.061 [main] WARN  c.a.cloud.nacos.client.NacosPropertySourceBuilder - Ignore the empty nacos configuration and get it based on dataId[xiaohashu-oss.yaml] & group[DEFAULT_GROUP]
2025-03-09 21:53:37.066 [main] INFO  com.alibaba.nacos.client.config.utils.JvmUtil - isMultiInstance:false
2025-03-09 21:53:37.068 [main] INFO  o.s.c.b.c.PropertySourceBootstrapConfiguration - Located property source: [BootstrapPropertySource {name='bootstrapProperties-xiaohashu-oss-dev.yaml,DEFAULT_GROUP'}, BootstrapPropertySource {name='bootstrapProperties-xiaohashu-oss.yaml,DEFAULT_GROUP'}, BootstrapPropertySource {name='bootstrapProperties-xiaohashu-oss,DEFAULT_GROUP'}]
2025-03-09 21:53:37.071 [main] WARN  com.alibaba.nacos.client.logging.NacosLogging - Load Logback Configuration of Nacos fail, message: Could not initialize Logback Nacos logging from classpath:nacos-logback.xml
2025-03-09 21:53:37.071 [main] INFO  c.q.xiaohashu.oss.biz.XiaohashuOssBizApplication - The following 1 profile is active: "dev"
2025-03-09 21:53:37.348 [main] INFO  o.springframework.cloud.context.scope.GenericScope - BeanFactory id=e2ca34db-4026-326f-b5c4-f3dea42a333f
2025-03-09 21:53:37.541 [main] INFO  o.s.boot.web.embedded.tomcat.TomcatWebServer - Tomcat initialized with port(s): 8081 (http)
2025-03-09 21:53:37.546 [main] INFO  org.apache.catalina.core.StandardService - Starting service [Tomcat]
2025-03-09 21:53:37.546 [main] INFO  org.apache.catalina.core.StandardEngine - Starting Servlet engine: [Apache Tomcat/10.1.5]
2025-03-09 21:53:37.610 [main] INFO  o.a.c.core.ContainerBase.[Tomcat].[localhost].[/] - Initializing Spring embedded WebApplicationContext
2025-03-09 21:53:37.610 [main] INFO  o.s.b.w.s.c.ServletWebServerApplicationContext - Root WebApplicationContext: initialization completed in 533 ms
2025-03-09 21:53:38.294 [main] WARN  o.s.b.w.s.c.AnnotationConfigServletWebServerApplicationContext - Exception encountered during context initialization - cancelling refresh attempt: org.springframework.context.ApplicationContextException: Failed to start bean 'webServerStartStop'
2025-03-09 21:53:38.296 [main] INFO  org.apache.catalina.core.StandardService - Stopping service [Tomcat]
2025-03-09 21:53:38.303 [main] INFO  o.s.b.a.logging.ConditionEvaluationReportLogger - 

Error starting ApplicationContext. To display the condition evaluation report re-run your application with 'debug' enabled.
2025-03-09 21:53:38.312 [main] ERROR o.s.b.diagnostics.LoggingFailureAnalysisReporter - 

***************************
APPLICATION FAILED TO START
***************************

Description:

Web server failed to start. Port 8081 was already in use.

Action:

Identify and stop the process that's listening on port 8081 or configure this application to listen on another port.

2025-03-09 21:53:38.312 [Thread-2] WARN  c.alibaba.nacos.common.http.HttpClientBeanHolder - [HttpClientBeanHolder] Start destroying common HttpClient
2025-03-09 21:53:38.312 [Thread-9] WARN  com.alibaba.nacos.common.notify.NotifyCenter - [NotifyCenter] Start destroying Publisher
2025-03-09 21:53:38.313 [Thread-9] WARN  com.alibaba.nacos.common.notify.NotifyCenter - [NotifyCenter] Destruction of the end
2025-03-09 21:53:38.313 [Thread-2] WARN  c.alibaba.nacos.common.http.HttpClientBeanHolder - [HttpClientBeanHolder] Destruction of the end
2025-03-09 21:53:55.925 [main] WARN  com.alibaba.nacos.client.logging.NacosLogging - Load Logback Configuration of Nacos fail, message: Could not initialize Logback Nacos logging from classpath:nacos-logback.xml
2025-03-09 21:53:55.967 [main] WARN  com.alibaba.nacos.client.logging.NacosLogging - Load Logback Configuration of Nacos fail, message: Could not initialize Logback Nacos logging from classpath:nacos-logback.xml
2025-03-09 21:53:56.090 [main] WARN  com.alibaba.nacos.client.logging.NacosLogging - Load Logback Configuration of Nacos fail, message: Could not initialize Logback Nacos logging from classpath:nacos-logback.xml
2025-03-09 21:53:56.091 [main] INFO  com.alibaba.nacos.client.utils.ParamUtil - [settings] [req-serv] nacos-server port:8848
2025-03-09 21:53:56.091 [main] INFO  com.alibaba.nacos.client.utils.ParamUtil - [settings] [http-client] connect timeout:1000
2025-03-09 21:53:56.091 [main] INFO  com.alibaba.nacos.client.utils.ParamUtil - PER_TASK_CONFIG_SIZE: 3000.0
2025-03-09 21:53:56.106 [main] INFO  c.a.n.p.auth.spi.client.ClientAuthPluginManager - [ClientAuthPluginManager] Load ClientAuthService com.alibaba.nacos.client.auth.impl.NacosClientAuthServiceImpl success.
2025-03-09 21:53:56.106 [main] INFO  c.a.n.p.auth.spi.client.ClientAuthPluginManager - [ClientAuthPluginManager] Load ClientAuthService com.alibaba.nacos.client.auth.ram.RamClientAuthServiceImpl success.
2025-03-09 21:53:56.107 [main] INFO  c.a.n.client.auth.ram.identify.CredentialWatcher - null No credential found
2025-03-09 21:53:56.267 [main] WARN  com.alibaba.nacos.client.logging.NacosLogging - Load Logback Configuration of Nacos fail, message: Could not initialize Logback Nacos logging from classpath:nacos-logback.xml
2025-03-09 21:53:56.274 [main] INFO  c.a.n.client.config.impl.LocalConfigInfoProcessor - LOCAL_SNAPSHOT_PATH:C:\Users\Administrator\nacos\config
2025-03-09 21:53:56.277 [main] INFO  com.alibaba.nacos.common.remote.client - [RpcClientFactory] create a new rpc client of f7171421-7ec7-4510-bc9d-a1e27ac3981b_config-0
2025-03-09 21:53:56.285 [main] INFO  com.alibaba.nacos.common.remote.client - [f7171421-7ec7-4510-bc9d-a1e27ac3981b_config-0] Register server push request handler:com.alibaba.nacos.client.config.impl.ClientWorker$ConfigRpcTransportClient$$Lambda$588/0x0000027fbd38e698
2025-03-09 21:53:56.285 [main] INFO  com.alibaba.nacos.common.remote.client - [f7171421-7ec7-4510-bc9d-a1e27ac3981b_config-0] Register server push request handler:com.alibaba.nacos.client.config.impl.ClientWorker$ConfigRpcTransportClient$$Lambda$589/0x0000027fbd38eab8
2025-03-09 21:53:56.285 [main] INFO  com.alibaba.nacos.common.remote.client - [f7171421-7ec7-4510-bc9d-a1e27ac3981b_config-0] Registry connection listener to current client:com.alibaba.nacos.client.config.impl.ClientWorker$ConfigRpcTransportClient$1
2025-03-09 21:53:56.285 [main] INFO  com.alibaba.nacos.common.remote.client - [f7171421-7ec7-4510-bc9d-a1e27ac3981b_config-0] RpcClient init, ServerListFactory = com.alibaba.nacos.client.config.impl.ClientWorker$ConfigRpcTransportClient$2
2025-03-09 21:53:56.290 [main] INFO  com.alibaba.nacos.common.remote.client - [f7171421-7ec7-4510-bc9d-a1e27ac3981b_config-0] Try to connect to server on start up, server: {serverIp = '127.0.0.1', server main port = 8848}
2025-03-09 21:53:56.307 [main] INFO  c.a.nacos.common.remote.client.grpc.GrpcClient - grpc client connection server:127.0.0.1 ip,serverPort:9848,grpcTslConfig:{"sslProvider":"OPENSSL","enableTls":false,"mutualAuthEnable":false,"trustAll":false}
2025-03-09 21:53:56.835 [main] INFO  com.alibaba.nacos.common.remote.client - [f7171421-7ec7-4510-bc9d-a1e27ac3981b_config-0] Success to connect to server [127.0.0.1:8848] on start up, connectionId = 1741528436686_172.17.0.1_52060
2025-03-09 21:53:56.835 [com.alibaba.nacos.client.remote.worker] INFO  com.alibaba.nacos.common.remote.client - [f7171421-7ec7-4510-bc9d-a1e27ac3981b_config-0] Notify connected event to listeners.
2025-03-09 21:53:56.835 [com.alibaba.nacos.client.remote.worker] INFO  com.alibaba.nacos.client.config.impl.ClientWorker - [f7171421-7ec7-4510-bc9d-a1e27ac3981b_config-0] Connected,notify listen context...
2025-03-09 21:53:56.835 [main] INFO  com.alibaba.nacos.common.remote.client - [f7171421-7ec7-4510-bc9d-a1e27ac3981b_config-0] Register server push request handler:com.alibaba.nacos.common.remote.client.RpcClient$ConnectResetRequestHandler
2025-03-09 21:53:56.836 [main] INFO  com.alibaba.nacos.common.remote.client - [f7171421-7ec7-4510-bc9d-a1e27ac3981b_config-0] Register server push request handler:com.alibaba.nacos.common.remote.client.RpcClient$$Lambda$609/0x0000027fbd4d8228
2025-03-09 21:53:56.857 [main] INFO  com.alibaba.nacos.client.config.impl.Limiter - limitTime:5.0
2025-03-09 21:53:56.867 [main] WARN  c.a.cloud.nacos.client.NacosPropertySourceBuilder - Ignore the empty nacos configuration and get it based on dataId[xiaohashu-oss] & group[DEFAULT_GROUP]
2025-03-09 21:53:56.871 [main] WARN  c.a.cloud.nacos.client.NacosPropertySourceBuilder - Ignore the empty nacos configuration and get it based on dataId[xiaohashu-oss.yaml] & group[DEFAULT_GROUP]
2025-03-09 21:53:56.876 [main] INFO  com.alibaba.nacos.client.config.utils.JvmUtil - isMultiInstance:false
2025-03-09 21:53:56.879 [main] INFO  o.s.c.b.c.PropertySourceBootstrapConfiguration - Located property source: [BootstrapPropertySource {name='bootstrapProperties-xiaohashu-oss-dev.yaml,DEFAULT_GROUP'}, BootstrapPropertySource {name='bootstrapProperties-xiaohashu-oss.yaml,DEFAULT_GROUP'}, BootstrapPropertySource {name='bootstrapProperties-xiaohashu-oss,DEFAULT_GROUP'}]
2025-03-09 21:53:56.881 [main] WARN  com.alibaba.nacos.client.logging.NacosLogging - Load Logback Configuration of Nacos fail, message: Could not initialize Logback Nacos logging from classpath:nacos-logback.xml
2025-03-09 21:53:56.881 [main] INFO  c.q.xiaohashu.oss.biz.XiaohashuOssBizApplication - The following 1 profile is active: "dev"
2025-03-09 21:53:57.148 [main] INFO  o.springframework.cloud.context.scope.GenericScope - BeanFactory id=e2ca34db-4026-326f-b5c4-f3dea42a333f
2025-03-09 21:53:57.350 [main] INFO  o.s.boot.web.embedded.tomcat.TomcatWebServer - Tomcat initialized with port(s): 8081 (http)
2025-03-09 21:53:57.355 [main] INFO  org.apache.catalina.core.StandardService - Starting service [Tomcat]
2025-03-09 21:53:57.355 [main] INFO  org.apache.catalina.core.StandardEngine - Starting Servlet engine: [Apache Tomcat/10.1.5]
2025-03-09 21:53:57.388 [main] INFO  o.a.c.core.ContainerBase.[Tomcat].[localhost].[/] - Initializing Spring embedded WebApplicationContext
2025-03-09 21:53:57.389 [main] INFO  o.s.b.w.s.c.ServletWebServerApplicationContext - Root WebApplicationContext: initialization completed in 502 ms
2025-03-09 21:53:58.118 [main] INFO  o.s.boot.web.embedded.tomcat.TomcatWebServer - Tomcat started on port(s): 8081 (http) with context path ''
2025-03-09 21:53:58.120 [main] INFO  com.alibaba.nacos.client.naming - initializer namespace from ans.namespace attribute : null
2025-03-09 21:53:58.120 [main] INFO  com.alibaba.nacos.client.naming - initializer namespace from ALIBABA_ALIWARE_NAMESPACE attribute :null
2025-03-09 21:53:58.120 [main] INFO  com.alibaba.nacos.client.naming - initializer namespace from namespace attribute :null
2025-03-09 21:53:58.125 [main] INFO  c.a.n.p.auth.spi.client.ClientAuthPluginManager - [ClientAuthPluginManager] Load ClientAuthService com.alibaba.nacos.client.auth.impl.NacosClientAuthServiceImpl success.
2025-03-09 21:53:58.125 [main] INFO  c.a.n.p.auth.spi.client.ClientAuthPluginManager - [ClientAuthPluginManager] Load ClientAuthService com.alibaba.nacos.client.auth.ram.RamClientAuthServiceImpl success.
2025-03-09 21:53:58.128 [main] INFO  com.alibaba.nacos.common.remote.client - [RpcClientFactory] create a new rpc client of 5f00f46d-9171-4c63-b52e-f37d8ce5bf0f
2025-03-09 21:53:58.129 [main] INFO  com.alibaba.nacos.common.remote.client - [5f00f46d-9171-4c63-b52e-f37d8ce5bf0f] RpcClient init, ServerListFactory = com.alibaba.nacos.client.naming.core.ServerListManager
2025-03-09 21:53:58.129 [main] INFO  com.alibaba.nacos.common.remote.client - [5f00f46d-9171-4c63-b52e-f37d8ce5bf0f] Registry connection listener to current client:com.alibaba.nacos.client.naming.remote.gprc.redo.NamingGrpcRedoService
2025-03-09 21:53:58.129 [main] INFO  com.alibaba.nacos.common.remote.client - [5f00f46d-9171-4c63-b52e-f37d8ce5bf0f] Register server push request handler:com.alibaba.nacos.client.naming.remote.gprc.NamingPushRequestHandler
2025-03-09 21:53:58.130 [main] INFO  com.alibaba.nacos.common.remote.client - [5f00f46d-9171-4c63-b52e-f37d8ce5bf0f] Try to connect to server on start up, server: {serverIp = '127.0.0.1', server main port = 8848}
2025-03-09 21:53:58.130 [main] INFO  c.a.nacos.common.remote.client.grpc.GrpcClient - grpc client connection server:127.0.0.1 ip,serverPort:9848,grpcTslConfig:{"sslProvider":"OPENSSL","enableTls":false,"mutualAuthEnable":false,"trustAll":false}
2025-03-09 21:53:58.240 [main] INFO  com.alibaba.nacos.common.remote.client - [5f00f46d-9171-4c63-b52e-f37d8ce5bf0f] Success to connect to server [127.0.0.1:8848] on start up, connectionId = 1741528438135_172.17.0.1_52074
2025-03-09 21:53:58.240 [main] INFO  com.alibaba.nacos.common.remote.client - [5f00f46d-9171-4c63-b52e-f37d8ce5bf0f] Register server push request handler:com.alibaba.nacos.common.remote.client.RpcClient$ConnectResetRequestHandler
2025-03-09 21:53:58.240 [main] INFO  com.alibaba.nacos.common.remote.client - [5f00f46d-9171-4c63-b52e-f37d8ce5bf0f] Register server push request handler:com.alibaba.nacos.common.remote.client.RpcClient$$Lambda$609/0x0000027fbd4d8228
2025-03-09 21:53:58.240 [com.alibaba.nacos.client.remote.worker] INFO  com.alibaba.nacos.common.remote.client - [5f00f46d-9171-4c63-b52e-f37d8ce5bf0f] Notify connected event to listeners.
2025-03-09 21:53:58.240 [com.alibaba.nacos.client.remote.worker] INFO  com.alibaba.nacos.client.naming - Grpc connection connect
2025-03-09 21:53:58.241 [main] INFO  com.alibaba.nacos.client.naming - [REGISTER-SERVICE] xiaohashu registering service xiaohashu-oss with instance Instance{instanceId='null', ip='192.168.1.3', port=8081, weight=1.0, healthy=true, enabled=true, ephemeral=true, clusterName='DEFAULT', serviceName='null', metadata={IPv6=[240e:b67:439:8300:4bfe:6100:30fb:2505], preserved.register.source=SPRING_CLOUD}}
2025-03-09 21:53:58.248 [main] INFO  c.a.cloud.nacos.registry.NacosServiceRegistry - nacos registry, DEFAULT_GROUP xiaohashu-oss 192.168.1.3:8081 register finished
2025-03-09 21:53:58.381 [main] INFO  c.q.xiaohashu.oss.biz.XiaohashuOssBizApplication - Started XiaohashuOssBizApplication in 2.814 seconds (process running for 3.092)
2025-03-09 21:53:58.383 [main] INFO  com.alibaba.nacos.client.config.impl.CacheData - nacos.cache.data.init.snapshot = true 
2025-03-09 21:53:58.383 [main] INFO  com.alibaba.nacos.client.config.impl.ClientWorker - [fixed-xiaohashu-127.0.0.1_8848] [subscribe] xiaohashu-oss+DEFAULT_GROUP+xiaohashu
2025-03-09 21:53:58.389 [main] INFO  com.alibaba.nacos.client.config.impl.CacheData - [fixed-xiaohashu-127.0.0.1_8848] [add-listener] ok, tenant=xiaohashu, dataId=xiaohashu-oss, group=DEFAULT_GROUP, cnt=1
2025-03-09 21:53:58.390 [main] INFO  c.a.cloud.nacos.refresh.NacosContextRefresher - [Nacos Config] Listening config: dataId=xiaohashu-oss, group=DEFAULT_GROUP
2025-03-09 21:53:58.390 [main] INFO  com.alibaba.nacos.client.config.impl.ClientWorker - [fixed-xiaohashu-127.0.0.1_8848] [subscribe] xiaohashu-oss-dev.yaml+DEFAULT_GROUP+xiaohashu
2025-03-09 21:53:58.390 [main] INFO  com.alibaba.nacos.client.config.impl.CacheData - [fixed-xiaohashu-127.0.0.1_8848] [add-listener] ok, tenant=xiaohashu, dataId=xiaohashu-oss-dev.yaml, group=DEFAULT_GROUP, cnt=1
2025-03-09 21:53:58.390 [main] INFO  c.a.cloud.nacos.refresh.NacosContextRefresher - [Nacos Config] Listening config: dataId=xiaohashu-oss-dev.yaml, group=DEFAULT_GROUP
2025-03-09 21:53:58.390 [main] INFO  com.alibaba.nacos.client.config.impl.ClientWorker - [fixed-xiaohashu-127.0.0.1_8848] [subscribe] xiaohashu-oss.yaml+DEFAULT_GROUP+xiaohashu
2025-03-09 21:53:58.390 [main] INFO  com.alibaba.nacos.client.config.impl.CacheData - [fixed-xiaohashu-127.0.0.1_8848] [add-listener] ok, tenant=xiaohashu, dataId=xiaohashu-oss.yaml, group=DEFAULT_GROUP, cnt=1
2025-03-09 21:53:58.391 [main] INFO  c.a.cloud.nacos.refresh.NacosContextRefresher - [Nacos Config] Listening config: dataId=xiaohashu-oss.yaml, group=DEFAULT_GROUP
2025-03-09 22:00:36.571 [http-nio-8081-exec-1] INFO  org.apache.tomcat.util.http.parser.Cookie - A cookie header was received [Hm_lvt_4442b22cf891556abc24108829356be4=1741055208,1741400831;] that contained an invalid cookie. That cookie will be ignored.
 Note: further occurrences of this error will be logged at DEBUG level.
2025-03-09 22:00:36.576 [http-nio-8081-exec-1] INFO  o.a.c.core.ContainerBase.[Tomcat].[localhost].[/] - Initializing Spring DispatcherServlet 'dispatcherServlet'
2025-03-09 22:00:36.576 [http-nio-8081-exec-1] INFO  org.springframework.web.servlet.DispatcherServlet - Initializing Servlet 'dispatcherServlet'
2025-03-09 22:00:36.577 [http-nio-8081-exec-1] INFO  org.springframework.web.servlet.DispatcherServlet - Completed initialization in 1 ms
2025-03-09 22:00:36.582 [http-nio-8081-exec-1] INFO  c.q.f.b.context.filter.HeaderUserId2ContextFilter - ===== 设置 userId 到 ThreadLocal 中， 用户 ID: 4104
2025-03-09 22:00:36.620 [http-nio-8081-exec-1] INFO  c.q.xiaohashu.oss.biz.controller.FileController - 当前用户 ID: 4104
2025-03-09 22:00:36.620 [http-nio-8081-exec-1] INFO  c.q.x.oss.biz.strategy.impl.MinioFileStrategy - ## 上传文件至 Minio ...
2025-03-09 22:00:36.621 [http-nio-8081-exec-1] INFO  c.q.x.oss.biz.strategy.impl.MinioFileStrategy - ==> 开始上传文件至 Minio, ObjectName: eb43ed07c3b845d48eed5eb6068ac2ab.jpg
2025-03-09 22:00:36.795 [http-nio-8081-exec-1] INFO  c.q.x.oss.biz.strategy.impl.MinioFileStrategy - ==> 上传文件至 Minio 成功，访问路径: http://127.0.0.1:9000/xiaohashu/eb43ed07c3b845d48eed5eb6068ac2ab.jpg
2025-03-09 22:00:36.811 [http-nio-8081-exec-1] INFO  c.q.f.b.context.filter.HeaderUserId2ContextFilter - ===== 删除 ThreadLocal， userId: 4104
2025-03-09 22:00:36.847 [http-nio-8081-exec-4] INFO  c.q.f.b.context.filter.HeaderUserId2ContextFilter - ===== 设置 userId 到 ThreadLocal 中， 用户 ID: 4104
2025-03-09 22:00:36.852 [http-nio-8081-exec-4] INFO  c.q.xiaohashu.oss.biz.controller.FileController - 当前用户 ID: 4104
2025-03-09 22:00:36.852 [http-nio-8081-exec-4] INFO  c.q.x.oss.biz.strategy.impl.MinioFileStrategy - ## 上传文件至 Minio ...
2025-03-09 22:00:36.852 [http-nio-8081-exec-4] INFO  c.q.x.oss.biz.strategy.impl.MinioFileStrategy - ==> 开始上传文件至 Minio, ObjectName: 8a2e2393898e4fe78522e94ab28dd61a.jpg
2025-03-09 22:00:36.893 [http-nio-8081-exec-4] INFO  c.q.x.oss.biz.strategy.impl.MinioFileStrategy - ==> 上传文件至 Minio 成功，访问路径: http://127.0.0.1:9000/xiaohashu/8a2e2393898e4fe78522e94ab28dd61a.jpg
2025-03-09 22:00:36.895 [http-nio-8081-exec-4] INFO  c.q.f.b.context.filter.HeaderUserId2ContextFilter - ===== 删除 ThreadLocal， userId: 4104
2025-03-09 22:00:36.912 [http-nio-8081-exec-3] INFO  c.q.f.b.context.filter.HeaderUserId2ContextFilter - ===== 设置 userId 到 ThreadLocal 中， 用户 ID: 4104
2025-03-09 22:00:36.915 [http-nio-8081-exec-3] INFO  c.q.xiaohashu.oss.biz.controller.FileController - 当前用户 ID: 4104
2025-03-09 22:00:36.915 [http-nio-8081-exec-3] INFO  c.q.x.oss.biz.strategy.impl.MinioFileStrategy - ## 上传文件至 Minio ...
2025-03-09 22:00:36.915 [http-nio-8081-exec-3] INFO  c.q.x.oss.biz.strategy.impl.MinioFileStrategy - ==> 开始上传文件至 Minio, ObjectName: 8111022b12c1415a891b6da66394a074.jpg
2025-03-09 22:00:36.938 [http-nio-8081-exec-3] INFO  c.q.x.oss.biz.strategy.impl.MinioFileStrategy - ==> 上传文件至 Minio 成功，访问路径: http://127.0.0.1:9000/xiaohashu/8111022b12c1415a891b6da66394a074.jpg
2025-03-09 22:00:36.939 [http-nio-8081-exec-3] INFO  c.q.f.b.context.filter.HeaderUserId2ContextFilter - ===== 删除 ThreadLocal， userId: 4104
2025-03-09 22:06:12.358 [http-nio-8081-exec-5] INFO  c.q.f.b.context.filter.HeaderUserId2ContextFilter - ===== 设置 userId 到 ThreadLocal 中， 用户 ID: 6100
2025-03-09 22:06:12.361 [http-nio-8081-exec-5] INFO  c.q.xiaohashu.oss.biz.controller.FileController - 当前用户 ID: 6100
2025-03-09 22:06:12.361 [http-nio-8081-exec-5] INFO  c.q.x.oss.biz.strategy.impl.MinioFileStrategy - ## 上传文件至 Minio ...
2025-03-09 22:06:12.361 [http-nio-8081-exec-5] INFO  c.q.x.oss.biz.strategy.impl.MinioFileStrategy - ==> 开始上传文件至 Minio, ObjectName: 9e398ce936174a6994da8c6b96e85ff4.webp
2025-03-09 22:06:12.381 [http-nio-8081-exec-5] INFO  c.q.x.oss.biz.strategy.impl.MinioFileStrategy - ==> 上传文件至 Minio 成功，访问路径: http://127.0.0.1:9000/xiaohashu/9e398ce936174a6994da8c6b96e85ff4.webp
2025-03-09 22:06:12.382 [http-nio-8081-exec-5] INFO  c.q.f.b.context.filter.HeaderUserId2ContextFilter - ===== 删除 ThreadLocal， userId: 6100
