2025-02-25 12:25:57.907 [http-nio-8082-exec-6] INFO  c.q.f.b.operationlog.aspect.ApiOperationLogAspect - ====== 请求开始: [用户注册], 入参: {"phone":"18019939108"}, 请求类: UserController, 请求方法: register =================================== 
2025-02-25 12:25:57.940 [http-nio-8082-exec-6] DEBUG c.q.x.u.b.domain.mapper.UserDOMapper.selectByPhone - ==>  Preparing: select id, password from t_user where phone = ?
2025-02-25 12:25:57.944 [http-nio-8082-exec-6] DEBUG c.q.x.u.b.domain.mapper.UserDOMapper.selectByPhone - ==> Parameters: 18019939108(String)
2025-02-25 12:25:57.951 [http-nio-8082-exec-6] DEBUG c.q.x.u.b.domain.mapper.UserDOMapper.selectByPhone - <==      Total: 1
2025-02-25 12:25:57.952 [http-nio-8082-exec-6] INFO  c.q.x.user.biz.service.impl.UserServiceImpl - ==> 用户是否注册, phone: 18019939108, userDO: {"id":2100,"xiaohashuId":null,"password":null,"nickname":null,"avatar":null,"birthday":null,"backgroundImg":null,"phone":null,"sex":null,"status":null,"introduction":null,"createTime":null,"updateTime":null,"isDeleted":null}
2025-02-25 12:25:57.954 [http-nio-8082-exec-6] INFO  c.q.f.b.operationlog.aspect.ApiOperationLogAspect - ====== 请求结束: [用户注册], 耗时: 48ms, 出参: {"success":true,"message":null,"errorCode":null,"data":2100} =================================== 
2025-02-25 12:34:51.928 [http-nio-8082-exec-8] INFO  c.q.f.b.operationlog.aspect.ApiOperationLogAspect - ====== 请求开始: [用户注册], 入参: {"phone":"18019939108"}, 请求类: UserController, 请求方法: register =================================== 
2025-02-25 12:34:51.930 [http-nio-8082-exec-8] DEBUG c.q.x.u.b.domain.mapper.UserDOMapper.selectByPhone - ==>  Preparing: select id, password from t_user where phone = ?
2025-02-25 12:34:51.931 [http-nio-8082-exec-8] DEBUG c.q.x.u.b.domain.mapper.UserDOMapper.selectByPhone - ==> Parameters: 18019939108(String)
2025-02-25 12:34:51.933 [http-nio-8082-exec-8] DEBUG c.q.x.u.b.domain.mapper.UserDOMapper.selectByPhone - <==      Total: 1
2025-02-25 12:34:51.933 [http-nio-8082-exec-8] INFO  c.q.x.user.biz.service.impl.UserServiceImpl - ==> 用户是否注册, phone: 18019939108, userDO: {"id":2100,"xiaohashuId":null,"password":null,"nickname":null,"avatar":null,"birthday":null,"backgroundImg":null,"phone":null,"sex":null,"status":null,"introduction":null,"createTime":null,"updateTime":null,"isDeleted":null}
2025-02-25 12:34:51.934 [http-nio-8082-exec-8] INFO  c.q.f.b.operationlog.aspect.ApiOperationLogAspect - ====== 请求结束: [用户注册], 耗时: 6ms, 出参: {"success":true,"message":null,"errorCode":null,"data":2100} =================================== 
2025-02-25 12:37:04.835 [http-nio-8082-exec-10] INFO  c.q.f.b.operationlog.aspect.ApiOperationLogAspect - ====== 请求开始: [用户注册], 入参: {"phone":"18019939108"}, 请求类: UserController, 请求方法: register =================================== 
2025-02-25 12:37:04.837 [http-nio-8082-exec-10] DEBUG c.q.x.u.b.domain.mapper.UserDOMapper.selectByPhone - ==>  Preparing: select id, password from t_user where phone = ?
2025-02-25 12:37:04.838 [http-nio-8082-exec-10] DEBUG c.q.x.u.b.domain.mapper.UserDOMapper.selectByPhone - ==> Parameters: 18019939108(String)
2025-02-25 12:37:04.841 [http-nio-8082-exec-10] DEBUG c.q.x.u.b.domain.mapper.UserDOMapper.selectByPhone - <==      Total: 1
2025-02-25 12:37:04.842 [http-nio-8082-exec-10] INFO  c.q.x.user.biz.service.impl.UserServiceImpl - ==> 用户是否注册, phone: 18019939108, userDO: {"id":2100,"xiaohashuId":null,"password":null,"nickname":null,"avatar":null,"birthday":null,"backgroundImg":null,"phone":null,"sex":null,"status":null,"introduction":null,"createTime":null,"updateTime":null,"isDeleted":null}
2025-02-25 12:37:04.843 [http-nio-8082-exec-10] INFO  c.q.f.b.operationlog.aspect.ApiOperationLogAspect - ====== 请求结束: [用户注册], 耗时: 8ms, 出参: {"success":true,"message":null,"errorCode":null,"data":2100} =================================== 
2025-02-25 12:37:44.224 [http-nio-8082-exec-1] INFO  c.q.f.b.operationlog.aspect.ApiOperationLogAspect - ====== 请求开始: [用户注册], 入参: {"phone":"18019939108"}, 请求类: UserController, 请求方法: register =================================== 
2025-02-25 12:37:44.225 [http-nio-8082-exec-1] DEBUG c.q.x.u.b.domain.mapper.UserDOMapper.selectByPhone - ==>  Preparing: select id, password from t_user where phone = ?
2025-02-25 12:37:44.226 [http-nio-8082-exec-1] DEBUG c.q.x.u.b.domain.mapper.UserDOMapper.selectByPhone - ==> Parameters: 18019939108(String)
2025-02-25 12:37:44.227 [http-nio-8082-exec-1] DEBUG c.q.x.u.b.domain.mapper.UserDOMapper.selectByPhone - <==      Total: 1
2025-02-25 12:37:44.228 [http-nio-8082-exec-1] INFO  c.q.x.user.biz.service.impl.UserServiceImpl - ==> 用户是否注册, phone: 18019939108, userDO: {"id":2100,"xiaohashuId":null,"password":null,"nickname":null,"avatar":null,"birthday":null,"backgroundImg":null,"phone":null,"sex":null,"status":null,"introduction":null,"createTime":null,"updateTime":null,"isDeleted":null}
2025-02-25 12:37:44.229 [http-nio-8082-exec-1] INFO  c.q.f.b.operationlog.aspect.ApiOperationLogAspect - ====== 请求结束: [用户注册], 耗时: 5ms, 出参: {"success":true,"message":null,"errorCode":null,"data":2100} =================================== 
2025-02-25 12:39:17.904 [http-nio-8082-exec-3] INFO  c.q.f.b.operationlog.aspect.ApiOperationLogAspect - ====== 请求开始: [用户注册], 入参: {"phone":"18019939108"}, 请求类: UserController, 请求方法: register =================================== 
2025-02-25 12:39:17.905 [http-nio-8082-exec-3] DEBUG c.q.x.u.b.domain.mapper.UserDOMapper.selectByPhone - ==>  Preparing: select id, password from t_user where phone = ?
2025-02-25 12:39:17.906 [http-nio-8082-exec-3] DEBUG c.q.x.u.b.domain.mapper.UserDOMapper.selectByPhone - ==> Parameters: 18019939108(String)
2025-02-25 12:39:17.907 [http-nio-8082-exec-3] DEBUG c.q.x.u.b.domain.mapper.UserDOMapper.selectByPhone - <==      Total: 1
2025-02-25 12:39:17.908 [http-nio-8082-exec-3] INFO  c.q.x.user.biz.service.impl.UserServiceImpl - ==> 用户是否注册, phone: 18019939108, userDO: {"id":2100,"xiaohashuId":null,"password":null,"nickname":null,"avatar":null,"birthday":null,"backgroundImg":null,"phone":null,"sex":null,"status":null,"introduction":null,"createTime":null,"updateTime":null,"isDeleted":null}
2025-02-25 12:39:17.909 [http-nio-8082-exec-3] INFO  c.q.f.b.operationlog.aspect.ApiOperationLogAspect - ====== 请求结束: [用户注册], 耗时: 5ms, 出参: {"success":true,"message":null,"errorCode":null,"data":2100} =================================== 
2025-02-25 12:47:53.121 [http-nio-8082-exec-7] INFO  c.q.f.b.operationlog.aspect.ApiOperationLogAspect - ====== 请求开始: [用户注册], 入参: {"phone":"18019939108"}, 请求类: UserController, 请求方法: register =================================== 
2025-02-25 12:47:53.123 [http-nio-8082-exec-7] DEBUG c.q.x.u.b.domain.mapper.UserDOMapper.selectByPhone - ==>  Preparing: select id, password from t_user where phone = ?
2025-02-25 12:47:53.124 [http-nio-8082-exec-7] DEBUG c.q.x.u.b.domain.mapper.UserDOMapper.selectByPhone - ==> Parameters: 18019939108(String)
2025-02-25 12:47:53.125 [http-nio-8082-exec-7] DEBUG c.q.x.u.b.domain.mapper.UserDOMapper.selectByPhone - <==      Total: 1
2025-02-25 12:47:53.125 [http-nio-8082-exec-7] INFO  c.q.x.user.biz.service.impl.UserServiceImpl - ==> 用户是否注册, phone: 18019939108, userDO: {"id":2100,"xiaohashuId":null,"password":null,"nickname":null,"avatar":null,"birthday":null,"backgroundImg":null,"phone":null,"sex":null,"status":null,"introduction":null,"createTime":null,"updateTime":null,"isDeleted":null}
2025-02-25 12:47:53.127 [http-nio-8082-exec-7] INFO  c.q.f.b.operationlog.aspect.ApiOperationLogAspect - ====== 请求结束: [用户注册], 耗时: 6ms, 出参: {"success":true,"message":null,"errorCode":null,"data":2100} =================================== 
2025-02-25 12:49:04.623 [http-nio-8082-exec-5] INFO  c.q.f.b.operationlog.aspect.ApiOperationLogAspect - ====== 请求开始: [用户注册], 入参: {"phone":"18019939108"}, 请求类: UserController, 请求方法: register =================================== 
2025-02-25 12:49:04.626 [http-nio-8082-exec-5] DEBUG c.q.x.u.b.domain.mapper.UserDOMapper.selectByPhone - ==>  Preparing: select id, password from t_user where phone = ?
2025-02-25 12:49:04.626 [http-nio-8082-exec-5] DEBUG c.q.x.u.b.domain.mapper.UserDOMapper.selectByPhone - ==> Parameters: 18019939108(String)
2025-02-25 12:49:04.627 [http-nio-8082-exec-5] DEBUG c.q.x.u.b.domain.mapper.UserDOMapper.selectByPhone - <==      Total: 1
2025-02-25 12:49:04.627 [http-nio-8082-exec-5] INFO  c.q.x.user.biz.service.impl.UserServiceImpl - ==> 用户是否注册, phone: 18019939108, userDO: {"id":2100,"xiaohashuId":null,"password":null,"nickname":null,"avatar":null,"birthday":null,"backgroundImg":null,"phone":null,"sex":null,"status":null,"introduction":null,"createTime":null,"updateTime":null,"isDeleted":null}
2025-02-25 12:49:04.628 [http-nio-8082-exec-5] INFO  c.q.f.b.operationlog.aspect.ApiOperationLogAspect - ====== 请求结束: [用户注册], 耗时: 5ms, 出参: {"success":true,"message":null,"errorCode":null,"data":2100} =================================== 
2025-02-25 12:49:26.526 [http-nio-8082-exec-8] INFO  c.q.f.b.operationlog.aspect.ApiOperationLogAspect - ====== 请求开始: [用户注册], 入参: {"phone":"18019939108"}, 请求类: UserController, 请求方法: register =================================== 
2025-02-25 12:49:26.527 [http-nio-8082-exec-8] DEBUG c.q.x.u.b.domain.mapper.UserDOMapper.selectByPhone - ==>  Preparing: select id, password from t_user where phone = ?
2025-02-25 12:49:26.528 [http-nio-8082-exec-8] DEBUG c.q.x.u.b.domain.mapper.UserDOMapper.selectByPhone - ==> Parameters: 18019939108(String)
2025-02-25 12:49:26.529 [http-nio-8082-exec-8] DEBUG c.q.x.u.b.domain.mapper.UserDOMapper.selectByPhone - <==      Total: 1
2025-02-25 12:49:26.531 [http-nio-8082-exec-8] INFO  c.q.x.user.biz.service.impl.UserServiceImpl - ==> 用户是否注册, phone: 18019939108, userDO: {"id":2100,"xiaohashuId":null,"password":null,"nickname":null,"avatar":null,"birthday":null,"backgroundImg":null,"phone":null,"sex":null,"status":null,"introduction":null,"createTime":null,"updateTime":null,"isDeleted":null}
2025-02-25 12:49:26.533 [http-nio-8082-exec-8] INFO  c.q.f.b.operationlog.aspect.ApiOperationLogAspect - ====== 请求结束: [用户注册], 耗时: 7ms, 出参: {"success":true,"message":null,"errorCode":null,"data":2100} =================================== 
2025-02-25 12:50:20.907 [http-nio-8082-exec-9] INFO  c.q.f.b.operationlog.aspect.ApiOperationLogAspect - ====== 请求开始: [用户注册], 入参: {"phone":"18019939108"}, 请求类: UserController, 请求方法: register =================================== 
2025-02-25 12:50:20.908 [http-nio-8082-exec-9] DEBUG c.q.x.u.b.domain.mapper.UserDOMapper.selectByPhone - ==>  Preparing: select id, password from t_user where phone = ?
2025-02-25 12:50:20.909 [http-nio-8082-exec-9] DEBUG c.q.x.u.b.domain.mapper.UserDOMapper.selectByPhone - ==> Parameters: 18019939108(String)
2025-02-25 12:50:20.910 [http-nio-8082-exec-9] DEBUG c.q.x.u.b.domain.mapper.UserDOMapper.selectByPhone - <==      Total: 1
2025-02-25 12:50:20.910 [http-nio-8082-exec-9] INFO  c.q.x.user.biz.service.impl.UserServiceImpl - ==> 用户是否注册, phone: 18019939108, userDO: {"id":2100,"xiaohashuId":null,"password":null,"nickname":null,"avatar":null,"birthday":null,"backgroundImg":null,"phone":null,"sex":null,"status":null,"introduction":null,"createTime":null,"updateTime":null,"isDeleted":null}
2025-02-25 12:50:20.912 [http-nio-8082-exec-9] INFO  c.q.f.b.operationlog.aspect.ApiOperationLogAspect - ====== 请求结束: [用户注册], 耗时: 5ms, 出参: {"success":true,"message":null,"errorCode":null,"data":2100} =================================== 
2025-02-25 15:52:39.088 [http-nio-8082-exec-1] INFO  c.q.f.b.operationlog.aspect.ApiOperationLogAspect - ====== 请求开始: [用户注册], 入参: {"phone":"18019939108"}, 请求类: UserController, 请求方法: register =================================== 
2025-02-25 15:52:39.121 [http-nio-8082-exec-1] DEBUG c.q.x.u.b.domain.mapper.UserDOMapper.selectByPhone - ==>  Preparing: select id, password from t_user where phone = ?
2025-02-25 15:52:39.125 [http-nio-8082-exec-1] DEBUG c.q.x.u.b.domain.mapper.UserDOMapper.selectByPhone - ==> Parameters: 18019939108(String)
2025-02-25 15:52:39.132 [http-nio-8082-exec-1] DEBUG c.q.x.u.b.domain.mapper.UserDOMapper.selectByPhone - <==      Total: 1
2025-02-25 15:52:39.133 [http-nio-8082-exec-1] INFO  c.q.x.user.biz.service.impl.UserServiceImpl - ==> 用户是否注册, phone: 18019939108, userDO: {"id":2100,"xiaohashuId":null,"password":null,"nickname":null,"avatar":null,"birthday":null,"backgroundImg":null,"phone":null,"sex":null,"status":null,"introduction":null,"createTime":null,"updateTime":null,"isDeleted":null}
2025-02-25 15:52:39.135 [http-nio-8082-exec-1] INFO  c.q.f.b.operationlog.aspect.ApiOperationLogAspect - ====== 请求结束: [用户注册], 耗时: 48ms, 出参: {"success":true,"message":null,"errorCode":null,"data":2100} =================================== 
2025-02-25 15:59:13.289 [http-nio-8082-exec-3] INFO  c.q.f.b.operationlog.aspect.ApiOperationLogAspect - ====== 请求开始: [用户注册], 入参: {"phone":"18019939108"}, 请求类: UserController, 请求方法: register =================================== 
2025-02-25 15:59:13.291 [http-nio-8082-exec-3] DEBUG c.q.x.u.b.domain.mapper.UserDOMapper.selectByPhone - ==>  Preparing: select id, password from t_user where phone = ?
2025-02-25 15:59:13.291 [http-nio-8082-exec-3] DEBUG c.q.x.u.b.domain.mapper.UserDOMapper.selectByPhone - ==> Parameters: 18019939108(String)
2025-02-25 15:59:13.292 [http-nio-8082-exec-3] DEBUG c.q.x.u.b.domain.mapper.UserDOMapper.selectByPhone - <==      Total: 1
2025-02-25 15:59:13.292 [http-nio-8082-exec-3] INFO  c.q.x.user.biz.service.impl.UserServiceImpl - ==> 用户是否注册, phone: 18019939108, userDO: {"id":2100,"xiaohashuId":null,"password":null,"nickname":null,"avatar":null,"birthday":null,"backgroundImg":null,"phone":null,"sex":null,"status":null,"introduction":null,"createTime":null,"updateTime":null,"isDeleted":null}
2025-02-25 15:59:13.294 [http-nio-8082-exec-3] INFO  c.q.f.b.operationlog.aspect.ApiOperationLogAspect - ====== 请求结束: [用户注册], 耗时: 5ms, 出参: {"success":true,"message":null,"errorCode":null,"data":2100} =================================== 
2025-02-25 17:04:37.257 [http-nio-8082-exec-7] INFO  c.q.f.b.operationlog.aspect.ApiOperationLogAspect - ====== 请求开始: [用户注册], 入参: {"phone":"18019939108"}, 请求类: UserController, 请求方法: register =================================== 
2025-02-25 17:04:37.289 [http-nio-8082-exec-7] DEBUG c.q.x.u.b.domain.mapper.UserDOMapper.selectByPhone - ==>  Preparing: select id, password from t_user where phone = ?
2025-02-25 17:04:37.294 [http-nio-8082-exec-7] DEBUG c.q.x.u.b.domain.mapper.UserDOMapper.selectByPhone - ==> Parameters: 18019939108(String)
2025-02-25 17:04:37.299 [http-nio-8082-exec-7] DEBUG c.q.x.u.b.domain.mapper.UserDOMapper.selectByPhone - <==      Total: 1
2025-02-25 17:04:37.299 [http-nio-8082-exec-7] INFO  c.q.x.user.biz.service.impl.UserServiceImpl - ==> 用户是否注册, phone: 18019939108, userDO: {"id":2100,"xiaohashuId":null,"password":null,"nickname":null,"avatar":null,"birthday":null,"backgroundImg":null,"phone":null,"sex":null,"status":null,"introduction":null,"createTime":null,"updateTime":null,"isDeleted":null}
2025-02-25 17:04:37.301 [http-nio-8082-exec-7] INFO  c.q.f.b.operationlog.aspect.ApiOperationLogAspect - ====== 请求结束: [用户注册], 耗时: 45ms, 出参: {"success":true,"message":null,"errorCode":null,"data":2100} =================================== 
2025-02-25 17:38:50.427 [Thread-10] WARN  c.alibaba.nacos.common.http.HttpClientBeanHolder - [HttpClientBeanHolder] Start destroying common HttpClient
2025-02-25 17:38:50.427 [Thread-7] WARN  com.alibaba.nacos.common.notify.NotifyCenter - [NotifyCenter] Start destroying Publisher
2025-02-25 17:38:50.427 [Thread-7] WARN  com.alibaba.nacos.common.notify.NotifyCenter - [NotifyCenter] Destruction of the end
2025-02-25 17:38:50.432 [Thread-10] WARN  c.alibaba.nacos.common.http.HttpClientBeanHolder - [HttpClientBeanHolder] Destruction of the end
2025-02-25 17:38:50.520 [SpringApplicationShutdownHook] INFO  c.a.cloud.nacos.registry.NacosServiceRegistry - De-registering from Nacos Server now...
2025-02-25 17:38:50.521 [SpringApplicationShutdownHook] INFO  com.alibaba.nacos.client.naming - [DEREGISTER-SERVICE] xiaohashu deregistering service xiaohashu-user with instance: Instance{instanceId='null', ip='192.168.1.3', port=8082, weight=1.0, healthy=true, enabled=true, ephemeral=true, clusterName='DEFAULT', serviceName='null', metadata={}}
2025-02-25 17:38:50.525 [SpringApplicationShutdownHook] INFO  c.a.cloud.nacos.registry.NacosServiceRegistry - De-registration finished.
2025-02-25 17:38:50.526 [SpringApplicationShutdownHook] INFO  com.alibaba.nacos.client.naming - com.alibaba.nacos.client.naming.cache.ServiceInfoHolder do shutdown begin
2025-02-25 17:38:50.526 [SpringApplicationShutdownHook] INFO  com.alibaba.nacos.client.naming - com.alibaba.nacos.client.naming.backups.FailoverReactor do shutdown begin
2025-02-25 17:38:50.526 [SpringApplicationShutdownHook] INFO  com.alibaba.nacos.client.naming - com.alibaba.nacos.client.naming.backups.FailoverReactor do shutdown stop
2025-02-25 17:38:50.526 [SpringApplicationShutdownHook] INFO  com.alibaba.nacos.client.naming - com.alibaba.nacos.client.naming.cache.ServiceInfoHolder do shutdown stop
2025-02-25 17:38:50.526 [SpringApplicationShutdownHook] INFO  com.alibaba.nacos.client.naming - com.alibaba.nacos.client.naming.remote.NamingClientProxyDelegate do shutdown begin
2025-02-25 17:38:50.527 [SpringApplicationShutdownHook] INFO  com.alibaba.nacos.client.naming - com.alibaba.nacos.client.naming.core.ServiceInfoUpdateService do shutdown begin
2025-02-25 17:38:50.527 [SpringApplicationShutdownHook] INFO  com.alibaba.nacos.client.naming - com.alibaba.nacos.client.naming.core.ServiceInfoUpdateService do shutdown stop
2025-02-25 17:38:50.527 [SpringApplicationShutdownHook] INFO  com.alibaba.nacos.client.naming - com.alibaba.nacos.client.naming.core.ServerListManager do shutdown begin
2025-02-25 17:38:50.527 [SpringApplicationShutdownHook] WARN  com.alibaba.nacos.client.naming - [NamingHttpClientManager] Start destroying NacosRestTemplate
2025-02-25 17:38:50.527 [SpringApplicationShutdownHook] WARN  com.alibaba.nacos.client.naming - [NamingHttpClientManager] Destruction of the end
2025-02-25 17:38:50.527 [SpringApplicationShutdownHook] INFO  com.alibaba.nacos.client.naming - com.alibaba.nacos.client.naming.core.ServerListManager do shutdown stop
2025-02-25 17:38:50.527 [SpringApplicationShutdownHook] INFO  com.alibaba.nacos.client.naming - com.alibaba.nacos.client.naming.remote.http.NamingHttpClientProxy do shutdown begin
2025-02-25 17:38:50.527 [SpringApplicationShutdownHook] WARN  com.alibaba.nacos.client.naming - [NamingHttpClientManager] Start destroying NacosRestTemplate
2025-02-25 17:38:50.527 [SpringApplicationShutdownHook] WARN  com.alibaba.nacos.client.naming - [NamingHttpClientManager] Destruction of the end
2025-02-25 17:38:50.527 [SpringApplicationShutdownHook] INFO  com.alibaba.nacos.client.naming - com.alibaba.nacos.client.naming.remote.http.NamingHttpClientProxy do shutdown stop
2025-02-25 17:38:50.527 [SpringApplicationShutdownHook] INFO  com.alibaba.nacos.common.remote.client - Shutdown rpc client, set status to shutdown
2025-02-25 17:38:50.527 [SpringApplicationShutdownHook] INFO  com.alibaba.nacos.common.remote.client - Shutdown client event executor java.util.concurrent.ScheduledThreadPoolExecutor@56d6b18e[Running, pool size = 2, active threads = 2, queued tasks = 0, completed tasks = 0]
2025-02-25 17:38:50.527 [SpringApplicationShutdownHook] INFO  com.alibaba.nacos.common.remote.client - Close current connection 1740390356948_172.17.0.1_47826
2025-02-25 17:38:50.531 [nacos-grpc-client-executor-127.0.0.1-9025] INFO  c.a.nacos.common.remote.client.grpc.GrpcClient - [1740390356948_172.17.0.1_47826]Ignore complete event,isRunning:false,isAbandon=false
2025-02-25 17:38:50.536 [SpringApplicationShutdownHook] INFO  c.a.nacos.common.remote.client.grpc.GrpcClient - Shutdown grpc executor java.util.concurrent.ThreadPoolExecutor@3bfebf14[Running, pool size = 5, active threads = 0, queued tasks = 0, completed tasks = 9026]
2025-02-25 17:38:50.537 [SpringApplicationShutdownHook] INFO  com.alibaba.nacos.client.naming - Shutdown grpc redo service executor java.util.concurrent.ScheduledThreadPoolExecutor@1a17e8ba[Running, pool size = 1, active threads = 0, queued tasks = 1, completed tasks = 14936]
2025-02-25 17:38:50.537 [SpringApplicationShutdownHook] INFO  c.a.n.client.auth.ram.identify.CredentialWatcher - [null] CredentialWatcher is stopped
2025-02-25 17:38:50.537 [SpringApplicationShutdownHook] INFO  c.a.n.client.auth.ram.identify.CredentialService - [null] CredentialService is freed
2025-02-25 17:38:50.537 [SpringApplicationShutdownHook] INFO  com.alibaba.nacos.client.naming - com.alibaba.nacos.client.naming.remote.NamingClientProxyDelegate do shutdown stop
2025-02-25 17:38:50.672 [SpringApplicationShutdownHook] INFO  com.alibaba.druid.pool.DruidDataSource - {dataSource-1} closing ...
2025-02-25 17:38:50.674 [SpringApplicationShutdownHook] INFO  com.alibaba.druid.pool.DruidDataSource - {dataSource-1} closed
2025-02-25 17:38:54.207 [main] WARN  com.alibaba.nacos.client.logging.NacosLogging - Load Logback Configuration of Nacos fail, message: Could not initialize Logback Nacos logging from classpath:nacos-logback.xml
2025-02-25 17:38:54.252 [main] WARN  com.alibaba.nacos.client.logging.NacosLogging - Load Logback Configuration of Nacos fail, message: Could not initialize Logback Nacos logging from classpath:nacos-logback.xml
2025-02-25 17:38:54.538 [main] WARN  com.alibaba.nacos.client.logging.NacosLogging - Load Logback Configuration of Nacos fail, message: Could not initialize Logback Nacos logging from classpath:nacos-logback.xml
2025-02-25 17:38:54.547 [main] WARN  com.alibaba.nacos.client.logging.NacosLogging - Load Logback Configuration of Nacos fail, message: Could not initialize Logback Nacos logging from classpath:nacos-logback.xml
2025-02-25 17:38:54.547 [main] INFO  c.q.xiaohashu.user.biz.XiaohashuUserBizApplication - The following 1 profile is active: "dev"
2025-02-25 17:38:54.901 [main] INFO  o.s.d.r.config.RepositoryConfigurationDelegate - Multiple Spring Data modules found, entering strict repository configuration mode
2025-02-25 17:38:54.902 [main] INFO  o.s.d.r.config.RepositoryConfigurationDelegate - Bootstrapping Spring Data Redis repositories in DEFAULT mode.
2025-02-25 17:38:54.916 [main] INFO  o.s.d.r.config.RepositoryConfigurationDelegate - Finished Spring Data repository scanning in 4 ms. Found 0 Redis repository interfaces.
2025-02-25 17:38:55.035 [main] INFO  o.springframework.cloud.context.scope.GenericScope - BeanFactory id=dabefb7e-55d9-3a47-bc39-6b213c454332
2025-02-25 17:38:55.052 [main] INFO  o.s.c.s.PostProcessorRegistrationDelegate$BeanPostProcessorChecker - Bean 'com.quanxiaoha.xiaohashu.oss.api.FileFeignApi' of type [org.springframework.cloud.openfeign.FeignClientFactoryBean] is not eligible for getting processed by all BeanPostProcessors (for example: not eligible for auto-proxying)
2025-02-25 17:38:55.052 [main] INFO  o.s.c.s.PostProcessorRegistrationDelegate$BeanPostProcessorChecker - Bean 'com.quanxiaoha.xiaohashu.user.api.UserFeignApi' of type [org.springframework.cloud.openfeign.FeignClientFactoryBean] is not eligible for getting processed by all BeanPostProcessors (for example: not eligible for auto-proxying)
2025-02-25 17:38:55.053 [main] INFO  o.s.c.s.PostProcessorRegistrationDelegate$BeanPostProcessorChecker - Bean 'com.quanxiaoha.xiaohashu.distributed.id.generator.api.DistributedIdGeneratorFeignApi' of type [org.springframework.cloud.openfeign.FeignClientFactoryBean] is not eligible for getting processed by all BeanPostProcessors (for example: not eligible for auto-proxying)
2025-02-25 17:38:55.387 [main] INFO  o.s.boot.web.embedded.tomcat.TomcatWebServer - Tomcat initialized with port(s): 8082 (http)
2025-02-25 17:38:55.393 [main] INFO  org.apache.catalina.core.StandardService - Starting service [Tomcat]
2025-02-25 17:38:55.394 [main] INFO  org.apache.catalina.core.StandardEngine - Starting Servlet engine: [Apache Tomcat/10.1.5]
2025-02-25 17:38:55.444 [main] INFO  o.a.c.core.ContainerBase.[Tomcat].[localhost].[/] - Initializing Spring embedded WebApplicationContext
2025-02-25 17:38:55.444 [main] INFO  o.s.b.w.s.c.ServletWebServerApplicationContext - Root WebApplicationContext: initialization completed in 887 ms
2025-02-25 17:38:55.516 [main] INFO  c.a.d.s.b.a.DruidDataSourceAutoConfigure - Init DruidDataSource
2025-02-25 17:38:55.706 [main] INFO  com.alibaba.druid.pool.DruidDataSource - {dataSource-1} inited
2025-02-25 17:38:55.918 [main] INFO  o.s.cloud.openfeign.FeignClientFactoryBean - For 'xiaohashu-oss' URL not provided. Will try picking an instance via load-balancing.
2025-02-25 17:38:56.151 [main] INFO  o.s.cloud.openfeign.FeignClientFactoryBean - For 'xiaohashu-distributed-id-generator' URL not provided. Will try picking an instance via load-balancing.
2025-02-25 17:38:56.783 [main] INFO  o.s.boot.web.embedded.tomcat.TomcatWebServer - Tomcat started on port(s): 8082 (http) with context path ''
2025-02-25 17:38:56.791 [main] WARN  com.alibaba.nacos.client.logging.NacosLogging - Load Logback Configuration of Nacos fail, message: Could not initialize Logback Nacos logging from classpath:nacos-logback.xml
2025-02-25 17:38:56.791 [main] INFO  com.alibaba.nacos.client.naming - initializer namespace from ans.namespace attribute : null
2025-02-25 17:38:56.791 [main] INFO  com.alibaba.nacos.client.naming - initializer namespace from ALIBABA_ALIWARE_NAMESPACE attribute :null
2025-02-25 17:38:56.792 [main] INFO  com.alibaba.nacos.client.naming - initializer namespace from namespace attribute :null
2025-02-25 17:38:56.815 [main] INFO  com.alibaba.nacos.client.utils.ParamUtil - [settings] [req-serv] nacos-server port:8848
2025-02-25 17:38:56.816 [main] INFO  com.alibaba.nacos.client.utils.ParamUtil - [settings] [http-client] connect timeout:1000
2025-02-25 17:38:56.817 [main] INFO  com.alibaba.nacos.client.utils.ParamUtil - PER_TASK_CONFIG_SIZE: 3000.0
2025-02-25 17:38:56.819 [main] INFO  c.a.n.p.auth.spi.client.ClientAuthPluginManager - [ClientAuthPluginManager] Load ClientAuthService com.alibaba.nacos.client.auth.impl.NacosClientAuthServiceImpl success.
2025-02-25 17:38:56.819 [main] INFO  c.a.n.p.auth.spi.client.ClientAuthPluginManager - [ClientAuthPluginManager] Load ClientAuthService com.alibaba.nacos.client.auth.ram.RamClientAuthServiceImpl success.
2025-02-25 17:38:56.822 [main] INFO  c.a.n.client.auth.ram.identify.CredentialWatcher - null No credential found
2025-02-25 17:38:56.834 [main] INFO  com.alibaba.nacos.common.remote.client - [RpcClientFactory] create a new rpc client of 454a1684-07e9-4329-b321-679c9e673da4
2025-02-25 17:38:56.853 [main] INFO  com.alibaba.nacos.common.remote.client - [454a1684-07e9-4329-b321-679c9e673da4] RpcClient init, ServerListFactory = com.alibaba.nacos.client.naming.core.ServerListManager
2025-02-25 17:38:56.854 [main] INFO  com.alibaba.nacos.common.remote.client - [454a1684-07e9-4329-b321-679c9e673da4] Registry connection listener to current client:com.alibaba.nacos.client.naming.remote.gprc.redo.NamingGrpcRedoService
2025-02-25 17:38:56.854 [main] INFO  com.alibaba.nacos.common.remote.client - [454a1684-07e9-4329-b321-679c9e673da4] Register server push request handler:com.alibaba.nacos.client.naming.remote.gprc.NamingPushRequestHandler
2025-02-25 17:38:56.856 [main] INFO  com.alibaba.nacos.common.remote.client - [454a1684-07e9-4329-b321-679c9e673da4] Try to connect to server on start up, server: {serverIp = '127.0.0.1', server main port = 8848}
2025-02-25 17:38:56.879 [main] INFO  c.a.nacos.common.remote.client.grpc.GrpcClient - grpc client connection server:127.0.0.1 ip,serverPort:9848,grpcTslConfig:{"sslProvider":"OPENSSL","enableTls":false,"mutualAuthEnable":false,"trustAll":false}
2025-02-25 17:38:57.669 [main] INFO  com.alibaba.nacos.common.remote.client - [454a1684-07e9-4329-b321-679c9e673da4] Success to connect to server [127.0.0.1:8848] on start up, connectionId = 1740476337504_172.17.0.1_39298
2025-02-25 17:38:57.670 [com.alibaba.nacos.client.remote.worker] INFO  com.alibaba.nacos.common.remote.client - [454a1684-07e9-4329-b321-679c9e673da4] Notify connected event to listeners.
2025-02-25 17:38:57.670 [com.alibaba.nacos.client.remote.worker] INFO  com.alibaba.nacos.client.naming - Grpc connection connect
2025-02-25 17:38:57.670 [main] INFO  com.alibaba.nacos.common.remote.client - [454a1684-07e9-4329-b321-679c9e673da4] Register server push request handler:com.alibaba.nacos.common.remote.client.RpcClient$ConnectResetRequestHandler
2025-02-25 17:38:57.670 [main] INFO  com.alibaba.nacos.common.remote.client - [454a1684-07e9-4329-b321-679c9e673da4] Register server push request handler:com.alibaba.nacos.common.remote.client.RpcClient$$Lambda$1260/0x000002c521926608
2025-02-25 17:38:57.671 [main] INFO  com.alibaba.nacos.client.naming - [REGISTER-SERVICE] xiaohashu registering service xiaohashu-user with instance Instance{instanceId='null', ip='192.168.1.3', port=8082, weight=1.0, healthy=true, enabled=true, ephemeral=true, clusterName='DEFAULT', serviceName='null', metadata={IPv6=[240e:b65:56e:2b00:4b38:166:d82c:3df6], preserved.register.source=SPRING_CLOUD}}
2025-02-25 17:38:57.681 [main] INFO  c.a.cloud.nacos.registry.NacosServiceRegistry - nacos registry, DEFAULT_GROUP xiaohashu-user 192.168.1.3:8082 register finished
2025-02-25 17:38:57.761 [main] INFO  c.q.xiaohashu.user.biz.XiaohashuUserBizApplication - Started XiaohashuUserBizApplication in 3.963 seconds (process running for 4.286)
2025-02-25 17:38:57.762 [main] INFO  c.q.x.u.biz.runner.PushRolePermissions2RedisRunner - ==> 服务启动，开始同步角色权限数据到 Redis 中...
2025-02-25 17:38:58.000 [main] WARN  c.q.x.u.biz.runner.PushRolePermissions2RedisRunner - ==> 角色权限数据已经同步至 Redis 中，不再同步...
2025-02-25 17:40:32.989 [http-nio-8082-exec-1] INFO  o.a.c.core.ContainerBase.[Tomcat].[localhost].[/] - Initializing Spring DispatcherServlet 'dispatcherServlet'
2025-02-25 17:40:32.989 [http-nio-8082-exec-1] INFO  org.springframework.web.servlet.DispatcherServlet - Initializing Servlet 'dispatcherServlet'
2025-02-25 17:40:32.990 [http-nio-8082-exec-1] INFO  org.springframework.web.servlet.DispatcherServlet - Completed initialization in 1 ms
2025-02-25 17:40:32.996 [http-nio-8082-exec-1] INFO  c.q.f.b.context.filter.HeaderUserId2ContextFilter - ===== 设置 userId 到 ThreadLocal 中， 用户 ID: 27
2025-02-25 17:40:33.026 [http-nio-8082-exec-1] DEBUG c.q.x.u.b.d.mapper.UserDOMapper.selectByPrimaryKey - ==>  Preparing: select id, xiaohashu_id, `password`, nickname, avatar, birthday, background_img, phone, sex, `status`, introduction, create_time, update_time, is_deleted from t_user where id = ?
2025-02-25 17:40:33.138 [http-nio-8082-exec-1] DEBUG c.q.x.u.b.d.mapper.UserDOMapper.selectByPrimaryKey - ==> Parameters: 27(Long)
2025-02-25 17:40:33.152 [http-nio-8082-exec-1] DEBUG c.q.x.u.b.d.mapper.UserDOMapper.selectByPrimaryKey - <==      Total: 1
2025-02-25 17:40:33.165 [http-nio-8082-exec-1] INFO  c.q.f.b.context.filter.HeaderUserId2ContextFilter - ===== 删除 ThreadLocal， userId: 27
2025-02-25 17:59:26.971 [http-nio-8082-exec-2] INFO  c.q.f.b.operationlog.aspect.ApiOperationLogAspect - ====== 请求开始: [用户注册], 入参: {"phone":"18019939108"}, 请求类: UserController, 请求方法: register =================================== 
2025-02-25 17:59:26.986 [http-nio-8082-exec-2] DEBUG c.q.x.u.b.domain.mapper.UserDOMapper.selectByPhone - ==>  Preparing: select id, password from t_user where phone = ?
2025-02-25 17:59:26.987 [http-nio-8082-exec-2] DEBUG c.q.x.u.b.domain.mapper.UserDOMapper.selectByPhone - ==> Parameters: 18019939108(String)
2025-02-25 17:59:26.990 [http-nio-8082-exec-2] DEBUG c.q.x.u.b.domain.mapper.UserDOMapper.selectByPhone - <==      Total: 1
2025-02-25 17:59:26.992 [http-nio-8082-exec-2] INFO  c.q.x.user.biz.service.impl.UserServiceImpl - ==> 用户是否注册, phone: 18019939108, userDO: {"id":2100,"xiaohashuId":null,"password":null,"nickname":null,"avatar":null,"birthday":null,"backgroundImg":null,"phone":null,"sex":null,"status":null,"introduction":null,"createTime":null,"updateTime":null,"isDeleted":null}
2025-02-25 17:59:26.995 [http-nio-8082-exec-2] INFO  c.q.f.b.operationlog.aspect.ApiOperationLogAspect - ====== 请求结束: [用户注册], 耗时: 26ms, 出参: {"success":true,"message":null,"errorCode":null,"data":2100} =================================== 
2025-02-25 17:59:27.031 [http-nio-8082-exec-4] INFO  c.q.f.b.context.filter.HeaderUserId2ContextFilter - ===== 设置 userId 到 ThreadLocal 中， 用户 ID: 2100
2025-02-25 17:59:27.033 [http-nio-8082-exec-4] DEBUG c.q.x.u.b.d.mapper.UserDOMapper.selectByPrimaryKey - ==>  Preparing: select id, xiaohashu_id, `password`, nickname, avatar, birthday, background_img, phone, sex, `status`, introduction, create_time, update_time, is_deleted from t_user where id = ?
2025-02-25 17:59:27.033 [http-nio-8082-exec-4] DEBUG c.q.x.u.b.d.mapper.UserDOMapper.selectByPrimaryKey - ==> Parameters: 2100(Long)
2025-02-25 17:59:27.035 [http-nio-8082-exec-4] DEBUG c.q.x.u.b.d.mapper.UserDOMapper.selectByPrimaryKey - <==      Total: 1
2025-02-25 17:59:27.036 [http-nio-8082-exec-4] INFO  c.q.f.b.context.filter.HeaderUserId2ContextFilter - ===== 删除 ThreadLocal， userId: 2100
2025-02-25 18:03:55.015 [http-nio-8082-exec-7] INFO  c.q.f.b.operationlog.aspect.ApiOperationLogAspect - ====== 请求开始: [用户注册], 入参: {"phone":"18019939108"}, 请求类: UserController, 请求方法: register =================================== 
2025-02-25 18:03:55.017 [http-nio-8082-exec-7] DEBUG c.q.x.u.b.domain.mapper.UserDOMapper.selectByPhone - ==>  Preparing: select id, password from t_user where phone = ?
2025-02-25 18:03:55.017 [http-nio-8082-exec-7] DEBUG c.q.x.u.b.domain.mapper.UserDOMapper.selectByPhone - ==> Parameters: 18019939108(String)
2025-02-25 18:03:55.018 [http-nio-8082-exec-7] DEBUG c.q.x.u.b.domain.mapper.UserDOMapper.selectByPhone - <==      Total: 1
2025-02-25 18:03:55.019 [http-nio-8082-exec-7] INFO  c.q.x.user.biz.service.impl.UserServiceImpl - ==> 用户是否注册, phone: 18019939108, userDO: {"id":2100,"xiaohashuId":null,"password":null,"nickname":null,"avatar":null,"birthday":null,"backgroundImg":null,"phone":null,"sex":null,"status":null,"introduction":null,"createTime":null,"updateTime":null,"isDeleted":null}
2025-02-25 18:03:55.020 [http-nio-8082-exec-7] INFO  c.q.f.b.operationlog.aspect.ApiOperationLogAspect - ====== 请求结束: [用户注册], 耗时: 5ms, 出参: {"success":true,"message":null,"errorCode":null,"data":2100} =================================== 
2025-02-25 18:03:55.052 [http-nio-8082-exec-8] INFO  c.q.f.b.context.filter.HeaderUserId2ContextFilter - ===== 设置 userId 到 ThreadLocal 中， 用户 ID: 2100
2025-02-25 18:03:55.052 [http-nio-8082-exec-8] DEBUG c.q.x.u.b.d.mapper.UserDOMapper.selectByPrimaryKey - ==>  Preparing: select id, xiaohashu_id, `password`, nickname, avatar, birthday, background_img, phone, sex, `status`, introduction, create_time, update_time, is_deleted from t_user where id = ?
2025-02-25 18:03:55.052 [http-nio-8082-exec-8] DEBUG c.q.x.u.b.d.mapper.UserDOMapper.selectByPrimaryKey - ==> Parameters: 2100(Long)
2025-02-25 18:03:55.053 [http-nio-8082-exec-8] DEBUG c.q.x.u.b.d.mapper.UserDOMapper.selectByPrimaryKey - <==      Total: 1
2025-02-25 18:03:55.054 [http-nio-8082-exec-8] INFO  c.q.f.b.context.filter.HeaderUserId2ContextFilter - ===== 删除 ThreadLocal， userId: 2100
2025-02-25 18:05:56.909 [http-nio-8082-exec-1] INFO  c.q.f.b.operationlog.aspect.ApiOperationLogAspect - ====== 请求开始: [用户注册], 入参: {"phone":"18019939108"}, 请求类: UserController, 请求方法: register =================================== 
2025-02-25 18:05:56.911 [http-nio-8082-exec-1] DEBUG c.q.x.u.b.domain.mapper.UserDOMapper.selectByPhone - ==>  Preparing: select id, password from t_user where phone = ?
2025-02-25 18:05:56.911 [http-nio-8082-exec-1] DEBUG c.q.x.u.b.domain.mapper.UserDOMapper.selectByPhone - ==> Parameters: 18019939108(String)
2025-02-25 18:05:56.912 [http-nio-8082-exec-1] DEBUG c.q.x.u.b.domain.mapper.UserDOMapper.selectByPhone - <==      Total: 1
2025-02-25 18:05:56.912 [http-nio-8082-exec-1] INFO  c.q.x.user.biz.service.impl.UserServiceImpl - ==> 用户是否注册, phone: 18019939108, userDO: {"id":2100,"xiaohashuId":null,"password":null,"nickname":null,"avatar":null,"birthday":null,"backgroundImg":null,"phone":null,"sex":null,"status":null,"introduction":null,"createTime":null,"updateTime":null,"isDeleted":null}
2025-02-25 18:05:56.913 [http-nio-8082-exec-1] INFO  c.q.f.b.operationlog.aspect.ApiOperationLogAspect - ====== 请求结束: [用户注册], 耗时: 4ms, 出参: {"success":true,"message":null,"errorCode":null,"data":2100} =================================== 
2025-02-25 18:05:56.945 [http-nio-8082-exec-3] INFO  c.q.f.b.context.filter.HeaderUserId2ContextFilter - ===== 设置 userId 到 ThreadLocal 中， 用户 ID: 2100
2025-02-25 18:05:56.946 [http-nio-8082-exec-3] DEBUG c.q.x.u.b.d.mapper.UserDOMapper.selectByPrimaryKey - ==>  Preparing: select id, xiaohashu_id, `password`, nickname, avatar, birthday, background_img, phone, sex, `status`, introduction, create_time, update_time, is_deleted from t_user where id = ?
2025-02-25 18:05:56.946 [http-nio-8082-exec-3] DEBUG c.q.x.u.b.d.mapper.UserDOMapper.selectByPrimaryKey - ==> Parameters: 2100(Long)
2025-02-25 18:05:56.947 [http-nio-8082-exec-3] DEBUG c.q.x.u.b.d.mapper.UserDOMapper.selectByPrimaryKey - <==      Total: 1
2025-02-25 18:05:56.948 [http-nio-8082-exec-3] INFO  c.q.f.b.context.filter.HeaderUserId2ContextFilter - ===== 删除 ThreadLocal， userId: 2100
2025-02-25 18:08:13.998 [http-nio-8082-exec-5] INFO  c.q.f.b.operationlog.aspect.ApiOperationLogAspect - ====== 请求开始: [用户注册], 入参: {"phone":"18019939108"}, 请求类: UserController, 请求方法: register =================================== 
2025-02-25 18:08:13.999 [http-nio-8082-exec-5] DEBUG c.q.x.u.b.domain.mapper.UserDOMapper.selectByPhone - ==>  Preparing: select id, password from t_user where phone = ?
2025-02-25 18:08:14.000 [http-nio-8082-exec-5] DEBUG c.q.x.u.b.domain.mapper.UserDOMapper.selectByPhone - ==> Parameters: 18019939108(String)
2025-02-25 18:08:14.002 [http-nio-8082-exec-5] DEBUG c.q.x.u.b.domain.mapper.UserDOMapper.selectByPhone - <==      Total: 1
2025-02-25 18:08:14.002 [http-nio-8082-exec-5] INFO  c.q.x.user.biz.service.impl.UserServiceImpl - ==> 用户是否注册, phone: 18019939108, userDO: {"id":2100,"xiaohashuId":null,"password":null,"nickname":null,"avatar":null,"birthday":null,"backgroundImg":null,"phone":null,"sex":null,"status":null,"introduction":null,"createTime":null,"updateTime":null,"isDeleted":null}
2025-02-25 18:08:14.003 [http-nio-8082-exec-5] INFO  c.q.f.b.operationlog.aspect.ApiOperationLogAspect - ====== 请求结束: [用户注册], 耗时: 5ms, 出参: {"success":true,"message":null,"errorCode":null,"data":2100} =================================== 
2025-02-25 18:08:14.040 [http-nio-8082-exec-6] INFO  c.q.f.b.context.filter.HeaderUserId2ContextFilter - ===== 设置 userId 到 ThreadLocal 中， 用户 ID: 2100
2025-02-25 18:08:14.041 [http-nio-8082-exec-6] DEBUG c.q.x.u.b.d.mapper.UserDOMapper.selectByPrimaryKey - ==>  Preparing: select id, xiaohashu_id, `password`, nickname, avatar, birthday, background_img, phone, sex, `status`, introduction, create_time, update_time, is_deleted from t_user where id = ?
2025-02-25 18:08:14.041 [http-nio-8082-exec-6] DEBUG c.q.x.u.b.d.mapper.UserDOMapper.selectByPrimaryKey - ==> Parameters: 2100(Long)
2025-02-25 18:08:14.043 [http-nio-8082-exec-6] DEBUG c.q.x.u.b.d.mapper.UserDOMapper.selectByPrimaryKey - <==      Total: 1
2025-02-25 18:08:14.043 [http-nio-8082-exec-6] INFO  c.q.f.b.context.filter.HeaderUserId2ContextFilter - ===== 删除 ThreadLocal， userId: 2100
2025-02-25 18:10:45.464 [http-nio-8082-exec-9] INFO  c.q.f.b.operationlog.aspect.ApiOperationLogAspect - ====== 请求开始: [用户注册], 入参: {"phone":"18019939108"}, 请求类: UserController, 请求方法: register =================================== 
2025-02-25 18:10:45.466 [http-nio-8082-exec-9] DEBUG c.q.x.u.b.domain.mapper.UserDOMapper.selectByPhone - ==>  Preparing: select id, password from t_user where phone = ?
2025-02-25 18:10:45.467 [http-nio-8082-exec-9] DEBUG c.q.x.u.b.domain.mapper.UserDOMapper.selectByPhone - ==> Parameters: 18019939108(String)
2025-02-25 18:10:45.468 [http-nio-8082-exec-9] DEBUG c.q.x.u.b.domain.mapper.UserDOMapper.selectByPhone - <==      Total: 1
2025-02-25 18:10:45.468 [http-nio-8082-exec-9] INFO  c.q.x.user.biz.service.impl.UserServiceImpl - ==> 用户是否注册, phone: 18019939108, userDO: {"id":2100,"xiaohashuId":null,"password":null,"nickname":null,"avatar":null,"birthday":null,"backgroundImg":null,"phone":null,"sex":null,"status":null,"introduction":null,"createTime":null,"updateTime":null,"isDeleted":null}
2025-02-25 18:10:45.469 [http-nio-8082-exec-9] INFO  c.q.f.b.operationlog.aspect.ApiOperationLogAspect - ====== 请求结束: [用户注册], 耗时: 5ms, 出参: {"success":true,"message":null,"errorCode":null,"data":2100} =================================== 
2025-02-25 18:10:45.513 [http-nio-8082-exec-10] INFO  c.q.f.b.context.filter.HeaderUserId2ContextFilter - ===== 设置 userId 到 ThreadLocal 中， 用户 ID: 2100
2025-02-25 18:10:45.514 [http-nio-8082-exec-10] DEBUG c.q.x.u.b.d.mapper.UserDOMapper.selectByPrimaryKey - ==>  Preparing: select id, xiaohashu_id, `password`, nickname, avatar, birthday, background_img, phone, sex, `status`, introduction, create_time, update_time, is_deleted from t_user where id = ?
2025-02-25 18:10:45.514 [http-nio-8082-exec-10] DEBUG c.q.x.u.b.d.mapper.UserDOMapper.selectByPrimaryKey - ==> Parameters: 2100(Long)
2025-02-25 18:10:45.517 [http-nio-8082-exec-10] DEBUG c.q.x.u.b.d.mapper.UserDOMapper.selectByPrimaryKey - <==      Total: 1
2025-02-25 18:10:45.518 [http-nio-8082-exec-10] INFO  c.q.f.b.context.filter.HeaderUserId2ContextFilter - ===== 删除 ThreadLocal， userId: 2100
2025-02-25 18:13:44.824 [http-nio-8082-exec-2] INFO  c.q.f.b.operationlog.aspect.ApiOperationLogAspect - ====== 请求开始: [用户注册], 入参: {"phone":"18019939108"}, 请求类: UserController, 请求方法: register =================================== 
2025-02-25 18:13:44.826 [http-nio-8082-exec-2] DEBUG c.q.x.u.b.domain.mapper.UserDOMapper.selectByPhone - ==>  Preparing: select id, password from t_user where phone = ?
2025-02-25 18:13:44.826 [http-nio-8082-exec-2] DEBUG c.q.x.u.b.domain.mapper.UserDOMapper.selectByPhone - ==> Parameters: 18019939108(String)
2025-02-25 18:13:44.827 [http-nio-8082-exec-2] DEBUG c.q.x.u.b.domain.mapper.UserDOMapper.selectByPhone - <==      Total: 1
2025-02-25 18:13:44.827 [http-nio-8082-exec-2] INFO  c.q.x.user.biz.service.impl.UserServiceImpl - ==> 用户是否注册, phone: 18019939108, userDO: {"id":2100,"xiaohashuId":null,"password":null,"nickname":null,"avatar":null,"birthday":null,"backgroundImg":null,"phone":null,"sex":null,"status":null,"introduction":null,"createTime":null,"updateTime":null,"isDeleted":null}
2025-02-25 18:13:44.829 [http-nio-8082-exec-2] INFO  c.q.f.b.operationlog.aspect.ApiOperationLogAspect - ====== 请求结束: [用户注册], 耗时: 4ms, 出参: {"success":true,"message":null,"errorCode":null,"data":2100} =================================== 
2025-02-25 18:13:44.868 [http-nio-8082-exec-4] INFO  c.q.f.b.context.filter.HeaderUserId2ContextFilter - ===== 设置 userId 到 ThreadLocal 中， 用户 ID: 2100
2025-02-25 18:13:44.869 [http-nio-8082-exec-4] DEBUG c.q.x.u.b.d.mapper.UserDOMapper.selectByPrimaryKey - ==>  Preparing: select id, xiaohashu_id, `password`, nickname, avatar, birthday, background_img, phone, sex, `status`, introduction, create_time, update_time, is_deleted from t_user where id = ?
2025-02-25 18:13:44.869 [http-nio-8082-exec-4] DEBUG c.q.x.u.b.d.mapper.UserDOMapper.selectByPrimaryKey - ==> Parameters: 2100(Long)
2025-02-25 18:13:44.870 [http-nio-8082-exec-4] DEBUG c.q.x.u.b.d.mapper.UserDOMapper.selectByPrimaryKey - <==      Total: 1
2025-02-25 18:13:44.871 [http-nio-8082-exec-4] INFO  c.q.f.b.context.filter.HeaderUserId2ContextFilter - ===== 删除 ThreadLocal， userId: 2100
2025-02-25 18:16:33.257 [http-nio-8082-exec-7] INFO  c.q.f.b.operationlog.aspect.ApiOperationLogAspect - ====== 请求开始: [用户注册], 入参: {"phone":"18019939108"}, 请求类: UserController, 请求方法: register =================================== 
2025-02-25 18:16:33.259 [http-nio-8082-exec-7] DEBUG c.q.x.u.b.domain.mapper.UserDOMapper.selectByPhone - ==>  Preparing: select id, password from t_user where phone = ?
2025-02-25 18:16:33.259 [http-nio-8082-exec-7] DEBUG c.q.x.u.b.domain.mapper.UserDOMapper.selectByPhone - ==> Parameters: 18019939108(String)
2025-02-25 18:16:33.260 [http-nio-8082-exec-7] DEBUG c.q.x.u.b.domain.mapper.UserDOMapper.selectByPhone - <==      Total: 1
2025-02-25 18:16:33.260 [http-nio-8082-exec-7] INFO  c.q.x.user.biz.service.impl.UserServiceImpl - ==> 用户是否注册, phone: 18019939108, userDO: {"id":2100,"xiaohashuId":null,"password":null,"nickname":null,"avatar":null,"birthday":null,"backgroundImg":null,"phone":null,"sex":null,"status":null,"introduction":null,"createTime":null,"updateTime":null,"isDeleted":null}
2025-02-25 18:16:33.261 [http-nio-8082-exec-7] INFO  c.q.f.b.operationlog.aspect.ApiOperationLogAspect - ====== 请求结束: [用户注册], 耗时: 4ms, 出参: {"success":true,"message":null,"errorCode":null,"data":2100} =================================== 
2025-02-25 18:16:33.285 [http-nio-8082-exec-8] INFO  c.q.f.b.context.filter.HeaderUserId2ContextFilter - ===== 设置 userId 到 ThreadLocal 中， 用户 ID: 2100
2025-02-25 18:16:33.286 [http-nio-8082-exec-8] DEBUG c.q.x.u.b.d.mapper.UserDOMapper.selectByPrimaryKey - ==>  Preparing: select id, xiaohashu_id, `password`, nickname, avatar, birthday, background_img, phone, sex, `status`, introduction, create_time, update_time, is_deleted from t_user where id = ?
2025-02-25 18:16:33.286 [http-nio-8082-exec-8] DEBUG c.q.x.u.b.d.mapper.UserDOMapper.selectByPrimaryKey - ==> Parameters: 2100(Long)
2025-02-25 18:16:33.287 [http-nio-8082-exec-8] DEBUG c.q.x.u.b.d.mapper.UserDOMapper.selectByPrimaryKey - <==      Total: 1
2025-02-25 18:16:33.288 [http-nio-8082-exec-8] INFO  c.q.f.b.context.filter.HeaderUserId2ContextFilter - ===== 删除 ThreadLocal， userId: 2100
2025-02-25 18:23:54.901 [http-nio-8082-exec-1] INFO  c.q.f.b.operationlog.aspect.ApiOperationLogAspect - ====== 请求开始: [用户注册], 入参: {"phone":"18019939108"}, 请求类: UserController, 请求方法: register =================================== 
2025-02-25 18:23:54.904 [http-nio-8082-exec-1] DEBUG c.q.x.u.b.domain.mapper.UserDOMapper.selectByPhone - ==>  Preparing: select id, password from t_user where phone = ?
2025-02-25 18:23:54.905 [http-nio-8082-exec-1] DEBUG c.q.x.u.b.domain.mapper.UserDOMapper.selectByPhone - ==> Parameters: 18019939108(String)
2025-02-25 18:23:54.907 [http-nio-8082-exec-1] DEBUG c.q.x.u.b.domain.mapper.UserDOMapper.selectByPhone - <==      Total: 1
2025-02-25 18:23:54.908 [http-nio-8082-exec-1] INFO  c.q.x.user.biz.service.impl.UserServiceImpl - ==> 用户是否注册, phone: 18019939108, userDO: {"id":2100,"xiaohashuId":null,"password":null,"nickname":null,"avatar":null,"birthday":null,"backgroundImg":null,"phone":null,"sex":null,"status":null,"introduction":null,"createTime":null,"updateTime":null,"isDeleted":null}
2025-02-25 18:23:54.910 [http-nio-8082-exec-1] INFO  c.q.f.b.operationlog.aspect.ApiOperationLogAspect - ====== 请求结束: [用户注册], 耗时: 9ms, 出参: {"success":true,"message":null,"errorCode":null,"data":2100} =================================== 
2025-02-25 18:23:54.961 [http-nio-8082-exec-3] INFO  c.q.f.b.context.filter.HeaderUserId2ContextFilter - ===== 设置 userId 到 ThreadLocal 中， 用户 ID: 2100
2025-02-25 18:23:54.961 [http-nio-8082-exec-3] DEBUG c.q.x.u.b.d.mapper.UserDOMapper.selectByPrimaryKey - ==>  Preparing: select id, xiaohashu_id, `password`, nickname, avatar, birthday, background_img, phone, sex, `status`, introduction, create_time, update_time, is_deleted from t_user where id = ?
2025-02-25 18:23:54.962 [http-nio-8082-exec-3] DEBUG c.q.x.u.b.d.mapper.UserDOMapper.selectByPrimaryKey - ==> Parameters: 2100(Long)
2025-02-25 18:23:54.963 [http-nio-8082-exec-3] DEBUG c.q.x.u.b.d.mapper.UserDOMapper.selectByPrimaryKey - <==      Total: 1
2025-02-25 18:23:54.964 [http-nio-8082-exec-3] INFO  c.q.f.b.context.filter.HeaderUserId2ContextFilter - ===== 删除 ThreadLocal， userId: 2100
