2025-03-13 21:26:30.494 [main] WARN  com.alibaba.nacos.client.logging.NacosLogging - Load Logback Configuration of Nacos fail, message: Could not initialize Logback Nacos logging from classpath:nacos-logback.xml
2025-03-13 21:26:30.535 [main] WARN  com.alibaba.nacos.client.logging.NacosLogging - Load Logback Configuration of Nacos fail, message: Could not initialize Logback Nacos logging from classpath:nacos-logback.xml
2025-03-13 21:26:30.665 [main] WARN  com.alibaba.nacos.client.logging.NacosLogging - Load Logback Configuration of Nacos fail, message: Could not initialize Logback Nacos logging from classpath:nacos-logback.xml
2025-03-13 21:26:30.666 [main] INFO  com.alibaba.nacos.client.utils.ParamUtil - [settings] [req-serv] nacos-server port:8848
2025-03-13 21:26:30.666 [main] INFO  com.alibaba.nacos.client.utils.ParamUtil - [settings] [http-client] connect timeout:1000
2025-03-13 21:26:30.666 [main] INFO  com.alibaba.nacos.client.utils.ParamUtil - PER_TASK_CONFIG_SIZE: 3000.0
2025-03-13 21:26:30.682 [main] INFO  c.a.n.p.auth.spi.client.ClientAuthPluginManager - [ClientAuthPluginManager] Load ClientAuthService com.alibaba.nacos.client.auth.impl.NacosClientAuthServiceImpl success.
2025-03-13 21:26:30.682 [main] INFO  c.a.n.p.auth.spi.client.ClientAuthPluginManager - [ClientAuthPluginManager] Load ClientAuthService com.alibaba.nacos.client.auth.ram.RamClientAuthServiceImpl success.
2025-03-13 21:26:30.684 [main] INFO  c.a.n.client.auth.ram.identify.CredentialWatcher - null No credential found
2025-03-13 21:26:30.831 [main] WARN  com.alibaba.nacos.client.logging.NacosLogging - Load Logback Configuration of Nacos fail, message: Could not initialize Logback Nacos logging from classpath:nacos-logback.xml
2025-03-13 21:26:30.839 [main] INFO  c.a.n.client.config.impl.LocalConfigInfoProcessor - LOCAL_SNAPSHOT_PATH:C:\Users\Administrator\nacos\config
2025-03-13 21:26:30.843 [main] INFO  com.alibaba.nacos.common.remote.client - [RpcClientFactory] create a new rpc client of 2eac076e-658b-44a4-8421-e4813fd98507_config-0
2025-03-13 21:26:30.854 [main] INFO  com.alibaba.nacos.common.remote.client - [2eac076e-658b-44a4-8421-e4813fd98507_config-0] Register server push request handler:com.alibaba.nacos.client.config.impl.ClientWorker$ConfigRpcTransportClient$$Lambda$585/0x0000025d9138cae8
2025-03-13 21:26:30.854 [main] INFO  com.alibaba.nacos.common.remote.client - [2eac076e-658b-44a4-8421-e4813fd98507_config-0] Register server push request handler:com.alibaba.nacos.client.config.impl.ClientWorker$ConfigRpcTransportClient$$Lambda$586/0x0000025d9138cf08
2025-03-13 21:26:30.854 [main] INFO  com.alibaba.nacos.common.remote.client - [2eac076e-658b-44a4-8421-e4813fd98507_config-0] Registry connection listener to current client:com.alibaba.nacos.client.config.impl.ClientWorker$ConfigRpcTransportClient$1
2025-03-13 21:26:30.854 [main] INFO  com.alibaba.nacos.common.remote.client - [2eac076e-658b-44a4-8421-e4813fd98507_config-0] RpcClient init, ServerListFactory = com.alibaba.nacos.client.config.impl.ClientWorker$ConfigRpcTransportClient$2
2025-03-13 21:26:30.860 [main] INFO  com.alibaba.nacos.common.remote.client - [2eac076e-658b-44a4-8421-e4813fd98507_config-0] Try to connect to server on start up, server: {serverIp = '127.0.0.1', server main port = 8848}
2025-03-13 21:26:30.880 [main] INFO  c.a.nacos.common.remote.client.grpc.GrpcClient - grpc client connection server:127.0.0.1 ip,serverPort:9848,grpcTslConfig:{"sslProvider":"OPENSSL","enableTls":false,"mutualAuthEnable":false,"trustAll":false}
2025-03-13 21:26:31.549 [main] INFO  com.alibaba.nacos.common.remote.client - [2eac076e-658b-44a4-8421-e4813fd98507_config-0] Success to connect to server [127.0.0.1:8848] on start up, connectionId = 1741872391376_172.17.0.1_52112
2025-03-13 21:26:31.550 [com.alibaba.nacos.client.remote.worker] INFO  com.alibaba.nacos.common.remote.client - [2eac076e-658b-44a4-8421-e4813fd98507_config-0] Notify connected event to listeners.
2025-03-13 21:26:31.550 [com.alibaba.nacos.client.remote.worker] INFO  com.alibaba.nacos.client.config.impl.ClientWorker - [2eac076e-658b-44a4-8421-e4813fd98507_config-0] Connected,notify listen context...
2025-03-13 21:26:31.550 [main] INFO  com.alibaba.nacos.common.remote.client - [2eac076e-658b-44a4-8421-e4813fd98507_config-0] Register server push request handler:com.alibaba.nacos.common.remote.client.RpcClient$ConnectResetRequestHandler
2025-03-13 21:26:31.550 [main] INFO  com.alibaba.nacos.common.remote.client - [2eac076e-658b-44a4-8421-e4813fd98507_config-0] Register server push request handler:com.alibaba.nacos.common.remote.client.RpcClient$$Lambda$606/0x0000025d914d8890
2025-03-13 21:26:31.579 [main] INFO  com.alibaba.nacos.client.config.impl.Limiter - limitTime:5.0
2025-03-13 21:26:31.593 [main] WARN  c.a.cloud.nacos.client.NacosPropertySourceBuilder - Ignore the empty nacos configuration and get it based on dataId[xiaohashu-user-relation] & group[DEFAULT_GROUP]
2025-03-13 21:26:31.601 [main] WARN  c.a.cloud.nacos.client.NacosPropertySourceBuilder - Ignore the empty nacos configuration and get it based on dataId[xiaohashu-user-relation.yaml] & group[DEFAULT_GROUP]
2025-03-13 21:26:31.608 [main] INFO  com.alibaba.nacos.client.config.utils.JvmUtil - isMultiInstance:false
2025-03-13 21:26:31.611 [main] INFO  o.s.c.b.c.PropertySourceBootstrapConfiguration - Located property source: [BootstrapPropertySource {name='bootstrapProperties-xiaohashu-user-relation-dev.yaml,DEFAULT_GROUP'}, BootstrapPropertySource {name='bootstrapProperties-xiaohashu-user-relation.yaml,DEFAULT_GROUP'}, BootstrapPropertySource {name='bootstrapProperties-xiaohashu-user-relation,DEFAULT_GROUP'}]
2025-03-13 21:26:31.625 [main] WARN  com.alibaba.nacos.client.logging.NacosLogging - Load Logback Configuration of Nacos fail, message: Could not initialize Logback Nacos logging from classpath:nacos-logback.xml
2025-03-13 21:26:31.625 [main] INFO  c.q.x.u.r.biz.XiaohashuUserRelationBizApplication - The following 1 profile is active: "dev"
2025-03-13 21:26:32.135 [main] INFO  o.s.d.r.config.RepositoryConfigurationDelegate - Multiple Spring Data modules found, entering strict repository configuration mode
2025-03-13 21:26:32.138 [main] INFO  o.s.d.r.config.RepositoryConfigurationDelegate - Bootstrapping Spring Data Redis repositories in DEFAULT mode.
2025-03-13 21:26:32.160 [main] INFO  o.s.d.r.config.RepositoryConfigurationDelegate - Finished Spring Data repository scanning in 8 ms. Found 0 Redis repository interfaces.
2025-03-13 21:26:32.305 [main] INFO  o.springframework.cloud.context.scope.GenericScope - BeanFactory id=4e3205ab-39ef-38fe-b862-8cdb7e892169
2025-03-13 21:26:32.333 [main] INFO  o.s.c.s.PostProcessorRegistrationDelegate$BeanPostProcessorChecker - Bean 'com.quanxiaoha.xiaohashu.user.api.UserFeignApi' of type [org.springframework.cloud.openfeign.FeignClientFactoryBean] is not eligible for getting processed by all BeanPostProcessors (for example: not eligible for auto-proxying)
2025-03-13 21:26:32.552 [main] INFO  o.s.c.s.PostProcessorRegistrationDelegate$BeanPostProcessorChecker - Bean 'org.apache.rocketmq.spring.autoconfigure.MessageConverterConfiguration' of type [org.apache.rocketmq.spring.autoconfigure.MessageConverterConfiguration$$SpringCGLIB$$0] is not eligible for getting processed by all BeanPostProcessors (for example: not eligible for auto-proxying)
2025-03-13 21:26:32.600 [main] INFO  o.s.c.s.PostProcessorRegistrationDelegate$BeanPostProcessorChecker - Bean 'createRocketMQMessageConverter' of type [org.apache.rocketmq.spring.support.RocketMQMessageConverter] is not eligible for getting processed by all BeanPostProcessors (for example: not eligible for auto-proxying)
2025-03-13 21:26:32.603 [main] INFO  o.s.c.s.PostProcessorRegistrationDelegate$BeanPostProcessorChecker - Bean 'org.springframework.cloud.commons.config.CommonsConfigAutoConfiguration' of type [org.springframework.cloud.commons.config.CommonsConfigAutoConfiguration] is not eligible for getting processed by all BeanPostProcessors (for example: not eligible for auto-proxying)
2025-03-13 21:26:32.606 [main] INFO  o.s.c.s.PostProcessorRegistrationDelegate$BeanPostProcessorChecker - Bean 'org.springframework.cloud.client.loadbalancer.LoadBalancerDefaultMappingsProviderAutoConfiguration' of type [org.springframework.cloud.client.loadbalancer.LoadBalancerDefaultMappingsProviderAutoConfiguration] is not eligible for getting processed by all BeanPostProcessors (for example: not eligible for auto-proxying)
2025-03-13 21:26:32.606 [main] INFO  o.s.c.s.PostProcessorRegistrationDelegate$BeanPostProcessorChecker - Bean 'loadBalancerClientsDefaultsMappingsProvider' of type [org.springframework.cloud.client.loadbalancer.LoadBalancerDefaultMappingsProviderAutoConfiguration$$Lambda$764/0x0000025d916a4aa0] is not eligible for getting processed by all BeanPostProcessors (for example: not eligible for auto-proxying)
2025-03-13 21:26:32.608 [main] INFO  o.s.c.s.PostProcessorRegistrationDelegate$BeanPostProcessorChecker - Bean 'defaultsBindHandlerAdvisor' of type [org.springframework.cloud.commons.config.DefaultsBindHandlerAdvisor] is not eligible for getting processed by all BeanPostProcessors (for example: not eligible for auto-proxying)
2025-03-13 21:26:32.615 [main] INFO  o.s.c.s.PostProcessorRegistrationDelegate$BeanPostProcessorChecker - Bean 'rocketmq-org.apache.rocketmq.spring.autoconfigure.RocketMQProperties' of type [org.apache.rocketmq.spring.autoconfigure.RocketMQProperties] is not eligible for getting processed by all BeanPostProcessors (for example: not eligible for auto-proxying)
2025-03-13 21:26:32.616 [main] INFO  o.s.c.s.PostProcessorRegistrationDelegate$BeanPostProcessorChecker - Bean 'org.apache.rocketmq.spring.autoconfigure.ListenerContainerConfiguration' of type [org.apache.rocketmq.spring.autoconfigure.ListenerContainerConfiguration$$SpringCGLIB$$0] is not eligible for getting processed by all BeanPostProcessors (for example: not eligible for auto-proxying)
2025-03-13 21:26:32.824 [main] INFO  o.s.boot.web.embedded.tomcat.TomcatWebServer - Tomcat initialized with port(s): 8087 (http)
2025-03-13 21:26:32.831 [main] INFO  org.apache.catalina.core.StandardService - Starting service [Tomcat]
2025-03-13 21:26:32.831 [main] INFO  org.apache.catalina.core.StandardEngine - Starting Servlet engine: [Apache Tomcat/10.1.5]
2025-03-13 21:26:32.881 [main] INFO  o.a.c.core.ContainerBase.[Tomcat].[localhost].[/] - Initializing Spring embedded WebApplicationContext
2025-03-13 21:26:32.881 [main] INFO  o.s.b.w.s.c.ServletWebServerApplicationContext - Root WebApplicationContext: initialization completed in 1245 ms
2025-03-13 21:26:32.937 [main] INFO  c.a.d.s.b.a.DruidDataSourceAutoConfigure - Init DruidDataSource
2025-03-13 21:26:33.184 [main] INFO  com.alibaba.druid.pool.DruidDataSource - {dataSource-1} inited
2025-03-13 21:26:33.597 [main] INFO  o.a.r.s.autoconfigure.RocketMQAutoConfiguration - a producer (xiaohashu_group) init on namesrv 127.0.0.1:9876
2025-03-13 21:26:33.732 [NettyClientSelector_1] INFO  RocketmqRemoting - closeChannel: close the connection to remote address[127.0.0.1:9876] result: true
2025-03-13 21:26:33.733 [NettyClientSelector_1] INFO  RocketmqRemoting - closeChannel: close the connection to remote address[127.0.0.1:9876] result: true
2025-03-13 21:26:33.731 [main] ERROR o.a.r.s.a.ListenerContainerConfiguration - Started container failed. DefaultRocketMQListenerContainer{consumerGroup='xiaohashu_group_FollowUnfollowTopic', namespace='', nameServer='127.0.0.1:9876', topic='FollowUnfollowTopic', consumeMode=ORDERLY, selectorType=TAG, selectorExpression='*', messageModel=CLUSTERING', tlsEnable=false, instanceName=DEFAULT}
java.lang.IllegalStateException: org.apache.rocketmq.remoting.exception.RemotingConnectException: connect to [127.0.0.1:9876] failed
	at org.apache.rocketmq.client.impl.factory.MQClientInstance.updateTopicRouteInfoFromNameServer(MQClientInstance.java:680)
	at org.apache.rocketmq.client.impl.factory.MQClientInstance.updateTopicRouteInfoFromNameServer(MQClientInstance.java:510)
	at org.apache.rocketmq.client.impl.consumer.DefaultMQPushConsumerImpl.updateTopicSubscribeInfoWhenSubscriptionChanged(DefaultMQPushConsumerImpl.java:872)
	at org.apache.rocketmq.client.impl.consumer.DefaultMQPushConsumerImpl.start(DefaultMQPushConsumerImpl.java:655)
	at org.apache.rocketmq.client.consumer.DefaultMQPushConsumer.start(DefaultMQPushConsumer.java:707)
	at org.apache.rocketmq.spring.support.DefaultRocketMQListenerContainer.start(DefaultRocketMQListenerContainer.java:343)
	at org.apache.rocketmq.spring.autoconfigure.ListenerContainerConfiguration.registerContainer(ListenerContainerConfiguration.java:106)
	at org.apache.rocketmq.spring.annotation.RocketMQMessageListenerBeanPostProcessor.postProcessAfterInitialization(RocketMQMessageListenerBeanPostProcessor.java:55)
	at org.springframework.beans.factory.support.AbstractAutowireCapableBeanFactory.applyBeanPostProcessorsAfterInitialization(AbstractAutowireCapableBeanFactory.java:435)
	at org.springframework.beans.factory.support.AbstractAutowireCapableBeanFactory.initializeBean(AbstractAutowireCapableBeanFactory.java:1754)
	at org.springframework.beans.factory.support.AbstractAutowireCapableBeanFactory.doCreateBean(AbstractAutowireCapableBeanFactory.java:599)
	at org.springframework.beans.factory.support.AbstractAutowireCapableBeanFactory.createBean(AbstractAutowireCapableBeanFactory.java:521)
	at org.springframework.beans.factory.support.AbstractBeanFactory.lambda$doGetBean$0(AbstractBeanFactory.java:326)
	at org.springframework.beans.factory.support.DefaultSingletonBeanRegistry.getSingleton(DefaultSingletonBeanRegistry.java:234)
	at org.springframework.beans.factory.support.AbstractBeanFactory.doGetBean(AbstractBeanFactory.java:324)
	at org.springframework.beans.factory.support.AbstractBeanFactory.getBean(AbstractBeanFactory.java:200)
	at org.springframework.beans.factory.support.DefaultListableBeanFactory.preInstantiateSingletons(DefaultListableBeanFactory.java:961)
	at org.springframework.context.support.AbstractApplicationContext.finishBeanFactoryInitialization(AbstractApplicationContext.java:915)
	at org.springframework.context.support.AbstractApplicationContext.refresh(AbstractApplicationContext.java:584)
	at org.springframework.boot.web.servlet.context.ServletWebServerApplicationContext.refresh(ServletWebServerApplicationContext.java:146)
	at org.springframework.boot.SpringApplication.refresh(SpringApplication.java:730)
	at org.springframework.boot.SpringApplication.refreshContext(SpringApplication.java:432)
	at org.springframework.boot.SpringApplication.run(SpringApplication.java:308)
	at org.springframework.boot.SpringApplication.run(SpringApplication.java:1302)
	at org.springframework.boot.SpringApplication.run(SpringApplication.java:1291)
	at com.quanxiaoha.xiaohashu.user.relation.biz.XiaohashuUserRelationBizApplication.main(XiaohashuUserRelationBizApplication.java:14)
Caused by: org.apache.rocketmq.remoting.exception.RemotingConnectException: connect to [127.0.0.1:9876] failed
	at org.apache.rocketmq.remoting.netty.NettyRemotingClient.getAndCreateNameserverChannel(NettyRemotingClient.java:458)
	at org.apache.rocketmq.remoting.netty.NettyRemotingClient.getAndCreateChannel(NettyRemotingClient.java:413)
	at org.apache.rocketmq.remoting.netty.NettyRemotingClient.invokeSync(NettyRemotingClient.java:382)
	at org.apache.rocketmq.client.impl.MQClientAPIImpl.getTopicRouteInfoFromNameServer(MQClientAPIImpl.java:1394)
	at org.apache.rocketmq.client.impl.MQClientAPIImpl.getTopicRouteInfoFromNameServer(MQClientAPIImpl.java:1384)
	at org.apache.rocketmq.client.impl.factory.MQClientInstance.updateTopicRouteInfoFromNameServer(MQClientInstance.java:623)
	... 25 common frames omitted
2025-03-13 21:26:33.734 [main] WARN  o.s.b.w.s.c.AnnotationConfigServletWebServerApplicationContext - Exception encountered during context initialization - cancelling refresh attempt: org.springframework.beans.factory.BeanCreationException: Error creating bean with name 'followUnfollowConsumer' defined in file [E:\java_workspace\xiaohashu3\xiaohashu-17.9节\xiaohashu2\xiaohashu-user-relation\xiaohashu-user-relation-biz\target\classes\com\quanxiaoha\xiaohashu\user\relation\biz\consumer\FollowUnfollowConsumer.class]: java.lang.IllegalStateException: org.apache.rocketmq.remoting.exception.RemotingConnectException: connect to [127.0.0.1:9876] failed
2025-03-13 21:26:33.735 [main] INFO  o.a.r.s.support.DefaultRocketMQListenerContainer - container destroyed, DefaultRocketMQListenerContainer{consumerGroup='xiaohashu_group_FollowUnfollowTopic', namespace='', nameServer='127.0.0.1:9876', topic='FollowUnfollowTopic', consumeMode=ORDERLY, selectorType=TAG, selectorExpression='*', messageModel=CLUSTERING', tlsEnable=false, instanceName=DEFAULT}
2025-03-13 21:26:33.744 [main] INFO  com.alibaba.druid.pool.DruidDataSource - {dataSource-1} closing ...
2025-03-13 21:26:33.747 [main] INFO  com.alibaba.druid.pool.DruidDataSource - {dataSource-1} closed
2025-03-13 21:26:33.749 [main] INFO  org.apache.catalina.core.StandardService - Stopping service [Tomcat]
2025-03-13 21:26:33.761 [main] INFO  o.s.b.a.logging.ConditionEvaluationReportLogger - 

Error starting ApplicationContext. To display the condition evaluation report re-run your application with 'debug' enabled.
2025-03-13 21:26:33.773 [main] ERROR org.springframework.boot.SpringApplication - Application run failed
org.springframework.beans.factory.BeanCreationException: Error creating bean with name 'followUnfollowConsumer' defined in file [E:\java_workspace\xiaohashu3\xiaohashu-17.9节\xiaohashu2\xiaohashu-user-relation\xiaohashu-user-relation-biz\target\classes\com\quanxiaoha\xiaohashu\user\relation\biz\consumer\FollowUnfollowConsumer.class]: java.lang.IllegalStateException: org.apache.rocketmq.remoting.exception.RemotingConnectException: connect to [127.0.0.1:9876] failed
	at org.springframework.beans.factory.support.AbstractAutowireCapableBeanFactory.doCreateBean(AbstractAutowireCapableBeanFactory.java:606)
	at org.springframework.beans.factory.support.AbstractAutowireCapableBeanFactory.createBean(AbstractAutowireCapableBeanFactory.java:521)
	at org.springframework.beans.factory.support.AbstractBeanFactory.lambda$doGetBean$0(AbstractBeanFactory.java:326)
	at org.springframework.beans.factory.support.DefaultSingletonBeanRegistry.getSingleton(DefaultSingletonBeanRegistry.java:234)
	at org.springframework.beans.factory.support.AbstractBeanFactory.doGetBean(AbstractBeanFactory.java:324)
	at org.springframework.beans.factory.support.AbstractBeanFactory.getBean(AbstractBeanFactory.java:200)
	at org.springframework.beans.factory.support.DefaultListableBeanFactory.preInstantiateSingletons(DefaultListableBeanFactory.java:961)
	at org.springframework.context.support.AbstractApplicationContext.finishBeanFactoryInitialization(AbstractApplicationContext.java:915)
	at org.springframework.context.support.AbstractApplicationContext.refresh(AbstractApplicationContext.java:584)
	at org.springframework.boot.web.servlet.context.ServletWebServerApplicationContext.refresh(ServletWebServerApplicationContext.java:146)
	at org.springframework.boot.SpringApplication.refresh(SpringApplication.java:730)
	at org.springframework.boot.SpringApplication.refreshContext(SpringApplication.java:432)
	at org.springframework.boot.SpringApplication.run(SpringApplication.java:308)
	at org.springframework.boot.SpringApplication.run(SpringApplication.java:1302)
	at org.springframework.boot.SpringApplication.run(SpringApplication.java:1291)
	at com.quanxiaoha.xiaohashu.user.relation.biz.XiaohashuUserRelationBizApplication.main(XiaohashuUserRelationBizApplication.java:14)
Caused by: java.lang.RuntimeException: java.lang.IllegalStateException: org.apache.rocketmq.remoting.exception.RemotingConnectException: connect to [127.0.0.1:9876] failed
	at org.apache.rocketmq.spring.autoconfigure.ListenerContainerConfiguration.registerContainer(ListenerContainerConfiguration.java:109)
	at org.apache.rocketmq.spring.annotation.RocketMQMessageListenerBeanPostProcessor.postProcessAfterInitialization(RocketMQMessageListenerBeanPostProcessor.java:55)
	at org.springframework.beans.factory.support.AbstractAutowireCapableBeanFactory.applyBeanPostProcessorsAfterInitialization(AbstractAutowireCapableBeanFactory.java:435)
	at org.springframework.beans.factory.support.AbstractAutowireCapableBeanFactory.initializeBean(AbstractAutowireCapableBeanFactory.java:1754)
	at org.springframework.beans.factory.support.AbstractAutowireCapableBeanFactory.doCreateBean(AbstractAutowireCapableBeanFactory.java:599)
	... 15 common frames omitted
Caused by: java.lang.IllegalStateException: org.apache.rocketmq.remoting.exception.RemotingConnectException: connect to [127.0.0.1:9876] failed
	at org.apache.rocketmq.client.impl.factory.MQClientInstance.updateTopicRouteInfoFromNameServer(MQClientInstance.java:680)
	at org.apache.rocketmq.client.impl.factory.MQClientInstance.updateTopicRouteInfoFromNameServer(MQClientInstance.java:510)
	at org.apache.rocketmq.client.impl.consumer.DefaultMQPushConsumerImpl.updateTopicSubscribeInfoWhenSubscriptionChanged(DefaultMQPushConsumerImpl.java:872)
	at org.apache.rocketmq.client.impl.consumer.DefaultMQPushConsumerImpl.start(DefaultMQPushConsumerImpl.java:655)
	at org.apache.rocketmq.client.consumer.DefaultMQPushConsumer.start(DefaultMQPushConsumer.java:707)
	at org.apache.rocketmq.spring.support.DefaultRocketMQListenerContainer.start(DefaultRocketMQListenerContainer.java:343)
	at org.apache.rocketmq.spring.autoconfigure.ListenerContainerConfiguration.registerContainer(ListenerContainerConfiguration.java:106)
	... 19 common frames omitted
Caused by: org.apache.rocketmq.remoting.exception.RemotingConnectException: connect to [127.0.0.1:9876] failed
	at org.apache.rocketmq.remoting.netty.NettyRemotingClient.getAndCreateNameserverChannel(NettyRemotingClient.java:458)
	at org.apache.rocketmq.remoting.netty.NettyRemotingClient.getAndCreateChannel(NettyRemotingClient.java:413)
	at org.apache.rocketmq.remoting.netty.NettyRemotingClient.invokeSync(NettyRemotingClient.java:382)
	at org.apache.rocketmq.client.impl.MQClientAPIImpl.getTopicRouteInfoFromNameServer(MQClientAPIImpl.java:1394)
	at org.apache.rocketmq.client.impl.MQClientAPIImpl.getTopicRouteInfoFromNameServer(MQClientAPIImpl.java:1384)
	at org.apache.rocketmq.client.impl.factory.MQClientInstance.updateTopicRouteInfoFromNameServer(MQClientInstance.java:623)
	... 25 common frames omitted
2025-03-13 21:26:35.792 [Thread-2] WARN  c.alibaba.nacos.common.http.HttpClientBeanHolder - [HttpClientBeanHolder] Start destroying common HttpClient
2025-03-13 21:26:35.792 [Thread-9] WARN  com.alibaba.nacos.common.notify.NotifyCenter - [NotifyCenter] Start destroying Publisher
2025-03-13 21:26:35.792 [Thread-9] WARN  com.alibaba.nacos.common.notify.NotifyCenter - [NotifyCenter] Destruction of the end
2025-03-13 21:26:35.792 [Thread-2] WARN  c.alibaba.nacos.common.http.HttpClientBeanHolder - [HttpClientBeanHolder] Destruction of the end
2025-03-13 21:29:38.334 [main] WARN  com.alibaba.nacos.client.logging.NacosLogging - Load Logback Configuration of Nacos fail, message: Could not initialize Logback Nacos logging from classpath:nacos-logback.xml
2025-03-13 21:29:38.379 [main] WARN  com.alibaba.nacos.client.logging.NacosLogging - Load Logback Configuration of Nacos fail, message: Could not initialize Logback Nacos logging from classpath:nacos-logback.xml
2025-03-13 21:29:38.582 [main] WARN  com.alibaba.nacos.client.logging.NacosLogging - Load Logback Configuration of Nacos fail, message: Could not initialize Logback Nacos logging from classpath:nacos-logback.xml
2025-03-13 21:29:38.584 [main] INFO  com.alibaba.nacos.client.utils.ParamUtil - [settings] [req-serv] nacos-server port:8848
2025-03-13 21:29:38.584 [main] INFO  com.alibaba.nacos.client.utils.ParamUtil - [settings] [http-client] connect timeout:1000
2025-03-13 21:29:38.584 [main] INFO  com.alibaba.nacos.client.utils.ParamUtil - PER_TASK_CONFIG_SIZE: 3000.0
2025-03-13 21:29:38.602 [main] INFO  c.a.n.p.auth.spi.client.ClientAuthPluginManager - [ClientAuthPluginManager] Load ClientAuthService com.alibaba.nacos.client.auth.impl.NacosClientAuthServiceImpl success.
2025-03-13 21:29:38.602 [main] INFO  c.a.n.p.auth.spi.client.ClientAuthPluginManager - [ClientAuthPluginManager] Load ClientAuthService com.alibaba.nacos.client.auth.ram.RamClientAuthServiceImpl success.
2025-03-13 21:29:38.603 [main] INFO  c.a.n.client.auth.ram.identify.CredentialWatcher - null No credential found
2025-03-13 21:29:38.758 [main] WARN  com.alibaba.nacos.client.logging.NacosLogging - Load Logback Configuration of Nacos fail, message: Could not initialize Logback Nacos logging from classpath:nacos-logback.xml
2025-03-13 21:29:38.766 [main] INFO  c.a.n.client.config.impl.LocalConfigInfoProcessor - LOCAL_SNAPSHOT_PATH:C:\Users\Administrator\nacos\config
2025-03-13 21:29:38.768 [main] INFO  com.alibaba.nacos.common.remote.client - [RpcClientFactory] create a new rpc client of 34f9092a-9b79-4846-836e-40d68554e48c_config-0
2025-03-13 21:29:38.778 [main] INFO  com.alibaba.nacos.common.remote.client - [34f9092a-9b79-4846-836e-40d68554e48c_config-0] Register server push request handler:com.alibaba.nacos.client.config.impl.ClientWorker$ConfigRpcTransportClient$$Lambda$585/0x000001dc6d38e908
2025-03-13 21:29:38.778 [main] INFO  com.alibaba.nacos.common.remote.client - [34f9092a-9b79-4846-836e-40d68554e48c_config-0] Register server push request handler:com.alibaba.nacos.client.config.impl.ClientWorker$ConfigRpcTransportClient$$Lambda$586/0x000001dc6d38ed28
2025-03-13 21:29:38.779 [main] INFO  com.alibaba.nacos.common.remote.client - [34f9092a-9b79-4846-836e-40d68554e48c_config-0] Registry connection listener to current client:com.alibaba.nacos.client.config.impl.ClientWorker$ConfigRpcTransportClient$1
2025-03-13 21:29:38.779 [main] INFO  com.alibaba.nacos.common.remote.client - [34f9092a-9b79-4846-836e-40d68554e48c_config-0] RpcClient init, ServerListFactory = com.alibaba.nacos.client.config.impl.ClientWorker$ConfigRpcTransportClient$2
2025-03-13 21:29:38.783 [main] INFO  com.alibaba.nacos.common.remote.client - [34f9092a-9b79-4846-836e-40d68554e48c_config-0] Try to connect to server on start up, server: {serverIp = '127.0.0.1', server main port = 8848}
2025-03-13 21:29:38.800 [main] INFO  c.a.nacos.common.remote.client.grpc.GrpcClient - grpc client connection server:127.0.0.1 ip,serverPort:9848,grpcTslConfig:{"sslProvider":"OPENSSL","enableTls":false,"mutualAuthEnable":false,"trustAll":false}
2025-03-13 21:29:39.334 [main] INFO  com.alibaba.nacos.common.remote.client - [34f9092a-9b79-4846-836e-40d68554e48c_config-0] Success to connect to server [127.0.0.1:8848] on start up, connectionId = 1741872579182_172.17.0.1_38304
2025-03-13 21:29:39.334 [com.alibaba.nacos.client.remote.worker] INFO  com.alibaba.nacos.common.remote.client - [34f9092a-9b79-4846-836e-40d68554e48c_config-0] Notify connected event to listeners.
2025-03-13 21:29:39.334 [com.alibaba.nacos.client.remote.worker] INFO  com.alibaba.nacos.client.config.impl.ClientWorker - [34f9092a-9b79-4846-836e-40d68554e48c_config-0] Connected,notify listen context...
2025-03-13 21:29:39.334 [main] INFO  com.alibaba.nacos.common.remote.client - [34f9092a-9b79-4846-836e-40d68554e48c_config-0] Register server push request handler:com.alibaba.nacos.common.remote.client.RpcClient$ConnectResetRequestHandler
2025-03-13 21:29:39.335 [main] INFO  com.alibaba.nacos.common.remote.client - [34f9092a-9b79-4846-836e-40d68554e48c_config-0] Register server push request handler:com.alibaba.nacos.common.remote.client.RpcClient$$Lambda$606/0x000001dc6d4d8890
2025-03-13 21:29:39.361 [main] INFO  com.alibaba.nacos.client.config.impl.Limiter - limitTime:5.0
2025-03-13 21:29:39.370 [main] WARN  c.a.cloud.nacos.client.NacosPropertySourceBuilder - Ignore the empty nacos configuration and get it based on dataId[xiaohashu-user-relation] & group[DEFAULT_GROUP]
2025-03-13 21:29:39.375 [main] WARN  c.a.cloud.nacos.client.NacosPropertySourceBuilder - Ignore the empty nacos configuration and get it based on dataId[xiaohashu-user-relation.yaml] & group[DEFAULT_GROUP]
2025-03-13 21:29:39.383 [main] INFO  com.alibaba.nacos.client.config.utils.JvmUtil - isMultiInstance:false
2025-03-13 21:29:39.384 [main] INFO  o.s.c.b.c.PropertySourceBootstrapConfiguration - Located property source: [BootstrapPropertySource {name='bootstrapProperties-xiaohashu-user-relation-dev.yaml,DEFAULT_GROUP'}, BootstrapPropertySource {name='bootstrapProperties-xiaohashu-user-relation.yaml,DEFAULT_GROUP'}, BootstrapPropertySource {name='bootstrapProperties-xiaohashu-user-relation,DEFAULT_GROUP'}]
2025-03-13 21:29:39.397 [main] WARN  com.alibaba.nacos.client.logging.NacosLogging - Load Logback Configuration of Nacos fail, message: Could not initialize Logback Nacos logging from classpath:nacos-logback.xml
2025-03-13 21:29:39.398 [main] INFO  c.q.x.u.r.biz.XiaohashuUserRelationBizApplication - The following 1 profile is active: "dev"
2025-03-13 21:29:39.760 [main] INFO  o.s.d.r.config.RepositoryConfigurationDelegate - Multiple Spring Data modules found, entering strict repository configuration mode
2025-03-13 21:29:39.762 [main] INFO  o.s.d.r.config.RepositoryConfigurationDelegate - Bootstrapping Spring Data Redis repositories in DEFAULT mode.
2025-03-13 21:29:39.776 [main] INFO  o.s.d.r.config.RepositoryConfigurationDelegate - Finished Spring Data repository scanning in 5 ms. Found 0 Redis repository interfaces.
2025-03-13 21:29:39.880 [main] INFO  o.springframework.cloud.context.scope.GenericScope - BeanFactory id=4e3205ab-39ef-38fe-b862-8cdb7e892169
2025-03-13 21:29:39.899 [main] INFO  o.s.c.s.PostProcessorRegistrationDelegate$BeanPostProcessorChecker - Bean 'com.quanxiaoha.xiaohashu.user.api.UserFeignApi' of type [org.springframework.cloud.openfeign.FeignClientFactoryBean] is not eligible for getting processed by all BeanPostProcessors (for example: not eligible for auto-proxying)
2025-03-13 21:29:40.026 [main] INFO  o.s.c.s.PostProcessorRegistrationDelegate$BeanPostProcessorChecker - Bean 'org.apache.rocketmq.spring.autoconfigure.MessageConverterConfiguration' of type [org.apache.rocketmq.spring.autoconfigure.MessageConverterConfiguration$$SpringCGLIB$$0] is not eligible for getting processed by all BeanPostProcessors (for example: not eligible for auto-proxying)
2025-03-13 21:29:40.054 [main] INFO  o.s.c.s.PostProcessorRegistrationDelegate$BeanPostProcessorChecker - Bean 'createRocketMQMessageConverter' of type [org.apache.rocketmq.spring.support.RocketMQMessageConverter] is not eligible for getting processed by all BeanPostProcessors (for example: not eligible for auto-proxying)
2025-03-13 21:29:40.055 [main] INFO  o.s.c.s.PostProcessorRegistrationDelegate$BeanPostProcessorChecker - Bean 'org.springframework.cloud.commons.config.CommonsConfigAutoConfiguration' of type [org.springframework.cloud.commons.config.CommonsConfigAutoConfiguration] is not eligible for getting processed by all BeanPostProcessors (for example: not eligible for auto-proxying)
2025-03-13 21:29:40.057 [main] INFO  o.s.c.s.PostProcessorRegistrationDelegate$BeanPostProcessorChecker - Bean 'org.springframework.cloud.client.loadbalancer.LoadBalancerDefaultMappingsProviderAutoConfiguration' of type [org.springframework.cloud.client.loadbalancer.LoadBalancerDefaultMappingsProviderAutoConfiguration] is not eligible for getting processed by all BeanPostProcessors (for example: not eligible for auto-proxying)
2025-03-13 21:29:40.057 [main] INFO  o.s.c.s.PostProcessorRegistrationDelegate$BeanPostProcessorChecker - Bean 'loadBalancerClientsDefaultsMappingsProvider' of type [org.springframework.cloud.client.loadbalancer.LoadBalancerDefaultMappingsProviderAutoConfiguration$$Lambda$764/0x000001dc6d6a4388] is not eligible for getting processed by all BeanPostProcessors (for example: not eligible for auto-proxying)
2025-03-13 21:29:40.058 [main] INFO  o.s.c.s.PostProcessorRegistrationDelegate$BeanPostProcessorChecker - Bean 'defaultsBindHandlerAdvisor' of type [org.springframework.cloud.commons.config.DefaultsBindHandlerAdvisor] is not eligible for getting processed by all BeanPostProcessors (for example: not eligible for auto-proxying)
2025-03-13 21:29:40.061 [main] INFO  o.s.c.s.PostProcessorRegistrationDelegate$BeanPostProcessorChecker - Bean 'rocketmq-org.apache.rocketmq.spring.autoconfigure.RocketMQProperties' of type [org.apache.rocketmq.spring.autoconfigure.RocketMQProperties] is not eligible for getting processed by all BeanPostProcessors (for example: not eligible for auto-proxying)
2025-03-13 21:29:40.061 [main] INFO  o.s.c.s.PostProcessorRegistrationDelegate$BeanPostProcessorChecker - Bean 'org.apache.rocketmq.spring.autoconfigure.ListenerContainerConfiguration' of type [org.apache.rocketmq.spring.autoconfigure.ListenerContainerConfiguration$$SpringCGLIB$$0] is not eligible for getting processed by all BeanPostProcessors (for example: not eligible for auto-proxying)
2025-03-13 21:29:40.185 [main] INFO  o.s.boot.web.embedded.tomcat.TomcatWebServer - Tomcat initialized with port(s): 8087 (http)
2025-03-13 21:29:40.191 [main] INFO  org.apache.catalina.core.StandardService - Starting service [Tomcat]
2025-03-13 21:29:40.191 [main] INFO  org.apache.catalina.core.StandardEngine - Starting Servlet engine: [Apache Tomcat/10.1.5]
2025-03-13 21:29:40.231 [main] INFO  o.a.c.core.ContainerBase.[Tomcat].[localhost].[/] - Initializing Spring embedded WebApplicationContext
2025-03-13 21:29:40.231 [main] INFO  o.s.b.w.s.c.ServletWebServerApplicationContext - Root WebApplicationContext: initialization completed in 824 ms
2025-03-13 21:29:40.284 [main] INFO  c.a.d.s.b.a.DruidDataSourceAutoConfigure - Init DruidDataSource
2025-03-13 21:29:40.482 [main] INFO  com.alibaba.druid.pool.DruidDataSource - {dataSource-1} inited
2025-03-13 21:29:40.818 [main] INFO  o.a.r.s.autoconfigure.RocketMQAutoConfiguration - a producer (xiaohashu_group) init on namesrv 127.0.0.1:9876
2025-03-13 21:29:40.985 [main] INFO  o.a.r.s.support.DefaultRocketMQListenerContainer - running container: DefaultRocketMQListenerContainer{consumerGroup='xiaohashu_group_FollowUnfollowTopic', namespace='', nameServer='127.0.0.1:9876', topic='FollowUnfollowTopic', consumeMode=ORDERLY, selectorType=TAG, selectorExpression='*', messageModel=CLUSTERING', tlsEnable=false, instanceName=DEFAULT}
2025-03-13 21:29:40.985 [main] INFO  o.a.r.s.a.ListenerContainerConfiguration - Register the listener to container, listenerBeanName:followUnfollowConsumer, containerBeanName:org.apache.rocketmq.spring.support.DefaultRocketMQListenerContainer_1
2025-03-13 21:29:41.040 [main] INFO  o.s.cloud.openfeign.FeignClientFactoryBean - For 'xiaohashu-user' URL not provided. Will try picking an instance via load-balancing.
2025-03-13 21:29:41.450 [main] WARN  o.s.c.l.c.LoadBalancerCacheAutoConfiguration$LoadBalancerCaffeineWarnLogger - Spring Cloud LoadBalancer is currently working with the default cache. While this cache implementation is useful for development and tests, it's recommended to use Caffeine cache in production.You can switch to using Caffeine cache, by adding it and org.springframework.cache.caffeine.CaffeineCacheManager to the classpath.
2025-03-13 21:29:41.489 [main] INFO  o.s.boot.web.embedded.tomcat.TomcatWebServer - Tomcat started on port(s): 8087 (http) with context path ''
2025-03-13 21:29:41.492 [main] INFO  com.alibaba.nacos.client.naming - initializer namespace from ans.namespace attribute : null
2025-03-13 21:29:41.492 [main] INFO  com.alibaba.nacos.client.naming - initializer namespace from ALIBABA_ALIWARE_NAMESPACE attribute :null
2025-03-13 21:29:41.493 [main] INFO  com.alibaba.nacos.client.naming - initializer namespace from namespace attribute :null
2025-03-13 21:29:41.498 [main] INFO  c.a.n.p.auth.spi.client.ClientAuthPluginManager - [ClientAuthPluginManager] Load ClientAuthService com.alibaba.nacos.client.auth.impl.NacosClientAuthServiceImpl success.
2025-03-13 21:29:41.498 [main] INFO  c.a.n.p.auth.spi.client.ClientAuthPluginManager - [ClientAuthPluginManager] Load ClientAuthService com.alibaba.nacos.client.auth.ram.RamClientAuthServiceImpl success.
2025-03-13 21:29:41.500 [main] INFO  com.alibaba.nacos.common.remote.client - [RpcClientFactory] create a new rpc client of 02c12ce4-f06c-4769-9006-9159cd09c1e7
2025-03-13 21:29:41.501 [main] INFO  com.alibaba.nacos.common.remote.client - [02c12ce4-f06c-4769-9006-9159cd09c1e7] RpcClient init, ServerListFactory = com.alibaba.nacos.client.naming.core.ServerListManager
2025-03-13 21:29:41.501 [main] INFO  com.alibaba.nacos.common.remote.client - [02c12ce4-f06c-4769-9006-9159cd09c1e7] Registry connection listener to current client:com.alibaba.nacos.client.naming.remote.gprc.redo.NamingGrpcRedoService
2025-03-13 21:29:41.502 [main] INFO  com.alibaba.nacos.common.remote.client - [02c12ce4-f06c-4769-9006-9159cd09c1e7] Register server push request handler:com.alibaba.nacos.client.naming.remote.gprc.NamingPushRequestHandler
2025-03-13 21:29:41.502 [main] INFO  com.alibaba.nacos.common.remote.client - [02c12ce4-f06c-4769-9006-9159cd09c1e7] Try to connect to server on start up, server: {serverIp = '127.0.0.1', server main port = 8848}
2025-03-13 21:29:41.502 [main] INFO  c.a.nacos.common.remote.client.grpc.GrpcClient - grpc client connection server:127.0.0.1 ip,serverPort:9848,grpcTslConfig:{"sslProvider":"OPENSSL","enableTls":false,"mutualAuthEnable":false,"trustAll":false}
2025-03-13 21:29:41.624 [main] INFO  com.alibaba.nacos.common.remote.client - [02c12ce4-f06c-4769-9006-9159cd09c1e7] Success to connect to server [127.0.0.1:8848] on start up, connectionId = 1741872581507_172.17.0.1_38308
2025-03-13 21:29:41.624 [com.alibaba.nacos.client.remote.worker] INFO  com.alibaba.nacos.common.remote.client - [02c12ce4-f06c-4769-9006-9159cd09c1e7] Notify connected event to listeners.
2025-03-13 21:29:41.624 [main] INFO  com.alibaba.nacos.common.remote.client - [02c12ce4-f06c-4769-9006-9159cd09c1e7] Register server push request handler:com.alibaba.nacos.common.remote.client.RpcClient$ConnectResetRequestHandler
2025-03-13 21:29:41.624 [main] INFO  com.alibaba.nacos.common.remote.client - [02c12ce4-f06c-4769-9006-9159cd09c1e7] Register server push request handler:com.alibaba.nacos.common.remote.client.RpcClient$$Lambda$606/0x000001dc6d4d8890
2025-03-13 21:29:41.624 [com.alibaba.nacos.client.remote.worker] INFO  com.alibaba.nacos.client.naming - Grpc connection connect
2025-03-13 21:29:41.624 [main] INFO  com.alibaba.nacos.client.naming - [REGISTER-SERVICE] xiaohashu registering service xiaohashu-user-relation with instance Instance{instanceId='null', ip='192.168.1.3', port=8087, weight=1.0, healthy=true, enabled=true, ephemeral=true, clusterName='DEFAULT', serviceName='null', metadata={IPv6=[240e:b67:57c:f900:d201:1993:7c8f:60be], preserved.register.source=SPRING_CLOUD}}
2025-03-13 21:29:41.676 [main] INFO  c.a.cloud.nacos.registry.NacosServiceRegistry - nacos registry, DEFAULT_GROUP xiaohashu-user-relation 192.168.1.3:8087 register finished
2025-03-13 21:29:41.773 [main] INFO  c.q.x.u.r.biz.XiaohashuUserRelationBizApplication - Started XiaohashuUserRelationBizApplication in 3.87 seconds (process running for 4.185)
2025-03-13 21:29:41.775 [main] INFO  com.alibaba.nacos.client.config.impl.CacheData - nacos.cache.data.init.snapshot = true 
2025-03-13 21:29:41.775 [main] INFO  com.alibaba.nacos.client.config.impl.ClientWorker - [fixed-xiaohashu-127.0.0.1_8848] [subscribe] xiaohashu-user-relation.yaml+DEFAULT_GROUP+xiaohashu
2025-03-13 21:29:41.779 [main] INFO  com.alibaba.nacos.client.config.impl.CacheData - [fixed-xiaohashu-127.0.0.1_8848] [add-listener] ok, tenant=xiaohashu, dataId=xiaohashu-user-relation.yaml, group=DEFAULT_GROUP, cnt=1
2025-03-13 21:29:41.780 [main] INFO  c.a.cloud.nacos.refresh.NacosContextRefresher - [Nacos Config] Listening config: dataId=xiaohashu-user-relation.yaml, group=DEFAULT_GROUP
2025-03-13 21:29:41.780 [main] INFO  com.alibaba.nacos.client.config.impl.ClientWorker - [fixed-xiaohashu-127.0.0.1_8848] [subscribe] xiaohashu-user-relation+DEFAULT_GROUP+xiaohashu
2025-03-13 21:29:41.780 [main] INFO  com.alibaba.nacos.client.config.impl.CacheData - [fixed-xiaohashu-127.0.0.1_8848] [add-listener] ok, tenant=xiaohashu, dataId=xiaohashu-user-relation, group=DEFAULT_GROUP, cnt=1
2025-03-13 21:29:41.780 [main] INFO  c.a.cloud.nacos.refresh.NacosContextRefresher - [Nacos Config] Listening config: dataId=xiaohashu-user-relation, group=DEFAULT_GROUP
2025-03-13 21:29:41.780 [main] INFO  com.alibaba.nacos.client.config.impl.ClientWorker - [fixed-xiaohashu-127.0.0.1_8848] [subscribe] xiaohashu-user-relation-dev.yaml+DEFAULT_GROUP+xiaohashu
2025-03-13 21:29:41.780 [main] INFO  com.alibaba.nacos.client.config.impl.CacheData - [fixed-xiaohashu-127.0.0.1_8848] [add-listener] ok, tenant=xiaohashu, dataId=xiaohashu-user-relation-dev.yaml, group=DEFAULT_GROUP, cnt=1
2025-03-13 21:29:41.780 [main] INFO  c.a.cloud.nacos.refresh.NacosContextRefresher - [Nacos Config] Listening config: dataId=xiaohashu-user-relation-dev.yaml, group=DEFAULT_GROUP
2025-03-13 22:04:50.164 [Thread-9] WARN  com.alibaba.nacos.common.notify.NotifyCenter - [NotifyCenter] Start destroying Publisher
2025-03-13 22:04:50.164 [Thread-2] WARN  c.alibaba.nacos.common.http.HttpClientBeanHolder - [HttpClientBeanHolder] Start destroying common HttpClient
2025-03-13 22:04:50.165 [Thread-9] WARN  com.alibaba.nacos.common.notify.NotifyCenter - [NotifyCenter] Destruction of the end
2025-03-13 22:04:50.166 [Thread-2] WARN  c.alibaba.nacos.common.http.HttpClientBeanHolder - [HttpClientBeanHolder] Destruction of the end
2025-03-13 22:04:50.181 [NettyClientSelector_1] INFO  RocketmqRemoting - closeChannel: close the connection to remote address[127.0.0.1:9876] result: true
2025-03-13 22:04:50.181 [NettyClientSelector_1] INFO  RocketmqRemoting - closeChannel: close the connection to remote address[172.27.96.1:10911] result: true
2025-03-13 22:04:50.243 [SpringApplicationShutdownHook] INFO  c.a.cloud.nacos.registry.NacosServiceRegistry - De-registering from Nacos Server now...
2025-03-13 22:04:50.243 [SpringApplicationShutdownHook] INFO  com.alibaba.nacos.client.naming - [DEREGISTER-SERVICE] xiaohashu deregistering service xiaohashu-user-relation with instance: Instance{instanceId='null', ip='192.168.1.3', port=8087, weight=1.0, healthy=true, enabled=true, ephemeral=true, clusterName='DEFAULT', serviceName='null', metadata={}}
2025-03-13 22:04:50.303 [SpringApplicationShutdownHook] INFO  c.a.cloud.nacos.registry.NacosServiceRegistry - De-registration finished.
2025-03-13 22:04:50.304 [SpringApplicationShutdownHook] INFO  com.alibaba.nacos.client.naming - com.alibaba.nacos.client.naming.cache.ServiceInfoHolder do shutdown begin
2025-03-13 22:04:50.304 [SpringApplicationShutdownHook] INFO  com.alibaba.nacos.client.naming - com.alibaba.nacos.client.naming.backups.FailoverReactor do shutdown begin
2025-03-13 22:04:50.304 [SpringApplicationShutdownHook] INFO  com.alibaba.nacos.client.naming - com.alibaba.nacos.client.naming.backups.FailoverReactor do shutdown stop
2025-03-13 22:04:50.304 [SpringApplicationShutdownHook] INFO  com.alibaba.nacos.client.naming - com.alibaba.nacos.client.naming.cache.ServiceInfoHolder do shutdown stop
2025-03-13 22:04:50.304 [SpringApplicationShutdownHook] INFO  com.alibaba.nacos.client.naming - com.alibaba.nacos.client.naming.remote.NamingClientProxyDelegate do shutdown begin
2025-03-13 22:04:50.304 [SpringApplicationShutdownHook] INFO  com.alibaba.nacos.client.naming - com.alibaba.nacos.client.naming.core.ServiceInfoUpdateService do shutdown begin
2025-03-13 22:04:50.304 [SpringApplicationShutdownHook] INFO  com.alibaba.nacos.client.naming - com.alibaba.nacos.client.naming.core.ServiceInfoUpdateService do shutdown stop
2025-03-13 22:04:50.304 [SpringApplicationShutdownHook] INFO  com.alibaba.nacos.client.naming - com.alibaba.nacos.client.naming.core.ServerListManager do shutdown begin
2025-03-13 22:04:50.304 [SpringApplicationShutdownHook] WARN  com.alibaba.nacos.client.naming - [NamingHttpClientManager] Start destroying NacosRestTemplate
2025-03-13 22:04:50.304 [SpringApplicationShutdownHook] WARN  com.alibaba.nacos.client.naming - [NamingHttpClientManager] Destruction of the end
2025-03-13 22:04:50.304 [SpringApplicationShutdownHook] INFO  com.alibaba.nacos.client.naming - com.alibaba.nacos.client.naming.core.ServerListManager do shutdown stop
2025-03-13 22:04:50.304 [SpringApplicationShutdownHook] INFO  com.alibaba.nacos.client.naming - com.alibaba.nacos.client.naming.remote.http.NamingHttpClientProxy do shutdown begin
2025-03-13 22:04:50.304 [SpringApplicationShutdownHook] WARN  com.alibaba.nacos.client.naming - [NamingHttpClientManager] Start destroying NacosRestTemplate
2025-03-13 22:04:50.304 [SpringApplicationShutdownHook] WARN  com.alibaba.nacos.client.naming - [NamingHttpClientManager] Destruction of the end
2025-03-13 22:04:50.304 [SpringApplicationShutdownHook] INFO  com.alibaba.nacos.client.naming - com.alibaba.nacos.client.naming.remote.http.NamingHttpClientProxy do shutdown stop
2025-03-13 22:04:50.304 [SpringApplicationShutdownHook] INFO  com.alibaba.nacos.common.remote.client - Shutdown rpc client, set status to shutdown
2025-03-13 22:04:50.304 [SpringApplicationShutdownHook] INFO  com.alibaba.nacos.common.remote.client - Shutdown client event executor java.util.concurrent.ScheduledThreadPoolExecutor@e9bef4[Running, pool size = 2, active threads = 2, queued tasks = 0, completed tasks = 0]
2025-03-13 22:04:50.305 [SpringApplicationShutdownHook] INFO  com.alibaba.nacos.common.remote.client - Close current connection 1741872581507_172.17.0.1_38308
2025-03-13 22:04:50.308 [nacos-grpc-client-executor-127.0.0.1-435] WARN  c.a.nacos.common.remote.client.grpc.GrpcClient - [1741872581507_172.17.0.1_38308]Ignore error event,isRunning:false,isAbandon=false
2025-03-13 22:04:50.309 [SpringApplicationShutdownHook] INFO  c.a.nacos.common.remote.client.grpc.GrpcClient - Shutdown grpc executor java.util.concurrent.ThreadPoolExecutor@73021f45[Running, pool size = 4, active threads = 0, queued tasks = 0, completed tasks = 436]
2025-03-13 22:04:50.309 [SpringApplicationShutdownHook] INFO  com.alibaba.nacos.client.naming - Shutdown grpc redo service executor java.util.concurrent.ScheduledThreadPoolExecutor@6afb6a22[Running, pool size = 1, active threads = 0, queued tasks = 1, completed tasks = 701]
2025-03-13 22:04:50.309 [SpringApplicationShutdownHook] INFO  c.a.n.client.auth.ram.identify.CredentialWatcher - [null] CredentialWatcher is stopped
2025-03-13 22:04:50.310 [SpringApplicationShutdownHook] INFO  c.a.n.client.auth.ram.identify.CredentialService - [null] CredentialService is freed
2025-03-13 22:04:50.310 [SpringApplicationShutdownHook] INFO  com.alibaba.nacos.client.naming - com.alibaba.nacos.client.naming.remote.NamingClientProxyDelegate do shutdown stop
2025-03-13 22:04:50.313 [SpringApplicationShutdownHook] INFO  o.a.r.s.support.DefaultRocketMQListenerContainer - container destroyed, DefaultRocketMQListenerContainer{consumerGroup='xiaohashu_group_FollowUnfollowTopic', namespace='', nameServer='127.0.0.1:9876', topic='FollowUnfollowTopic', consumeMode=ORDERLY, selectorType=TAG, selectorExpression='*', messageModel=CLUSTERING', tlsEnable=false, instanceName=DEFAULT}
2025-03-13 22:04:50.314 [NettyClientSelector_1] INFO  RocketmqRemoting - closeChannel: close the connection to remote address[127.0.0.1:9876] result: true
2025-03-13 22:04:50.314 [NettyClientSelector_1] INFO  RocketmqRemoting - closeChannel: close the connection to remote address[172.27.96.1:10911] result: true
2025-03-13 22:04:50.326 [SpringApplicationShutdownHook] INFO  com.alibaba.druid.pool.DruidDataSource - {dataSource-1} closing ...
2025-03-13 22:04:50.326 [SpringApplicationShutdownHook] INFO  com.alibaba.druid.pool.DruidDataSource - {dataSource-1} closed
